06-07-23 18:15:'''
06-07-23 18:15:Dir: runs/NvGesture/SD/2023-6-6-19-25-4_ACTION_resnet50_MTMM_rgb_depth_SD/
06-07-23 18:15:Notes: ema_decay_0.999
06-07-23 18:15:'''
06-07-23 18:15:Loading dataset
06-07-23 18:15:load model
06-07-23 18:15:loading checkpoint...
06-07-23 18:15:First test before training...
06-07-23 18:15:loss: 0.95398
06-07-23 18:15:Top-1: 79.05, Top-5: 96.27
06-07-23 18:15:group: first_conv_weight has 1 params, lr_mult: 1, decay_mult: 1
06-07-23 18:15:group: first_conv_bias has 0 params, lr_mult: 2, decay_mult: 0
06-07-23 18:15:group: normal_weight has 76 params, lr_mult: 1, decay_mult: 1
06-07-23 18:15:group: normal_bias has 0 params, lr_mult: 2, decay_mult: 0
06-07-23 18:15:group: BN scale/shift has 130 params, lr_mult: 1, decay_mult: 0
06-07-23 18:15:group: custom_weight has 128 params, lr_mult: 1, decay_mult: 1
06-07-23 18:15:group: custom_bn has 32 params, lr_mult: 1, decay_mult: 0
06-07-23 18:15:group: lr5_weight has 4 params, lr_mult: 5, decay_mult: 1
06-07-23 18:15:group: lr10_bias has 4 params, lr_mult: 10, decay_mult: 0
06-07-23 18:16:Epoch: [0][100/132], lr: 0.00125, Data_time: 0.000 (0.003), batch time: 0.432 (0.446), Loss: 16.9625 (19.4838), Top-1: 100.00 (88.88), Middle1@1: 0.00 (3.25), Middle2@1: 0.00 (3.88), Middle3@1: 0.00 (3.88) 
06-07-23 18:16:Testing Results: loss 0.97894, Top-1 73.859
06-07-23 18:17:Testing Results: loss 9.54592, Top-1 4.564
06-07-23 18:17:Best Top-1: 73.86
06-07-23 18:17:Best EMA Top-1: 4.56
06-07-23 18:17:Epoch: [1][100/132], lr: 0.00125, Data_time: 0.000 (0.003), batch time: 0.433 (0.435), Loss: 19.2133 (19.1482), Top-1: 100.00 (87.50), Middle1@1: 0.00 (3.88), Middle2@1: 12.50 (4.50), Middle3@1: 25.00 (10.38) 
06-07-23 18:18:Testing Results: loss 0.94683, Top-1 75.519
06-07-23 18:18:Testing Results: loss 3.89570, Top-1 3.320
06-07-23 18:18:Best Top-1: 75.52
06-07-23 18:18:Best EMA Top-1: 4.56
06-07-23 18:19:Epoch: [2][100/132], lr: 0.00125, Data_time: 0.000 (0.003), batch time: 0.432 (0.436), Loss: 17.0818 (17.5253), Top-1: 87.50 (87.75), Middle1@1: 12.50 (3.75), Middle2@1: 0.00 (7.50), Middle3@1: 25.00 (21.50) 
06-07-23 18:19:Testing Results: loss 1.08817, Top-1 69.917
06-07-23 18:19:Testing Results: loss 3.71332, Top-1 7.054
06-07-23 18:19:Best Top-1: 75.52
06-07-23 18:19:Best EMA Top-1: 7.05
06-07-23 18:20:Epoch: [3][100/132], lr: 0.00125, Data_time: 0.000 (0.003), batch time: 0.433 (0.435), Loss: 15.2237 (16.1345), Top-1: 87.50 (85.00), Middle1@1: 0.00 (5.12), Middle2@1: 12.50 (10.62), Middle3@1: 62.50 (37.75) 
06-07-23 18:20:Testing Results: loss 1.20819, Top-1 68.257
06-07-23 18:20:Testing Results: loss 2.51727, Top-1 28.216
06-07-23 18:20:Best Top-1: 75.52
06-07-23 18:20:Best EMA Top-1: 28.22
06-07-23 18:21:Epoch: [4][100/132], lr: 0.00125, Data_time: 0.000 (0.003), batch time: 0.433 (0.436), Loss: 13.5808 (15.3878), Top-1: 100.00 (87.62), Middle1@1: 12.50 (5.88), Middle2@1: 25.00 (11.88), Middle3@1: 62.50 (46.75) 
06-07-23 18:22:Testing Results: loss 1.08651, Top-1 73.444
06-07-23 18:22:Testing Results: loss 1.89116, Top-1 46.473
06-07-23 18:22:Best Top-1: 75.52
06-07-23 18:22:Best EMA Top-1: 46.47
06-07-23 18:22:Epoch: [5][100/132], lr: 0.00125, Data_time: 0.000 (0.003), batch time: 0.433 (0.435), Loss: 15.1517 (14.6538), Top-1: 100.00 (86.25), Middle1@1: 0.00 (5.88), Middle2@1: 25.00 (16.38), Middle3@1: 50.00 (54.50) 
06-07-23 18:23:Testing Results: loss 1.06390, Top-1 73.859
06-07-23 18:23:Testing Results: loss 1.49724, Top-1 56.846
06-07-23 18:23:Best Top-1: 75.52
06-07-23 18:23:Best EMA Top-1: 56.85
06-07-23 18:24:Epoch: [6][100/132], lr: 0.00125, Data_time: 0.000 (0.003), batch time: 0.490 (0.436), Loss: 15.5408 (14.1650), Top-1: 62.50 (87.12), Middle1@1: 12.50 (6.62), Middle2@1: 12.50 (19.38), Middle3@1: 50.00 (60.38) 
06-07-23 18:24:Testing Results: loss 1.51608, Top-1 70.954
06-07-23 18:24:Testing Results: loss 1.19592, Top-1 64.315
06-07-23 18:24:Best Top-1: 75.52
06-07-23 18:24:Best EMA Top-1: 64.32
06-07-23 18:25:Epoch: [7][100/132], lr: 0.00125, Data_time: 0.000 (0.003), batch time: 0.432 (0.435), Loss: 12.7119 (13.6245), Top-1: 100.00 (88.75), Middle1@1: 25.00 (8.38), Middle2@1: 25.00 (26.00), Middle3@1: 87.50 (65.25) 
06-07-23 18:25:Testing Results: loss 1.26349, Top-1 73.444
06-07-23 18:26:Testing Results: loss 0.99185, Top-1 71.992
06-07-23 18:26:Best Top-1: 75.52
06-07-23 18:26:Best EMA Top-1: 71.99
06-07-23 18:26:Epoch: [8][100/132], lr: 0.00125, Data_time: 0.000 (0.003), batch time: 0.433 (0.436), Loss: 14.5283 (13.2827), Top-1: 75.00 (87.75), Middle1@1: 0.00 (11.25), Middle2@1: 12.50 (27.88), Middle3@1: 37.50 (67.25) 
06-07-23 18:27:Testing Results: loss 1.01466, Top-1 76.349
06-07-23 18:27:Testing Results: loss 0.86443, Top-1 74.689
06-07-23 18:27:Best Top-1: 76.35
06-07-23 18:27:Best EMA Top-1: 74.69
06-07-23 18:28:Epoch: [9][100/132], lr: 0.00125, Data_time: 0.000 (0.003), batch time: 0.432 (0.435), Loss: 12.1966 (13.1598), Top-1: 87.50 (87.12), Middle1@1: 0.00 (9.62), Middle2@1: 50.00 (28.75), Middle3@1: 75.00 (68.50) 
06-07-23 18:28:Testing Results: loss 1.07991, Top-1 71.369
06-07-23 18:28:Testing Results: loss 0.79608, Top-1 77.386
06-07-23 18:28:Best Top-1: 76.35
06-07-23 18:28:Best EMA Top-1: 77.39
06-07-23 18:29:Epoch: [10][100/132], lr: 0.00125, Data_time: 0.000 (0.003), batch time: 0.433 (0.435), Loss: 14.4308 (12.5739), Top-1: 87.50 (89.12), Middle1@1: 0.00 (13.00), Middle2@1: 25.00 (33.12), Middle3@1: 62.50 (74.38) 
06-07-23 18:29:Testing Results: loss 0.91940, Top-1 77.178
06-07-23 18:29:Testing Results: loss 0.75179, Top-1 78.216
06-07-23 18:29:Best Top-1: 77.18
06-07-23 18:29:Best EMA Top-1: 78.22
06-07-23 18:30:Epoch: [11][100/132], lr: 0.00125, Data_time: 0.000 (0.003), batch time: 0.432 (0.435), Loss: 11.7328 (12.3026), Top-1: 100.00 (88.25), Middle1@1: 25.00 (15.38), Middle2@1: 12.50 (32.50), Middle3@1: 87.50 (77.88) 
06-07-23 18:31:Testing Results: loss 0.99447, Top-1 78.008
06-07-23 18:31:Testing Results: loss 0.72693, Top-1 79.253
06-07-23 18:31:Best Top-1: 78.01
06-07-23 18:31:Best EMA Top-1: 79.25
06-07-23 18:31:Epoch: [12][100/132], lr: 0.00125, Data_time: 0.000 (0.003), batch time: 0.432 (0.435), Loss: 13.7603 (12.0735), Top-1: 75.00 (88.50), Middle1@1: 12.50 (17.00), Middle2@1: 37.50 (37.75), Middle3@1: 75.00 (76.12) 
06-07-23 18:32:Testing Results: loss 1.17907, Top-1 73.237
06-07-23 18:32:Testing Results: loss 0.70998, Top-1 79.461
06-07-23 18:32:Best Top-1: 78.01
06-07-23 18:32:Best EMA Top-1: 79.46
06-07-23 18:33:Epoch: [13][100/132], lr: 0.00125, Data_time: 0.000 (0.003), batch time: 0.433 (0.436), Loss: 10.2481 (11.7970), Top-1: 100.00 (88.00), Middle1@1: 12.50 (16.75), Middle2@1: 12.50 (36.00), Middle3@1: 87.50 (78.12) 
06-07-23 18:33:Testing Results: loss 1.23626, Top-1 71.992
06-07-23 18:33:Testing Results: loss 0.70114, Top-1 80.290
06-07-23 18:33:Best Top-1: 78.01
06-07-23 18:33:Best EMA Top-1: 80.29
06-07-23 18:34:Epoch: [14][100/132], lr: 0.00125, Data_time: 0.000 (0.003), batch time: 0.432 (0.435), Loss: 11.1090 (12.0809), Top-1: 100.00 (88.38), Middle1@1: 0.00 (15.88), Middle2@1: 25.00 (38.62), Middle3@1: 87.50 (77.25) 
06-07-23 18:34:Testing Results: loss 1.01019, Top-1 76.763
06-07-23 18:35:Testing Results: loss 0.69533, Top-1 80.913
06-07-23 18:35:Best Top-1: 78.01
06-07-23 18:35:Best EMA Top-1: 80.91
06-07-23 18:35:Epoch: [15][100/132], lr: 0.00125, Data_time: 0.000 (0.003), batch time: 0.433 (0.435), Loss: 9.8894 (11.6213), Top-1: 100.00 (91.00), Middle1@1: 12.50 (17.25), Middle2@1: 37.50 (42.00), Middle3@1: 100.00 (80.38) 
06-07-23 18:36:Testing Results: loss 1.20289, Top-1 74.689
06-07-23 18:36:Testing Results: loss 0.69416, Top-1 81.535
06-07-23 18:36:Best Top-1: 78.01
06-07-23 18:36:Best EMA Top-1: 81.54
06-07-23 18:37:Epoch: [16][100/132], lr: 0.00125, Data_time: 0.000 (0.003), batch time: 0.433 (0.436), Loss: 12.2475 (11.3986), Top-1: 100.00 (87.62), Middle1@1: 25.00 (21.62), Middle2@1: 25.00 (44.25), Middle3@1: 75.00 (77.38) 
06-07-23 18:37:Testing Results: loss 1.07914, Top-1 73.859
06-07-23 18:37:Testing Results: loss 0.69641, Top-1 81.743
06-07-23 18:37:Best Top-1: 78.01
06-07-23 18:37:Best EMA Top-1: 81.74
06-07-23 18:38:Epoch: [17][100/132], lr: 0.00125, Data_time: 0.000 (0.003), batch time: 0.433 (0.435), Loss: 10.0823 (10.8728), Top-1: 100.00 (91.38), Middle1@1: 37.50 (22.50), Middle2@1: 75.00 (48.75), Middle3@1: 100.00 (80.88) 
06-07-23 18:38:Testing Results: loss 0.86776, Top-1 76.763
06-07-23 18:38:Testing Results: loss 0.69210, Top-1 81.950
06-07-23 18:38:Best Top-1: 78.01
06-07-23 18:38:Best EMA Top-1: 81.95
06-07-23 18:39:Epoch: [18][100/132], lr: 0.00125, Data_time: 0.000 (0.003), batch time: 0.433 (0.436), Loss: 11.1981 (11.2164), Top-1: 87.50 (86.88), Middle1@1: 37.50 (24.88), Middle2@1: 62.50 (45.38), Middle3@1: 62.50 (80.38) 
06-07-23 18:40:Testing Results: loss 0.90028, Top-1 77.178
06-07-23 18:40:Testing Results: loss 0.69399, Top-1 82.158
06-07-23 18:40:Best Top-1: 78.01
06-07-23 18:40:Best EMA Top-1: 82.16
06-07-23 18:40:Epoch: [19][100/132], lr: 0.00125, Data_time: 0.000 (0.003), batch time: 0.433 (0.435), Loss: 12.3768 (10.8133), Top-1: 50.00 (90.50), Middle1@1: 12.50 (24.25), Middle2@1: 25.00 (47.25), Middle3@1: 62.50 (81.12) 
06-07-23 18:41:Testing Results: loss 0.86234, Top-1 77.593
06-07-23 18:41:Testing Results: loss 0.68910, Top-1 82.573
06-07-23 18:41:Best Top-1: 78.01
06-07-23 18:41:Best EMA Top-1: 82.57
06-07-23 18:42:Epoch: [20][100/132], lr: 0.00125, Data_time: 0.000 (0.003), batch time: 0.433 (0.435), Loss: 9.3244 (10.6609), Top-1: 87.50 (91.75), Middle1@1: 25.00 (24.12), Middle2@1: 75.00 (49.50), Middle3@1: 100.00 (83.50) 
06-07-23 18:42:Testing Results: loss 1.14603, Top-1 74.274
06-07-23 18:42:Testing Results: loss 0.69270, Top-1 82.573
06-07-23 18:42:Best Top-1: 78.01
06-07-23 18:42:Best EMA Top-1: 82.57
06-07-23 18:43:Epoch: [21][100/132], lr: 0.00125, Data_time: 0.000 (0.003), batch time: 0.432 (0.435), Loss: 10.3406 (10.9298), Top-1: 87.50 (86.62), Middle1@1: 12.50 (24.62), Middle2@1: 62.50 (49.50), Middle3@1: 87.50 (80.38) 
06-07-23 18:43:Testing Results: loss 1.14818, Top-1 75.104
06-07-23 18:43:Testing Results: loss 0.70831, Top-1 82.365
06-07-23 18:43:Best Top-1: 78.01
06-07-23 18:43:Best EMA Top-1: 82.57
06-07-23 18:44:Epoch: [22][100/132], lr: 0.00125, Data_time: 0.000 (0.003), batch time: 0.433 (0.435), Loss: 9.9132 (10.5638), Top-1: 100.00 (89.62), Middle1@1: 25.00 (29.88), Middle2@1: 75.00 (52.75), Middle3@1: 87.50 (83.88) 
06-07-23 18:45:Testing Results: loss 0.87833, Top-1 78.631
06-07-23 18:45:Testing Results: loss 0.72173, Top-1 82.780
06-07-23 18:45:Best Top-1: 78.63
06-07-23 18:45:Best EMA Top-1: 82.78
06-07-23 18:46:Epoch: [23][100/132], lr: 0.00125, Data_time: 0.000 (0.003), batch time: 0.432 (0.435), Loss: 12.0172 (10.3357), Top-1: 87.50 (90.25), Middle1@1: 25.00 (28.38), Middle2@1: 37.50 (55.50), Middle3@1: 75.00 (83.62) 
06-07-23 18:46:Testing Results: loss 0.98544, Top-1 77.593
06-07-23 18:46:Testing Results: loss 0.73052, Top-1 82.158
06-07-23 18:46:Best Top-1: 78.63
06-07-23 18:46:Best EMA Top-1: 82.78
06-07-23 18:47:Epoch: [24][100/132], lr: 0.00125, Data_time: 0.000 (0.003), batch time: 0.432 (0.435), Loss: 8.9888 (10.2844), Top-1: 100.00 (89.25), Middle1@1: 37.50 (30.00), Middle2@1: 62.50 (56.75), Middle3@1: 100.00 (83.25) 
06-07-23 18:47:Testing Results: loss 1.03465, Top-1 76.763
06-07-23 18:47:Testing Results: loss 0.73941, Top-1 81.743
06-07-23 18:47:Best Top-1: 78.63
06-07-23 18:47:Best EMA Top-1: 82.78
06-07-23 18:48:Epoch: [25][100/132], lr: 0.00125, Data_time: 0.000 (0.003), batch time: 0.432 (0.435), Loss: 12.0944 (10.0828), Top-1: 75.00 (90.88), Middle1@1: 12.50 (31.62), Middle2@1: 75.00 (55.62), Middle3@1: 62.50 (84.88) 
06-07-23 18:48:Testing Results: loss 1.04778, Top-1 77.593
06-07-23 18:49:Testing Results: loss 0.74554, Top-1 81.950
06-07-23 18:49:Best Top-1: 78.63
06-07-23 18:49:Best EMA Top-1: 82.78
06-07-23 18:49:Epoch: [26][100/132], lr: 0.00125, Data_time: 0.000 (0.004), batch time: 0.432 (0.436), Loss: 10.6041 (9.9650), Top-1: 100.00 (91.00), Middle1@1: 12.50 (32.50), Middle2@1: 37.50 (56.25), Middle3@1: 87.50 (86.62) 
06-07-23 18:50:Testing Results: loss 1.14229, Top-1 73.651
06-07-23 18:50:Testing Results: loss 0.74473, Top-1 82.158
06-07-23 18:50:Best Top-1: 78.63
06-07-23 18:50:Best EMA Top-1: 82.78
06-07-23 18:51:Epoch: [27][100/132], lr: 0.00125, Data_time: 0.000 (0.003), batch time: 0.433 (0.435), Loss: 9.2860 (9.5452), Top-1: 87.50 (91.88), Middle1@1: 12.50 (35.00), Middle2@1: 75.00 (58.75), Middle3@1: 100.00 (87.50) 
06-07-23 18:51:Testing Results: loss 1.11921, Top-1 73.859
06-07-23 18:51:Testing Results: loss 0.75048, Top-1 82.365
06-07-23 18:51:Best Top-1: 78.63
06-07-23 18:51:Best EMA Top-1: 82.78
06-07-23 18:52:Epoch: [28][100/132], lr: 0.00125, Data_time: 0.000 (0.003), batch time: 0.432 (0.436), Loss: 9.0289 (9.3084), Top-1: 100.00 (91.50), Middle1@1: 50.00 (39.38), Middle2@1: 62.50 (61.12), Middle3@1: 87.50 (87.25) 
06-07-23 18:52:Testing Results: loss 1.03829, Top-1 75.726
06-07-23 18:52:Testing Results: loss 0.75727, Top-1 81.950
06-07-23 18:52:Best Top-1: 78.63
06-07-23 18:52:Best EMA Top-1: 82.78
06-07-23 18:53:Epoch: [29][100/132], lr: 0.00125, Data_time: 0.000 (0.003), batch time: 0.433 (0.435), Loss: 8.9133 (9.6043), Top-1: 87.50 (90.38), Middle1@1: 50.00 (34.12), Middle2@1: 75.00 (59.38), Middle3@1: 75.00 (87.62) 
06-07-23 18:53:Testing Results: loss 0.98751, Top-1 78.008
06-07-23 18:54:Testing Results: loss 0.76161, Top-1 81.120
06-07-23 18:54:Best Top-1: 78.63
06-07-23 18:54:Best EMA Top-1: 82.78
06-07-23 18:54:Epoch: [30][100/132], lr: 0.00125, Data_time: 0.000 (0.003), batch time: 0.432 (0.435), Loss: 12.4971 (9.1653), Top-1: 87.50 (91.12), Middle1@1: 0.00 (39.75), Middle2@1: 37.50 (63.62), Middle3@1: 75.00 (87.12) 
06-07-23 18:55:Testing Results: loss 1.08124, Top-1 78.216
06-07-23 18:55:Testing Results: loss 0.76509, Top-1 80.705
06-07-23 18:55:Best Top-1: 78.63
06-07-23 18:55:Best EMA Top-1: 82.78
06-07-23 18:56:Epoch: [31][100/132], lr: 0.00125, Data_time: 0.000 (0.003), batch time: 0.432 (0.435), Loss: 12.1654 (9.4858), Top-1: 75.00 (90.88), Middle1@1: 37.50 (36.75), Middle2@1: 37.50 (62.75), Middle3@1: 75.00 (86.75) 
06-07-23 18:56:Testing Results: loss 0.98843, Top-1 77.386
06-07-23 18:56:Testing Results: loss 0.77278, Top-1 80.913
06-07-23 18:56:Best Top-1: 78.63
06-07-23 18:56:Best EMA Top-1: 82.78
06-07-23 18:57:Epoch: [32][100/132], lr: 0.00125, Data_time: 0.000 (0.003), batch time: 0.433 (0.436), Loss: 7.1971 (9.1301), Top-1: 100.00 (91.25), Middle1@1: 62.50 (42.00), Middle2@1: 87.50 (66.50), Middle3@1: 87.50 (88.00) 
06-07-23 18:57:Testing Results: loss 1.02359, Top-1 76.141
06-07-23 18:57:Testing Results: loss 0.77502, Top-1 80.913
06-07-23 18:57:Best Top-1: 78.63
06-07-23 18:57:Best EMA Top-1: 82.78
06-07-23 18:58:Epoch: [33][100/132], lr: 0.00125, Data_time: 0.000 (0.003), batch time: 0.433 (0.435), Loss: 9.9068 (9.0441), Top-1: 87.50 (91.25), Middle1@1: 25.00 (43.25), Middle2@1: 62.50 (64.00), Middle3@1: 75.00 (87.75) 
06-07-23 18:59:Testing Results: loss 1.12555, Top-1 76.349
06-07-23 18:59:Testing Results: loss 0.78279, Top-1 80.913
06-07-23 18:59:Best Top-1: 78.63
06-07-23 18:59:Best EMA Top-1: 82.78
06-07-23 18:59:Epoch: [34][100/132], lr: 0.00125, Data_time: 0.000 (0.003), batch time: 0.433 (0.435), Loss: 8.3994 (9.0384), Top-1: 100.00 (91.25), Middle1@1: 37.50 (45.00), Middle2@1: 37.50 (65.75), Middle3@1: 87.50 (87.00) 
06-07-23 19:00:Testing Results: loss 1.06150, Top-1 75.934
06-07-23 19:00:Testing Results: loss 0.79348, Top-1 80.705
06-07-23 19:00:Best Top-1: 78.63
06-07-23 19:00:Best EMA Top-1: 82.78
06-07-23 19:01:Epoch: [35][100/132], lr: 0.00125, Data_time: 0.000 (0.003), batch time: 0.432 (0.436), Loss: 8.8485 (8.5563), Top-1: 100.00 (92.00), Middle1@1: 25.00 (47.38), Middle2@1: 87.50 (69.00), Middle3@1: 87.50 (89.62) 
06-07-23 19:01:Testing Results: loss 1.16791, Top-1 76.971
06-07-23 19:01:Testing Results: loss 0.80135, Top-1 80.498
06-07-23 19:01:Best Top-1: 78.63
06-07-23 19:01:Best EMA Top-1: 82.78
06-07-23 19:02:Epoch: [36][100/132], lr: 0.00125, Data_time: 0.000 (0.003), batch time: 0.432 (0.435), Loss: 6.4767 (9.0460), Top-1: 100.00 (91.25), Middle1@1: 87.50 (43.88), Middle2@1: 87.50 (64.75), Middle3@1: 100.00 (87.12) 
06-07-23 19:02:Testing Results: loss 1.29797, Top-1 72.822
06-07-23 19:02:Testing Results: loss 0.80793, Top-1 80.705
06-07-23 19:02:Best Top-1: 78.63
06-07-23 19:02:Best EMA Top-1: 82.78
06-07-23 19:03:Epoch: [37][100/132], lr: 0.00125, Data_time: 0.000 (0.003), batch time: 0.432 (0.436), Loss: 8.1678 (8.4103), Top-1: 100.00 (93.88), Middle1@1: 25.00 (48.38), Middle2@1: 62.50 (69.75), Middle3@1: 100.00 (91.62) 
06-07-23 19:04:Testing Results: loss 1.18576, Top-1 76.556
06-07-23 19:04:Testing Results: loss 0.82782, Top-1 80.705
06-07-23 19:04:Best Top-1: 78.63
06-07-23 19:04:Best EMA Top-1: 82.78
06-07-23 19:04:Epoch: [38][100/132], lr: 0.00125, Data_time: 0.000 (0.003), batch time: 0.432 (0.435), Loss: 8.1614 (8.3355), Top-1: 100.00 (92.88), Middle1@1: 37.50 (46.25), Middle2@1: 62.50 (72.12), Middle3@1: 100.00 (90.25) 
06-07-23 19:05:Testing Results: loss 1.20193, Top-1 75.519
06-07-23 19:05:Testing Results: loss 0.84221, Top-1 80.083
06-07-23 19:05:Best Top-1: 78.63
06-07-23 19:05:Best EMA Top-1: 82.78
06-07-23 19:06:Epoch: [39][100/132], lr: 0.00125, Data_time: 0.000 (0.003), batch time: 0.432 (0.436), Loss: 9.1593 (8.2853), Top-1: 100.00 (93.00), Middle1@1: 37.50 (48.12), Middle2@1: 62.50 (72.00), Middle3@1: 100.00 (91.12) 
06-07-23 19:06:Testing Results: loss 1.19051, Top-1 75.311
06-07-23 19:06:Testing Results: loss 0.85509, Top-1 79.876
06-07-23 19:06:Best Top-1: 78.63
06-07-23 19:06:Best EMA Top-1: 82.78
06-07-23 19:07:Epoch: [40][100/132], lr: 0.00125, Data_time: 0.000 (0.003), batch time: 0.432 (0.436), Loss: 8.2975 (8.6020), Top-1: 87.50 (91.38), Middle1@1: 75.00 (48.75), Middle2@1: 75.00 (66.12), Middle3@1: 87.50 (88.62) 
06-07-23 19:07:Testing Results: loss 1.03983, Top-1 76.971
06-07-23 19:08:Testing Results: loss 0.85779, Top-1 79.461
06-07-23 19:08:Best Top-1: 78.63
06-07-23 19:08:Best EMA Top-1: 82.78
06-07-23 19:08:Epoch: [41][100/132], lr: 0.00125, Data_time: 0.000 (0.003), batch time: 0.433 (0.435), Loss: 12.3888 (8.4274), Top-1: 75.00 (92.25), Middle1@1: 25.00 (47.88), Middle2@1: 50.00 (70.62), Middle3@1: 75.00 (89.75) 
06-07-23 19:09:Testing Results: loss 1.26932, Top-1 75.311
06-07-23 19:09:Testing Results: loss 0.86376, Top-1 80.083
06-07-23 19:09:Best Top-1: 78.63
06-07-23 19:09:Best EMA Top-1: 82.78
06-07-23 19:10:Epoch: [42][100/132], lr: 0.00125, Data_time: 0.000 (0.003), batch time: 0.432 (0.435), Loss: 9.0563 (8.3536), Top-1: 100.00 (93.75), Middle1@1: 37.50 (49.38), Middle2@1: 50.00 (68.38), Middle3@1: 100.00 (91.38) 
06-07-23 19:10:Testing Results: loss 1.17544, Top-1 73.237
06-07-23 19:10:Testing Results: loss 0.86421, Top-1 80.290
06-07-23 19:10:Best Top-1: 78.63
06-07-23 19:10:Best EMA Top-1: 82.78
06-07-23 19:11:Epoch: [43][100/132], lr: 0.00125, Data_time: 0.000 (0.003), batch time: 0.432 (0.435), Loss: 10.9957 (7.9435), Top-1: 62.50 (94.25), Middle1@1: 37.50 (53.38), Middle2@1: 62.50 (72.00), Middle3@1: 62.50 (91.75) 
06-07-23 19:11:Testing Results: loss 1.15171, Top-1 75.519
06-07-23 19:11:Testing Results: loss 0.86405, Top-1 80.290
06-07-23 19:11:Best Top-1: 78.63
06-07-23 19:11:Best EMA Top-1: 82.78
06-07-23 19:12:Epoch: [44][100/132], lr: 0.00125, Data_time: 0.000 (0.003), batch time: 0.433 (0.435), Loss: 8.0940 (7.9910), Top-1: 100.00 (94.12), Middle1@1: 62.50 (51.62), Middle2@1: 87.50 (70.38), Middle3@1: 87.50 (91.62) 
06-07-23 19:12:Testing Results: loss 1.09608, Top-1 76.971
06-07-23 19:13:Testing Results: loss 0.87037, Top-1 80.498
06-07-23 19:13:Best Top-1: 78.63
06-07-23 19:13:Best EMA Top-1: 82.78
06-07-23 19:13:Epoch: [45][100/132], lr: 0.00125, Data_time: 0.000 (0.003), batch time: 0.432 (0.435), Loss: 7.9818 (8.1571), Top-1: 100.00 (91.50), Middle1@1: 37.50 (51.75), Middle2@1: 62.50 (73.25), Middle3@1: 100.00 (89.62) 
06-07-23 19:14:Testing Results: loss 1.30376, Top-1 73.444
06-07-23 19:14:Testing Results: loss 0.87071, Top-1 80.498
06-07-23 19:14:Best Top-1: 78.63
06-07-23 19:14:Best EMA Top-1: 82.78
06-07-23 19:15:Epoch: [46][100/132], lr: 0.00125, Data_time: 0.000 (0.003), batch time: 0.432 (0.435), Loss: 5.9450 (8.0533), Top-1: 100.00 (92.88), Middle1@1: 50.00 (51.00), Middle2@1: 87.50 (73.50), Middle3@1: 100.00 (90.75) 
06-07-23 19:15:Testing Results: loss 1.02922, Top-1 76.141
06-07-23 19:15:Testing Results: loss 0.86441, Top-1 80.498
06-07-23 19:15:Best Top-1: 78.63
06-07-23 19:15:Best EMA Top-1: 82.78
06-07-23 19:16:Epoch: [47][100/132], lr: 0.00125, Data_time: 0.000 (0.003), batch time: 0.432 (0.435), Loss: 8.3403 (8.2374), Top-1: 87.50 (92.88), Middle1@1: 75.00 (53.62), Middle2@1: 75.00 (74.50), Middle3@1: 100.00 (90.38) 
06-07-23 19:16:Testing Results: loss 1.25437, Top-1 74.481
06-07-23 19:16:Testing Results: loss 0.85910, Top-1 80.498
06-07-23 19:16:Best Top-1: 78.63
06-07-23 19:16:Best EMA Top-1: 82.78
06-07-23 19:17:Epoch: [48][100/132], lr: 0.00125, Data_time: 0.000 (0.003), batch time: 0.432 (0.435), Loss: 9.0403 (8.1639), Top-1: 87.50 (92.38), Middle1@1: 75.00 (51.62), Middle2@1: 75.00 (73.00), Middle3@1: 87.50 (90.62) 
06-07-23 19:18:Testing Results: loss 0.92975, Top-1 78.423
06-07-23 19:18:Testing Results: loss 0.86296, Top-1 79.876
06-07-23 19:18:Best Top-1: 78.63
06-07-23 19:18:Best EMA Top-1: 82.78
06-07-23 19:18:Epoch: [49][100/132], lr: 0.00125, Data_time: 0.000 (0.003), batch time: 0.432 (0.435), Loss: 6.3572 (7.8298), Top-1: 100.00 (93.00), Middle1@1: 75.00 (55.12), Middle2@1: 87.50 (73.12), Middle3@1: 100.00 (91.25) 
06-07-23 19:19:Testing Results: loss 1.22144, Top-1 72.822
06-07-23 19:19:Testing Results: loss 0.85889, Top-1 80.498
06-07-23 19:19:Best Top-1: 78.63
06-07-23 19:19:Best EMA Top-1: 82.78
06-07-23 19:20:Epoch: [50][100/132], lr: 0.00125, Data_time: 0.000 (0.003), batch time: 0.432 (0.435), Loss: 8.1587 (7.9161), Top-1: 62.50 (90.75), Middle1@1: 75.00 (56.38), Middle2@1: 75.00 (72.88), Middle3@1: 62.50 (88.88) 
06-07-23 19:20:Testing Results: loss 1.05903, Top-1 75.934
06-07-23 19:20:Testing Results: loss 0.86467, Top-1 80.083
06-07-23 19:20:Best Top-1: 78.63
06-07-23 19:20:Best EMA Top-1: 82.78
06-07-23 19:21:Epoch: [51][100/132], lr: 0.00013, Data_time: 0.000 (0.003), batch time: 0.432 (0.435), Loss: 7.2455 (7.1948), Top-1: 100.00 (93.25), Middle1@1: 37.50 (61.25), Middle2@1: 75.00 (78.12), Middle3@1: 100.00 (92.75) 
06-07-23 19:21:Testing Results: loss 0.96145, Top-1 79.253
06-07-23 19:21:Testing Results: loss 0.87238, Top-1 79.461
06-07-23 19:21:Best Top-1: 79.25
06-07-23 19:21:Best EMA Top-1: 82.78
06-07-23 19:22:Epoch: [52][100/132], lr: 0.00013, Data_time: 0.000 (0.004), batch time: 0.432 (0.436), Loss: 8.5942 (6.6428), Top-1: 75.00 (94.88), Middle1@1: 50.00 (66.75), Middle2@1: 62.50 (83.25), Middle3@1: 75.00 (94.00) 
06-07-23 19:23:Testing Results: loss 1.00800, Top-1 78.631
06-07-23 19:23:Testing Results: loss 0.87829, Top-1 79.461
06-07-23 19:23:Best Top-1: 79.25
06-07-23 19:23:Best EMA Top-1: 82.78
06-07-23 19:23:Epoch: [53][100/132], lr: 0.00013, Data_time: 0.000 (0.003), batch time: 0.432 (0.435), Loss: 6.6646 (6.4643), Top-1: 100.00 (95.75), Middle1@1: 75.00 (69.12), Middle2@1: 75.00 (83.50), Middle3@1: 75.00 (94.25) 
06-07-23 19:24:Testing Results: loss 0.91436, Top-1 79.668
06-07-23 19:24:Testing Results: loss 0.88421, Top-1 79.461
06-07-23 19:24:Best Top-1: 79.67
06-07-23 19:24:Best EMA Top-1: 82.78
06-07-23 19:25:Epoch: [54][100/132], lr: 0.00013, Data_time: 0.000 (0.003), batch time: 0.433 (0.435), Loss: 4.6805 (6.6038), Top-1: 100.00 (96.38), Middle1@1: 87.50 (68.62), Middle2@1: 100.00 (82.88), Middle3@1: 100.00 (94.75) 
06-07-23 19:25:Testing Results: loss 0.97295, Top-1 78.423
06-07-23 19:25:Testing Results: loss 0.89003, Top-1 79.668
06-07-23 19:25:Best Top-1: 79.67
06-07-23 19:25:Best EMA Top-1: 82.78
06-07-23 19:26:Epoch: [55][100/132], lr: 0.00013, Data_time: 0.000 (0.003), batch time: 0.433 (0.435), Loss: 6.8965 (6.4465), Top-1: 100.00 (95.62), Middle1@1: 75.00 (70.50), Middle2@1: 87.50 (83.75), Middle3@1: 100.00 (94.12) 
06-07-23 19:26:Testing Results: loss 0.95445, Top-1 79.253
06-07-23 19:27:Testing Results: loss 0.89570, Top-1 79.253
06-07-23 19:27:Best Top-1: 79.67
06-07-23 19:27:Best EMA Top-1: 82.78
06-07-23 19:27:Epoch: [56][100/132], lr: 0.00013, Data_time: 0.000 (0.003), batch time: 0.432 (0.435), Loss: 7.4854 (6.5645), Top-1: 75.00 (96.00), Middle1@1: 75.00 (66.50), Middle2@1: 87.50 (82.38), Middle3@1: 87.50 (95.50) 
06-07-23 19:28:Testing Results: loss 0.97548, Top-1 78.216
06-07-23 19:28:Testing Results: loss 0.90140, Top-1 79.461
06-07-23 19:28:Best Top-1: 79.67
06-07-23 19:28:Best EMA Top-1: 82.78
06-07-23 19:29:Epoch: [57][100/132], lr: 0.00013, Data_time: 0.000 (0.003), batch time: 0.432 (0.435), Loss: 4.6108 (6.3725), Top-1: 100.00 (97.12), Middle1@1: 87.50 (68.25), Middle2@1: 87.50 (84.75), Middle3@1: 100.00 (96.50) 
06-07-23 19:29:Testing Results: loss 0.91999, Top-1 79.461
06-07-23 19:29:Testing Results: loss 0.90415, Top-1 79.461
06-07-23 19:29:Best Top-1: 79.67
06-07-23 19:29:Best EMA Top-1: 82.78
06-07-23 19:30:Epoch: [58][100/132], lr: 0.00013, Data_time: 0.000 (0.003), batch time: 0.432 (0.435), Loss: 5.4682 (6.5538), Top-1: 100.00 (95.50), Middle1@1: 87.50 (69.12), Middle2@1: 100.00 (81.88), Middle3@1: 100.00 (94.62) 
06-07-23 19:30:Testing Results: loss 0.92000, Top-1 79.046
06-07-23 19:30:Testing Results: loss 0.90714, Top-1 79.461
06-07-23 19:30:Best Top-1: 79.67
06-07-23 19:30:Best EMA Top-1: 82.78
06-07-23 19:31:Epoch: [59][100/132], lr: 0.00013, Data_time: 0.000 (0.003), batch time: 0.433 (0.436), Loss: 7.2254 (6.4247), Top-1: 100.00 (96.38), Middle1@1: 62.50 (70.62), Middle2@1: 75.00 (84.50), Middle3@1: 100.00 (96.12) 
06-07-23 19:31:Testing Results: loss 0.93054, Top-1 78.631
06-07-23 19:32:Testing Results: loss 0.90458, Top-1 79.461
06-07-23 19:32:Best Top-1: 79.67
06-07-23 19:32:Best EMA Top-1: 82.78
06-07-23 19:32:Epoch: [60][100/132], lr: 0.00013, Data_time: 0.000 (0.003), batch time: 0.432 (0.435), Loss: 5.3941 (6.3734), Top-1: 100.00 (96.50), Middle1@1: 87.50 (68.38), Middle2@1: 87.50 (83.25), Middle3@1: 100.00 (95.75) 
06-07-23 19:33:Testing Results: loss 0.93996, Top-1 78.838
06-07-23 19:33:Testing Results: loss 0.90433, Top-1 79.461
06-07-23 19:33:Best Top-1: 79.67
06-07-23 19:33:Best EMA Top-1: 82.78
06-07-23 19:34:Epoch: [61][100/132], lr: 0.00001, Data_time: 0.000 (0.003), batch time: 0.433 (0.435), Loss: 6.4362 (6.2064), Top-1: 100.00 (97.38), Middle1@1: 75.00 (71.12), Middle2@1: 87.50 (87.12), Middle3@1: 100.00 (96.12) 
06-07-23 19:34:Testing Results: loss 0.92312, Top-1 79.461
06-07-23 19:34:Testing Results: loss 0.90341, Top-1 79.253
06-07-23 19:34:Best Top-1: 79.67
06-07-23 19:34:Best EMA Top-1: 82.78
06-07-23 19:35:Epoch: [62][100/132], lr: 0.00001, Data_time: 0.000 (0.003), batch time: 0.432 (0.435), Loss: 4.0877 (6.1585), Top-1: 100.00 (97.00), Middle1@1: 87.50 (72.50), Middle2@1: 100.00 (86.62), Middle3@1: 100.00 (96.38) 
06-07-23 19:35:Testing Results: loss 0.90789, Top-1 79.668
06-07-23 19:35:Testing Results: loss 0.90321, Top-1 79.253
06-07-23 19:35:Best Top-1: 79.67
06-07-23 19:35:Best EMA Top-1: 82.78
06-07-23 19:36:Epoch: [63][100/132], lr: 0.00001, Data_time: 0.000 (0.003), batch time: 0.432 (0.435), Loss: 6.1069 (6.4250), Top-1: 100.00 (96.38), Middle1@1: 50.00 (69.00), Middle2@1: 87.50 (85.62), Middle3@1: 100.00 (95.62) 
06-07-23 19:36:Testing Results: loss 0.95022, Top-1 79.046
06-07-23 19:37:Testing Results: loss 0.90249, Top-1 79.046
06-07-23 19:37:Best Top-1: 79.67
06-07-23 19:37:Best EMA Top-1: 82.78
06-07-23 19:37:Epoch: [64][100/132], lr: 0.00001, Data_time: 0.000 (0.003), batch time: 0.432 (0.435), Loss: 11.1273 (6.3452), Top-1: 87.50 (96.00), Middle1@1: 25.00 (71.75), Middle2@1: 75.00 (85.12), Middle3@1: 75.00 (95.25) 
06-07-23 19:38:Testing Results: loss 0.92247, Top-1 79.876
06-07-23 19:38:Testing Results: loss 0.90256, Top-1 79.046
06-07-23 19:38:Best Top-1: 79.88
06-07-23 19:38:Best EMA Top-1: 82.78
06-07-23 19:39:Epoch: [65][100/132], lr: 0.00001, Data_time: 0.000 (0.003), batch time: 0.432 (0.436), Loss: 7.2011 (6.0846), Top-1: 87.50 (96.50), Middle1@1: 87.50 (72.12), Middle2@1: 87.50 (85.62), Middle3@1: 87.50 (95.25) 
06-07-23 19:39:Testing Results: loss 0.93109, Top-1 79.668
06-07-23 19:39:Testing Results: loss 0.90251, Top-1 78.838
06-07-23 19:39:Best Top-1: 79.88
06-07-23 19:39:Best EMA Top-1: 82.78
06-07-23 19:40:Epoch: [66][100/132], lr: 0.00001, Data_time: 0.000 (0.003), batch time: 0.433 (0.436), Loss: 4.8078 (6.1941), Top-1: 100.00 (96.88), Middle1@1: 62.50 (73.25), Middle2@1: 87.50 (84.00), Middle3@1: 100.00 (96.00) 
06-07-23 19:40:Testing Results: loss 0.95123, Top-1 78.838
06-07-23 19:40:Testing Results: loss 0.90266, Top-1 78.838
06-07-23 19:40:Best Top-1: 79.88
06-07-23 19:40:Best EMA Top-1: 82.78
06-07-23 19:41:Epoch: [67][100/132], lr: 0.00001, Data_time: 0.000 (0.003), batch time: 0.432 (0.435), Loss: 7.3531 (6.2252), Top-1: 87.50 (96.88), Middle1@1: 50.00 (69.50), Middle2@1: 75.00 (86.50), Middle3@1: 87.50 (97.00) 
06-07-23 19:42:Testing Results: loss 0.91083, Top-1 79.253
06-07-23 19:42:Testing Results: loss 0.90298, Top-1 78.838
06-07-23 19:42:Best Top-1: 79.88
06-07-23 19:42:Best EMA Top-1: 82.78
06-07-23 19:42:Epoch: [68][100/132], lr: 0.00001, Data_time: 0.000 (0.003), batch time: 0.432 (0.435), Loss: 4.6558 (6.2312), Top-1: 100.00 (96.50), Middle1@1: 62.50 (69.62), Middle2@1: 100.00 (85.12), Middle3@1: 100.00 (96.00) 
06-07-23 19:43:Testing Results: loss 0.93936, Top-1 79.046
06-07-23 19:43:Testing Results: loss 0.90326, Top-1 78.838
06-07-23 19:43:Best Top-1: 79.88
06-07-23 19:43:Best EMA Top-1: 82.78
06-07-23 19:44:Epoch: [69][100/132], lr: 0.00001, Data_time: 0.000 (0.003), batch time: 0.433 (0.435), Loss: 6.4169 (6.2182), Top-1: 100.00 (97.00), Middle1@1: 75.00 (73.12), Middle2@1: 87.50 (86.00), Middle3@1: 100.00 (96.12) 
06-07-23 19:44:Testing Results: loss 0.96009, Top-1 78.838
06-07-23 19:44:Testing Results: loss 0.90340, Top-1 78.838
06-07-23 19:44:Best Top-1: 79.88
06-07-23 19:44:Best EMA Top-1: 82.78
06-07-23 19:45:Epoch: [70][100/132], lr: 0.00001, Data_time: 0.000 (0.003), batch time: 0.433 (0.435), Loss: 6.3164 (6.1823), Top-1: 100.00 (96.50), Middle1@1: 75.00 (70.62), Middle2@1: 87.50 (85.25), Middle3@1: 100.00 (96.12) 
06-07-23 19:45:Testing Results: loss 0.91729, Top-1 79.668
06-07-23 19:45:Testing Results: loss 0.90405, Top-1 78.838
06-07-23 19:45:Best Top-1: 79.88
06-07-23 19:45:Best EMA Top-1: 82.78
06-07-23 19:46:Epoch: [71][100/132], lr: 0.00000, Data_time: 0.000 (0.003), batch time: 0.433 (0.436), Loss: 7.5963 (6.3475), Top-1: 100.00 (95.62), Middle1@1: 50.00 (71.38), Middle2@1: 75.00 (85.00), Middle3@1: 100.00 (94.75) 
06-07-23 19:47:Testing Results: loss 0.90875, Top-1 79.046
06-07-23 19:47:Testing Results: loss 0.90468, Top-1 79.046
06-07-23 19:47:Best Top-1: 79.88
06-07-23 19:47:Best EMA Top-1: 82.78
06-07-23 19:47:Epoch: [72][100/132], lr: 0.00000, Data_time: 0.000 (0.003), batch time: 0.432 (0.435), Loss: 4.9629 (6.2962), Top-1: 100.00 (96.25), Middle1@1: 62.50 (68.50), Middle2@1: 100.00 (83.38), Middle3@1: 100.00 (94.88) 
06-07-23 19:48:Testing Results: loss 0.90225, Top-1 79.461
06-07-23 19:48:Testing Results: loss 0.90519, Top-1 79.253
06-07-23 19:48:Best Top-1: 79.88
06-07-23 19:48:Best EMA Top-1: 82.78
06-07-23 19:49:Epoch: [73][100/132], lr: 0.00000, Data_time: 0.000 (0.003), batch time: 0.432 (0.435), Loss: 5.5664 (6.5046), Top-1: 100.00 (95.88), Middle1@1: 75.00 (68.62), Middle2@1: 100.00 (84.25), Middle3@1: 100.00 (95.62) 
06-07-23 19:49:Testing Results: loss 0.93950, Top-1 78.838
06-07-23 19:49:Testing Results: loss 0.90614, Top-1 79.253
06-07-23 19:49:Best Top-1: 79.88
06-07-23 19:49:Best EMA Top-1: 82.78
06-07-23 19:50:Epoch: [74][100/132], lr: 0.00000, Data_time: 0.000 (0.003), batch time: 0.432 (0.435), Loss: 4.9285 (6.3418), Top-1: 100.00 (96.25), Middle1@1: 75.00 (68.00), Middle2@1: 87.50 (81.75), Middle3@1: 100.00 (95.50) 
06-07-23 19:50:Testing Results: loss 0.93645, Top-1 78.631
06-07-23 19:51:Testing Results: loss 0.90627, Top-1 79.253
06-07-23 19:51:Best Top-1: 79.88
06-07-23 19:51:Best EMA Top-1: 82.78
06-07-23 19:51:Epoch: [75][100/132], lr: 0.00000, Data_time: 0.000 (0.003), batch time: 0.433 (0.435), Loss: 5.4136 (6.2436), Top-1: 100.00 (98.25), Middle1@1: 62.50 (72.12), Middle2@1: 87.50 (85.50), Middle3@1: 87.50 (96.75) 
06-07-23 19:52:Testing Results: loss 0.95789, Top-1 78.423
06-07-23 19:52:Testing Results: loss 0.90666, Top-1 79.253
06-07-23 19:52:Best Top-1: 79.88
06-07-23 19:52:Best EMA Top-1: 82.78
06-07-23 19:53:Epoch: [76][100/132], lr: 0.00000, Data_time: 0.000 (0.003), batch time: 0.432 (0.435), Loss: 5.3971 (6.3595), Top-1: 87.50 (96.62), Middle1@1: 75.00 (71.88), Middle2@1: 87.50 (84.50), Middle3@1: 100.00 (95.75) 
06-07-23 19:53:Testing Results: loss 0.93662, Top-1 78.423
06-07-23 19:53:Testing Results: loss 0.90702, Top-1 79.253
06-07-23 19:53:Best Top-1: 79.88
06-07-23 19:53:Best EMA Top-1: 82.78
06-07-23 19:54:Epoch: [77][100/132], lr: 0.00000, Data_time: 0.000 (0.003), batch time: 0.432 (0.436), Loss: 5.5553 (6.2213), Top-1: 100.00 (97.50), Middle1@1: 87.50 (73.50), Middle2@1: 100.00 (86.12), Middle3@1: 100.00 (96.62) 
06-07-23 19:54:Testing Results: loss 0.91325, Top-1 79.253
06-07-23 19:54:Testing Results: loss 0.90709, Top-1 79.253
06-07-23 19:54:Best Top-1: 79.88
06-07-23 19:54:Best EMA Top-1: 82.78
06-07-23 19:55:Epoch: [78][100/132], lr: 0.00000, Data_time: 0.000 (0.003), batch time: 0.432 (0.436), Loss: 4.9929 (6.2666), Top-1: 100.00 (96.62), Middle1@1: 87.50 (71.12), Middle2@1: 100.00 (84.50), Middle3@1: 100.00 (95.25) 
06-07-23 19:55:Testing Results: loss 0.92851, Top-1 78.423
06-07-23 19:56:Testing Results: loss 0.90682, Top-1 79.253
06-07-23 19:56:Best Top-1: 79.88
06-07-23 19:56:Best EMA Top-1: 82.78
06-07-23 19:56:Epoch: [79][100/132], lr: 0.00000, Data_time: 0.000 (0.003), batch time: 0.432 (0.436), Loss: 5.8290 (5.9616), Top-1: 100.00 (98.00), Middle1@1: 87.50 (72.12), Middle2@1: 87.50 (86.12), Middle3@1: 100.00 (96.25) 
06-07-23 19:57:Testing Results: loss 0.95343, Top-1 78.423
06-07-23 19:57:Testing Results: loss 0.90615, Top-1 79.253
06-07-23 19:57:Best Top-1: 79.88
06-07-23 19:57:Best EMA Top-1: 82.78
