06-06-23 08:48:'''
06-06-23 08:48:Dir: runs/NvGesture/MTMM/2023-6-6-8-48-19_ACTION_resnet50_MTMM_rgb_depth/
06-06-23 08:48:Notes: seed_3
06-06-23 08:48:'''
06-06-23 08:48:Loading dataset
06-06-23 08:48:load model
06-06-23 08:48:group: first_conv_weight has 1 params, lr_mult: 1, decay_mult: 1
06-06-23 08:48:group: first_conv_bias has 0 params, lr_mult: 2, decay_mult: 0
06-06-23 08:48:group: normal_weight has 57 params, lr_mult: 1, decay_mult: 1
06-06-23 08:48:group: normal_bias has 1 params, lr_mult: 2, decay_mult: 0
06-06-23 08:48:group: BN scale/shift has 114 params, lr_mult: 1, decay_mult: 0
06-06-23 08:48:group: custom_weight has 128 params, lr_mult: 1, decay_mult: 1
06-06-23 08:48:group: custom_bn has 32 params, lr_mult: 1, decay_mult: 0
06-06-23 08:48:group: lr5_weight has 1 params, lr_mult: 5, decay_mult: 1
06-06-23 08:48:group: lr10_bias has 1 params, lr_mult: 10, decay_mult: 0
06-06-23 08:49:Epoch: [0][100/132], lr: 0.01250, data_time: 0.000 (0.005), batch_time: 0.409 (0.441), Top-1: 0.00 (4.00), Top-5: 25.00 (19.50), Loss: 3.2674 (3.8358), G_Depth_Loss: 0.2257 (0.2247)
06-06-23 08:49:Testing Results: loss 3.61275, Top-1 5.602, Top-5 24.896
06-06-23 08:49:Testing Results: loss 250.07777, Top-1 4.564, Top-5 20.332
06-06-23 08:49:Best Top-1: 5.60
06-06-23 08:49:Best EMA Top-1: 4.56
06-06-23 08:50:Epoch: [1][100/132], lr: 0.01250, data_time: 0.000 (0.006), batch_time: 0.411 (0.417), Top-1: 37.50 (9.88), Top-5: 50.00 (29.00), Loss: 2.5856 (3.2928), G_Depth_Loss: 0.2230 (0.2207)
06-06-23 08:50:Testing Results: loss 2.81336, Top-1 16.598, Top-5 52.075
06-06-23 08:50:Testing Results: loss 91.04868, Top-1 4.564, Top-5 20.747
06-06-23 08:50:Best Top-1: 16.60
06-06-23 08:50:Best EMA Top-1: 4.56
06-06-23 08:51:Epoch: [2][100/132], lr: 0.01250, data_time: 0.000 (0.006), batch_time: 0.411 (0.417), Top-1: 12.50 (16.62), Top-5: 50.00 (51.25), Loss: 2.5468 (2.7836), G_Depth_Loss: 0.2129 (0.2159)
06-06-23 08:52:Testing Results: loss 2.69488, Top-1 21.992, Top-5 61.826
06-06-23 08:52:Testing Results: loss 47.76314, Top-1 4.149, Top-5 20.332
06-06-23 08:52:Best Top-1: 21.99
06-06-23 08:52:Best EMA Top-1: 4.56
06-06-23 08:52:Epoch: [3][100/132], lr: 0.01250, data_time: 0.000 (0.006), batch_time: 0.411 (0.417), Top-1: 50.00 (24.38), Top-5: 87.50 (69.12), Loss: 1.9254 (2.3712), G_Depth_Loss: 0.2104 (0.2110)
06-06-23 08:53:Testing Results: loss 2.23952, Top-1 33.610, Top-5 75.934
06-06-23 08:53:Testing Results: loss 35.36873, Top-1 4.149, Top-5 21.162
06-06-23 08:53:Best Top-1: 33.61
06-06-23 08:53:Best EMA Top-1: 4.56
06-06-23 08:54:Epoch: [4][100/132], lr: 0.01250, data_time: 0.000 (0.006), batch_time: 0.411 (0.418), Top-1: 37.50 (36.62), Top-5: 75.00 (79.38), Loss: 2.2336 (2.0013), G_Depth_Loss: 0.2016 (0.2054)
06-06-23 08:54:Testing Results: loss 1.77186, Top-1 42.531, Top-5 81.950
06-06-23 08:54:Testing Results: loss 27.92054, Top-1 3.734, Top-5 20.954
06-06-23 08:54:Best Top-1: 42.53
06-06-23 08:54:Best EMA Top-1: 4.56
06-06-23 08:55:Epoch: [5][100/132], lr: 0.01250, data_time: 0.000 (0.006), batch_time: 0.411 (0.418), Top-1: 25.00 (45.50), Top-5: 87.50 (84.75), Loss: 1.9293 (1.7037), G_Depth_Loss: 0.1967 (0.2003)
06-06-23 08:55:Testing Results: loss 1.73207, Top-1 47.303, Top-5 84.647
06-06-23 08:55:Testing Results: loss 21.73711, Top-1 3.942, Top-5 20.332
06-06-23 08:55:Best Top-1: 47.30
06-06-23 08:55:Best EMA Top-1: 4.56
06-06-23 08:56:Epoch: [6][100/132], lr: 0.01250, data_time: 0.000 (0.006), batch_time: 0.411 (0.416), Top-1: 37.50 (50.38), Top-5: 100.00 (88.50), Loss: 2.0015 (1.5101), G_Depth_Loss: 0.1974 (0.1950)
06-06-23 08:57:Testing Results: loss 1.82106, Top-1 49.170, Top-5 80.498
06-06-23 08:57:Testing Results: loss 18.24602, Top-1 4.357, Top-5 21.162
06-06-23 08:57:Best Top-1: 49.17
06-06-23 08:57:Best EMA Top-1: 4.56
06-06-23 08:57:Epoch: [7][100/132], lr: 0.01250, data_time: 0.000 (0.005), batch_time: 0.411 (0.417), Top-1: 50.00 (56.38), Top-5: 87.50 (90.25), Loss: 2.2928 (1.3790), G_Depth_Loss: 0.1873 (0.1902)
06-06-23 08:58:Testing Results: loss 1.80762, Top-1 50.830, Top-5 84.440
06-06-23 08:58:Testing Results: loss 18.25389, Top-1 4.149, Top-5 20.539
06-06-23 08:58:Best Top-1: 50.83
06-06-23 08:58:Best EMA Top-1: 4.56
06-06-23 08:59:Epoch: [8][100/132], lr: 0.01250, data_time: 0.000 (0.006), batch_time: 0.411 (0.418), Top-1: 50.00 (56.38), Top-5: 87.50 (90.38), Loss: 1.7706 (1.3464), G_Depth_Loss: 0.1845 (0.1859)
06-06-23 08:59:Testing Results: loss 1.70376, Top-1 53.734, Top-5 83.402
06-06-23 08:59:Testing Results: loss 16.68500, Top-1 4.149, Top-5 20.124
06-06-23 08:59:Best Top-1: 53.73
06-06-23 08:59:Best EMA Top-1: 4.56
06-06-23 09:00:Epoch: [9][100/132], lr: 0.01250, data_time: 0.000 (0.006), batch_time: 0.411 (0.416), Top-1: 75.00 (59.25), Top-5: 87.50 (91.62), Loss: 1.1439 (1.2066), G_Depth_Loss: 0.1829 (0.1824)
06-06-23 09:00:Testing Results: loss 2.08349, Top-1 47.303, Top-5 84.440
06-06-23 09:00:Testing Results: loss 16.00933, Top-1 3.527, Top-5 20.539
06-06-23 09:00:Best Top-1: 53.73
06-06-23 09:00:Best EMA Top-1: 4.56
06-06-23 09:01:Epoch: [10][100/132], lr: 0.01250, data_time: 0.000 (0.007), batch_time: 0.411 (0.419), Top-1: 37.50 (63.75), Top-5: 87.50 (93.00), Loss: 2.1303 (1.0908), G_Depth_Loss: 0.1747 (0.1780)
06-06-23 09:02:Testing Results: loss 1.71661, Top-1 53.942, Top-5 85.892
06-06-23 09:02:Testing Results: loss 15.29953, Top-1 3.527, Top-5 20.332
06-06-23 09:02:Best Top-1: 53.94
06-06-23 09:02:Best EMA Top-1: 4.56
06-06-23 09:02:Epoch: [11][100/132], lr: 0.01250, data_time: 0.000 (0.005), batch_time: 0.411 (0.417), Top-1: 50.00 (64.62), Top-5: 100.00 (93.62), Loss: 1.1005 (1.0431), G_Depth_Loss: 0.1723 (0.1737)
06-06-23 09:03:Testing Results: loss 1.74126, Top-1 54.564, Top-5 87.552
06-06-23 09:03:Testing Results: loss 15.02256, Top-1 4.772, Top-5 20.332
06-06-23 09:03:Best Top-1: 54.56
06-06-23 09:03:Best EMA Top-1: 4.77
06-06-23 09:04:Epoch: [12][100/132], lr: 0.01250, data_time: 0.000 (0.006), batch_time: 0.411 (0.417), Top-1: 75.00 (68.88), Top-5: 100.00 (93.88), Loss: 0.8381 (0.9661), G_Depth_Loss: 0.1684 (0.1702)
06-06-23 09:04:Testing Results: loss 1.41518, Top-1 59.751, Top-5 87.344
06-06-23 09:04:Testing Results: loss 14.84548, Top-1 4.564, Top-5 20.124
06-06-23 09:04:Best Top-1: 59.75
06-06-23 09:04:Best EMA Top-1: 4.77
06-06-23 09:05:Epoch: [13][100/132], lr: 0.01250, data_time: 0.000 (0.005), batch_time: 0.410 (0.417), Top-1: 50.00 (70.00), Top-5: 100.00 (94.88), Loss: 0.8234 (0.9093), G_Depth_Loss: 0.1630 (0.1666)
06-06-23 09:05:Testing Results: loss 1.54326, Top-1 63.278, Top-5 91.494
06-06-23 09:06:Testing Results: loss 14.48200, Top-1 4.149, Top-5 20.124
06-06-23 09:06:Best Top-1: 63.28
06-06-23 09:06:Best EMA Top-1: 4.77
06-06-23 09:06:Epoch: [14][100/132], lr: 0.01250, data_time: 0.000 (0.006), batch_time: 0.411 (0.418), Top-1: 75.00 (70.25), Top-5: 100.00 (94.25), Loss: 0.5674 (0.8689), G_Depth_Loss: 0.1591 (0.1631)
06-06-23 09:07:Testing Results: loss 1.39479, Top-1 57.676, Top-5 89.627
06-06-23 09:07:Testing Results: loss 13.61018, Top-1 4.149, Top-5 20.539
06-06-23 09:07:Best Top-1: 63.28
06-06-23 09:07:Best EMA Top-1: 4.77
06-06-23 09:07:Epoch: [15][100/132], lr: 0.01250, data_time: 0.000 (0.005), batch_time: 0.411 (0.416), Top-1: 75.00 (72.75), Top-5: 100.00 (95.62), Loss: 0.9434 (0.8009), G_Depth_Loss: 0.1560 (0.1590)
06-06-23 09:08:Testing Results: loss 1.28616, Top-1 61.618, Top-5 91.494
06-06-23 09:08:Testing Results: loss 12.51152, Top-1 4.149, Top-5 21.369
06-06-23 09:08:Best Top-1: 63.28
06-06-23 09:08:Best EMA Top-1: 4.77
06-06-23 09:09:Epoch: [16][100/132], lr: 0.01250, data_time: 0.000 (0.006), batch_time: 0.411 (0.417), Top-1: 62.50 (74.75), Top-5: 100.00 (95.12), Loss: 0.9176 (0.8084), G_Depth_Loss: 0.1577 (0.1558)
06-06-23 09:09:Testing Results: loss 1.44291, Top-1 63.900, Top-5 89.004
06-06-23 09:09:Testing Results: loss 11.59818, Top-1 4.149, Top-5 21.369
06-06-23 09:09:Best Top-1: 63.90
06-06-23 09:09:Best EMA Top-1: 4.77
06-06-23 09:10:Epoch: [17][100/132], lr: 0.01250, data_time: 0.000 (0.006), batch_time: 0.411 (0.416), Top-1: 100.00 (72.25), Top-5: 100.00 (96.00), Loss: 0.1755 (0.8129), G_Depth_Loss: 0.1507 (0.1528)
06-06-23 09:10:Testing Results: loss 1.34598, Top-1 62.241, Top-5 91.494
06-06-23 09:11:Testing Results: loss 10.85091, Top-1 4.149, Top-5 20.954
06-06-23 09:11:Best Top-1: 63.90
06-06-23 09:11:Best EMA Top-1: 4.77
06-06-23 09:11:Epoch: [18][100/132], lr: 0.01250, data_time: 0.000 (0.006), batch_time: 0.411 (0.417), Top-1: 87.50 (74.75), Top-5: 100.00 (95.25), Loss: 0.6624 (0.7869), G_Depth_Loss: 0.1506 (0.1496)
06-06-23 09:12:Testing Results: loss 1.37467, Top-1 64.108, Top-5 92.324
06-06-23 09:12:Testing Results: loss 10.33413, Top-1 4.149, Top-5 22.199
06-06-23 09:12:Best Top-1: 64.11
06-06-23 09:12:Best EMA Top-1: 4.77
06-06-23 09:13:Epoch: [19][100/132], lr: 0.01250, data_time: 0.000 (0.006), batch_time: 0.411 (0.418), Top-1: 62.50 (73.38), Top-5: 100.00 (95.50), Loss: 0.9817 (0.8091), G_Depth_Loss: 0.1435 (0.1460)
06-06-23 09:13:Testing Results: loss 1.40919, Top-1 62.448, Top-5 88.174
06-06-23 09:13:Testing Results: loss 10.32283, Top-1 4.149, Top-5 22.199
06-06-23 09:13:Best Top-1: 64.11
06-06-23 09:13:Best EMA Top-1: 4.77
06-06-23 09:14:Epoch: [20][100/132], lr: 0.01250, data_time: 0.000 (0.006), batch_time: 0.411 (0.418), Top-1: 87.50 (78.25), Top-5: 100.00 (97.25), Loss: 0.5526 (0.6668), G_Depth_Loss: 0.1419 (0.1432)
06-06-23 09:14:Testing Results: loss 1.40740, Top-1 64.730, Top-5 91.079
06-06-23 09:14:Testing Results: loss 9.99080, Top-1 4.149, Top-5 20.954
06-06-23 09:14:Best Top-1: 64.73
06-06-23 09:14:Best EMA Top-1: 4.77
06-06-23 09:15:Epoch: [21][100/132], lr: 0.01250, data_time: 0.000 (0.006), batch_time: 0.411 (0.417), Top-1: 62.50 (77.50), Top-5: 87.50 (96.62), Loss: 1.6780 (0.6559), G_Depth_Loss: 0.1383 (0.1401)
06-06-23 09:15:Testing Results: loss 1.55244, Top-1 60.373, Top-5 89.834
06-06-23 09:16:Testing Results: loss 9.28952, Top-1 4.149, Top-5 21.162
06-06-23 09:16:Best Top-1: 64.73
06-06-23 09:16:Best EMA Top-1: 4.77
06-06-23 09:16:Epoch: [22][100/132], lr: 0.01250, data_time: 0.000 (0.006), batch_time: 0.411 (0.418), Top-1: 100.00 (79.50), Top-5: 100.00 (95.88), Loss: 0.1358 (0.6518), G_Depth_Loss: 0.1346 (0.1371)
06-06-23 09:17:Testing Results: loss 1.49886, Top-1 60.788, Top-5 90.456
06-06-23 09:17:Testing Results: loss 8.51959, Top-1 4.149, Top-5 21.162
06-06-23 09:17:Best Top-1: 64.73
06-06-23 09:17:Best EMA Top-1: 4.77
06-06-23 09:18:Epoch: [23][100/132], lr: 0.01250, data_time: 0.000 (0.006), batch_time: 0.411 (0.417), Top-1: 75.00 (77.25), Top-5: 100.00 (95.75), Loss: 0.6565 (0.6912), G_Depth_Loss: 0.1348 (0.1351)
06-06-23 09:18:Testing Results: loss 1.46079, Top-1 64.730, Top-5 89.627
06-06-23 09:18:Testing Results: loss 7.71116, Top-1 4.149, Top-5 20.954
06-06-23 09:18:Best Top-1: 64.73
06-06-23 09:18:Best EMA Top-1: 4.77
06-06-23 09:19:Epoch: [24][100/132], lr: 0.01250, data_time: 0.000 (0.006), batch_time: 0.411 (0.418), Top-1: 100.00 (79.75), Top-5: 100.00 (96.62), Loss: 0.0978 (0.6361), G_Depth_Loss: 0.1323 (0.1329)
06-06-23 09:19:Testing Results: loss 1.34476, Top-1 64.938, Top-5 90.041
06-06-23 09:19:Testing Results: loss 6.80685, Top-1 4.149, Top-5 20.539
06-06-23 09:19:Best Top-1: 64.94
06-06-23 09:19:Best EMA Top-1: 4.77
06-06-23 09:20:Epoch: [25][100/132], lr: 0.01250, data_time: 0.000 (0.006), batch_time: 0.412 (0.418), Top-1: 100.00 (80.88), Top-5: 100.00 (97.38), Loss: 0.0689 (0.5748), G_Depth_Loss: 0.1316 (0.1299)
06-06-23 09:20:Testing Results: loss 1.44356, Top-1 63.278, Top-5 90.664
06-06-23 09:21:Testing Results: loss 6.01285, Top-1 4.149, Top-5 20.954
06-06-23 09:21:Best Top-1: 64.94
06-06-23 09:21:Best EMA Top-1: 4.77
06-06-23 09:21:Epoch: [26][100/132], lr: 0.01250, data_time: 0.000 (0.006), batch_time: 0.411 (0.417), Top-1: 100.00 (84.88), Top-5: 100.00 (97.38), Loss: 0.0581 (0.4768), G_Depth_Loss: 0.1265 (0.1279)
06-06-23 09:22:Testing Results: loss 1.57403, Top-1 59.959, Top-5 89.004
06-06-23 09:22:Testing Results: loss 5.53045, Top-1 4.149, Top-5 20.747
06-06-23 09:22:Best Top-1: 64.94
06-06-23 09:22:Best EMA Top-1: 4.77
06-06-23 09:23:Epoch: [27][100/132], lr: 0.01250, data_time: 0.000 (0.006), batch_time: 0.412 (0.417), Top-1: 100.00 (82.12), Top-5: 100.00 (97.62), Loss: 0.0528 (0.5419), G_Depth_Loss: 0.1204 (0.1252)
06-06-23 09:23:Testing Results: loss 1.29078, Top-1 67.842, Top-5 90.871
06-06-23 09:23:Testing Results: loss 5.17088, Top-1 3.942, Top-5 20.332
06-06-23 09:23:Best Top-1: 67.84
06-06-23 09:23:Best EMA Top-1: 4.77
06-06-23 09:24:Epoch: [28][100/132], lr: 0.01250, data_time: 0.000 (0.005), batch_time: 0.411 (0.417), Top-1: 87.50 (84.50), Top-5: 87.50 (97.25), Loss: 0.5222 (0.4729), G_Depth_Loss: 0.1222 (0.1228)
06-06-23 09:24:Testing Results: loss 1.61091, Top-1 67.635, Top-5 91.909
06-06-23 09:24:Testing Results: loss 4.93111, Top-1 3.320, Top-5 20.332
06-06-23 09:24:Best Top-1: 67.84
06-06-23 09:24:Best EMA Top-1: 4.77
06-06-23 09:25:Epoch: [29][100/132], lr: 0.01250, data_time: 0.000 (0.006), batch_time: 0.411 (0.418), Top-1: 75.00 (82.12), Top-5: 100.00 (97.88), Loss: 0.7983 (0.5450), G_Depth_Loss: 0.1204 (0.1210)
06-06-23 09:25:Testing Results: loss 1.57566, Top-1 65.353, Top-5 90.664
06-06-23 09:26:Testing Results: loss 4.74983, Top-1 3.527, Top-5 20.124
06-06-23 09:26:Best Top-1: 67.84
06-06-23 09:26:Best EMA Top-1: 4.77
06-06-23 09:26:Epoch: [30][100/132], lr: 0.01250, data_time: 0.000 (0.006), batch_time: 0.411 (0.417), Top-1: 75.00 (84.12), Top-5: 100.00 (97.25), Loss: 0.4576 (0.4883), G_Depth_Loss: 0.1177 (0.1181)
06-06-23 09:27:Testing Results: loss 1.49492, Top-1 67.012, Top-5 92.531
06-06-23 09:27:Testing Results: loss 4.57496, Top-1 3.942, Top-5 20.124
06-06-23 09:27:Best Top-1: 67.84
06-06-23 09:27:Best EMA Top-1: 4.77
06-06-23 09:27:Epoch: [31][100/132], lr: 0.01250, data_time: 0.000 (0.006), batch_time: 0.412 (0.417), Top-1: 75.00 (85.00), Top-5: 100.00 (97.25), Loss: 0.5719 (0.4619), G_Depth_Loss: 0.1201 (0.1160)
06-06-23 09:28:Testing Results: loss 1.46879, Top-1 61.411, Top-5 90.871
06-06-23 09:28:Testing Results: loss 4.42888, Top-1 3.734, Top-5 19.917
06-06-23 09:28:Best Top-1: 67.84
06-06-23 09:28:Best EMA Top-1: 4.77
06-06-23 09:29:Epoch: [32][100/132], lr: 0.01250, data_time: 0.000 (0.006), batch_time: 0.411 (0.417), Top-1: 75.00 (86.88), Top-5: 87.50 (97.62), Loss: 0.9182 (0.4369), G_Depth_Loss: 0.1112 (0.1141)
06-06-23 09:29:Testing Results: loss 1.44845, Top-1 63.900, Top-5 90.871
06-06-23 09:29:Testing Results: loss 4.31295, Top-1 3.734, Top-5 20.539
06-06-23 09:29:Best Top-1: 67.84
06-06-23 09:29:Best EMA Top-1: 4.77
06-06-23 09:30:Epoch: [33][100/132], lr: 0.01250, data_time: 0.000 (0.006), batch_time: 0.411 (0.417), Top-1: 87.50 (85.12), Top-5: 87.50 (96.75), Loss: 0.4729 (0.4852), G_Depth_Loss: 0.1153 (0.1119)
06-06-23 09:30:Testing Results: loss 1.99303, Top-1 61.203, Top-5 89.419
06-06-23 09:31:Testing Results: loss 4.21186, Top-1 3.734, Top-5 20.954
06-06-23 09:31:Best Top-1: 67.84
06-06-23 09:31:Best EMA Top-1: 4.77
06-06-23 09:31:Epoch: [34][100/132], lr: 0.01250, data_time: 0.000 (0.006), batch_time: 0.411 (0.418), Top-1: 75.00 (84.62), Top-5: 100.00 (97.50), Loss: 0.4418 (0.4954), G_Depth_Loss: 0.1074 (0.1102)
06-06-23 09:32:Testing Results: loss 1.65216, Top-1 64.523, Top-5 90.871
06-06-23 09:32:Testing Results: loss 4.13289, Top-1 3.734, Top-5 21.162
06-06-23 09:32:Best Top-1: 67.84
06-06-23 09:32:Best EMA Top-1: 4.77
06-06-23 09:32:Epoch: [35][100/132], lr: 0.01250, data_time: 0.000 (0.006), batch_time: 0.411 (0.418), Top-1: 75.00 (85.12), Top-5: 100.00 (98.00), Loss: 0.9229 (0.4416), G_Depth_Loss: 0.1085 (0.1080)
06-06-23 09:33:Testing Results: loss 1.45169, Top-1 62.033, Top-5 92.116
06-06-23 09:33:Testing Results: loss 4.03859, Top-1 3.734, Top-5 20.332
06-06-23 09:33:Best Top-1: 67.84
06-06-23 09:33:Best EMA Top-1: 4.77
06-06-23 09:34:Epoch: [36][100/132], lr: 0.01250, data_time: 0.000 (0.005), batch_time: 0.412 (0.417), Top-1: 100.00 (87.25), Top-5: 100.00 (98.00), Loss: 0.1088 (0.3957), G_Depth_Loss: 0.1056 (0.1067)
06-06-23 09:34:Testing Results: loss 1.49428, Top-1 63.278, Top-5 92.531
06-06-23 09:34:Testing Results: loss 3.93067, Top-1 3.734, Top-5 21.162
06-06-23 09:34:Best Top-1: 67.84
06-06-23 09:34:Best EMA Top-1: 4.77
06-06-23 09:35:Epoch: [37][100/132], lr: 0.01250, data_time: 0.000 (0.006), batch_time: 0.411 (0.417), Top-1: 87.50 (88.75), Top-5: 100.00 (98.38), Loss: 0.8207 (0.3347), G_Depth_Loss: 0.1047 (0.1052)
06-06-23 09:35:Testing Results: loss 1.64651, Top-1 61.618, Top-5 90.249
06-06-23 09:36:Testing Results: loss 3.81501, Top-1 3.734, Top-5 20.954
06-06-23 09:36:Best Top-1: 67.84
06-06-23 09:36:Best EMA Top-1: 4.77
06-06-23 09:36:Epoch: [38][100/132], lr: 0.01250, data_time: 0.000 (0.006), batch_time: 0.411 (0.417), Top-1: 87.50 (87.25), Top-5: 87.50 (97.75), Loss: 0.4965 (0.4192), G_Depth_Loss: 0.1052 (0.1037)
06-06-23 09:37:Testing Results: loss 1.85150, Top-1 60.166, Top-5 90.456
06-06-23 09:37:Testing Results: loss 3.70494, Top-1 3.942, Top-5 22.614
06-06-23 09:37:Best Top-1: 67.84
06-06-23 09:37:Best EMA Top-1: 4.77
06-06-23 09:37:Epoch: [39][100/132], lr: 0.01250, data_time: 0.000 (0.006), batch_time: 0.411 (0.417), Top-1: 87.50 (87.75), Top-5: 100.00 (97.00), Loss: 0.4334 (0.3754), G_Depth_Loss: 0.1034 (0.1016)
06-06-23 09:38:Testing Results: loss 1.82215, Top-1 62.656, Top-5 90.041
06-06-23 09:38:Testing Results: loss 3.58902, Top-1 4.979, Top-5 24.274
06-06-23 09:38:Best Top-1: 67.84
06-06-23 09:38:Best EMA Top-1: 4.98
06-06-23 09:39:Epoch: [40][100/132], lr: 0.01250, data_time: 0.000 (0.006), batch_time: 0.411 (0.417), Top-1: 87.50 (86.88), Top-5: 100.00 (98.12), Loss: 0.3309 (0.4295), G_Depth_Loss: 0.1019 (0.1004)
06-06-23 09:39:Testing Results: loss 1.66212, Top-1 63.900, Top-5 88.589
06-06-23 09:39:Testing Results: loss 3.46964, Top-1 6.846, Top-5 28.216
06-06-23 09:39:Best Top-1: 67.84
06-06-23 09:39:Best EMA Top-1: 6.85
06-06-23 09:40:Epoch: [41][100/132], lr: 0.01250, data_time: 0.000 (0.005), batch_time: 0.411 (0.416), Top-1: 87.50 (87.00), Top-5: 100.00 (96.00), Loss: 0.2408 (0.4322), G_Depth_Loss: 0.0975 (0.0983)
06-06-23 09:40:Testing Results: loss 1.71285, Top-1 62.656, Top-5 87.137
06-06-23 09:41:Testing Results: loss 3.35030, Top-1 10.166, Top-5 30.290
06-06-23 09:41:Best Top-1: 67.84
06-06-23 09:41:Best EMA Top-1: 10.17
06-06-23 09:41:Epoch: [42][100/132], lr: 0.01250, data_time: 0.000 (0.006), batch_time: 0.411 (0.417), Top-1: 87.50 (87.62), Top-5: 100.00 (98.25), Loss: 0.3242 (0.3894), G_Depth_Loss: 0.0959 (0.0963)
06-06-23 09:42:Testing Results: loss 1.37406, Top-1 67.635, Top-5 91.079
06-06-23 09:42:Testing Results: loss 3.23441, Top-1 13.071, Top-5 34.440
06-06-23 09:42:Best Top-1: 67.84
06-06-23 09:42:Best EMA Top-1: 13.07
06-06-23 09:43:Epoch: [43][100/132], lr: 0.01250, data_time: 0.000 (0.005), batch_time: 0.411 (0.417), Top-1: 62.50 (88.62), Top-5: 100.00 (98.00), Loss: 0.9055 (0.3764), G_Depth_Loss: 0.0938 (0.0953)
06-06-23 09:43:Testing Results: loss 1.75541, Top-1 60.581, Top-5 86.929
06-06-23 09:43:Testing Results: loss 3.11585, Top-1 14.730, Top-5 37.552
06-06-23 09:43:Best Top-1: 67.84
06-06-23 09:43:Best EMA Top-1: 14.73
06-06-23 09:44:Epoch: [44][100/132], lr: 0.01250, data_time: 0.000 (0.006), batch_time: 0.411 (0.416), Top-1: 100.00 (85.75), Top-5: 100.00 (98.00), Loss: 0.0885 (0.4200), G_Depth_Loss: 0.0955 (0.0938)
06-06-23 09:44:Testing Results: loss 1.49374, Top-1 66.183, Top-5 90.664
06-06-23 09:44:Testing Results: loss 2.99761, Top-1 16.390, Top-5 42.531
06-06-23 09:44:Best Top-1: 67.84
06-06-23 09:44:Best EMA Top-1: 16.39
06-06-23 09:45:Epoch: [45][100/132], lr: 0.01250, data_time: 0.000 (0.006), batch_time: 0.411 (0.416), Top-1: 75.00 (87.50), Top-5: 87.50 (97.62), Loss: 0.6478 (0.3597), G_Depth_Loss: 0.0919 (0.0925)
06-06-23 09:45:Testing Results: loss 1.44980, Top-1 65.145, Top-5 90.249
06-06-23 09:46:Testing Results: loss 2.88459, Top-1 21.162, Top-5 46.266
06-06-23 09:46:Best Top-1: 67.84
06-06-23 09:46:Best EMA Top-1: 21.16
06-06-23 09:46:Epoch: [46][100/132], lr: 0.01250, data_time: 0.000 (0.006), batch_time: 0.411 (0.417), Top-1: 100.00 (90.25), Top-5: 100.00 (99.38), Loss: 0.0674 (0.3195), G_Depth_Loss: 0.0910 (0.0915)
06-06-23 09:47:Testing Results: loss 1.60664, Top-1 65.560, Top-5 92.946
06-06-23 09:47:Testing Results: loss 2.77730, Top-1 25.104, Top-5 50.622
06-06-23 09:47:Best Top-1: 67.84
06-06-23 09:47:Best EMA Top-1: 25.10
06-06-23 09:48:Epoch: [47][100/132], lr: 0.01250, data_time: 0.000 (0.006), batch_time: 0.410 (0.417), Top-1: 100.00 (90.12), Top-5: 100.00 (98.88), Loss: 0.0869 (0.3027), G_Depth_Loss: 0.0889 (0.0898)
06-06-23 09:48:Testing Results: loss 1.65053, Top-1 64.730, Top-5 91.286
06-06-23 09:48:Testing Results: loss 2.67475, Top-1 26.556, Top-5 54.149
06-06-23 09:48:Best Top-1: 67.84
06-06-23 09:48:Best EMA Top-1: 26.56
06-06-23 09:49:Epoch: [48][100/132], lr: 0.01250, data_time: 0.000 (0.006), batch_time: 0.411 (0.417), Top-1: 87.50 (88.50), Top-5: 100.00 (99.00), Loss: 0.4210 (0.3488), G_Depth_Loss: 0.0883 (0.0887)
06-06-23 09:49:Testing Results: loss 1.69077, Top-1 65.768, Top-5 89.834
06-06-23 09:49:Testing Results: loss 2.56954, Top-1 27.801, Top-5 57.261
06-06-23 09:49:Best Top-1: 67.84
06-06-23 09:49:Best EMA Top-1: 27.80
06-06-23 09:50:Epoch: [49][100/132], lr: 0.01250, data_time: 0.000 (0.006), batch_time: 0.411 (0.416), Top-1: 100.00 (90.50), Top-5: 100.00 (98.12), Loss: 0.0685 (0.3271), G_Depth_Loss: 0.0865 (0.0873)
06-06-23 09:50:Testing Results: loss 1.41963, Top-1 68.257, Top-5 92.116
06-06-23 09:51:Testing Results: loss 2.46564, Top-1 31.743, Top-5 59.751
06-06-23 09:51:Best Top-1: 68.26
06-06-23 09:51:Best EMA Top-1: 31.74
06-06-23 09:51:Epoch: [50][100/132], lr: 0.01250, data_time: 0.000 (0.006), batch_time: 0.507 (0.417), Top-1: 75.00 (88.62), Top-5: 100.00 (96.88), Loss: 0.9328 (0.3936), G_Depth_Loss: 0.0859 (0.0865)
06-06-23 09:52:Testing Results: loss 1.93009, Top-1 61.203, Top-5 91.909
06-06-23 09:52:Testing Results: loss 2.36986, Top-1 34.440, Top-5 62.863
06-06-23 09:52:Best Top-1: 68.26
06-06-23 09:52:Best EMA Top-1: 34.44
06-06-23 09:53:Epoch: [51][100/132], lr: 0.00125, data_time: 0.000 (0.006), batch_time: 0.410 (0.417), Top-1: 87.50 (89.88), Top-5: 87.50 (98.25), Loss: 0.6578 (0.3095), G_Depth_Loss: 0.0854 (0.0850)
06-06-23 09:53:Testing Results: loss 1.44559, Top-1 69.295, Top-5 93.983
06-06-23 09:53:Testing Results: loss 2.28023, Top-1 35.892, Top-5 65.975
06-06-23 09:53:Best Top-1: 69.29
06-06-23 09:53:Best EMA Top-1: 35.89
06-06-23 09:54:Epoch: [52][100/132], lr: 0.00125, data_time: 0.000 (0.006), batch_time: 0.411 (0.416), Top-1: 100.00 (93.88), Top-5: 100.00 (97.50), Loss: 0.0494 (0.2418), G_Depth_Loss: 0.0834 (0.0850)
06-06-23 09:54:Testing Results: loss 1.36748, Top-1 71.369, Top-5 93.776
06-06-23 09:54:Testing Results: loss 2.19699, Top-1 37.137, Top-5 69.710
06-06-23 09:54:Best Top-1: 71.37
06-06-23 09:54:Best EMA Top-1: 37.14
06-06-23 09:55:Epoch: [53][100/132], lr: 0.00125, data_time: 0.000 (0.006), batch_time: 0.411 (0.416), Top-1: 100.00 (93.12), Top-5: 100.00 (98.00), Loss: 0.0522 (0.2270), G_Depth_Loss: 0.0859 (0.0850)
06-06-23 09:56:Testing Results: loss 1.29541, Top-1 71.369, Top-5 93.776
06-06-23 09:56:Testing Results: loss 2.12006, Top-1 38.797, Top-5 71.577
06-06-23 09:56:Best Top-1: 71.37
06-06-23 09:56:Best EMA Top-1: 38.80
06-06-23 09:56:Epoch: [54][100/132], lr: 0.00125, data_time: 0.000 (0.005), batch_time: 0.411 (0.417), Top-1: 100.00 (94.62), Top-5: 100.00 (99.12), Loss: 0.1402 (0.1755), G_Depth_Loss: 0.0859 (0.0851)
06-06-23 09:57:Testing Results: loss 1.30084, Top-1 71.577, Top-5 94.191
06-06-23 09:57:Testing Results: loss 2.04921, Top-1 40.041, Top-5 74.274
06-06-23 09:57:Best Top-1: 71.58
06-06-23 09:57:Best EMA Top-1: 40.04
06-06-23 09:58:Epoch: [55][100/132], lr: 0.00125, data_time: 0.000 (0.006), batch_time: 0.411 (0.417), Top-1: 75.00 (92.62), Top-5: 100.00 (98.12), Loss: 0.4235 (0.2250), G_Depth_Loss: 0.0842 (0.0849)
06-06-23 09:58:Testing Results: loss 1.28969, Top-1 70.124, Top-5 94.398
06-06-23 09:58:Testing Results: loss 1.98360, Top-1 42.739, Top-5 74.896
06-06-23 09:58:Best Top-1: 71.58
06-06-23 09:58:Best EMA Top-1: 42.74
06-06-23 09:59:Epoch: [56][100/132], lr: 0.00125, data_time: 0.000 (0.006), batch_time: 0.410 (0.416), Top-1: 87.50 (94.75), Top-5: 100.00 (99.12), Loss: 0.1897 (0.1791), G_Depth_Loss: 0.0835 (0.0848)
06-06-23 09:59:Testing Results: loss 1.26402, Top-1 70.539, Top-5 93.776
06-06-23 10:00:Testing Results: loss 1.92216, Top-1 43.776, Top-5 76.349
06-06-23 10:00:Best Top-1: 71.58
06-06-23 10:00:Best EMA Top-1: 43.78
06-06-23 10:00:Epoch: [57][100/132], lr: 0.00125, data_time: 0.000 (0.006), batch_time: 0.411 (0.416), Top-1: 87.50 (94.12), Top-5: 100.00 (97.62), Loss: 0.6731 (0.2190), G_Depth_Loss: 0.0867 (0.0847)
06-06-23 10:01:Testing Results: loss 1.27418, Top-1 70.332, Top-5 93.568
06-06-23 10:01:Testing Results: loss 1.86482, Top-1 45.851, Top-5 76.763
06-06-23 10:01:Best Top-1: 71.58
06-06-23 10:01:Best EMA Top-1: 45.85
06-06-23 10:01:Epoch: [58][100/132], lr: 0.00125, data_time: 0.000 (0.006), batch_time: 0.411 (0.416), Top-1: 100.00 (92.88), Top-5: 100.00 (98.00), Loss: 0.0440 (0.2205), G_Depth_Loss: 0.0840 (0.0844)
06-06-23 10:02:Testing Results: loss 1.28628, Top-1 69.295, Top-5 93.154
06-06-23 10:02:Testing Results: loss 1.81197, Top-1 47.095, Top-5 78.423
06-06-23 10:02:Best Top-1: 71.58
06-06-23 10:02:Best EMA Top-1: 47.10
06-06-23 10:03:Epoch: [59][100/132], lr: 0.00125, data_time: 0.000 (0.006), batch_time: 0.411 (0.417), Top-1: 100.00 (95.25), Top-5: 100.00 (99.25), Loss: 0.0075 (0.1598), G_Depth_Loss: 0.0854 (0.0843)
06-06-23 10:03:Testing Results: loss 1.24547, Top-1 70.124, Top-5 93.568
06-06-23 10:03:Testing Results: loss 1.76324, Top-1 48.133, Top-5 80.290
06-06-23 10:03:Best Top-1: 71.58
06-06-23 10:03:Best EMA Top-1: 48.13
06-06-23 10:04:Epoch: [60][100/132], lr: 0.00125, data_time: 0.000 (0.005), batch_time: 0.410 (0.417), Top-1: 100.00 (94.00), Top-5: 100.00 (98.75), Loss: 0.2502 (0.1973), G_Depth_Loss: 0.0849 (0.0842)
06-06-23 10:04:Testing Results: loss 1.25224, Top-1 71.992, Top-5 94.398
06-06-23 10:05:Testing Results: loss 1.71883, Top-1 49.170, Top-5 81.120
06-06-23 10:05:Best Top-1: 71.99
06-06-23 10:05:Best EMA Top-1: 49.17
06-06-23 10:05:Epoch: [61][100/132], lr: 0.00013, data_time: 0.000 (0.005), batch_time: 0.410 (0.416), Top-1: 100.00 (94.38), Top-5: 100.00 (98.75), Loss: 0.0959 (0.1719), G_Depth_Loss: 0.0834 (0.0840)
06-06-23 10:06:Testing Results: loss 1.26897, Top-1 70.539, Top-5 94.398
06-06-23 10:06:Testing Results: loss 1.67822, Top-1 49.585, Top-5 81.950
06-06-23 10:06:Best Top-1: 71.99
06-06-23 10:06:Best EMA Top-1: 49.59
06-06-23 10:07:Epoch: [62][100/132], lr: 0.00013, data_time: 0.000 (0.006), batch_time: 0.411 (0.417), Top-1: 87.50 (93.75), Top-5: 100.00 (98.25), Loss: 0.3683 (0.2179), G_Depth_Loss: 0.0826 (0.0843)
06-06-23 10:07:Testing Results: loss 1.23655, Top-1 70.332, Top-5 94.191
06-06-23 10:07:Testing Results: loss 1.64093, Top-1 49.585, Top-5 82.780
06-06-23 10:07:Best Top-1: 71.99
06-06-23 10:07:Best EMA Top-1: 49.59
06-06-23 10:08:Epoch: [63][100/132], lr: 0.00013, data_time: 0.000 (0.006), batch_time: 0.411 (0.418), Top-1: 100.00 (94.50), Top-5: 100.00 (99.38), Loss: 0.0386 (0.1622), G_Depth_Loss: 0.0838 (0.0842)
06-06-23 10:08:Testing Results: loss 1.26007, Top-1 71.369, Top-5 93.568
06-06-23 10:08:Testing Results: loss 1.60647, Top-1 50.207, Top-5 84.440
06-06-23 10:08:Best Top-1: 71.99
06-06-23 10:08:Best EMA Top-1: 50.21
06-06-23 10:09:Epoch: [64][100/132], lr: 0.00013, data_time: 0.000 (0.006), batch_time: 0.410 (0.416), Top-1: 100.00 (93.75), Top-5: 100.00 (98.50), Loss: 0.1157 (0.1913), G_Depth_Loss: 0.0861 (0.0840)
06-06-23 10:09:Testing Results: loss 1.22248, Top-1 70.747, Top-5 93.361
06-06-23 10:10:Testing Results: loss 1.57472, Top-1 52.075, Top-5 84.440
06-06-23 10:10:Best Top-1: 71.99
06-06-23 10:10:Best EMA Top-1: 52.07
06-06-23 10:10:Epoch: [65][100/132], lr: 0.00013, data_time: 0.000 (0.005), batch_time: 0.411 (0.417), Top-1: 100.00 (94.75), Top-5: 100.00 (98.62), Loss: 0.0321 (0.1706), G_Depth_Loss: 0.0841 (0.0842)
06-06-23 10:11:Testing Results: loss 1.29392, Top-1 70.747, Top-5 94.191
06-06-23 10:11:Testing Results: loss 1.54565, Top-1 52.490, Top-5 84.440
06-06-23 10:11:Best Top-1: 71.99
06-06-23 10:11:Best EMA Top-1: 52.49
06-06-23 10:12:Epoch: [66][100/132], lr: 0.00013, data_time: 0.000 (0.007), batch_time: 0.411 (0.419), Top-1: 100.00 (95.62), Top-5: 100.00 (98.88), Loss: 0.0282 (0.1455), G_Depth_Loss: 0.0848 (0.0841)
06-06-23 10:12:Testing Results: loss 1.31016, Top-1 69.502, Top-5 93.983
06-06-23 10:12:Testing Results: loss 1.51872, Top-1 52.697, Top-5 84.855
06-06-23 10:12:Best Top-1: 71.99
06-06-23 10:12:Best EMA Top-1: 52.70
06-06-23 10:13:Epoch: [67][100/132], lr: 0.00013, data_time: 0.000 (0.006), batch_time: 0.411 (0.417), Top-1: 100.00 (96.00), Top-5: 100.00 (99.38), Loss: 0.0058 (0.1360), G_Depth_Loss: 0.0848 (0.0840)
06-06-23 10:13:Testing Results: loss 1.24732, Top-1 70.539, Top-5 94.398
06-06-23 10:13:Testing Results: loss 1.49374, Top-1 52.697, Top-5 85.477
06-06-23 10:13:Best Top-1: 71.99
06-06-23 10:13:Best EMA Top-1: 52.70
06-06-23 10:14:Epoch: [68][100/132], lr: 0.00013, data_time: 0.000 (0.006), batch_time: 0.410 (0.417), Top-1: 100.00 (95.62), Top-5: 100.00 (99.25), Loss: 0.0276 (0.1457), G_Depth_Loss: 0.0807 (0.0842)
06-06-23 10:14:Testing Results: loss 1.23192, Top-1 70.332, Top-5 93.568
06-06-23 10:15:Testing Results: loss 1.47059, Top-1 53.734, Top-5 86.515
06-06-23 10:15:Best Top-1: 71.99
06-06-23 10:15:Best EMA Top-1: 53.73
06-06-23 10:15:Epoch: [69][100/132], lr: 0.00013, data_time: 0.000 (0.006), batch_time: 0.410 (0.416), Top-1: 100.00 (94.00), Top-5: 100.00 (99.12), Loss: 0.0110 (0.1896), G_Depth_Loss: 0.0824 (0.0841)
06-06-23 10:16:Testing Results: loss 1.27283, Top-1 70.747, Top-5 94.191
06-06-23 10:16:Testing Results: loss 1.44860, Top-1 53.942, Top-5 86.929
06-06-23 10:16:Best Top-1: 71.99
06-06-23 10:16:Best EMA Top-1: 53.94
06-06-23 10:17:Epoch: [70][100/132], lr: 0.00013, data_time: 0.000 (0.006), batch_time: 0.410 (0.416), Top-1: 100.00 (95.62), Top-5: 100.00 (99.12), Loss: 0.0210 (0.1562), G_Depth_Loss: 0.0826 (0.0839)
06-06-23 10:17:Testing Results: loss 1.25316, Top-1 71.162, Top-5 93.361
06-06-23 10:17:Testing Results: loss 1.42802, Top-1 54.564, Top-5 87.344
06-06-23 10:17:Best Top-1: 71.99
06-06-23 10:17:Best EMA Top-1: 54.56
06-06-23 10:18:Epoch: [71][100/132], lr: 0.00001, data_time: 0.000 (0.005), batch_time: 0.410 (0.417), Top-1: 100.00 (93.62), Top-5: 100.00 (98.25), Loss: 0.0899 (0.1922), G_Depth_Loss: 0.0858 (0.0840)
06-06-23 10:18:Testing Results: loss 1.26231, Top-1 70.747, Top-5 93.983
06-06-23 10:18:Testing Results: loss 1.40849, Top-1 54.564, Top-5 87.344
06-06-23 10:18:Best Top-1: 71.99
06-06-23 10:18:Best EMA Top-1: 54.56
06-06-23 10:19:Epoch: [72][100/132], lr: 0.00001, data_time: 0.000 (0.006), batch_time: 0.410 (0.417), Top-1: 87.50 (93.38), Top-5: 100.00 (98.88), Loss: 0.3728 (0.1830), G_Depth_Loss: 0.0816 (0.0841)
06-06-23 10:20:Testing Results: loss 1.23993, Top-1 71.162, Top-5 93.568
06-06-23 10:20:Testing Results: loss 1.39040, Top-1 54.979, Top-5 87.759
06-06-23 10:20:Best Top-1: 71.99
06-06-23 10:20:Best EMA Top-1: 54.98
06-06-23 10:20:Epoch: [73][100/132], lr: 0.00001, data_time: 0.000 (0.006), batch_time: 0.411 (0.417), Top-1: 87.50 (94.38), Top-5: 100.00 (98.75), Loss: 0.3962 (0.1853), G_Depth_Loss: 0.0858 (0.0842)
06-06-23 10:21:Testing Results: loss 1.22645, Top-1 72.199, Top-5 93.568
06-06-23 10:21:Testing Results: loss 1.37312, Top-1 54.979, Top-5 87.759
06-06-23 10:21:Best Top-1: 72.20
06-06-23 10:21:Best EMA Top-1: 54.98
06-06-23 10:22:Epoch: [74][100/132], lr: 0.00001, data_time: 0.000 (0.006), batch_time: 0.411 (0.416), Top-1: 100.00 (94.50), Top-5: 100.00 (98.75), Loss: 0.0189 (0.1692), G_Depth_Loss: 0.0806 (0.0839)
06-06-23 10:22:Testing Results: loss 1.27266, Top-1 70.332, Top-5 94.191
06-06-23 10:22:Testing Results: loss 1.35700, Top-1 54.979, Top-5 87.759
06-06-23 10:22:Best Top-1: 72.20
06-06-23 10:22:Best EMA Top-1: 54.98
06-06-23 10:23:Epoch: [75][100/132], lr: 0.00001, data_time: 0.000 (0.006), batch_time: 0.411 (0.416), Top-1: 100.00 (93.62), Top-5: 100.00 (98.62), Loss: 0.0599 (0.2095), G_Depth_Loss: 0.0848 (0.0841)
06-06-23 10:23:Testing Results: loss 1.28047, Top-1 71.369, Top-5 93.983
06-06-23 10:23:Testing Results: loss 1.34228, Top-1 55.394, Top-5 88.174
06-06-23 10:23:Best Top-1: 72.20
06-06-23 10:23:Best EMA Top-1: 55.39
06-06-23 10:24:Epoch: [76][100/132], lr: 0.00001, data_time: 0.000 (0.005), batch_time: 0.410 (0.416), Top-1: 87.50 (93.50), Top-5: 87.50 (98.12), Loss: 0.4704 (0.2025), G_Depth_Loss: 0.0827 (0.0839)
06-06-23 10:25:Testing Results: loss 1.29074, Top-1 72.407, Top-5 93.361
06-06-23 10:25:Testing Results: loss 1.32816, Top-1 55.602, Top-5 88.174
06-06-23 10:25:Best Top-1: 72.41
06-06-23 10:25:Best EMA Top-1: 55.60
06-06-23 10:25:Epoch: [77][100/132], lr: 0.00001, data_time: 0.000 (0.007), batch_time: 0.411 (0.418), Top-1: 87.50 (95.25), Top-5: 100.00 (99.00), Loss: 0.3280 (0.1570), G_Depth_Loss: 0.0847 (0.0839)
06-06-23 10:26:Testing Results: loss 1.20727, Top-1 70.747, Top-5 94.191
06-06-23 10:26:Testing Results: loss 1.31489, Top-1 56.639, Top-5 88.382
06-06-23 10:26:Best Top-1: 72.41
06-06-23 10:26:Best EMA Top-1: 56.64
06-06-23 10:27:Epoch: [78][100/132], lr: 0.00001, data_time: 0.000 (0.006), batch_time: 0.410 (0.417), Top-1: 100.00 (94.88), Top-5: 100.00 (98.50), Loss: 0.0434 (0.1730), G_Depth_Loss: 0.0822 (0.0840)
06-06-23 10:27:Testing Results: loss 1.24069, Top-1 71.369, Top-5 94.191
06-06-23 10:27:Testing Results: loss 1.30224, Top-1 56.224, Top-5 89.004
06-06-23 10:27:Best Top-1: 72.41
06-06-23 10:27:Best EMA Top-1: 56.64
06-06-23 10:28:Epoch: [79][100/132], lr: 0.00001, data_time: 0.000 (0.006), batch_time: 0.410 (0.417), Top-1: 100.00 (94.88), Top-5: 100.00 (98.75), Loss: 0.0128 (0.1625), G_Depth_Loss: 0.0812 (0.0840)
06-06-23 10:28:Testing Results: loss 1.27894, Top-1 70.539, Top-5 93.568
06-06-23 10:28:Testing Results: loss 1.29042, Top-1 57.054, Top-5 89.004
06-06-23 10:28:Best Top-1: 72.41
06-06-23 10:28:Best EMA Top-1: 57.05
