06-06-23 00:46:runs/NvGesture/Baseline/2023-6-6-0-46-23_ACTION_resnet50/
06-06-23 00:46:seed_1
06-06-23 00:46:Loading dataset
06-06-23 00:46:load model
06-06-23 00:46:First test before training
06-06-23 00:46:loss: 3.21873
06-06-23 00:46:Top-1 accuracy: 2.49%, Top-5 accuracy: 17.84%
06-06-23 00:46:group: first_conv_weight has 1 params, lr_mult: 1, decay_mult: 1
06-06-23 00:46:group: first_conv_bias has 0 params, lr_mult: 2, decay_mult: 0
06-06-23 00:46:group: normal_weight has 52 params, lr_mult: 1, decay_mult: 1
06-06-23 00:46:group: normal_bias has 0 params, lr_mult: 2, decay_mult: 0
06-06-23 00:46:group: BN scale/shift has 106 params, lr_mult: 1, decay_mult: 0
06-06-23 00:46:group: custom_weight has 128 params, lr_mult: 1, decay_mult: 1
06-06-23 00:46:group: custom_bn has 32 params, lr_mult: 1, decay_mult: 0
06-06-23 00:46:group: lr5_weight has 1 params, lr_mult: 5, decay_mult: 1
06-06-23 00:46:group: lr10_bias has 1 params, lr_mult: 10, decay_mult: 0
06-06-23 00:47:Epoch: [0][100/132], lr: 0.00125, data_time: 0.000 (0.004), batch time: 0.389 (0.401), Loss: 2.3023 (3.1049), Top-1: 12.50 (11.75), Top-5: 75.00 (35.62)
06-06-23 00:47:Testing Results: loss 1.96424, Top-1 44.606, Top-5 82.158
06-06-23 00:47:Testing Results: loss 3.21229, Top-1 8.714, Top-5 38.382
06-06-23 00:47:Best Top-1: 44.61
06-06-23 00:47:Best EMA Top-1: 8.71
06-06-23 00:48:Epoch: [1][100/132], lr: 0.00125, data_time: 0.000 (0.004), batch time: 0.390 (0.394), Loss: 0.8174 (1.8288), Top-1: 87.50 (43.38), Top-5: 100.00 (83.50)
06-06-23 00:48:Testing Results: loss 1.28909, Top-1 62.448, Top-5 90.456
06-06-23 00:48:Testing Results: loss 3.19455, Top-1 27.386, Top-5 64.938
06-06-23 00:48:Best Top-1: 62.45
06-06-23 00:48:Best EMA Top-1: 27.39
06-06-23 00:49:Epoch: [2][100/132], lr: 0.00125, data_time: 0.000 (0.004), batch time: 0.391 (0.394), Loss: 1.3789 (1.3358), Top-1: 75.00 (57.75), Top-5: 87.50 (90.88)
06-06-23 00:49:Testing Results: loss 1.08048, Top-1 68.050, Top-5 94.398
06-06-23 00:50:Testing Results: loss 3.17074, Top-1 32.988, Top-5 70.539
06-06-23 00:50:Best Top-1: 68.05
06-06-23 00:50:Best EMA Top-1: 32.99
06-06-23 00:50:Epoch: [3][100/132], lr: 0.00125, data_time: 0.000 (0.003), batch time: 0.391 (0.395), Loss: 1.0001 (1.1086), Top-1: 62.50 (63.00), Top-5: 87.50 (92.50)
06-06-23 00:51:Testing Results: loss 1.05266, Top-1 68.257, Top-5 94.606
06-06-23 00:51:Testing Results: loss 3.14251, Top-1 34.855, Top-5 72.614
06-06-23 00:51:Best Top-1: 68.26
06-06-23 00:51:Best EMA Top-1: 34.85
06-06-23 00:51:Epoch: [4][100/132], lr: 0.00125, data_time: 0.000 (0.004), batch time: 0.391 (0.395), Loss: 0.8074 (0.9556), Top-1: 62.50 (69.25), Top-5: 100.00 (94.75)
06-06-23 00:52:Testing Results: loss 1.09118, Top-1 69.295, Top-5 94.606
06-06-23 00:52:Testing Results: loss 3.11113, Top-1 36.307, Top-5 73.859
06-06-23 00:52:Best Top-1: 69.29
06-06-23 00:52:Best EMA Top-1: 36.31
06-06-23 00:53:Epoch: [5][100/132], lr: 0.00125, data_time: 0.000 (0.004), batch time: 0.391 (0.395), Loss: 0.6578 (0.8739), Top-1: 87.50 (72.00), Top-5: 100.00 (95.75)
06-06-23 00:53:Testing Results: loss 1.05669, Top-1 69.502, Top-5 93.361
06-06-23 00:53:Testing Results: loss 3.07653, Top-1 37.552, Top-5 75.104
06-06-23 00:53:Best Top-1: 69.50
06-06-23 00:53:Best EMA Top-1: 37.55
06-06-23 00:54:Epoch: [6][100/132], lr: 0.00125, data_time: 0.000 (0.004), batch time: 0.392 (0.395), Loss: 1.5572 (0.8161), Top-1: 50.00 (74.88), Top-5: 87.50 (96.12)
06-06-23 00:54:Testing Results: loss 1.04898, Top-1 70.747, Top-5 93.776
06-06-23 00:54:Testing Results: loss 3.03913, Top-1 38.797, Top-5 76.349
06-06-23 00:54:Best Top-1: 70.75
06-06-23 00:54:Best EMA Top-1: 38.80
06-06-23 00:55:Epoch: [7][100/132], lr: 0.00125, data_time: 0.000 (0.003), batch time: 0.392 (0.395), Loss: 1.0784 (0.7834), Top-1: 75.00 (74.75), Top-5: 87.50 (95.25)
06-06-23 00:55:Testing Results: loss 1.05404, Top-1 71.992, Top-5 94.191
06-06-23 00:55:Testing Results: loss 2.99895, Top-1 40.249, Top-5 77.386
06-06-23 00:56:Best Top-1: 71.99
06-06-23 00:56:Best EMA Top-1: 40.25
06-06-23 00:56:Epoch: [8][100/132], lr: 0.00125, data_time: 0.000 (0.004), batch time: 0.391 (0.395), Loss: 0.3788 (0.7614), Top-1: 87.50 (74.50), Top-5: 100.00 (95.88)
06-06-23 00:57:Testing Results: loss 1.07697, Top-1 71.992, Top-5 92.324
06-06-23 00:57:Testing Results: loss 2.95670, Top-1 41.286, Top-5 78.631
06-06-23 00:57:Best Top-1: 71.99
06-06-23 00:57:Best EMA Top-1: 41.29
06-06-23 00:57:Epoch: [9][100/132], lr: 0.00125, data_time: 0.000 (0.004), batch time: 0.391 (0.395), Loss: 0.6654 (0.6869), Top-1: 87.50 (77.50), Top-5: 87.50 (96.25)
06-06-23 00:58:Testing Results: loss 1.12981, Top-1 69.917, Top-5 93.568
06-06-23 00:58:Testing Results: loss 2.91248, Top-1 42.324, Top-5 79.668
06-06-23 00:58:Best Top-1: 71.99
06-06-23 00:58:Best EMA Top-1: 42.32
06-06-23 00:59:Epoch: [10][100/132], lr: 0.00125, data_time: 0.000 (0.004), batch time: 0.392 (0.395), Loss: 0.7811 (0.6148), Top-1: 75.00 (79.88), Top-5: 100.00 (96.88)
06-06-23 00:59:Testing Results: loss 1.05674, Top-1 71.577, Top-5 93.154
06-06-23 00:59:Testing Results: loss 2.86525, Top-1 43.568, Top-5 81.743
06-06-23 00:59:Best Top-1: 71.99
06-06-23 00:59:Best EMA Top-1: 43.57
06-06-23 01:00:Epoch: [11][100/132], lr: 0.00125, data_time: 0.000 (0.004), batch time: 0.391 (0.396), Loss: 0.8825 (0.6084), Top-1: 62.50 (79.88), Top-5: 100.00 (97.62)
06-06-23 01:00:Testing Results: loss 0.90899, Top-1 74.481, Top-5 93.983
06-06-23 01:00:Testing Results: loss 2.81543, Top-1 45.643, Top-5 82.780
06-06-23 01:00:Best Top-1: 74.48
06-06-23 01:00:Best EMA Top-1: 45.64
06-06-23 01:01:Epoch: [12][100/132], lr: 0.00125, data_time: 0.000 (0.004), batch time: 0.391 (0.395), Loss: 0.5476 (0.5802), Top-1: 75.00 (82.38), Top-5: 100.00 (96.75)
06-06-23 01:01:Testing Results: loss 1.12349, Top-1 71.577, Top-5 94.813
06-06-23 01:01:Testing Results: loss 2.76407, Top-1 46.680, Top-5 83.610
06-06-23 01:01:Best Top-1: 74.48
06-06-23 01:01:Best EMA Top-1: 46.68
06-06-23 01:02:Epoch: [13][100/132], lr: 0.00125, data_time: 0.000 (0.004), batch time: 0.391 (0.395), Loss: 0.0497 (0.5334), Top-1: 100.00 (83.12), Top-5: 100.00 (96.12)
06-06-23 01:02:Testing Results: loss 1.08644, Top-1 73.444, Top-5 94.813
06-06-23 01:03:Testing Results: loss 2.71082, Top-1 49.585, Top-5 83.817
06-06-23 01:03:Best Top-1: 74.48
06-06-23 01:03:Best EMA Top-1: 49.59
06-06-23 01:03:Epoch: [14][100/132], lr: 0.00125, data_time: 0.000 (0.004), batch time: 0.391 (0.395), Loss: 0.1136 (0.5646), Top-1: 100.00 (83.12), Top-5: 100.00 (96.00)
06-06-23 01:04:Testing Results: loss 1.04620, Top-1 76.141, Top-5 94.606
06-06-23 01:04:Testing Results: loss 2.65663, Top-1 51.037, Top-5 84.232
06-06-23 01:04:Best Top-1: 76.14
06-06-23 01:04:Best EMA Top-1: 51.04
06-06-23 01:04:Epoch: [15][100/132], lr: 0.00125, data_time: 0.000 (0.003), batch time: 0.391 (0.395), Loss: 0.4899 (0.5596), Top-1: 87.50 (82.88), Top-5: 100.00 (96.00)
06-06-23 01:05:Testing Results: loss 1.00426, Top-1 72.614, Top-5 95.436
06-06-23 01:05:Testing Results: loss 2.60122, Top-1 52.075, Top-5 84.232
06-06-23 01:05:Best Top-1: 76.14
06-06-23 01:05:Best EMA Top-1: 52.07
06-06-23 01:06:Epoch: [16][100/132], lr: 0.00125, data_time: 0.000 (0.004), batch time: 0.392 (0.395), Loss: 0.5829 (0.4927), Top-1: 75.00 (85.00), Top-5: 100.00 (97.38)
06-06-23 01:06:Testing Results: loss 1.22302, Top-1 71.577, Top-5 90.871
06-06-23 01:06:Testing Results: loss 2.54401, Top-1 53.320, Top-5 85.062
06-06-23 01:06:Best Top-1: 76.14
06-06-23 01:06:Best EMA Top-1: 53.32
06-06-23 01:07:Epoch: [17][100/132], lr: 0.00125, data_time: 0.000 (0.004), batch time: 0.392 (0.395), Loss: 0.1582 (0.4456), Top-1: 87.50 (85.25), Top-5: 100.00 (98.50)
06-06-23 01:07:Testing Results: loss 1.17416, Top-1 73.237, Top-5 94.606
06-06-23 01:07:Testing Results: loss 2.48538, Top-1 53.942, Top-5 85.685
06-06-23 01:07:Best Top-1: 76.14
06-06-23 01:07:Best EMA Top-1: 53.94
06-06-23 01:08:Epoch: [18][100/132], lr: 0.00125, data_time: 0.000 (0.003), batch time: 0.392 (0.395), Loss: 0.1142 (0.4996), Top-1: 100.00 (85.25), Top-5: 100.00 (97.38)
06-06-23 01:08:Testing Results: loss 0.96267, Top-1 74.689, Top-5 94.191
06-06-23 01:08:Testing Results: loss 2.42680, Top-1 54.357, Top-5 85.892
06-06-23 01:08:Best Top-1: 76.14
06-06-23 01:08:Best EMA Top-1: 54.36
06-06-23 01:09:Epoch: [19][100/132], lr: 0.00125, data_time: 0.000 (0.003), batch time: 0.392 (0.395), Loss: 0.3823 (0.3867), Top-1: 87.50 (88.50), Top-5: 100.00 (98.00)
06-06-23 01:09:Testing Results: loss 1.36359, Top-1 70.124, Top-5 93.776
06-06-23 01:10:Testing Results: loss 2.36683, Top-1 55.187, Top-5 86.100
06-06-23 01:10:Best Top-1: 76.14
06-06-23 01:10:Best EMA Top-1: 55.19
06-06-23 01:10:Epoch: [20][100/132], lr: 0.00125, data_time: 0.000 (0.003), batch time: 0.392 (0.395), Loss: 0.3171 (0.4303), Top-1: 87.50 (84.88), Top-5: 100.00 (98.12)
06-06-23 01:11:Testing Results: loss 1.21743, Top-1 74.689, Top-5 93.154
06-06-23 01:11:Testing Results: loss 2.30627, Top-1 56.432, Top-5 86.307
06-06-23 01:11:Best Top-1: 76.14
06-06-23 01:11:Best EMA Top-1: 56.43
06-06-23 01:11:Epoch: [21][100/132], lr: 0.00125, data_time: 0.000 (0.004), batch time: 0.391 (0.395), Loss: 0.3937 (0.4701), Top-1: 87.50 (84.50), Top-5: 100.00 (97.50)
06-06-23 01:12:Testing Results: loss 1.47960, Top-1 68.465, Top-5 90.871
06-06-23 01:12:Testing Results: loss 2.24564, Top-1 57.469, Top-5 86.929
06-06-23 01:12:Best Top-1: 76.14
06-06-23 01:12:Best EMA Top-1: 57.47
06-06-23 01:13:Epoch: [22][100/132], lr: 0.00125, data_time: 0.000 (0.004), batch time: 0.391 (0.395), Loss: 0.4512 (0.4230), Top-1: 87.50 (86.88), Top-5: 100.00 (98.12)
06-06-23 01:13:Testing Results: loss 0.97984, Top-1 76.556, Top-5 95.228
06-06-23 01:13:Testing Results: loss 2.18547, Top-1 58.091, Top-5 87.137
06-06-23 01:13:Best Top-1: 76.56
06-06-23 01:13:Best EMA Top-1: 58.09
06-06-23 01:14:Epoch: [23][100/132], lr: 0.00125, data_time: 0.000 (0.003), batch time: 0.392 (0.395), Loss: 0.2515 (0.4437), Top-1: 87.50 (86.88), Top-5: 100.00 (97.50)
06-06-23 01:14:Testing Results: loss 1.13419, Top-1 73.029, Top-5 93.154
06-06-23 01:14:Testing Results: loss 2.12583, Top-1 58.921, Top-5 87.552
06-06-23 01:14:Best Top-1: 76.56
06-06-23 01:14:Best EMA Top-1: 58.92
06-06-23 01:15:Epoch: [24][100/132], lr: 0.00125, data_time: 0.000 (0.003), batch time: 0.392 (0.395), Loss: 0.5260 (0.4247), Top-1: 75.00 (85.75), Top-5: 100.00 (97.62)
06-06-23 01:15:Testing Results: loss 1.02696, Top-1 76.556, Top-5 95.228
06-06-23 01:15:Testing Results: loss 2.06581, Top-1 60.788, Top-5 88.174
06-06-23 01:15:Best Top-1: 76.56
06-06-23 01:15:Best EMA Top-1: 60.79
06-06-23 01:16:Epoch: [25][100/132], lr: 0.00125, data_time: 0.000 (0.004), batch time: 0.392 (0.395), Loss: 0.5237 (0.4021), Top-1: 87.50 (87.12), Top-5: 87.50 (98.12)
06-06-23 01:16:Testing Results: loss 1.08016, Top-1 74.689, Top-5 95.228
06-06-23 01:17:Testing Results: loss 2.00662, Top-1 62.033, Top-5 89.004
06-06-23 01:17:Best Top-1: 76.56
06-06-23 01:17:Best EMA Top-1: 62.03
06-06-23 01:17:Epoch: [26][100/132], lr: 0.00125, data_time: 0.000 (0.004), batch time: 0.392 (0.395), Loss: 0.1877 (0.4109), Top-1: 87.50 (87.12), Top-5: 100.00 (98.25)
06-06-23 01:18:Testing Results: loss 1.37612, Top-1 69.295, Top-5 92.531
06-06-23 01:18:Testing Results: loss 1.94855, Top-1 63.485, Top-5 89.627
06-06-23 01:18:Best Top-1: 76.56
06-06-23 01:18:Best EMA Top-1: 63.49
06-06-23 01:18:Epoch: [27][100/132], lr: 0.00125, data_time: 0.000 (0.004), batch time: 0.392 (0.395), Loss: 0.2200 (0.3583), Top-1: 87.50 (88.75), Top-5: 100.00 (98.38)
06-06-23 01:19:Testing Results: loss 1.05028, Top-1 73.029, Top-5 95.228
06-06-23 01:19:Testing Results: loss 1.89229, Top-1 64.730, Top-5 90.249
06-06-23 01:19:Best Top-1: 76.56
06-06-23 01:19:Best EMA Top-1: 64.73
06-06-23 01:20:Epoch: [28][100/132], lr: 0.00125, data_time: 0.000 (0.004), batch time: 0.391 (0.395), Loss: 0.5314 (0.3668), Top-1: 75.00 (88.38), Top-5: 100.00 (97.75)
06-06-23 01:20:Testing Results: loss 1.23024, Top-1 72.614, Top-5 93.568
06-06-23 01:20:Testing Results: loss 1.83660, Top-1 65.145, Top-5 90.041
06-06-23 01:20:Best Top-1: 76.56
06-06-23 01:20:Best EMA Top-1: 65.15
06-06-23 01:21:Epoch: [29][100/132], lr: 0.00125, data_time: 0.000 (0.003), batch time: 0.391 (0.395), Loss: 0.6098 (0.3734), Top-1: 62.50 (87.62), Top-5: 100.00 (98.38)
06-06-23 01:21:Testing Results: loss 0.92804, Top-1 75.726, Top-5 94.398
06-06-23 01:21:Testing Results: loss 1.78206, Top-1 66.390, Top-5 90.249
06-06-23 01:21:Best Top-1: 76.56
06-06-23 01:21:Best EMA Top-1: 66.39
06-06-23 01:22:Epoch: [30][100/132], lr: 0.00125, data_time: 0.000 (0.003), batch time: 0.391 (0.395), Loss: 0.1976 (0.3042), Top-1: 100.00 (90.88), Top-5: 100.00 (97.88)
06-06-23 01:22:Testing Results: loss 0.97353, Top-1 78.423, Top-5 94.398
06-06-23 01:22:Testing Results: loss 1.72754, Top-1 67.012, Top-5 90.249
06-06-23 01:22:Best Top-1: 78.42
06-06-23 01:22:Best EMA Top-1: 67.01
06-06-23 01:23:Epoch: [31][100/132], lr: 0.00125, data_time: 0.000 (0.003), batch time: 0.391 (0.394), Loss: 0.6798 (0.3551), Top-1: 75.00 (89.00), Top-5: 100.00 (97.88)
06-06-23 01:23:Testing Results: loss 0.94910, Top-1 75.519, Top-5 94.813
06-06-23 01:24:Testing Results: loss 1.67437, Top-1 68.465, Top-5 90.456
06-06-23 01:24:Best Top-1: 78.42
06-06-23 01:24:Best EMA Top-1: 68.46
06-06-23 01:24:Epoch: [32][100/132], lr: 0.00125, data_time: 0.000 (0.004), batch time: 0.391 (0.395), Loss: 0.0902 (0.3081), Top-1: 100.00 (91.00), Top-5: 100.00 (98.50)
06-06-23 01:25:Testing Results: loss 1.12538, Top-1 75.104, Top-5 94.398
06-06-23 01:25:Testing Results: loss 1.62439, Top-1 68.672, Top-5 90.871
06-06-23 01:25:Best Top-1: 78.42
06-06-23 01:25:Best EMA Top-1: 68.67
06-06-23 01:25:Epoch: [33][100/132], lr: 0.00125, data_time: 0.000 (0.004), batch time: 0.392 (0.395), Loss: 0.0138 (0.3146), Top-1: 100.00 (91.38), Top-5: 100.00 (97.75)
06-06-23 01:26:Testing Results: loss 1.01181, Top-1 74.896, Top-5 94.191
06-06-23 01:26:Testing Results: loss 1.57548, Top-1 68.672, Top-5 90.871
06-06-23 01:26:Best Top-1: 78.42
06-06-23 01:26:Best EMA Top-1: 68.67
06-06-23 01:27:Epoch: [34][100/132], lr: 0.00125, data_time: 0.000 (0.004), batch time: 0.391 (0.395), Loss: 0.4480 (0.2672), Top-1: 87.50 (91.50), Top-5: 100.00 (97.38)
06-06-23 01:27:Testing Results: loss 1.12359, Top-1 74.689, Top-5 95.228
06-06-23 01:27:Testing Results: loss 1.52748, Top-1 69.295, Top-5 91.286
06-06-23 01:27:Best Top-1: 78.42
06-06-23 01:27:Best EMA Top-1: 69.29
06-06-23 01:28:Epoch: [35][100/132], lr: 0.00125, data_time: 0.000 (0.004), batch time: 0.391 (0.395), Loss: 1.4551 (0.3067), Top-1: 62.50 (89.88), Top-5: 75.00 (98.25)
06-06-23 01:28:Testing Results: loss 1.02795, Top-1 74.066, Top-5 95.228
06-06-23 01:28:Testing Results: loss 1.48188, Top-1 69.502, Top-5 91.494
06-06-23 01:28:Best Top-1: 78.42
06-06-23 01:28:Best EMA Top-1: 69.50
06-06-23 01:29:Epoch: [36][100/132], lr: 0.00125, data_time: 0.000 (0.003), batch time: 0.391 (0.395), Loss: 0.0626 (0.2621), Top-1: 100.00 (92.12), Top-5: 100.00 (99.38)
06-06-23 01:29:Testing Results: loss 0.98960, Top-1 76.349, Top-5 95.228
06-06-23 01:29:Testing Results: loss 1.43683, Top-1 70.747, Top-5 92.116
06-06-23 01:29:Best Top-1: 78.42
06-06-23 01:29:Best EMA Top-1: 70.75
06-06-23 01:30:Epoch: [37][100/132], lr: 0.00125, data_time: 0.000 (0.004), batch time: 0.392 (0.395), Loss: 0.6051 (0.2809), Top-1: 62.50 (90.12), Top-5: 100.00 (98.50)
06-06-23 01:30:Testing Results: loss 1.20312, Top-1 75.934, Top-5 93.983
06-06-23 01:31:Testing Results: loss 1.39303, Top-1 70.954, Top-5 92.531
06-06-23 01:31:Best Top-1: 78.42
06-06-23 01:31:Best EMA Top-1: 70.95
06-06-23 01:31:Epoch: [38][100/132], lr: 0.00125, data_time: 0.000 (0.004), batch time: 0.391 (0.394), Loss: 1.4303 (0.3145), Top-1: 62.50 (89.25), Top-5: 75.00 (98.12)
06-06-23 01:32:Testing Results: loss 1.05286, Top-1 75.519, Top-5 94.398
06-06-23 01:32:Testing Results: loss 1.35246, Top-1 71.992, Top-5 92.946
06-06-23 01:32:Best Top-1: 78.42
06-06-23 01:32:Best EMA Top-1: 71.99
06-06-23 01:32:Epoch: [39][100/132], lr: 0.00125, data_time: 0.000 (0.003), batch time: 0.392 (0.394), Loss: 0.0287 (0.2498), Top-1: 100.00 (92.38), Top-5: 100.00 (98.75)
06-06-23 01:33:Testing Results: loss 1.27091, Top-1 74.066, Top-5 95.228
06-06-23 01:33:Testing Results: loss 1.31378, Top-1 72.199, Top-5 93.361
06-06-23 01:33:Best Top-1: 78.42
06-06-23 01:33:Best EMA Top-1: 72.20
06-06-23 01:34:Epoch: [40][100/132], lr: 0.00125, data_time: 0.000 (0.004), batch time: 0.392 (0.395), Loss: 0.0604 (0.2885), Top-1: 100.00 (91.62), Top-5: 100.00 (98.50)
06-06-23 01:34:Testing Results: loss 1.10259, Top-1 73.444, Top-5 95.436
06-06-23 01:34:Testing Results: loss 1.27793, Top-1 72.614, Top-5 93.776
06-06-23 01:34:Best Top-1: 78.42
06-06-23 01:34:Best EMA Top-1: 72.61
06-06-23 01:35:Epoch: [41][100/132], lr: 0.00125, data_time: 0.000 (0.003), batch time: 0.391 (0.395), Loss: 0.0052 (0.3017), Top-1: 100.00 (91.25), Top-5: 100.00 (98.25)
06-06-23 01:35:Testing Results: loss 1.35349, Top-1 74.274, Top-5 93.361
06-06-23 01:35:Testing Results: loss 1.24331, Top-1 72.822, Top-5 94.191
06-06-23 01:35:Best Top-1: 78.42
06-06-23 01:35:Best EMA Top-1: 72.82
06-06-23 01:36:Epoch: [42][100/132], lr: 0.00125, data_time: 0.000 (0.003), batch time: 0.392 (0.395), Loss: 0.2219 (0.2442), Top-1: 87.50 (92.38), Top-5: 100.00 (98.25)
06-06-23 01:36:Testing Results: loss 1.00954, Top-1 76.971, Top-5 95.436
06-06-23 01:36:Testing Results: loss 1.21083, Top-1 72.822, Top-5 94.813
06-06-23 01:36:Best Top-1: 78.42
06-06-23 01:36:Best EMA Top-1: 72.82
06-06-23 01:37:Epoch: [43][100/132], lr: 0.00125, data_time: 0.000 (0.003), batch time: 0.391 (0.395), Loss: 0.1639 (0.2564), Top-1: 87.50 (91.38), Top-5: 100.00 (98.50)
06-06-23 01:37:Testing Results: loss 1.15852, Top-1 74.689, Top-5 94.191
06-06-23 01:37:Testing Results: loss 1.18046, Top-1 73.651, Top-5 94.813
06-06-23 01:37:Best Top-1: 78.42
06-06-23 01:37:Best EMA Top-1: 73.65
06-06-23 01:38:Epoch: [44][100/132], lr: 0.00125, data_time: 0.000 (0.004), batch time: 0.391 (0.395), Loss: 0.1338 (0.2289), Top-1: 100.00 (93.50), Top-5: 100.00 (98.88)
06-06-23 01:39:Testing Results: loss 1.41707, Top-1 72.407, Top-5 92.531
06-06-23 01:39:Testing Results: loss 1.15146, Top-1 73.651, Top-5 94.813
06-06-23 01:39:Best Top-1: 78.42
06-06-23 01:39:Best EMA Top-1: 73.65
06-06-23 01:39:Epoch: [45][100/132], lr: 0.00125, data_time: 0.000 (0.003), batch time: 0.392 (0.395), Loss: 0.5640 (0.2447), Top-1: 87.50 (92.50), Top-5: 100.00 (98.62)
06-06-23 01:40:Testing Results: loss 1.16658, Top-1 74.689, Top-5 94.398
06-06-23 01:40:Testing Results: loss 1.12433, Top-1 73.859, Top-5 95.436
06-06-23 01:40:Best Top-1: 78.42
06-06-23 01:40:Best EMA Top-1: 73.86
06-06-23 01:40:Epoch: [46][100/132], lr: 0.00125, data_time: 0.000 (0.003), batch time: 0.391 (0.395), Loss: 0.0053 (0.2410), Top-1: 100.00 (91.75), Top-5: 100.00 (98.12)
06-06-23 01:41:Testing Results: loss 1.07513, Top-1 76.349, Top-5 96.058
06-06-23 01:41:Testing Results: loss 1.09790, Top-1 74.481, Top-5 95.643
06-06-23 01:41:Best Top-1: 78.42
06-06-23 01:41:Best EMA Top-1: 74.48
06-06-23 01:42:Epoch: [47][100/132], lr: 0.00125, data_time: 0.000 (0.003), batch time: 0.391 (0.395), Loss: 0.0765 (0.2232), Top-1: 100.00 (93.38), Top-5: 100.00 (99.25)
06-06-23 01:42:Testing Results: loss 1.20117, Top-1 73.444, Top-5 95.436
06-06-23 01:42:Testing Results: loss 1.07275, Top-1 74.896, Top-5 95.851
06-06-23 01:42:Best Top-1: 78.42
06-06-23 01:42:Best EMA Top-1: 74.90
06-06-23 01:43:Epoch: [48][100/132], lr: 0.00125, data_time: 0.000 (0.004), batch time: 0.392 (0.395), Loss: 0.5903 (0.2200), Top-1: 87.50 (93.12), Top-5: 100.00 (98.88)
06-06-23 01:43:Testing Results: loss 1.14780, Top-1 77.386, Top-5 94.398
06-06-23 01:43:Testing Results: loss 1.04830, Top-1 74.896, Top-5 95.851
06-06-23 01:43:Best Top-1: 78.42
06-06-23 01:43:Best EMA Top-1: 74.90
06-06-23 01:44:Epoch: [49][100/132], lr: 0.00125, data_time: 0.000 (0.003), batch time: 0.392 (0.395), Loss: 0.0282 (0.2432), Top-1: 100.00 (92.88), Top-5: 100.00 (98.75)
06-06-23 01:44:Testing Results: loss 1.11470, Top-1 77.178, Top-5 96.473
06-06-23 01:44:Testing Results: loss 1.02594, Top-1 74.896, Top-5 95.851
06-06-23 01:44:Best Top-1: 78.42
06-06-23 01:44:Best EMA Top-1: 74.90
06-06-23 01:45:Epoch: [50][100/132], lr: 0.00125, data_time: 0.000 (0.004), batch time: 0.391 (0.395), Loss: 0.0097 (0.2495), Top-1: 100.00 (92.25), Top-5: 100.00 (98.88)
06-06-23 01:45:Testing Results: loss 1.08735, Top-1 75.726, Top-5 96.888
06-06-23 01:46:Testing Results: loss 1.00473, Top-1 74.896, Top-5 95.851
06-06-23 01:46:Best Top-1: 78.42
06-06-23 01:46:Best EMA Top-1: 74.90
06-06-23 01:46:Epoch: [51][100/132], lr: 0.00013, data_time: 0.000 (0.004), batch time: 0.391 (0.395), Loss: 0.0043 (0.1779), Top-1: 100.00 (94.75), Top-5: 100.00 (98.88)
06-06-23 01:47:Testing Results: loss 1.01559, Top-1 78.631, Top-5 96.266
06-06-23 01:47:Testing Results: loss 0.98460, Top-1 75.311, Top-5 95.851
06-06-23 01:47:Best Top-1: 78.63
06-06-23 01:47:Best EMA Top-1: 75.31
06-06-23 01:47:Epoch: [52][100/132], lr: 0.00013, data_time: 0.000 (0.003), batch time: 0.392 (0.395), Loss: 0.7440 (0.1362), Top-1: 87.50 (96.00), Top-5: 100.00 (99.50)
06-06-23 01:48:Testing Results: loss 1.00654, Top-1 79.046, Top-5 96.058
06-06-23 01:48:Testing Results: loss 0.96596, Top-1 75.311, Top-5 95.851
06-06-23 01:48:Best Top-1: 79.05
06-06-23 01:48:Best EMA Top-1: 75.31
06-06-23 01:49:Epoch: [53][100/132], lr: 0.00013, data_time: 0.000 (0.003), batch time: 0.392 (0.395), Loss: 0.1346 (0.1342), Top-1: 100.00 (96.12), Top-5: 100.00 (99.38)
06-06-23 01:49:Testing Results: loss 0.95656, Top-1 79.253, Top-5 95.851
06-06-23 01:49:Testing Results: loss 0.94826, Top-1 75.519, Top-5 95.851
06-06-23 01:49:Best Top-1: 79.25
06-06-23 01:49:Best EMA Top-1: 75.52
06-06-23 01:50:Epoch: [54][100/132], lr: 0.00013, data_time: 0.000 (0.004), batch time: 0.392 (0.395), Loss: 0.0136 (0.1255), Top-1: 100.00 (96.00), Top-5: 100.00 (99.50)
06-06-23 01:50:Testing Results: loss 0.98057, Top-1 79.668, Top-5 96.058
06-06-23 01:50:Testing Results: loss 0.93176, Top-1 75.519, Top-5 96.058
06-06-23 01:50:Best Top-1: 79.67
06-06-23 01:50:Best EMA Top-1: 75.52
06-06-23 01:51:Epoch: [55][100/132], lr: 0.00013, data_time: 0.000 (0.004), batch time: 0.392 (0.395), Loss: 0.3609 (0.1425), Top-1: 87.50 (95.38), Top-5: 100.00 (98.88)
06-06-23 01:51:Testing Results: loss 0.96884, Top-1 78.631, Top-5 96.266
06-06-23 01:51:Testing Results: loss 0.91621, Top-1 75.311, Top-5 96.058
06-06-23 01:51:Best Top-1: 79.67
06-06-23 01:51:Best EMA Top-1: 75.52
06-06-23 01:52:Epoch: [56][100/132], lr: 0.00013, data_time: 0.000 (0.004), batch time: 0.392 (0.395), Loss: 0.0442 (0.1470), Top-1: 100.00 (95.25), Top-5: 100.00 (98.88)
06-06-23 01:52:Testing Results: loss 1.02855, Top-1 78.216, Top-5 96.058
06-06-23 01:53:Testing Results: loss 0.90174, Top-1 75.519, Top-5 96.266
06-06-23 01:53:Best Top-1: 79.67
06-06-23 01:53:Best EMA Top-1: 75.52
06-06-23 01:53:Epoch: [57][100/132], lr: 0.00013, data_time: 0.000 (0.004), batch time: 0.392 (0.395), Loss: 0.0903 (0.1326), Top-1: 100.00 (95.88), Top-5: 100.00 (99.12)
06-06-23 01:54:Testing Results: loss 0.99665, Top-1 77.593, Top-5 96.473
06-06-23 01:54:Testing Results: loss 0.88819, Top-1 75.934, Top-5 96.473
06-06-23 01:54:Best Top-1: 79.67
06-06-23 01:54:Best EMA Top-1: 75.93
06-06-23 01:54:Epoch: [58][100/132], lr: 0.00013, data_time: 0.000 (0.003), batch time: 0.392 (0.395), Loss: 0.0459 (0.1544), Top-1: 100.00 (95.12), Top-5: 100.00 (98.88)
06-06-23 01:55:Testing Results: loss 0.98872, Top-1 79.253, Top-5 95.851
06-06-23 01:55:Testing Results: loss 0.87526, Top-1 76.141, Top-5 96.680
06-06-23 01:55:Best Top-1: 79.67
06-06-23 01:55:Best EMA Top-1: 76.14
06-06-23 01:56:Epoch: [59][100/132], lr: 0.00013, data_time: 0.000 (0.003), batch time: 0.391 (0.395), Loss: 0.1256 (0.1338), Top-1: 100.00 (95.75), Top-5: 100.00 (98.75)
06-06-23 01:56:Testing Results: loss 0.98866, Top-1 78.631, Top-5 96.058
06-06-23 01:56:Testing Results: loss 0.86314, Top-1 76.349, Top-5 96.680
06-06-23 01:56:Best Top-1: 79.67
06-06-23 01:56:Best EMA Top-1: 76.35
06-06-23 01:57:Epoch: [60][100/132], lr: 0.00013, data_time: 0.000 (0.004), batch time: 0.391 (0.395), Loss: 0.1834 (0.1422), Top-1: 87.50 (95.25), Top-5: 100.00 (99.00)
06-06-23 01:57:Testing Results: loss 1.05140, Top-1 77.801, Top-5 95.643
06-06-23 01:57:Testing Results: loss 0.85203, Top-1 76.349, Top-5 96.473
06-06-23 01:57:Best Top-1: 79.67
06-06-23 01:57:Best EMA Top-1: 76.35
06-06-23 01:58:Epoch: [61][100/132], lr: 0.00001, data_time: 0.000 (0.004), batch time: 0.391 (0.395), Loss: 0.0411 (0.1206), Top-1: 100.00 (96.50), Top-5: 100.00 (99.25)
06-06-23 01:58:Testing Results: loss 0.99763, Top-1 78.631, Top-5 96.266
06-06-23 01:58:Testing Results: loss 0.84156, Top-1 76.349, Top-5 96.473
06-06-23 01:58:Best Top-1: 79.67
06-06-23 01:58:Best EMA Top-1: 76.35
06-06-23 01:59:Epoch: [62][100/132], lr: 0.00001, data_time: 0.000 (0.004), batch time: 0.392 (0.395), Loss: 0.3582 (0.1776), Top-1: 87.50 (94.62), Top-5: 100.00 (98.00)
06-06-23 01:59:Testing Results: loss 1.00351, Top-1 77.386, Top-5 96.058
06-06-23 02:00:Testing Results: loss 0.83183, Top-1 76.349, Top-5 96.473
06-06-23 02:00:Best Top-1: 79.67
06-06-23 02:00:Best EMA Top-1: 76.35
06-06-23 02:00:Epoch: [63][100/132], lr: 0.00001, data_time: 0.000 (0.003), batch time: 0.392 (0.394), Loss: 0.0025 (0.1178), Top-1: 100.00 (96.75), Top-5: 100.00 (99.25)
06-06-23 02:01:Testing Results: loss 1.03236, Top-1 77.593, Top-5 96.680
06-06-23 02:01:Testing Results: loss 0.82273, Top-1 76.556, Top-5 96.473
06-06-23 02:01:Best Top-1: 79.67
06-06-23 02:01:Best EMA Top-1: 76.56
06-06-23 02:01:Epoch: [64][100/132], lr: 0.00001, data_time: 0.000 (0.004), batch time: 0.391 (0.395), Loss: 0.0124 (0.1607), Top-1: 100.00 (95.62), Top-5: 100.00 (98.75)
06-06-23 02:02:Testing Results: loss 1.02723, Top-1 78.423, Top-5 96.266
06-06-23 02:02:Testing Results: loss 0.81417, Top-1 76.971, Top-5 96.473
06-06-23 02:02:Best Top-1: 79.67
06-06-23 02:02:Best EMA Top-1: 76.97
06-06-23 02:03:Epoch: [65][100/132], lr: 0.00001, data_time: 0.000 (0.004), batch time: 0.392 (0.395), Loss: 0.3467 (0.0973), Top-1: 100.00 (97.62), Top-5: 100.00 (99.38)
06-06-23 02:03:Testing Results: loss 1.00325, Top-1 78.008, Top-5 97.095
06-06-23 02:03:Testing Results: loss 0.80631, Top-1 77.178, Top-5 96.473
06-06-23 02:03:Best Top-1: 79.67
06-06-23 02:03:Best EMA Top-1: 77.18
06-06-23 02:04:Epoch: [66][100/132], lr: 0.00001, data_time: 0.000 (0.004), batch time: 0.391 (0.395), Loss: 0.4794 (0.1418), Top-1: 87.50 (95.12), Top-5: 100.00 (99.00)
06-06-23 02:04:Testing Results: loss 1.00861, Top-1 78.008, Top-5 96.473
06-06-23 02:04:Testing Results: loss 0.79897, Top-1 76.763, Top-5 96.473
06-06-23 02:04:Best Top-1: 79.67
06-06-23 02:04:Best EMA Top-1: 77.18
06-06-23 02:05:Epoch: [67][100/132], lr: 0.00001, data_time: 0.000 (0.003), batch time: 0.391 (0.395), Loss: 0.0030 (0.1252), Top-1: 100.00 (96.75), Top-5: 100.00 (99.38)
06-06-23 02:05:Testing Results: loss 1.01521, Top-1 77.801, Top-5 96.680
06-06-23 02:05:Testing Results: loss 0.79202, Top-1 77.178, Top-5 96.473
06-06-23 02:05:Best Top-1: 79.67
06-06-23 02:05:Best EMA Top-1: 77.18
06-06-23 02:06:Epoch: [68][100/132], lr: 0.00001, data_time: 0.000 (0.003), batch time: 0.392 (0.395), Loss: 0.1024 (0.1197), Top-1: 100.00 (96.00), Top-5: 100.00 (99.12)
06-06-23 02:06:Testing Results: loss 0.99015, Top-1 78.216, Top-5 96.058
06-06-23 02:07:Testing Results: loss 0.78553, Top-1 77.386, Top-5 96.473
06-06-23 02:07:Best Top-1: 79.67
06-06-23 02:07:Best EMA Top-1: 77.39
06-06-23 02:07:Epoch: [69][100/132], lr: 0.00001, data_time: 0.000 (0.004), batch time: 0.391 (0.395), Loss: 0.0540 (0.1250), Top-1: 100.00 (96.38), Top-5: 100.00 (98.88)
06-06-23 02:08:Testing Results: loss 1.00065, Top-1 77.386, Top-5 96.058
06-06-23 02:08:Testing Results: loss 0.77951, Top-1 77.386, Top-5 96.473
06-06-23 02:08:Best Top-1: 79.67
06-06-23 02:08:Best EMA Top-1: 77.39
06-06-23 02:08:Epoch: [70][100/132], lr: 0.00001, data_time: 0.000 (0.003), batch time: 0.391 (0.395), Loss: 0.4983 (0.1180), Top-1: 87.50 (96.50), Top-5: 87.50 (99.25)
06-06-23 02:09:Testing Results: loss 1.00313, Top-1 78.423, Top-5 96.266
06-06-23 02:09:Testing Results: loss 0.77383, Top-1 77.801, Top-5 96.473
06-06-23 02:09:Best Top-1: 79.67
06-06-23 02:09:Best EMA Top-1: 77.80
06-06-23 02:10:Epoch: [71][100/132], lr: 0.00000, data_time: 0.000 (0.004), batch time: 0.391 (0.395), Loss: 0.0764 (0.1445), Top-1: 100.00 (95.88), Top-5: 100.00 (99.00)
06-06-23 02:10:Testing Results: loss 1.00017, Top-1 78.008, Top-5 96.473
06-06-23 02:10:Testing Results: loss 0.76859, Top-1 77.593, Top-5 96.266
06-06-23 02:10:Best Top-1: 79.67
06-06-23 02:10:Best EMA Top-1: 77.80
06-06-23 02:11:Epoch: [72][100/132], lr: 0.00000, data_time: 0.000 (0.004), batch time: 0.392 (0.395), Loss: 0.3560 (0.1312), Top-1: 87.50 (95.88), Top-5: 87.50 (99.25)
06-06-23 02:11:Testing Results: loss 0.97395, Top-1 77.801, Top-5 96.473
06-06-23 02:11:Testing Results: loss 0.76371, Top-1 77.593, Top-5 96.266
06-06-23 02:11:Best Top-1: 79.67
06-06-23 02:11:Best EMA Top-1: 77.80
06-06-23 02:12:Epoch: [73][100/132], lr: 0.00000, data_time: 0.000 (0.004), batch time: 0.391 (0.395), Loss: 0.5094 (0.1257), Top-1: 87.50 (96.12), Top-5: 87.50 (98.62)
06-06-23 02:12:Testing Results: loss 1.01263, Top-1 78.008, Top-5 96.266
06-06-23 02:12:Testing Results: loss 0.75914, Top-1 77.593, Top-5 96.266
06-06-23 02:12:Best Top-1: 79.67
06-06-23 02:12:Best EMA Top-1: 77.80
06-06-23 02:13:Epoch: [74][100/132], lr: 0.00000, data_time: 0.000 (0.003), batch time: 0.391 (0.395), Loss: 0.0089 (0.1295), Top-1: 100.00 (95.00), Top-5: 100.00 (98.88)
06-06-23 02:13:Testing Results: loss 1.04030, Top-1 78.216, Top-5 96.473
06-06-23 02:13:Testing Results: loss 0.75497, Top-1 78.008, Top-5 96.266
06-06-23 02:13:Best Top-1: 79.67
06-06-23 02:13:Best EMA Top-1: 78.01
06-06-23 02:14:Epoch: [75][100/132], lr: 0.00000, data_time: 0.000 (0.004), batch time: 0.391 (0.395), Loss: 0.0904 (0.1364), Top-1: 100.00 (96.12), Top-5: 100.00 (99.12)
06-06-23 02:15:Testing Results: loss 0.99946, Top-1 77.801, Top-5 96.058
06-06-23 02:15:Testing Results: loss 0.75103, Top-1 78.008, Top-5 96.266
06-06-23 02:15:Best Top-1: 79.67
06-06-23 02:15:Best EMA Top-1: 78.01
06-06-23 02:15:Epoch: [76][100/132], lr: 0.00000, data_time: 0.000 (0.003), batch time: 0.391 (0.394), Loss: 0.5521 (0.1522), Top-1: 75.00 (94.75), Top-5: 87.50 (98.75)
06-06-23 02:16:Testing Results: loss 1.05006, Top-1 77.801, Top-5 95.851
06-06-23 02:16:Testing Results: loss 0.74739, Top-1 78.008, Top-5 96.266
06-06-23 02:16:Best Top-1: 79.67
06-06-23 02:16:Best EMA Top-1: 78.01
06-06-23 02:16:Epoch: [77][100/132], lr: 0.00000, data_time: 0.000 (0.003), batch time: 0.391 (0.395), Loss: 0.1927 (0.1236), Top-1: 87.50 (96.38), Top-5: 100.00 (99.00)
06-06-23 02:17:Testing Results: loss 0.97793, Top-1 79.046, Top-5 97.095
06-06-23 02:17:Testing Results: loss 0.74401, Top-1 78.008, Top-5 96.266
06-06-23 02:17:Best Top-1: 79.67
06-06-23 02:17:Best EMA Top-1: 78.01
06-06-23 02:18:Epoch: [78][100/132], lr: 0.00000, data_time: 0.000 (0.003), batch time: 0.392 (0.395), Loss: 0.0011 (0.1333), Top-1: 100.00 (95.75), Top-5: 100.00 (99.25)
06-06-23 02:18:Testing Results: loss 1.01479, Top-1 77.801, Top-5 96.473
06-06-23 02:18:Testing Results: loss 0.74098, Top-1 78.008, Top-5 96.473
06-06-23 02:18:Best Top-1: 79.67
06-06-23 02:18:Best EMA Top-1: 78.01
06-06-23 02:19:Epoch: [79][100/132], lr: 0.00000, data_time: 0.000 (0.004), batch time: 0.392 (0.395), Loss: 0.0130 (0.1464), Top-1: 100.00 (95.62), Top-5: 100.00 (98.88)
06-06-23 02:19:Testing Results: loss 0.99772, Top-1 78.631, Top-5 96.058
06-06-23 02:19:Testing Results: loss 0.73815, Top-1 77.801, Top-5 96.473
06-06-23 02:19:Best Top-1: 79.67
06-06-23 02:19:Best EMA Top-1: 78.01
