06-06-23 13:57:'''
06-06-23 13:57:Dir: runs/NvGesture/MTMM/2023-6-6-13-57-52_ACTION_resnet50_MTMM_rgb_depth/
06-06-23 13:57:Notes: seed_2
06-06-23 13:57:'''
06-06-23 13:57:Loading dataset
06-06-23 13:57:load model
06-06-23 13:57:First test before training
06-06-23 13:58:loss: 3.21917
06-06-23 13:58:Top-1 accuracy: 4.15%, Top-5 accuracy: 20.75%
06-06-23 13:58:group: first_conv_weight has 1 params, lr_mult: 1, decay_mult: 1
06-06-23 13:58:group: first_conv_bias has 0 params, lr_mult: 2, decay_mult: 0
06-06-23 13:58:group: normal_weight has 57 params, lr_mult: 1, decay_mult: 1
06-06-23 13:58:group: normal_bias has 1 params, lr_mult: 2, decay_mult: 0
06-06-23 13:58:group: BN scale/shift has 114 params, lr_mult: 1, decay_mult: 0
06-06-23 13:58:group: custom_weight has 128 params, lr_mult: 1, decay_mult: 1
06-06-23 13:58:group: custom_bn has 32 params, lr_mult: 1, decay_mult: 0
06-06-23 13:58:group: lr5_weight has 1 params, lr_mult: 5, decay_mult: 1
06-06-23 13:58:group: lr10_bias has 1 params, lr_mult: 10, decay_mult: 0
06-06-23 13:58:Epoch: [0][100/132], lr: 0.01250, data_time: 0.000 (0.006), batch_time: 0.409 (0.425), Top-1: 12.50 (10.50), Top-5: 75.00 (35.75), Loss: 2.5003 (3.0821), G_Depth_Loss: 0.0413 (0.0423)
06-06-23 13:59:Testing Results: loss 2.09966, Top-1 39.627, Top-5 79.046
06-06-23 13:59:Testing Results: loss 3.21327, Top-1 15.560, Top-5 38.382
06-06-23 13:59:Best Top-1: 39.63
06-06-23 13:59:Best EMA Top-1: 15.56
06-06-23 14:00:Epoch: [1][100/132], lr: 0.01250, data_time: 0.000 (0.007), batch_time: 0.409 (0.417), Top-1: 75.00 (41.75), Top-5: 100.00 (82.75), Loss: 1.1022 (1.8661), G_Depth_Loss: 0.0396 (0.0415)
06-06-23 14:00:Testing Results: loss 1.50775, Top-1 52.697, Top-5 89.419
06-06-23 14:00:Testing Results: loss 3.19687, Top-1 25.519, Top-5 56.639
06-06-23 14:00:Best Top-1: 52.70
06-06-23 14:00:Best EMA Top-1: 25.52
06-06-23 14:01:Epoch: [2][100/132], lr: 0.01250, data_time: 0.000 (0.005), batch_time: 0.409 (0.414), Top-1: 62.50 (57.25), Top-5: 87.50 (90.00), Loss: 1.2673 (1.3715), G_Depth_Loss: 0.0411 (0.0417)
06-06-23 14:01:Testing Results: loss 1.13279, Top-1 67.012, Top-5 93.154
06-06-23 14:01:Testing Results: loss 3.17442, Top-1 29.461, Top-5 63.900
06-06-23 14:01:Best Top-1: 67.01
06-06-23 14:01:Best EMA Top-1: 29.46
06-06-23 14:02:Epoch: [3][100/132], lr: 0.01250, data_time: 0.000 (0.005), batch_time: 0.409 (0.415), Top-1: 87.50 (61.88), Top-5: 100.00 (92.38), Loss: 0.6815 (1.1920), G_Depth_Loss: 0.0385 (0.0409)
06-06-23 14:03:Testing Results: loss 1.15217, Top-1 65.975, Top-5 94.813
06-06-23 14:03:Testing Results: loss 3.14755, Top-1 31.120, Top-5 66.805
06-06-23 14:03:Best Top-1: 67.01
06-06-23 14:03:Best EMA Top-1: 31.12
06-06-23 14:03:Epoch: [4][100/132], lr: 0.01250, data_time: 0.000 (0.006), batch_time: 0.409 (0.415), Top-1: 62.50 (69.25), Top-5: 87.50 (94.62), Loss: 1.1243 (0.9707), G_Depth_Loss: 0.0399 (0.0410)
06-06-23 14:04:Testing Results: loss 1.03798, Top-1 73.237, Top-5 93.776
06-06-23 14:04:Testing Results: loss 3.11718, Top-1 32.780, Top-5 69.502
06-06-23 14:04:Best Top-1: 73.24
06-06-23 14:04:Best EMA Top-1: 32.78
06-06-23 14:05:Epoch: [5][100/132], lr: 0.01250, data_time: 0.000 (0.006), batch_time: 0.409 (0.415), Top-1: 62.50 (70.62), Top-5: 100.00 (95.12), Loss: 0.8385 (0.9055), G_Depth_Loss: 0.0417 (0.0409)
06-06-23 14:05:Testing Results: loss 1.01685, Top-1 70.124, Top-5 93.983
06-06-23 14:05:Testing Results: loss 3.08377, Top-1 34.232, Top-5 73.444
06-06-23 14:05:Best Top-1: 73.24
06-06-23 14:05:Best EMA Top-1: 34.23
06-06-23 14:06:Epoch: [6][100/132], lr: 0.01250, data_time: 0.000 (0.006), batch_time: 0.409 (0.416), Top-1: 50.00 (73.62), Top-5: 100.00 (96.12), Loss: 0.9289 (0.8000), G_Depth_Loss: 0.0399 (0.0408)
06-06-23 14:06:Testing Results: loss 1.34872, Top-1 67.427, Top-5 91.701
06-06-23 14:06:Testing Results: loss 3.04758, Top-1 35.062, Top-5 73.651
06-06-23 14:06:Best Top-1: 73.24
06-06-23 14:06:Best EMA Top-1: 35.06
06-06-23 14:07:Epoch: [7][100/132], lr: 0.01250, data_time: 0.000 (0.005), batch_time: 0.409 (0.415), Top-1: 75.00 (75.62), Top-5: 87.50 (96.00), Loss: 0.9419 (0.7590), G_Depth_Loss: 0.0412 (0.0406)
06-06-23 14:08:Testing Results: loss 1.11438, Top-1 73.651, Top-5 95.021
06-06-23 14:08:Testing Results: loss 3.00852, Top-1 35.892, Top-5 75.104
06-06-23 14:08:Best Top-1: 73.65
06-06-23 14:08:Best EMA Top-1: 35.89
06-06-23 14:08:Epoch: [8][100/132], lr: 0.01250, data_time: 0.000 (0.006), batch_time: 0.409 (0.415), Top-1: 62.50 (75.00), Top-5: 87.50 (95.50), Loss: 1.2274 (0.7625), G_Depth_Loss: 0.0468 (0.0401)
06-06-23 14:09:Testing Results: loss 0.94105, Top-1 76.349, Top-5 93.568
06-06-23 14:09:Testing Results: loss 2.96732, Top-1 37.552, Top-5 76.141
06-06-23 14:09:Best Top-1: 76.35
06-06-23 14:09:Best EMA Top-1: 37.55
06-06-23 14:10:Epoch: [9][100/132], lr: 0.01250, data_time: 0.000 (0.006), batch_time: 0.507 (0.416), Top-1: 87.50 (78.25), Top-5: 87.50 (95.38), Loss: 0.5904 (0.6751), G_Depth_Loss: 0.0354 (0.0398)
06-06-23 14:10:Testing Results: loss 1.07019, Top-1 70.954, Top-5 95.643
06-06-23 14:10:Testing Results: loss 2.92319, Top-1 38.589, Top-5 77.386
06-06-23 14:10:Best Top-1: 76.35
06-06-23 14:10:Best EMA Top-1: 38.59
06-06-23 14:11:Epoch: [10][100/132], lr: 0.01250, data_time: 0.000 (0.006), batch_time: 0.409 (0.416), Top-1: 75.00 (80.50), Top-5: 100.00 (97.12), Loss: 0.7209 (0.6085), G_Depth_Loss: 0.0377 (0.0394)
06-06-23 14:11:Testing Results: loss 1.00089, Top-1 72.407, Top-5 93.983
06-06-23 14:11:Testing Results: loss 2.87647, Top-1 40.664, Top-5 78.631
06-06-23 14:12:Best Top-1: 76.35
06-06-23 14:12:Best EMA Top-1: 40.66
06-06-23 14:12:Epoch: [11][100/132], lr: 0.01250, data_time: 0.000 (0.005), batch_time: 0.409 (0.414), Top-1: 87.50 (82.38), Top-5: 100.00 (97.00), Loss: 0.6138 (0.5714), G_Depth_Loss: 0.0397 (0.0396)
06-06-23 14:13:Testing Results: loss 0.95777, Top-1 76.141, Top-5 92.531
06-06-23 14:13:Testing Results: loss 2.82798, Top-1 41.701, Top-5 78.838
06-06-23 14:13:Best Top-1: 76.35
06-06-23 14:13:Best EMA Top-1: 41.70
06-06-23 14:13:Epoch: [12][100/132], lr: 0.01250, data_time: 0.000 (0.005), batch_time: 0.410 (0.414), Top-1: 87.50 (82.00), Top-5: 100.00 (96.62), Loss: 0.3266 (0.5600), G_Depth_Loss: 0.0370 (0.0395)
06-06-23 14:14:Testing Results: loss 1.10672, Top-1 71.577, Top-5 94.606
06-06-23 14:14:Testing Results: loss 2.77722, Top-1 43.361, Top-5 79.668
06-06-23 14:14:Best Top-1: 76.35
06-06-23 14:14:Best EMA Top-1: 43.36
06-06-23 14:15:Epoch: [13][100/132], lr: 0.01250, data_time: 0.000 (0.006), batch_time: 0.409 (0.415), Top-1: 62.50 (82.50), Top-5: 100.00 (97.62), Loss: 0.4997 (0.5112), G_Depth_Loss: 0.0406 (0.0392)
06-06-23 14:15:Testing Results: loss 1.14092, Top-1 74.066, Top-5 92.324
06-06-23 14:15:Testing Results: loss 2.72490, Top-1 45.021, Top-5 80.498
06-06-23 14:15:Best Top-1: 76.35
06-06-23 14:15:Best EMA Top-1: 45.02
06-06-23 14:16:Epoch: [14][100/132], lr: 0.01250, data_time: 0.000 (0.005), batch_time: 0.409 (0.415), Top-1: 87.50 (82.75), Top-5: 100.00 (96.88), Loss: 0.1287 (0.5725), G_Depth_Loss: 0.0414 (0.0390)
06-06-23 14:16:Testing Results: loss 1.02691, Top-1 72.614, Top-5 95.851
06-06-23 14:17:Testing Results: loss 2.67045, Top-1 47.095, Top-5 82.158
06-06-23 14:17:Best Top-1: 76.35
06-06-23 14:17:Best EMA Top-1: 47.10
06-06-23 14:17:Epoch: [15][100/132], lr: 0.01250, data_time: 0.000 (0.005), batch_time: 0.409 (0.415), Top-1: 87.50 (83.00), Top-5: 100.00 (96.75), Loss: 0.9644 (0.5503), G_Depth_Loss: 0.0437 (0.0391)
06-06-23 14:18:Testing Results: loss 1.16201, Top-1 70.747, Top-5 93.568
06-06-23 14:18:Testing Results: loss 2.61495, Top-1 48.340, Top-5 83.817
06-06-23 14:18:Best Top-1: 76.35
06-06-23 14:18:Best EMA Top-1: 48.34
06-06-23 14:18:Epoch: [16][100/132], lr: 0.01250, data_time: 0.000 (0.006), batch_time: 0.409 (0.415), Top-1: 62.50 (82.00), Top-5: 87.50 (96.88), Loss: 1.0276 (0.5526), G_Depth_Loss: 0.0392 (0.0385)
06-06-23 14:19:Testing Results: loss 1.12530, Top-1 70.332, Top-5 95.436
06-06-23 14:19:Testing Results: loss 2.55825, Top-1 50.000, Top-5 85.062
06-06-23 14:19:Best Top-1: 76.35
06-06-23 14:19:Best EMA Top-1: 50.00
06-06-23 14:20:Epoch: [17][100/132], lr: 0.01250, data_time: 0.000 (0.005), batch_time: 0.410 (0.414), Top-1: 87.50 (82.50), Top-5: 100.00 (96.50), Loss: 0.3751 (0.5581), G_Depth_Loss: 0.0407 (0.0385)
06-06-23 14:20:Testing Results: loss 0.87676, Top-1 77.178, Top-5 96.680
06-06-23 14:20:Testing Results: loss 2.50130, Top-1 51.245, Top-5 85.685
06-06-23 14:20:Best Top-1: 77.18
06-06-23 14:20:Best EMA Top-1: 51.24
06-06-23 14:21:Epoch: [18][100/132], lr: 0.01250, data_time: 0.000 (0.006), batch_time: 0.409 (0.416), Top-1: 87.50 (84.00), Top-5: 100.00 (97.88), Loss: 0.2212 (0.4851), G_Depth_Loss: 0.0387 (0.0387)
06-06-23 14:21:Testing Results: loss 0.96889, Top-1 75.726, Top-5 95.851
06-06-23 14:22:Testing Results: loss 2.44324, Top-1 52.697, Top-5 86.307
06-06-23 14:22:Best Top-1: 77.18
06-06-23 14:22:Best EMA Top-1: 52.70
06-06-23 14:22:Epoch: [19][100/132], lr: 0.01250, data_time: 0.000 (0.005), batch_time: 0.409 (0.415), Top-1: 75.00 (84.12), Top-5: 100.00 (96.00), Loss: 0.8662 (0.5059), G_Depth_Loss: 0.0362 (0.0380)
06-06-23 14:23:Testing Results: loss 0.98678, Top-1 74.066, Top-5 94.606
06-06-23 14:23:Testing Results: loss 2.38403, Top-1 54.149, Top-5 86.722
06-06-23 14:23:Best Top-1: 77.18
06-06-23 14:23:Best EMA Top-1: 54.15
06-06-23 14:24:Epoch: [20][100/132], lr: 0.01250, data_time: 0.000 (0.006), batch_time: 0.409 (0.415), Top-1: 100.00 (86.50), Top-5: 100.00 (98.50), Loss: 0.1719 (0.4122), G_Depth_Loss: 0.0409 (0.0379)
06-06-23 14:24:Testing Results: loss 1.20306, Top-1 73.859, Top-5 95.643
06-06-23 14:24:Testing Results: loss 2.32501, Top-1 54.979, Top-5 87.137
06-06-23 14:24:Best Top-1: 77.18
06-06-23 14:24:Best EMA Top-1: 54.98
06-06-23 14:25:Epoch: [21][100/132], lr: 0.01250, data_time: 0.000 (0.007), batch_time: 0.409 (0.416), Top-1: 75.00 (85.12), Top-5: 100.00 (98.12), Loss: 0.9586 (0.4472), G_Depth_Loss: 0.0389 (0.0377)
06-06-23 14:25:Testing Results: loss 1.05718, Top-1 75.726, Top-5 93.776
06-06-23 14:25:Testing Results: loss 2.26516, Top-1 56.432, Top-5 87.552
06-06-23 14:25:Best Top-1: 77.18
06-06-23 14:25:Best EMA Top-1: 56.43
06-06-23 14:26:Epoch: [22][100/132], lr: 0.01250, data_time: 0.000 (0.006), batch_time: 0.410 (0.415), Top-1: 100.00 (85.62), Top-5: 100.00 (97.75), Loss: 0.0228 (0.4519), G_Depth_Loss: 0.0381 (0.0376)
06-06-23 14:26:Testing Results: loss 1.02942, Top-1 70.747, Top-5 92.739
06-06-23 14:27:Testing Results: loss 2.20435, Top-1 57.469, Top-5 87.967
06-06-23 14:27:Best Top-1: 77.18
06-06-23 14:27:Best EMA Top-1: 57.47
06-06-23 14:27:Epoch: [23][100/132], lr: 0.01250, data_time: 0.000 (0.006), batch_time: 0.409 (0.416), Top-1: 87.50 (85.62), Top-5: 100.00 (97.75), Loss: 0.3865 (0.4623), G_Depth_Loss: 0.0395 (0.0375)
06-06-23 14:28:Testing Results: loss 1.03114, Top-1 77.178, Top-5 96.058
06-06-23 14:28:Testing Results: loss 2.14498, Top-1 58.299, Top-5 87.967
06-06-23 14:28:Best Top-1: 77.18
06-06-23 14:28:Best EMA Top-1: 58.30
06-06-23 14:29:Epoch: [24][100/132], lr: 0.01250, data_time: 0.000 (0.006), batch_time: 0.409 (0.416), Top-1: 100.00 (86.38), Top-5: 100.00 (97.75), Loss: 0.0653 (0.4519), G_Depth_Loss: 0.0376 (0.0371)
06-06-23 14:29:Testing Results: loss 0.93578, Top-1 76.349, Top-5 96.058
06-06-23 14:29:Testing Results: loss 2.08608, Top-1 59.544, Top-5 88.382
06-06-23 14:29:Best Top-1: 77.18
06-06-23 14:29:Best EMA Top-1: 59.54
06-06-23 14:30:Epoch: [25][100/132], lr: 0.01250, data_time: 0.000 (0.005), batch_time: 0.409 (0.414), Top-1: 100.00 (87.62), Top-5: 100.00 (98.00), Loss: 0.1125 (0.3617), G_Depth_Loss: 0.0382 (0.0368)
06-06-23 14:30:Testing Results: loss 0.86633, Top-1 78.838, Top-5 96.266
06-06-23 14:30:Testing Results: loss 2.02690, Top-1 61.203, Top-5 89.212
06-06-23 14:30:Best Top-1: 78.84
06-06-23 14:30:Best EMA Top-1: 61.20
06-06-23 14:31:Epoch: [26][100/132], lr: 0.01250, data_time: 0.000 (0.006), batch_time: 0.409 (0.416), Top-1: 100.00 (88.38), Top-5: 100.00 (98.50), Loss: 0.0114 (0.3763), G_Depth_Loss: 0.0407 (0.0365)
06-06-23 14:31:Testing Results: loss 0.88896, Top-1 76.763, Top-5 96.266
06-06-23 14:32:Testing Results: loss 1.96870, Top-1 61.411, Top-5 89.419
06-06-23 14:32:Best Top-1: 78.84
06-06-23 14:32:Best EMA Top-1: 61.41
06-06-23 14:32:Epoch: [27][100/132], lr: 0.01250, data_time: 0.000 (0.005), batch_time: 0.409 (0.414), Top-1: 100.00 (89.12), Top-5: 100.00 (98.12), Loss: 0.0683 (0.3792), G_Depth_Loss: 0.0362 (0.0367)
06-06-23 14:33:Testing Results: loss 0.91031, Top-1 79.253, Top-5 95.436
06-06-23 14:33:Testing Results: loss 1.91158, Top-1 61.826, Top-5 89.834
06-06-23 14:33:Best Top-1: 79.25
06-06-23 14:33:Best EMA Top-1: 61.83
06-06-23 14:34:Epoch: [28][100/132], lr: 0.01250, data_time: 0.000 (0.006), batch_time: 0.409 (0.415), Top-1: 100.00 (91.50), Top-5: 100.00 (98.12), Loss: 0.0931 (0.2882), G_Depth_Loss: 0.0427 (0.0364)
06-06-23 14:34:Testing Results: loss 1.11910, Top-1 75.104, Top-5 95.436
06-06-23 14:34:Testing Results: loss 1.85599, Top-1 63.071, Top-5 90.041
06-06-23 14:34:Best Top-1: 79.25
06-06-23 14:34:Best EMA Top-1: 63.07
06-06-23 14:35:Epoch: [29][100/132], lr: 0.01250, data_time: 0.000 (0.006), batch_time: 0.410 (0.415), Top-1: 87.50 (89.25), Top-5: 100.00 (98.25), Loss: 0.5541 (0.3645), G_Depth_Loss: 0.0408 (0.0366)
06-06-23 14:35:Testing Results: loss 0.97285, Top-1 77.178, Top-5 95.021
06-06-23 14:35:Testing Results: loss 1.80073, Top-1 64.523, Top-5 90.664
06-06-23 14:35:Best Top-1: 79.25
06-06-23 14:35:Best EMA Top-1: 64.52
06-06-23 14:36:Epoch: [30][100/132], lr: 0.01250, data_time: 0.000 (0.005), batch_time: 0.410 (0.414), Top-1: 87.50 (89.88), Top-5: 100.00 (97.62), Loss: 0.3402 (0.3347), G_Depth_Loss: 0.0338 (0.0365)
06-06-23 14:36:Testing Results: loss 0.99343, Top-1 75.934, Top-5 96.266
06-06-23 14:37:Testing Results: loss 1.74759, Top-1 64.730, Top-5 91.079
06-06-23 14:37:Best Top-1: 79.25
06-06-23 14:37:Best EMA Top-1: 64.73
06-06-23 14:37:Epoch: [31][100/132], lr: 0.01250, data_time: 0.000 (0.006), batch_time: 0.409 (0.415), Top-1: 87.50 (88.50), Top-5: 87.50 (97.88), Loss: 0.5326 (0.3525), G_Depth_Loss: 0.0374 (0.0360)
06-06-23 14:38:Testing Results: loss 1.02428, Top-1 75.311, Top-5 93.776
06-06-23 14:38:Testing Results: loss 1.69511, Top-1 65.560, Top-5 91.286
06-06-23 14:38:Best Top-1: 79.25
06-06-23 14:38:Best EMA Top-1: 65.56
06-06-23 14:39:Epoch: [32][100/132], lr: 0.01250, data_time: 0.000 (0.006), batch_time: 0.409 (0.416), Top-1: 87.50 (90.38), Top-5: 100.00 (99.00), Loss: 0.4575 (0.3123), G_Depth_Loss: 0.0350 (0.0360)
06-06-23 14:39:Testing Results: loss 1.19225, Top-1 72.822, Top-5 95.436
06-06-23 14:39:Testing Results: loss 1.64387, Top-1 66.805, Top-5 91.909
06-06-23 14:39:Best Top-1: 79.25
06-06-23 14:39:Best EMA Top-1: 66.80
06-06-23 14:40:Epoch: [33][100/132], lr: 0.01250, data_time: 0.000 (0.007), batch_time: 0.409 (0.417), Top-1: 62.50 (90.00), Top-5: 100.00 (98.25), Loss: 0.9033 (0.3166), G_Depth_Loss: 0.0327 (0.0358)
06-06-23 14:40:Testing Results: loss 1.18226, Top-1 73.651, Top-5 95.228
06-06-23 14:40:Testing Results: loss 1.59452, Top-1 67.012, Top-5 92.116
06-06-23 14:40:Best Top-1: 79.25
06-06-23 14:40:Best EMA Top-1: 67.01
06-06-23 14:41:Epoch: [34][100/132], lr: 0.01250, data_time: 0.000 (0.006), batch_time: 0.409 (0.416), Top-1: 75.00 (91.38), Top-5: 100.00 (98.25), Loss: 0.4129 (0.2765), G_Depth_Loss: 0.0370 (0.0357)
06-06-23 14:42:Testing Results: loss 1.07140, Top-1 75.519, Top-5 95.436
06-06-23 14:42:Testing Results: loss 1.54802, Top-1 67.635, Top-5 92.324
06-06-23 14:42:Best Top-1: 79.25
06-06-23 14:42:Best EMA Top-1: 67.63
06-06-23 14:42:Epoch: [35][100/132], lr: 0.01250, data_time: 0.000 (0.005), batch_time: 0.409 (0.415), Top-1: 100.00 (90.62), Top-5: 100.00 (98.62), Loss: 0.1868 (0.2857), G_Depth_Loss: 0.0335 (0.0358)
06-06-23 14:43:Testing Results: loss 1.10168, Top-1 76.971, Top-5 96.473
06-06-23 14:43:Testing Results: loss 1.50135, Top-1 68.465, Top-5 92.739
06-06-23 14:43:Best Top-1: 79.25
06-06-23 14:43:Best EMA Top-1: 68.46
06-06-23 14:44:Epoch: [36][100/132], lr: 0.01250, data_time: 0.000 (0.005), batch_time: 0.409 (0.414), Top-1: 100.00 (91.88), Top-5: 100.00 (98.12), Loss: 0.0282 (0.2741), G_Depth_Loss: 0.0367 (0.0353)
06-06-23 14:44:Testing Results: loss 1.17783, Top-1 76.556, Top-5 96.058
06-06-23 14:44:Testing Results: loss 1.45682, Top-1 69.295, Top-5 92.946
06-06-23 14:44:Best Top-1: 79.25
06-06-23 14:44:Best EMA Top-1: 69.29
06-06-23 14:45:Epoch: [37][100/132], lr: 0.01250, data_time: 0.000 (0.006), batch_time: 0.409 (0.415), Top-1: 100.00 (90.75), Top-5: 100.00 (98.62), Loss: 0.0337 (0.3132), G_Depth_Loss: 0.0330 (0.0354)
06-06-23 14:45:Testing Results: loss 1.22180, Top-1 73.859, Top-5 93.983
06-06-23 14:45:Testing Results: loss 1.41470, Top-1 69.710, Top-5 92.946
06-06-23 14:45:Best Top-1: 79.25
06-06-23 14:45:Best EMA Top-1: 69.71
06-06-23 14:46:Epoch: [38][100/132], lr: 0.01250, data_time: 0.000 (0.005), batch_time: 0.409 (0.415), Top-1: 87.50 (90.75), Top-5: 100.00 (99.38), Loss: 0.3998 (0.2738), G_Depth_Loss: 0.0349 (0.0350)
06-06-23 14:47:Testing Results: loss 1.15241, Top-1 73.651, Top-5 94.606
06-06-23 14:47:Testing Results: loss 1.37468, Top-1 70.747, Top-5 93.154
06-06-23 14:47:Best Top-1: 79.25
06-06-23 14:47:Best EMA Top-1: 70.75
06-06-23 14:47:Epoch: [39][100/132], lr: 0.01250, data_time: 0.000 (0.006), batch_time: 0.410 (0.416), Top-1: 87.50 (90.25), Top-5: 100.00 (97.62), Loss: 0.4717 (0.3100), G_Depth_Loss: 0.0365 (0.0355)
06-06-23 14:48:Testing Results: loss 1.16510, Top-1 74.896, Top-5 95.228
06-06-23 14:48:Testing Results: loss 1.33549, Top-1 71.369, Top-5 93.154
06-06-23 14:48:Best Top-1: 79.25
06-06-23 14:48:Best EMA Top-1: 71.37
06-06-23 14:49:Epoch: [40][100/132], lr: 0.01250, data_time: 0.000 (0.006), batch_time: 0.410 (0.415), Top-1: 100.00 (91.12), Top-5: 100.00 (98.12), Loss: 0.2774 (0.3110), G_Depth_Loss: 0.0314 (0.0351)
06-06-23 14:49:Testing Results: loss 1.18757, Top-1 71.992, Top-5 92.739
06-06-23 14:49:Testing Results: loss 1.29898, Top-1 71.577, Top-5 93.568
06-06-23 14:49:Best Top-1: 79.25
06-06-23 14:49:Best EMA Top-1: 71.58
06-06-23 14:50:Epoch: [41][100/132], lr: 0.01250, data_time: 0.000 (0.006), batch_time: 0.409 (0.415), Top-1: 75.00 (89.75), Top-5: 100.00 (97.38), Loss: 0.2952 (0.3341), G_Depth_Loss: 0.0342 (0.0347)
06-06-23 14:50:Testing Results: loss 1.22936, Top-1 74.066, Top-5 95.021
06-06-23 14:50:Testing Results: loss 1.26457, Top-1 71.784, Top-5 93.568
06-06-23 14:50:Best Top-1: 79.25
06-06-23 14:50:Best EMA Top-1: 71.78
06-06-23 14:51:Epoch: [42][100/132], lr: 0.01250, data_time: 0.000 (0.006), batch_time: 0.409 (0.415), Top-1: 100.00 (92.00), Top-5: 100.00 (99.00), Loss: 0.0513 (0.2435), G_Depth_Loss: 0.0348 (0.0342)
06-06-23 14:52:Testing Results: loss 0.96037, Top-1 77.593, Top-5 95.851
06-06-23 14:52:Testing Results: loss 1.23219, Top-1 71.992, Top-5 93.568
06-06-23 14:52:Best Top-1: 79.25
06-06-23 14:52:Best EMA Top-1: 71.99
06-06-23 14:52:Epoch: [43][100/132], lr: 0.01250, data_time: 0.000 (0.005), batch_time: 0.409 (0.416), Top-1: 75.00 (93.38), Top-5: 87.50 (98.88), Loss: 1.3175 (0.2259), G_Depth_Loss: 0.0325 (0.0343)
06-06-23 14:53:Testing Results: loss 1.14741, Top-1 73.859, Top-5 94.606
06-06-23 14:53:Testing Results: loss 1.20062, Top-1 72.199, Top-5 93.776
06-06-23 14:53:Best Top-1: 79.25
06-06-23 14:53:Best EMA Top-1: 72.20
06-06-23 14:54:Epoch: [44][100/132], lr: 0.01250, data_time: 0.000 (0.006), batch_time: 0.410 (0.416), Top-1: 100.00 (90.88), Top-5: 100.00 (98.75), Loss: 0.1016 (0.2922), G_Depth_Loss: 0.0328 (0.0342)
06-06-23 14:54:Testing Results: loss 1.09545, Top-1 75.104, Top-5 94.606
06-06-23 14:54:Testing Results: loss 1.17079, Top-1 72.822, Top-5 94.191
06-06-23 14:54:Best Top-1: 79.25
06-06-23 14:54:Best EMA Top-1: 72.82
06-06-23 14:55:Epoch: [45][100/132], lr: 0.01250, data_time: 0.000 (0.006), batch_time: 0.409 (0.415), Top-1: 75.00 (91.88), Top-5: 100.00 (98.25), Loss: 0.6402 (0.2782), G_Depth_Loss: 0.0325 (0.0342)
06-06-23 14:55:Testing Results: loss 1.14088, Top-1 74.896, Top-5 96.266
06-06-23 14:55:Testing Results: loss 1.14203, Top-1 73.859, Top-5 94.606
06-06-23 14:55:Best Top-1: 79.25
06-06-23 14:55:Best EMA Top-1: 73.86
06-06-23 14:56:Epoch: [46][100/132], lr: 0.01250, data_time: 0.000 (0.006), batch_time: 0.409 (0.416), Top-1: 100.00 (93.00), Top-5: 100.00 (98.75), Loss: 0.0109 (0.2171), G_Depth_Loss: 0.0317 (0.0341)
06-06-23 14:57:Testing Results: loss 1.19274, Top-1 74.066, Top-5 95.643
06-06-23 14:57:Testing Results: loss 1.11416, Top-1 74.481, Top-5 94.813
06-06-23 14:57:Best Top-1: 79.25
06-06-23 14:57:Best EMA Top-1: 74.48
06-06-23 14:57:Epoch: [47][100/132], lr: 0.01250, data_time: 0.000 (0.005), batch_time: 0.410 (0.415), Top-1: 100.00 (93.38), Top-5: 100.00 (98.62), Loss: 0.0621 (0.2199), G_Depth_Loss: 0.0358 (0.0340)
06-06-23 14:58:Testing Results: loss 1.07057, Top-1 75.311, Top-5 96.266
06-06-23 14:58:Testing Results: loss 1.08824, Top-1 74.689, Top-5 94.813
06-06-23 14:58:Best Top-1: 79.25
06-06-23 14:58:Best EMA Top-1: 74.69
06-06-23 14:59:Epoch: [48][100/132], lr: 0.01250, data_time: 0.000 (0.006), batch_time: 0.409 (0.415), Top-1: 87.50 (93.12), Top-5: 100.00 (99.00), Loss: 0.2210 (0.2207), G_Depth_Loss: 0.0322 (0.0336)
06-06-23 14:59:Testing Results: loss 1.18611, Top-1 71.992, Top-5 95.021
06-06-23 14:59:Testing Results: loss 1.06309, Top-1 75.104, Top-5 95.021
06-06-23 14:59:Best Top-1: 79.25
06-06-23 14:59:Best EMA Top-1: 75.10
06-06-23 15:00:Epoch: [49][100/132], lr: 0.01250, data_time: 0.000 (0.006), batch_time: 0.409 (0.415), Top-1: 100.00 (92.88), Top-5: 100.00 (98.62), Loss: 0.0790 (0.2535), G_Depth_Loss: 0.0353 (0.0339)
06-06-23 15:00:Testing Results: loss 1.03745, Top-1 77.178, Top-5 96.888
06-06-23 15:01:Testing Results: loss 1.03942, Top-1 75.726, Top-5 95.021
06-06-23 15:01:Best Top-1: 79.25
06-06-23 15:01:Best EMA Top-1: 75.73
06-06-23 15:01:Epoch: [50][100/132], lr: 0.01250, data_time: 0.000 (0.006), batch_time: 0.409 (0.416), Top-1: 87.50 (91.12), Top-5: 100.00 (98.25), Loss: 0.2044 (0.2610), G_Depth_Loss: 0.0303 (0.0338)
06-06-23 15:02:Testing Results: loss 1.12160, Top-1 76.141, Top-5 96.058
06-06-23 15:02:Testing Results: loss 1.01727, Top-1 76.141, Top-5 95.021
06-06-23 15:02:Best Top-1: 79.25
06-06-23 15:02:Best EMA Top-1: 76.14
06-06-23 15:02:Epoch: [51][100/132], lr: 0.00125, data_time: 0.000 (0.005), batch_time: 0.409 (0.415), Top-1: 75.00 (93.38), Top-5: 87.50 (98.50), Loss: 0.7162 (0.2191), G_Depth_Loss: 0.0331 (0.0337)
06-06-23 15:03:Testing Results: loss 0.95912, Top-1 79.876, Top-5 96.888
06-06-23 15:03:Testing Results: loss 0.99641, Top-1 75.934, Top-5 95.021
06-06-23 15:03:Best Top-1: 79.88
06-06-23 15:03:Best EMA Top-1: 76.14
06-06-23 15:04:Epoch: [52][100/132], lr: 0.00125, data_time: 0.000 (0.006), batch_time: 0.410 (0.415), Top-1: 100.00 (95.12), Top-5: 100.00 (99.00), Loss: 0.0248 (0.1648), G_Depth_Loss: 0.0336 (0.0338)
06-06-23 15:04:Testing Results: loss 0.94285, Top-1 79.461, Top-5 96.888
06-06-23 15:04:Testing Results: loss 0.97688, Top-1 75.934, Top-5 95.021
06-06-23 15:04:Best Top-1: 79.88
06-06-23 15:04:Best EMA Top-1: 76.14
06-06-23 15:05:Epoch: [53][100/132], lr: 0.00125, data_time: 0.000 (0.006), batch_time: 0.409 (0.416), Top-1: 87.50 (94.50), Top-5: 100.00 (98.88), Loss: 0.2025 (0.1684), G_Depth_Loss: 0.0346 (0.0339)
06-06-23 15:05:Testing Results: loss 0.91749, Top-1 79.461, Top-5 96.473
06-06-23 15:06:Testing Results: loss 0.95827, Top-1 76.349, Top-5 95.228
06-06-23 15:06:Best Top-1: 79.88
06-06-23 15:06:Best EMA Top-1: 76.35
06-06-23 15:06:Epoch: [54][100/132], lr: 0.00125, data_time: 0.000 (0.005), batch_time: 0.409 (0.415), Top-1: 100.00 (96.12), Top-5: 100.00 (99.88), Loss: 0.0077 (0.1088), G_Depth_Loss: 0.0350 (0.0339)
06-06-23 15:07:Testing Results: loss 0.97346, Top-1 79.046, Top-5 97.095
06-06-23 15:07:Testing Results: loss 0.94079, Top-1 76.556, Top-5 95.228
06-06-23 15:07:Best Top-1: 79.88
06-06-23 15:07:Best EMA Top-1: 76.56
06-06-23 15:07:Epoch: [55][100/132], lr: 0.00125, data_time: 0.000 (0.006), batch_time: 0.409 (0.415), Top-1: 100.00 (95.25), Top-5: 100.00 (98.88), Loss: 0.1017 (0.1582), G_Depth_Loss: 0.0326 (0.0337)
06-06-23 15:08:Testing Results: loss 0.90519, Top-1 79.876, Top-5 96.888
06-06-23 15:08:Testing Results: loss 0.92440, Top-1 76.556, Top-5 95.436
06-06-23 15:08:Best Top-1: 79.88
06-06-23 15:08:Best EMA Top-1: 76.56
06-06-23 15:09:Epoch: [56][100/132], lr: 0.00125, data_time: 0.000 (0.005), batch_time: 0.409 (0.415), Top-1: 100.00 (94.50), Top-5: 100.00 (99.25), Loss: 0.0107 (0.1615), G_Depth_Loss: 0.0332 (0.0334)
06-06-23 15:09:Testing Results: loss 0.93811, Top-1 79.046, Top-5 97.095
06-06-23 15:09:Testing Results: loss 0.90889, Top-1 77.178, Top-5 95.436
06-06-23 15:09:Best Top-1: 79.88
06-06-23 15:09:Best EMA Top-1: 77.18
06-06-23 15:10:Epoch: [57][100/132], lr: 0.00125, data_time: 0.000 (0.006), batch_time: 0.409 (0.415), Top-1: 100.00 (95.12), Top-5: 100.00 (98.25), Loss: 0.0188 (0.1631), G_Depth_Loss: 0.0404 (0.0340)
06-06-23 15:10:Testing Results: loss 0.89499, Top-1 79.668, Top-5 97.095
06-06-23 15:11:Testing Results: loss 0.89432, Top-1 76.971, Top-5 95.436
06-06-23 15:11:Best Top-1: 79.88
06-06-23 15:11:Best EMA Top-1: 77.18
06-06-23 15:11:Epoch: [58][100/132], lr: 0.00125, data_time: 0.000 (0.006), batch_time: 0.410 (0.415), Top-1: 87.50 (94.88), Top-5: 100.00 (98.50), Loss: 0.2123 (0.1519), G_Depth_Loss: 0.0319 (0.0338)
06-06-23 15:12:Testing Results: loss 0.90507, Top-1 79.046, Top-5 97.095
06-06-23 15:12:Testing Results: loss 0.88073, Top-1 76.971, Top-5 95.436
06-06-23 15:12:Best Top-1: 79.88
06-06-23 15:12:Best EMA Top-1: 77.18
06-06-23 15:12:Epoch: [59][100/132], lr: 0.00125, data_time: 0.000 (0.006), batch_time: 0.410 (0.415), Top-1: 100.00 (96.50), Top-5: 100.00 (99.62), Loss: 0.0102 (0.1157), G_Depth_Loss: 0.0360 (0.0336)
06-06-23 15:13:Testing Results: loss 0.94471, Top-1 78.838, Top-5 96.888
06-06-23 15:13:Testing Results: loss 0.86798, Top-1 77.178, Top-5 95.436
06-06-23 15:13:Best Top-1: 79.88
06-06-23 15:13:Best EMA Top-1: 77.18
06-06-23 15:14:Epoch: [60][100/132], lr: 0.00125, data_time: 0.000 (0.006), batch_time: 0.409 (0.415), Top-1: 87.50 (95.38), Top-5: 100.00 (98.88), Loss: 0.2457 (0.1565), G_Depth_Loss: 0.0329 (0.0334)
06-06-23 15:14:Testing Results: loss 0.94421, Top-1 78.631, Top-5 97.095
06-06-23 15:14:Testing Results: loss 0.85607, Top-1 77.386, Top-5 95.436
06-06-23 15:14:Best Top-1: 79.88
06-06-23 15:14:Best EMA Top-1: 77.39
06-06-23 15:15:Epoch: [61][100/132], lr: 0.00013, data_time: 0.000 (0.006), batch_time: 0.409 (0.415), Top-1: 100.00 (95.75), Top-5: 100.00 (99.25), Loss: 0.0812 (0.1294), G_Depth_Loss: 0.0314 (0.0334)
06-06-23 15:15:Testing Results: loss 0.92256, Top-1 79.046, Top-5 96.888
06-06-23 15:15:Testing Results: loss 0.84484, Top-1 77.178, Top-5 95.436
06-06-23 15:15:Best Top-1: 79.88
06-06-23 15:15:Best EMA Top-1: 77.39
06-06-23 15:16:Epoch: [62][100/132], lr: 0.00013, data_time: 0.000 (0.006), batch_time: 0.410 (0.415), Top-1: 87.50 (95.75), Top-5: 100.00 (99.00), Loss: 0.4246 (0.1554), G_Depth_Loss: 0.0348 (0.0338)
06-06-23 15:17:Testing Results: loss 0.93083, Top-1 78.631, Top-5 97.303
06-06-23 15:17:Testing Results: loss 0.83426, Top-1 77.178, Top-5 95.436
06-06-23 15:17:Best Top-1: 79.88
06-06-23 15:17:Best EMA Top-1: 77.39
06-06-23 15:17:Epoch: [63][100/132], lr: 0.00013, data_time: 0.000 (0.006), batch_time: 0.409 (0.416), Top-1: 100.00 (96.12), Top-5: 100.00 (99.38), Loss: 0.0460 (0.1313), G_Depth_Loss: 0.0339 (0.0337)
06-06-23 15:18:Testing Results: loss 0.94354, Top-1 78.631, Top-5 96.888
06-06-23 15:18:Testing Results: loss 0.82435, Top-1 77.178, Top-5 95.643
06-06-23 15:18:Best Top-1: 79.88
06-06-23 15:18:Best EMA Top-1: 77.39
06-06-23 15:19:Epoch: [64][100/132], lr: 0.00013, data_time: 0.000 (0.006), batch_time: 0.410 (0.416), Top-1: 87.50 (95.25), Top-5: 100.00 (98.75), Loss: 0.1532 (0.1572), G_Depth_Loss: 0.0310 (0.0331)
06-06-23 15:19:Testing Results: loss 0.94640, Top-1 78.838, Top-5 96.888
06-06-23 15:19:Testing Results: loss 0.81509, Top-1 77.801, Top-5 95.643
06-06-23 15:19:Best Top-1: 79.88
06-06-23 15:19:Best EMA Top-1: 77.80
06-06-23 15:20:Epoch: [65][100/132], lr: 0.00013, data_time: 0.000 (0.006), batch_time: 0.410 (0.415), Top-1: 100.00 (95.75), Top-5: 100.00 (98.62), Loss: 0.0891 (0.1430), G_Depth_Loss: 0.0345 (0.0338)
06-06-23 15:20:Testing Results: loss 0.91064, Top-1 78.216, Top-5 96.680
06-06-23 15:20:Testing Results: loss 0.80644, Top-1 78.008, Top-5 95.643
06-06-23 15:20:Best Top-1: 79.88
06-06-23 15:20:Best EMA Top-1: 78.01
06-06-23 15:21:Epoch: [66][100/132], lr: 0.00013, data_time: 0.000 (0.006), batch_time: 0.409 (0.415), Top-1: 100.00 (96.62), Top-5: 100.00 (99.38), Loss: 0.0121 (0.1035), G_Depth_Loss: 0.0314 (0.0338)
06-06-23 15:22:Testing Results: loss 0.90689, Top-1 79.046, Top-5 97.095
06-06-23 15:22:Testing Results: loss 0.79825, Top-1 78.423, Top-5 95.643
06-06-23 15:22:Best Top-1: 79.88
06-06-23 15:22:Best EMA Top-1: 78.42
06-06-23 15:22:Epoch: [67][100/132], lr: 0.00013, data_time: 0.000 (0.006), batch_time: 0.409 (0.416), Top-1: 100.00 (96.88), Top-5: 100.00 (99.50), Loss: 0.0227 (0.1130), G_Depth_Loss: 0.0292 (0.0336)
06-06-23 15:23:Testing Results: loss 0.90874, Top-1 78.008, Top-5 96.680
06-06-23 15:23:Testing Results: loss 0.79062, Top-1 78.423, Top-5 95.643
06-06-23 15:23:Best Top-1: 79.88
06-06-23 15:23:Best EMA Top-1: 78.42
06-06-23 15:24:Epoch: [68][100/132], lr: 0.00013, data_time: 0.000 (0.005), batch_time: 0.409 (0.416), Top-1: 100.00 (96.50), Top-5: 100.00 (99.38), Loss: 0.0131 (0.1154), G_Depth_Loss: 0.0320 (0.0338)
06-06-23 15:24:Testing Results: loss 0.91574, Top-1 79.046, Top-5 97.095
06-06-23 15:24:Testing Results: loss 0.78347, Top-1 78.423, Top-5 95.643
06-06-23 15:24:Best Top-1: 79.88
06-06-23 15:24:Best EMA Top-1: 78.42
06-06-23 15:25:Epoch: [69][100/132], lr: 0.00013, data_time: 0.000 (0.005), batch_time: 0.409 (0.415), Top-1: 100.00 (95.75), Top-5: 100.00 (99.00), Loss: 0.0121 (0.1222), G_Depth_Loss: 0.0335 (0.0336)
06-06-23 15:25:Testing Results: loss 0.92810, Top-1 78.631, Top-5 96.680
06-06-23 15:25:Testing Results: loss 0.77674, Top-1 78.631, Top-5 95.643
06-06-23 15:25:Best Top-1: 79.88
06-06-23 15:25:Best EMA Top-1: 78.63
06-06-23 15:26:Epoch: [70][100/132], lr: 0.00013, data_time: 0.000 (0.006), batch_time: 0.410 (0.415), Top-1: 100.00 (96.62), Top-5: 100.00 (99.12), Loss: 0.0246 (0.1123), G_Depth_Loss: 0.0311 (0.0333)
06-06-23 15:27:Testing Results: loss 0.93154, Top-1 78.631, Top-5 96.888
06-06-23 15:27:Testing Results: loss 0.77045, Top-1 78.631, Top-5 95.851
06-06-23 15:27:Best Top-1: 79.88
06-06-23 15:27:Best EMA Top-1: 78.63
06-06-23 15:27:Epoch: [71][100/132], lr: 0.00001, data_time: 0.000 (0.006), batch_time: 0.409 (0.415), Top-1: 100.00 (95.25), Top-5: 100.00 (98.25), Loss: 0.0190 (0.1702), G_Depth_Loss: 0.0351 (0.0335)
06-06-23 15:28:Testing Results: loss 0.94191, Top-1 78.838, Top-5 96.888
06-06-23 15:28:Testing Results: loss 0.76459, Top-1 78.631, Top-5 95.851
06-06-23 15:28:Best Top-1: 79.88
06-06-23 15:28:Best EMA Top-1: 78.63
06-06-23 15:29:Epoch: [72][100/132], lr: 0.00001, data_time: 0.000 (0.006), batch_time: 0.409 (0.415), Top-1: 87.50 (95.75), Top-5: 100.00 (99.25), Loss: 0.1562 (0.1329), G_Depth_Loss: 0.0314 (0.0332)
06-06-23 15:29:Testing Results: loss 0.90301, Top-1 78.423, Top-5 96.888
06-06-23 15:29:Testing Results: loss 0.75909, Top-1 79.046, Top-5 95.851
06-06-23 15:29:Best Top-1: 79.88
06-06-23 15:29:Best EMA Top-1: 79.05
06-06-23 15:30:Epoch: [73][100/132], lr: 0.00001, data_time: 0.000 (0.006), batch_time: 0.409 (0.415), Top-1: 87.50 (95.50), Top-5: 87.50 (98.88), Loss: 0.3825 (0.1438), G_Depth_Loss: 0.0353 (0.0332)
06-06-23 15:30:Testing Results: loss 0.90918, Top-1 79.461, Top-5 96.888
06-06-23 15:30:Testing Results: loss 0.75393, Top-1 79.253, Top-5 95.851
06-06-23 15:30:Best Top-1: 79.88
06-06-23 15:30:Best EMA Top-1: 79.25
06-06-23 15:31:Epoch: [74][100/132], lr: 0.00001, data_time: 0.000 (0.006), batch_time: 0.409 (0.415), Top-1: 100.00 (94.75), Top-5: 100.00 (98.75), Loss: 0.0462 (0.1483), G_Depth_Loss: 0.0341 (0.0334)
06-06-23 15:32:Testing Results: loss 0.89722, Top-1 79.253, Top-5 96.888
06-06-23 15:32:Testing Results: loss 0.74911, Top-1 79.253, Top-5 95.851
06-06-23 15:32:Best Top-1: 79.88
06-06-23 15:32:Best EMA Top-1: 79.25
06-06-23 15:32:Epoch: [75][100/132], lr: 0.00001, data_time: 0.000 (0.005), batch_time: 0.409 (0.416), Top-1: 87.50 (96.00), Top-5: 100.00 (98.88), Loss: 0.2791 (0.1410), G_Depth_Loss: 0.0354 (0.0334)
06-06-23 15:33:Testing Results: loss 0.90454, Top-1 78.838, Top-5 96.888
06-06-23 15:33:Testing Results: loss 0.74466, Top-1 79.668, Top-5 95.851
06-06-23 15:33:Best Top-1: 79.88
06-06-23 15:33:Best EMA Top-1: 79.67
06-06-23 15:34:Epoch: [76][100/132], lr: 0.00001, data_time: 0.000 (0.005), batch_time: 0.409 (0.415), Top-1: 87.50 (95.50), Top-5: 100.00 (98.75), Loss: 0.3813 (0.1744), G_Depth_Loss: 0.0309 (0.0338)
06-06-23 15:34:Testing Results: loss 0.93744, Top-1 79.253, Top-5 96.473
06-06-23 15:34:Testing Results: loss 0.74041, Top-1 80.083, Top-5 95.851
06-06-23 15:34:Best Top-1: 79.88
06-06-23 15:34:Best EMA Top-1: 80.08
06-06-23 15:35:Epoch: [77][100/132], lr: 0.00001, data_time: 0.000 (0.006), batch_time: 0.409 (0.415), Top-1: 87.50 (97.12), Top-5: 100.00 (99.50), Loss: 0.3457 (0.1064), G_Depth_Loss: 0.0329 (0.0335)
06-06-23 15:35:Testing Results: loss 0.90336, Top-1 79.461, Top-5 97.095
06-06-23 15:35:Testing Results: loss 0.73649, Top-1 79.876, Top-5 95.851
06-06-23 15:35:Best Top-1: 79.88
06-06-23 15:35:Best EMA Top-1: 80.08
06-06-23 15:36:Epoch: [78][100/132], lr: 0.00001, data_time: 0.000 (0.005), batch_time: 0.409 (0.416), Top-1: 100.00 (96.38), Top-5: 100.00 (98.88), Loss: 0.0133 (0.1258), G_Depth_Loss: 0.0320 (0.0335)
06-06-23 15:37:Testing Results: loss 0.95606, Top-1 79.253, Top-5 96.680
06-06-23 15:37:Testing Results: loss 0.73283, Top-1 79.668, Top-5 95.851
06-06-23 15:37:Best Top-1: 79.88
06-06-23 15:37:Best EMA Top-1: 80.08
06-06-23 15:37:Epoch: [79][100/132], lr: 0.00001, data_time: 0.000 (0.006), batch_time: 0.409 (0.416), Top-1: 100.00 (95.38), Top-5: 100.00 (99.25), Loss: 0.0140 (0.1281), G_Depth_Loss: 0.0319 (0.0334)
06-06-23 15:38:Testing Results: loss 0.96514, Top-1 79.253, Top-5 96.888
06-06-23 15:38:Testing Results: loss 0.72942, Top-1 79.668, Top-5 95.851
06-06-23 15:38:Best Top-1: 79.88
06-06-23 15:38:Best EMA Top-1: 80.08
