06-06-23 05:26:'''
06-06-23 05:26:Dir: runs/NvGesture/MTMM/2023-6-6-5-26-48_ACTION_resnet50_MTMM_rgb_depth/
06-06-23 05:26:Notes: seed_1
06-06-23 05:26:'''
06-06-23 05:26:Loading dataset
06-06-23 05:26:load model
06-06-23 05:26:group: first_conv_weight has 1 params, lr_mult: 1, decay_mult: 1
06-06-23 05:26:group: first_conv_bias has 0 params, lr_mult: 2, decay_mult: 0
06-06-23 05:26:group: normal_weight has 57 params, lr_mult: 1, decay_mult: 1
06-06-23 05:26:group: normal_bias has 1 params, lr_mult: 2, decay_mult: 0
06-06-23 05:26:group: BN scale/shift has 114 params, lr_mult: 1, decay_mult: 0
06-06-23 05:26:group: custom_weight has 128 params, lr_mult: 1, decay_mult: 1
06-06-23 05:26:group: custom_bn has 32 params, lr_mult: 1, decay_mult: 0
06-06-23 05:26:group: lr5_weight has 1 params, lr_mult: 5, decay_mult: 1
06-06-23 05:26:group: lr10_bias has 1 params, lr_mult: 10, decay_mult: 0
06-06-23 05:27:Epoch: [0][100/132], lr: 0.01250, data_time: 0.000 (0.006), batch_time: 0.408 (0.440), Top-1: 0.00 (4.25), Top-5: 50.00 (19.50), Loss: 3.1555 (3.8314), G_Depth_Loss: 0.2615 (0.2679)
06-06-23 05:28:Testing Results: loss 3.63068, Top-1 5.394, Top-5 23.859
06-06-23 05:28:Testing Results: loss 279.44550, Top-1 3.942, Top-5 19.710
06-06-23 05:28:Best Top-1: 5.39
06-06-23 05:28:Best EMA Top-1: 3.94
06-06-23 05:28:Epoch: [1][100/132], lr: 0.01250, data_time: 0.000 (0.006), batch_time: 0.410 (0.416), Top-1: 12.50 (10.25), Top-5: 50.00 (30.25), Loss: 2.7566 (3.2779), G_Depth_Loss: 0.2465 (0.2503)
06-06-23 05:29:Testing Results: loss 2.93781, Top-1 17.635, Top-5 55.187
06-06-23 05:29:Testing Results: loss 106.71321, Top-1 4.149, Top-5 19.502
06-06-23 05:29:Best Top-1: 17.63
06-06-23 05:29:Best EMA Top-1: 4.15
06-06-23 05:30:Epoch: [2][100/132], lr: 0.01250, data_time: 0.000 (0.006), batch_time: 0.410 (0.416), Top-1: 25.00 (18.88), Top-5: 62.50 (54.50), Loss: 2.0351 (2.6750), G_Depth_Loss: 0.2340 (0.2395)
06-06-23 05:30:Testing Results: loss 2.35073, Top-1 31.950, Top-5 69.087
06-06-23 05:30:Testing Results: loss 64.23763, Top-1 4.149, Top-5 19.502
06-06-23 05:30:Best Top-1: 31.95
06-06-23 05:30:Best EMA Top-1: 4.15
06-06-23 05:31:Epoch: [3][100/132], lr: 0.01250, data_time: 0.000 (0.005), batch_time: 0.410 (0.416), Top-1: 62.50 (31.25), Top-5: 75.00 (73.88), Loss: 1.9032 (2.2111), G_Depth_Loss: 0.2329 (0.2360)
06-06-23 05:31:Testing Results: loss 2.05405, Top-1 37.552, Top-5 78.838
06-06-23 05:31:Testing Results: loss 44.67033, Top-1 4.149, Top-5 19.502
06-06-23 05:31:Best Top-1: 37.55
06-06-23 05:31:Best EMA Top-1: 4.15
06-06-23 05:32:Epoch: [4][100/132], lr: 0.01250, data_time: 0.000 (0.007), batch_time: 0.410 (0.418), Top-1: 37.50 (38.25), Top-5: 75.00 (83.38), Loss: 1.8168 (1.8661), G_Depth_Loss: 0.2270 (0.2296)
06-06-23 05:33:Testing Results: loss 2.17581, Top-1 35.892, Top-5 79.461
06-06-23 05:33:Testing Results: loss 35.32592, Top-1 4.149, Top-5 19.502
06-06-23 05:33:Best Top-1: 37.55
06-06-23 05:33:Best EMA Top-1: 4.15
06-06-23 05:33:Epoch: [5][100/132], lr: 0.01250, data_time: 0.000 (0.005), batch_time: 0.410 (0.417), Top-1: 50.00 (46.00), Top-5: 75.00 (85.62), Loss: 1.8823 (1.6948), G_Depth_Loss: 0.2248 (0.2253)
06-06-23 05:34:Testing Results: loss 1.73065, Top-1 45.228, Top-5 84.232
06-06-23 05:34:Testing Results: loss 26.69466, Top-1 4.149, Top-5 19.917
06-06-23 05:34:Best Top-1: 45.23
06-06-23 05:34:Best EMA Top-1: 4.15
06-06-23 05:35:Epoch: [6][100/132], lr: 0.01250, data_time: 0.000 (0.006), batch_time: 0.410 (0.416), Top-1: 25.00 (53.38), Top-5: 87.50 (90.12), Loss: 1.6766 (1.4319), G_Depth_Loss: 0.2164 (0.2199)
06-06-23 05:35:Testing Results: loss 2.03164, Top-1 47.925, Top-5 79.253
06-06-23 05:35:Testing Results: loss 20.68225, Top-1 4.149, Top-5 20.954
06-06-23 05:35:Best Top-1: 47.93
06-06-23 05:35:Best EMA Top-1: 4.15
06-06-23 05:36:Epoch: [7][100/132], lr: 0.01250, data_time: 0.000 (0.006), batch_time: 0.410 (0.415), Top-1: 37.50 (57.00), Top-5: 75.00 (90.50), Loss: 2.0698 (1.3353), G_Depth_Loss: 0.2102 (0.2137)
06-06-23 05:36:Testing Results: loss 1.97403, Top-1 51.867, Top-5 83.195
06-06-23 05:36:Testing Results: loss 15.13575, Top-1 4.149, Top-5 19.087
06-06-23 05:36:Best Top-1: 51.87
06-06-23 05:36:Best EMA Top-1: 4.15
06-06-23 05:37:Epoch: [8][100/132], lr: 0.01250, data_time: 0.000 (0.006), batch_time: 0.409 (0.417), Top-1: 25.00 (59.75), Top-5: 87.50 (91.50), Loss: 2.0133 (1.2316), G_Depth_Loss: 0.2062 (0.2099)
06-06-23 05:38:Testing Results: loss 2.08361, Top-1 52.490, Top-5 87.344
06-06-23 05:38:Testing Results: loss 12.21119, Top-1 4.149, Top-5 20.747
06-06-23 05:38:Best Top-1: 52.49
06-06-23 05:38:Best EMA Top-1: 4.15
06-06-23 05:38:Epoch: [9][100/132], lr: 0.01250, data_time: 0.000 (0.005), batch_time: 0.410 (0.416), Top-1: 62.50 (61.38), Top-5: 87.50 (92.00), Loss: 1.0740 (1.1750), G_Depth_Loss: 0.2051 (0.2060)
06-06-23 05:39:Testing Results: loss 2.17188, Top-1 48.755, Top-5 82.988
06-06-23 05:39:Testing Results: loss 10.24340, Top-1 3.942, Top-5 20.124
06-06-23 05:39:Best Top-1: 52.49
06-06-23 05:39:Best EMA Top-1: 4.15
06-06-23 05:40:Epoch: [10][100/132], lr: 0.01250, data_time: 0.000 (0.006), batch_time: 0.410 (0.416), Top-1: 37.50 (66.88), Top-5: 87.50 (94.62), Loss: 1.8781 (0.9983), G_Depth_Loss: 0.2002 (0.2012)
06-06-23 05:40:Testing Results: loss 1.56397, Top-1 55.394, Top-5 86.929
06-06-23 05:40:Testing Results: loss 9.76793, Top-1 3.942, Top-5 20.332
06-06-23 05:40:Best Top-1: 55.39
06-06-23 05:40:Best EMA Top-1: 4.15
06-06-23 05:41:Epoch: [11][100/132], lr: 0.01250, data_time: 0.000 (0.006), batch_time: 0.410 (0.416), Top-1: 50.00 (69.00), Top-5: 100.00 (94.38), Loss: 1.2147 (0.9235), G_Depth_Loss: 0.1950 (0.1975)
06-06-23 05:41:Testing Results: loss 2.12544, Top-1 52.282, Top-5 85.892
06-06-23 05:41:Testing Results: loss 9.12853, Top-1 3.942, Top-5 20.124
06-06-23 05:41:Best Top-1: 55.39
06-06-23 05:41:Best EMA Top-1: 4.15
06-06-23 05:42:Epoch: [12][100/132], lr: 0.01250, data_time: 0.000 (0.006), batch_time: 0.410 (0.416), Top-1: 50.00 (68.00), Top-5: 87.50 (93.75), Loss: 0.9125 (0.9675), G_Depth_Loss: 0.1928 (0.1937)
06-06-23 05:43:Testing Results: loss 1.99519, Top-1 56.017, Top-5 88.174
06-06-23 05:43:Testing Results: loss 8.79633, Top-1 3.942, Top-5 21.162
06-06-23 05:43:Best Top-1: 56.02
06-06-23 05:43:Best EMA Top-1: 4.15
06-06-23 05:43:Epoch: [13][100/132], lr: 0.01250, data_time: 0.000 (0.006), batch_time: 0.410 (0.416), Top-1: 75.00 (69.00), Top-5: 87.50 (95.50), Loss: 0.9197 (0.9250), G_Depth_Loss: 0.1884 (0.1905)
06-06-23 05:44:Testing Results: loss 1.66657, Top-1 60.581, Top-5 89.419
06-06-23 05:44:Testing Results: loss 8.24020, Top-1 3.942, Top-5 20.747
06-06-23 05:44:Best Top-1: 60.58
06-06-23 05:44:Best EMA Top-1: 4.15
06-06-23 05:45:Epoch: [14][100/132], lr: 0.01250, data_time: 0.000 (0.005), batch_time: 0.410 (0.415), Top-1: 75.00 (70.12), Top-5: 100.00 (94.25), Loss: 0.5936 (0.8681), G_Depth_Loss: 0.1824 (0.1867)
06-06-23 05:45:Testing Results: loss 1.53300, Top-1 58.921, Top-5 89.419
06-06-23 05:45:Testing Results: loss 7.81641, Top-1 4.149, Top-5 20.747
06-06-23 05:45:Best Top-1: 60.58
06-06-23 05:45:Best EMA Top-1: 4.15
06-06-23 05:46:Epoch: [15][100/132], lr: 0.01250, data_time: 0.000 (0.006), batch_time: 0.410 (0.416), Top-1: 87.50 (74.88), Top-5: 87.50 (95.00), Loss: 0.7839 (0.8349), G_Depth_Loss: 0.1805 (0.1828)
06-06-23 05:46:Testing Results: loss 1.88949, Top-1 53.734, Top-5 86.515
06-06-23 05:46:Testing Results: loss 7.40209, Top-1 4.149, Top-5 20.747
06-06-23 05:46:Best Top-1: 60.58
06-06-23 05:46:Best EMA Top-1: 4.15
06-06-23 05:47:Epoch: [16][100/132], lr: 0.01250, data_time: 0.000 (0.006), batch_time: 0.411 (0.417), Top-1: 62.50 (73.88), Top-5: 87.50 (95.12), Loss: 1.1061 (0.8241), G_Depth_Loss: 0.1838 (0.1801)
06-06-23 05:48:Testing Results: loss 1.60443, Top-1 62.033, Top-5 89.004
06-06-23 05:48:Testing Results: loss 7.16253, Top-1 4.149, Top-5 20.747
06-06-23 05:48:Best Top-1: 62.03
06-06-23 05:48:Best EMA Top-1: 4.15
06-06-23 05:48:Epoch: [17][100/132], lr: 0.01250, data_time: 0.000 (0.005), batch_time: 0.410 (0.417), Top-1: 87.50 (75.25), Top-5: 100.00 (96.12), Loss: 0.4951 (0.7377), G_Depth_Loss: 0.1762 (0.1764)
06-06-23 05:49:Testing Results: loss 1.52589, Top-1 59.959, Top-5 86.307
06-06-23 05:49:Testing Results: loss 7.08856, Top-1 4.149, Top-5 20.539
06-06-23 05:49:Best Top-1: 62.03
06-06-23 05:49:Best EMA Top-1: 4.15
06-06-23 05:50:Epoch: [18][100/132], lr: 0.01250, data_time: 0.000 (0.006), batch_time: 0.410 (0.416), Top-1: 100.00 (76.88), Top-5: 100.00 (95.75), Loss: 0.2437 (0.7405), G_Depth_Loss: 0.1728 (0.1736)
06-06-23 05:50:Testing Results: loss 1.62492, Top-1 61.618, Top-5 88.174
06-06-23 05:50:Testing Results: loss 7.06177, Top-1 4.149, Top-5 20.954
06-06-23 05:50:Best Top-1: 62.03
06-06-23 05:50:Best EMA Top-1: 4.15
06-06-23 05:51:Epoch: [19][100/132], lr: 0.01250, data_time: 0.000 (0.006), batch_time: 0.411 (0.416), Top-1: 62.50 (78.25), Top-5: 100.00 (95.50), Loss: 1.2921 (0.6859), G_Depth_Loss: 0.1699 (0.1699)
06-06-23 05:51:Testing Results: loss 1.54003, Top-1 58.714, Top-5 86.307
06-06-23 05:51:Testing Results: loss 6.97693, Top-1 4.149, Top-5 20.954
06-06-23 05:51:Best Top-1: 62.03
06-06-23 05:51:Best EMA Top-1: 4.15
06-06-23 05:52:Epoch: [20][100/132], lr: 0.01250, data_time: 0.000 (0.006), batch_time: 0.411 (0.417), Top-1: 75.00 (76.88), Top-5: 100.00 (96.50), Loss: 0.6917 (0.7058), G_Depth_Loss: 0.1661 (0.1672)
06-06-23 05:53:Testing Results: loss 1.48576, Top-1 62.448, Top-5 91.079
06-06-23 05:53:Testing Results: loss 6.88198, Top-1 4.149, Top-5 20.954
06-06-23 05:53:Best Top-1: 62.45
06-06-23 05:53:Best EMA Top-1: 4.15
06-06-23 05:53:Epoch: [21][100/132], lr: 0.01250, data_time: 0.000 (0.006), batch_time: 0.410 (0.417), Top-1: 75.00 (79.50), Top-5: 87.50 (96.62), Loss: 0.8080 (0.6241), G_Depth_Loss: 0.1666 (0.1644)
06-06-23 05:54:Testing Results: loss 1.99902, Top-1 62.448, Top-5 87.344
06-06-23 05:54:Testing Results: loss 6.60542, Top-1 4.149, Top-5 21.162
06-06-23 05:54:Best Top-1: 62.45
06-06-23 05:54:Best EMA Top-1: 4.15
06-06-23 05:55:Epoch: [22][100/132], lr: 0.01250, data_time: 0.000 (0.006), batch_time: 0.410 (0.416), Top-1: 100.00 (77.50), Top-5: 100.00 (96.38), Loss: 0.2468 (0.6856), G_Depth_Loss: 0.1578 (0.1612)
06-06-23 05:55:Testing Results: loss 1.54413, Top-1 60.788, Top-5 89.627
06-06-23 05:55:Testing Results: loss 6.32329, Top-1 4.149, Top-5 21.162
06-06-23 05:55:Best Top-1: 62.45
06-06-23 05:55:Best EMA Top-1: 4.15
06-06-23 05:56:Epoch: [23][100/132], lr: 0.01250, data_time: 0.000 (0.006), batch_time: 0.410 (0.418), Top-1: 75.00 (80.38), Top-5: 100.00 (96.12), Loss: 0.5640 (0.6228), G_Depth_Loss: 0.1572 (0.1583)
06-06-23 05:56:Testing Results: loss 1.72462, Top-1 58.714, Top-5 91.494
06-06-23 05:56:Testing Results: loss 5.99813, Top-1 4.149, Top-5 21.992
06-06-23 05:56:Best Top-1: 62.45
06-06-23 05:56:Best EMA Top-1: 4.15
06-06-23 05:57:Epoch: [24][100/132], lr: 0.01250, data_time: 0.000 (0.006), batch_time: 0.411 (0.417), Top-1: 100.00 (80.00), Top-5: 100.00 (96.62), Loss: 0.0921 (0.6439), G_Depth_Loss: 0.1531 (0.1559)
06-06-23 05:58:Testing Results: loss 1.73317, Top-1 60.788, Top-5 91.494
06-06-23 05:58:Testing Results: loss 5.82803, Top-1 4.149, Top-5 21.992
06-06-23 05:58:Best Top-1: 62.45
06-06-23 05:58:Best EMA Top-1: 4.15
06-06-23 05:58:Epoch: [25][100/132], lr: 0.01250, data_time: 0.000 (0.006), batch_time: 0.411 (0.417), Top-1: 87.50 (80.00), Top-5: 100.00 (97.25), Loss: 0.3428 (0.6293), G_Depth_Loss: 0.1543 (0.1532)
06-06-23 05:59:Testing Results: loss 1.99566, Top-1 58.506, Top-5 87.552
06-06-23 05:59:Testing Results: loss 5.60078, Top-1 4.149, Top-5 20.124
06-06-23 05:59:Best Top-1: 62.45
06-06-23 05:59:Best EMA Top-1: 4.15
06-06-23 06:00:Epoch: [26][100/132], lr: 0.01250, data_time: 0.000 (0.006), batch_time: 0.410 (0.417), Top-1: 100.00 (83.75), Top-5: 100.00 (96.75), Loss: 0.0942 (0.5481), G_Depth_Loss: 0.1488 (0.1510)
06-06-23 06:00:Testing Results: loss 1.51129, Top-1 63.693, Top-5 90.871
06-06-23 06:00:Testing Results: loss 5.41207, Top-1 4.149, Top-5 19.710
06-06-23 06:00:Best Top-1: 63.69
06-06-23 06:00:Best EMA Top-1: 4.15
06-06-23 06:01:Epoch: [27][100/132], lr: 0.01250, data_time: 0.000 (0.006), batch_time: 0.411 (0.416), Top-1: 100.00 (84.38), Top-5: 100.00 (97.38), Loss: 0.0398 (0.5123), G_Depth_Loss: 0.1417 (0.1473)
06-06-23 06:01:Testing Results: loss 1.60994, Top-1 61.411, Top-5 86.307
06-06-23 06:01:Testing Results: loss 5.20575, Top-1 4.149, Top-5 20.747
06-06-23 06:01:Best Top-1: 63.69
06-06-23 06:01:Best EMA Top-1: 4.15
06-06-23 06:02:Epoch: [28][100/132], lr: 0.01250, data_time: 0.000 (0.006), batch_time: 0.410 (0.417), Top-1: 75.00 (86.50), Top-5: 75.00 (98.00), Loss: 0.7454 (0.4201), G_Depth_Loss: 0.1433 (0.1453)
06-06-23 06:03:Testing Results: loss 2.15523, Top-1 55.602, Top-5 88.174
06-06-23 06:03:Testing Results: loss 4.98558, Top-1 4.149, Top-5 20.124
06-06-23 06:03:Best Top-1: 63.69
06-06-23 06:03:Best EMA Top-1: 4.15
06-06-23 06:03:Epoch: [29][100/132], lr: 0.01250, data_time: 0.000 (0.006), batch_time: 0.410 (0.417), Top-1: 87.50 (83.62), Top-5: 100.00 (97.38), Loss: 0.4601 (0.5178), G_Depth_Loss: 0.1415 (0.1424)
06-06-23 06:04:Testing Results: loss 2.00842, Top-1 59.959, Top-5 88.382
06-06-23 06:04:Testing Results: loss 4.75076, Top-1 4.149, Top-5 19.710
06-06-23 06:04:Best Top-1: 63.69
06-06-23 06:04:Best EMA Top-1: 4.15
06-06-23 06:05:Epoch: [30][100/132], lr: 0.01250, data_time: 0.000 (0.006), batch_time: 0.411 (0.416), Top-1: 75.00 (84.62), Top-5: 100.00 (96.88), Loss: 0.8231 (0.5054), G_Depth_Loss: 0.1390 (0.1400)
06-06-23 06:05:Testing Results: loss 2.00804, Top-1 62.448, Top-5 90.249
06-06-23 06:05:Testing Results: loss 4.54946, Top-1 4.149, Top-5 19.087
06-06-23 06:05:Best Top-1: 63.69
06-06-23 06:05:Best EMA Top-1: 4.15
06-06-23 06:06:Epoch: [31][100/132], lr: 0.01250, data_time: 0.000 (0.006), batch_time: 0.411 (0.417), Top-1: 62.50 (86.25), Top-5: 100.00 (97.25), Loss: 0.6287 (0.4526), G_Depth_Loss: 0.1401 (0.1382)
06-06-23 06:06:Testing Results: loss 1.68787, Top-1 60.373, Top-5 89.004
06-06-23 06:06:Testing Results: loss 4.37433, Top-1 4.149, Top-5 19.087
06-06-23 06:06:Best Top-1: 63.69
06-06-23 06:06:Best EMA Top-1: 4.15
06-06-23 06:07:Epoch: [32][100/132], lr: 0.01250, data_time: 0.000 (0.006), batch_time: 0.410 (0.417), Top-1: 87.50 (85.75), Top-5: 87.50 (97.62), Loss: 0.4632 (0.4489), G_Depth_Loss: 0.1344 (0.1353)
06-06-23 06:07:Testing Results: loss 1.67310, Top-1 61.826, Top-5 90.041
06-06-23 06:08:Testing Results: loss 4.23155, Top-1 4.357, Top-5 20.747
06-06-23 06:08:Best Top-1: 63.69
06-06-23 06:08:Best EMA Top-1: 4.36
06-06-23 06:08:Epoch: [33][100/132], lr: 0.01250, data_time: 0.000 (0.005), batch_time: 0.410 (0.416), Top-1: 75.00 (86.38), Top-5: 100.00 (97.12), Loss: 0.6853 (0.4600), G_Depth_Loss: 0.1370 (0.1333)
06-06-23 06:09:Testing Results: loss 1.99385, Top-1 58.506, Top-5 88.797
06-06-23 06:09:Testing Results: loss 4.09448, Top-1 4.564, Top-5 22.199
06-06-23 06:09:Best Top-1: 63.69
06-06-23 06:09:Best EMA Top-1: 4.56
06-06-23 06:10:Epoch: [34][100/132], lr: 0.01250, data_time: 0.000 (0.006), batch_time: 0.411 (0.416), Top-1: 75.00 (86.12), Top-5: 100.00 (97.25), Loss: 0.5744 (0.4743), G_Depth_Loss: 0.1319 (0.1314)
06-06-23 06:10:Testing Results: loss 1.76016, Top-1 62.033, Top-5 89.627
06-06-23 06:10:Testing Results: loss 3.96270, Top-1 4.979, Top-5 22.199
06-06-23 06:10:Best Top-1: 63.69
06-06-23 06:10:Best EMA Top-1: 4.98
06-06-23 06:11:Epoch: [35][100/132], lr: 0.01250, data_time: 0.000 (0.005), batch_time: 0.410 (0.417), Top-1: 100.00 (85.50), Top-5: 100.00 (97.75), Loss: 0.1844 (0.4215), G_Depth_Loss: 0.1299 (0.1290)
06-06-23 06:11:Testing Results: loss 1.69391, Top-1 61.203, Top-5 92.531
06-06-23 06:11:Testing Results: loss 3.85402, Top-1 4.979, Top-5 22.407
06-06-23 06:11:Best Top-1: 63.69
06-06-23 06:11:Best EMA Top-1: 4.98
06-06-23 06:12:Epoch: [36][100/132], lr: 0.01250, data_time: 0.000 (0.005), batch_time: 0.411 (0.416), Top-1: 100.00 (86.75), Top-5: 100.00 (97.12), Loss: 0.0436 (0.4234), G_Depth_Loss: 0.1238 (0.1267)
06-06-23 06:13:Testing Results: loss 1.75958, Top-1 59.129, Top-5 88.589
06-06-23 06:13:Testing Results: loss 3.75383, Top-1 5.394, Top-5 21.992
06-06-23 06:13:Best Top-1: 63.69
06-06-23 06:13:Best EMA Top-1: 5.39
06-06-23 06:13:Epoch: [37][100/132], lr: 0.01250, data_time: 0.000 (0.006), batch_time: 0.412 (0.416), Top-1: 87.50 (88.38), Top-5: 100.00 (98.62), Loss: 0.1941 (0.3566), G_Depth_Loss: 0.1263 (0.1254)
06-06-23 06:14:Testing Results: loss 1.32643, Top-1 67.012, Top-5 92.324
06-06-23 06:14:Testing Results: loss 3.67442, Top-1 4.772, Top-5 23.859
06-06-23 06:14:Best Top-1: 67.01
06-06-23 06:14:Best EMA Top-1: 5.39
06-06-23 06:15:Epoch: [38][100/132], lr: 0.01250, data_time: 0.000 (0.005), batch_time: 0.411 (0.417), Top-1: 75.00 (86.00), Top-5: 100.00 (98.00), Loss: 0.7232 (0.4396), G_Depth_Loss: 0.1249 (0.1235)
06-06-23 06:15:Testing Results: loss 1.55612, Top-1 65.768, Top-5 91.909
06-06-23 06:15:Testing Results: loss 3.59937, Top-1 5.187, Top-5 25.311
06-06-23 06:15:Best Top-1: 67.01
06-06-23 06:15:Best EMA Top-1: 5.39
06-06-23 06:16:Epoch: [39][100/132], lr: 0.01250, data_time: 0.000 (0.006), batch_time: 0.410 (0.417), Top-1: 75.00 (90.38), Top-5: 100.00 (98.12), Loss: 0.5590 (0.3212), G_Depth_Loss: 0.1236 (0.1209)
06-06-23 06:16:Testing Results: loss 1.61007, Top-1 64.523, Top-5 92.739
06-06-23 06:16:Testing Results: loss 3.52714, Top-1 6.432, Top-5 26.763
06-06-23 06:16:Best Top-1: 67.01
06-06-23 06:16:Best EMA Top-1: 6.43
06-06-23 06:17:Epoch: [40][100/132], lr: 0.01250, data_time: 0.000 (0.006), batch_time: 0.411 (0.416), Top-1: 87.50 (87.50), Top-5: 100.00 (97.62), Loss: 0.3703 (0.4072), G_Depth_Loss: 0.1220 (0.1200)
06-06-23 06:18:Testing Results: loss 1.66862, Top-1 63.071, Top-5 87.137
06-06-23 06:18:Testing Results: loss 3.45252, Top-1 7.054, Top-5 29.668
06-06-23 06:18:Best Top-1: 67.01
06-06-23 06:18:Best EMA Top-1: 7.05
06-06-23 06:18:Epoch: [41][100/132], lr: 0.01250, data_time: 0.000 (0.005), batch_time: 0.411 (0.416), Top-1: 87.50 (86.00), Top-5: 100.00 (96.62), Loss: 0.3027 (0.4624), G_Depth_Loss: 0.1190 (0.1180)
06-06-23 06:19:Testing Results: loss 1.63363, Top-1 63.693, Top-5 91.701
06-06-23 06:19:Testing Results: loss 3.36999, Top-1 8.091, Top-5 34.647
06-06-23 06:19:Best Top-1: 67.01
06-06-23 06:19:Best EMA Top-1: 8.09
06-06-23 06:20:Epoch: [42][100/132], lr: 0.01250, data_time: 0.000 (0.006), batch_time: 0.410 (0.417), Top-1: 87.50 (89.00), Top-5: 100.00 (98.12), Loss: 0.4776 (0.3594), G_Depth_Loss: 0.1162 (0.1161)
06-06-23 06:20:Testing Results: loss 1.75976, Top-1 64.315, Top-5 89.004
06-06-23 06:20:Testing Results: loss 3.29166, Top-1 9.129, Top-5 39.419
06-06-23 06:20:Best Top-1: 67.01
06-06-23 06:20:Best EMA Top-1: 9.13
06-06-23 06:21:Epoch: [43][100/132], lr: 0.01250, data_time: 0.000 (0.006), batch_time: 0.411 (0.417), Top-1: 62.50 (89.38), Top-5: 87.50 (98.50), Loss: 0.9068 (0.3472), G_Depth_Loss: 0.1122 (0.1146)
06-06-23 06:21:Testing Results: loss 2.26185, Top-1 58.091, Top-5 87.759
06-06-23 06:21:Testing Results: loss 3.21624, Top-1 10.788, Top-5 42.739
06-06-23 06:21:Best Top-1: 67.01
06-06-23 06:21:Best EMA Top-1: 10.79
06-06-23 06:22:Epoch: [44][100/132], lr: 0.01250, data_time: 0.000 (0.005), batch_time: 0.411 (0.417), Top-1: 100.00 (87.12), Top-5: 100.00 (97.75), Loss: 0.0589 (0.4002), G_Depth_Loss: 0.1134 (0.1123)
06-06-23 06:23:Testing Results: loss 1.67686, Top-1 59.959, Top-5 89.627
06-06-23 06:23:Testing Results: loss 3.13403, Top-1 11.826, Top-5 46.266
06-06-23 06:23:Best Top-1: 67.01
06-06-23 06:23:Best EMA Top-1: 11.83
06-06-23 06:23:Epoch: [45][100/132], lr: 0.01250, data_time: 0.000 (0.005), batch_time: 0.411 (0.416), Top-1: 75.00 (88.62), Top-5: 87.50 (96.88), Loss: 0.7050 (0.3738), G_Depth_Loss: 0.1086 (0.1115)
06-06-23 06:24:Testing Results: loss 1.73762, Top-1 63.693, Top-5 88.797
06-06-23 06:24:Testing Results: loss 3.04919, Top-1 13.693, Top-5 49.378
06-06-23 06:24:Best Top-1: 67.01
06-06-23 06:24:Best EMA Top-1: 13.69
06-06-23 06:25:Epoch: [46][100/132], lr: 0.01250, data_time: 0.000 (0.005), batch_time: 0.411 (0.416), Top-1: 100.00 (88.50), Top-5: 100.00 (97.88), Loss: 0.0829 (0.3852), G_Depth_Loss: 0.1088 (0.1101)
06-06-23 06:25:Testing Results: loss 1.76579, Top-1 62.656, Top-5 88.797
06-06-23 06:25:Testing Results: loss 2.96219, Top-1 16.183, Top-5 50.415
06-06-23 06:25:Best Top-1: 67.01
06-06-23 06:25:Best EMA Top-1: 16.18
06-06-23 06:26:Epoch: [47][100/132], lr: 0.01250, data_time: 0.000 (0.006), batch_time: 0.410 (0.417), Top-1: 100.00 (89.00), Top-5: 100.00 (98.12), Loss: 0.0508 (0.3403), G_Depth_Loss: 0.1082 (0.1083)
06-06-23 06:26:Testing Results: loss 1.76101, Top-1 65.353, Top-5 88.797
06-06-23 06:27:Testing Results: loss 2.87167, Top-1 18.672, Top-5 52.490
06-06-23 06:27:Best Top-1: 67.01
06-06-23 06:27:Best EMA Top-1: 18.67
06-06-23 06:27:Epoch: [48][100/132], lr: 0.01250, data_time: 0.000 (0.006), batch_time: 0.411 (0.417), Top-1: 87.50 (91.62), Top-5: 100.00 (98.62), Loss: 0.3001 (0.2739), G_Depth_Loss: 0.1073 (0.1067)
06-06-23 06:28:Testing Results: loss 1.68350, Top-1 65.768, Top-5 90.664
06-06-23 06:28:Testing Results: loss 2.77540, Top-1 20.954, Top-5 54.564
06-06-23 06:28:Best Top-1: 67.01
06-06-23 06:28:Best EMA Top-1: 20.95
06-06-23 06:28:Epoch: [49][100/132], lr: 0.01250, data_time: 0.000 (0.006), batch_time: 0.410 (0.417), Top-1: 100.00 (91.62), Top-5: 100.00 (98.88), Loss: 0.0138 (0.2907), G_Depth_Loss: 0.1029 (0.1050)
06-06-23 06:29:Testing Results: loss 1.66039, Top-1 64.523, Top-5 91.494
06-06-23 06:29:Testing Results: loss 2.67670, Top-1 23.029, Top-5 56.224
06-06-23 06:29:Best Top-1: 67.01
06-06-23 06:29:Best EMA Top-1: 23.03
06-06-23 06:30:Epoch: [50][100/132], lr: 0.01250, data_time: 0.000 (0.005), batch_time: 0.411 (0.416), Top-1: 87.50 (88.62), Top-5: 100.00 (97.12), Loss: 0.3757 (0.3503), G_Depth_Loss: 0.1036 (0.1035)
06-06-23 06:30:Testing Results: loss 1.77574, Top-1 60.581, Top-5 86.722
06-06-23 06:30:Testing Results: loss 2.57729, Top-1 26.349, Top-5 58.299
06-06-23 06:30:Best Top-1: 67.01
06-06-23 06:30:Best EMA Top-1: 26.35
06-06-23 06:31:Epoch: [51][100/132], lr: 0.00125, data_time: 0.000 (0.006), batch_time: 0.411 (0.417), Top-1: 75.00 (90.75), Top-5: 75.00 (98.38), Loss: 0.7178 (0.2729), G_Depth_Loss: 0.1032 (0.1023)
06-06-23 06:31:Testing Results: loss 1.64624, Top-1 67.635, Top-5 90.249
06-06-23 06:32:Testing Results: loss 2.48515, Top-1 29.046, Top-5 60.788
06-06-23 06:32:Best Top-1: 67.63
06-06-23 06:32:Best EMA Top-1: 29.05
06-06-23 06:32:Epoch: [52][100/132], lr: 0.00125, data_time: 0.000 (0.006), batch_time: 0.411 (0.416), Top-1: 87.50 (94.38), Top-5: 100.00 (98.12), Loss: 0.1197 (0.2068), G_Depth_Loss: 0.1000 (0.1021)
06-06-23 06:33:Testing Results: loss 1.53276, Top-1 68.257, Top-5 90.249
06-06-23 06:33:Testing Results: loss 2.40078, Top-1 31.535, Top-5 62.656
06-06-23 06:33:Best Top-1: 68.26
06-06-23 06:33:Best EMA Top-1: 31.54
06-06-23 06:34:Epoch: [53][100/132], lr: 0.00125, data_time: 0.000 (0.005), batch_time: 0.411 (0.416), Top-1: 100.00 (93.50), Top-5: 100.00 (98.38), Loss: 0.0425 (0.2114), G_Depth_Loss: 0.1016 (0.1021)
06-06-23 06:34:Testing Results: loss 1.58343, Top-1 69.295, Top-5 91.286
06-06-23 06:34:Testing Results: loss 2.32227, Top-1 33.817, Top-5 64.730
06-06-23 06:34:Best Top-1: 69.29
06-06-23 06:34:Best EMA Top-1: 33.82
06-06-23 06:35:Epoch: [54][100/132], lr: 0.00125, data_time: 0.000 (0.006), batch_time: 0.503 (0.417), Top-1: 100.00 (96.12), Top-5: 100.00 (99.62), Loss: 0.0083 (0.1374), G_Depth_Loss: 0.1036 (0.1020)
06-06-23 06:35:Testing Results: loss 1.49852, Top-1 68.050, Top-5 91.494
06-06-23 06:35:Testing Results: loss 2.24816, Top-1 35.892, Top-5 65.975
06-06-23 06:35:Best Top-1: 69.29
06-06-23 06:35:Best EMA Top-1: 35.89
06-06-23 06:36:Epoch: [55][100/132], lr: 0.00125, data_time: 0.000 (0.006), batch_time: 0.411 (0.417), Top-1: 87.50 (94.38), Top-5: 100.00 (98.75), Loss: 0.2608 (0.1934), G_Depth_Loss: 0.1017 (0.1019)
06-06-23 06:36:Testing Results: loss 1.50929, Top-1 69.087, Top-5 91.286
06-06-23 06:37:Testing Results: loss 2.17933, Top-1 37.759, Top-5 68.257
06-06-23 06:37:Best Top-1: 69.29
06-06-23 06:37:Best EMA Top-1: 37.76
06-06-23 06:37:Epoch: [56][100/132], lr: 0.00125, data_time: 0.000 (0.006), batch_time: 0.411 (0.416), Top-1: 100.00 (95.38), Top-5: 100.00 (99.25), Loss: 0.0281 (0.1579), G_Depth_Loss: 0.1013 (0.1017)
06-06-23 06:38:Testing Results: loss 1.40977, Top-1 69.087, Top-5 91.494
06-06-23 06:38:Testing Results: loss 2.11369, Top-1 40.664, Top-5 70.124
06-06-23 06:38:Best Top-1: 69.29
06-06-23 06:38:Best EMA Top-1: 40.66
06-06-23 06:39:Epoch: [57][100/132], lr: 0.00125, data_time: 0.000 (0.006), batch_time: 0.411 (0.418), Top-1: 87.50 (93.12), Top-5: 100.00 (97.50), Loss: 0.5150 (0.2264), G_Depth_Loss: 0.1018 (0.1015)
06-06-23 06:39:Testing Results: loss 1.42432, Top-1 69.087, Top-5 91.701
06-06-23 06:39:Testing Results: loss 2.05266, Top-1 42.116, Top-5 73.444
06-06-23 06:39:Best Top-1: 69.29
06-06-23 06:39:Best EMA Top-1: 42.12
06-06-23 06:40:Epoch: [58][100/132], lr: 0.00125, data_time: 0.000 (0.006), batch_time: 0.411 (0.417), Top-1: 100.00 (93.50), Top-5: 100.00 (98.25), Loss: 0.1176 (0.2084), G_Depth_Loss: 0.1003 (0.1013)
06-06-23 06:40:Testing Results: loss 1.44101, Top-1 67.635, Top-5 92.116
06-06-23 06:40:Testing Results: loss 1.99620, Top-1 43.568, Top-5 75.934
06-06-23 06:40:Best Top-1: 69.29
06-06-23 06:40:Best EMA Top-1: 43.57
06-06-23 06:41:Epoch: [59][100/132], lr: 0.00125, data_time: 0.000 (0.006), batch_time: 0.410 (0.417), Top-1: 100.00 (94.62), Top-5: 100.00 (99.38), Loss: 0.0042 (0.1516), G_Depth_Loss: 0.1021 (0.1012)
06-06-23 06:42:Testing Results: loss 1.41380, Top-1 68.465, Top-5 91.909
06-06-23 06:42:Testing Results: loss 1.94432, Top-1 45.021, Top-5 77.593
06-06-23 06:42:Best Top-1: 69.29
06-06-23 06:42:Best EMA Top-1: 45.02
06-06-23 06:42:Epoch: [60][100/132], lr: 0.00125, data_time: 0.000 (0.006), batch_time: 0.411 (0.416), Top-1: 87.50 (95.25), Top-5: 100.00 (98.75), Loss: 0.2686 (0.1619), G_Depth_Loss: 0.1016 (0.1012)
06-06-23 06:43:Testing Results: loss 1.46944, Top-1 68.880, Top-5 91.701
06-06-23 06:43:Testing Results: loss 1.89547, Top-1 45.021, Top-5 78.838
06-06-23 06:43:Best Top-1: 69.29
06-06-23 06:43:Best EMA Top-1: 45.02
06-06-23 06:44:Epoch: [61][100/132], lr: 0.00013, data_time: 0.000 (0.006), batch_time: 0.411 (0.417), Top-1: 87.50 (94.88), Top-5: 100.00 (98.25), Loss: 0.1890 (0.1693), G_Depth_Loss: 0.1011 (0.1009)
06-06-23 06:44:Testing Results: loss 1.48010, Top-1 67.635, Top-5 92.116
06-06-23 06:44:Testing Results: loss 1.84943, Top-1 46.888, Top-5 79.668
06-06-23 06:44:Best Top-1: 69.29
06-06-23 06:44:Best EMA Top-1: 46.89
06-06-23 06:45:Epoch: [62][100/132], lr: 0.00013, data_time: 0.000 (0.006), batch_time: 0.410 (0.416), Top-1: 87.50 (94.25), Top-5: 100.00 (98.75), Loss: 0.2625 (0.1864), G_Depth_Loss: 0.1003 (0.1011)
06-06-23 06:45:Testing Results: loss 1.45740, Top-1 69.087, Top-5 91.494
06-06-23 06:45:Testing Results: loss 1.80582, Top-1 47.925, Top-5 80.705
06-06-23 06:45:Best Top-1: 69.29
06-06-23 06:45:Best EMA Top-1: 47.93
06-06-23 06:46:Epoch: [63][100/132], lr: 0.00013, data_time: 0.000 (0.006), batch_time: 0.411 (0.416), Top-1: 87.50 (95.75), Top-5: 100.00 (99.00), Loss: 0.1313 (0.1480), G_Depth_Loss: 0.1016 (0.1011)
06-06-23 06:47:Testing Results: loss 1.43789, Top-1 69.502, Top-5 92.116
06-06-23 06:47:Testing Results: loss 1.76524, Top-1 48.548, Top-5 81.328
06-06-23 06:47:Best Top-1: 69.50
06-06-23 06:47:Best EMA Top-1: 48.55
06-06-23 06:47:Epoch: [64][100/132], lr: 0.00013, data_time: 0.000 (0.006), batch_time: 0.411 (0.417), Top-1: 100.00 (94.38), Top-5: 100.00 (98.50), Loss: 0.0402 (0.1806), G_Depth_Loss: 0.1026 (0.1008)
06-06-23 06:48:Testing Results: loss 1.43474, Top-1 68.465, Top-5 92.324
06-06-23 06:48:Testing Results: loss 1.72673, Top-1 49.585, Top-5 82.158
06-06-23 06:48:Best Top-1: 69.50
06-06-23 06:48:Best EMA Top-1: 49.59
06-06-23 06:49:Epoch: [65][100/132], lr: 0.00013, data_time: 0.000 (0.006), batch_time: 0.411 (0.417), Top-1: 100.00 (95.38), Top-5: 100.00 (98.62), Loss: 0.0383 (0.1602), G_Depth_Loss: 0.1013 (0.1009)
06-06-23 06:49:Testing Results: loss 1.53319, Top-1 67.635, Top-5 91.079
06-06-23 06:49:Testing Results: loss 1.69112, Top-1 50.415, Top-5 82.988
06-06-23 06:49:Best Top-1: 69.50
06-06-23 06:49:Best EMA Top-1: 50.41
06-06-23 06:50:Epoch: [66][100/132], lr: 0.00013, data_time: 0.000 (0.005), batch_time: 0.410 (0.416), Top-1: 100.00 (96.62), Top-5: 100.00 (98.50), Loss: 0.0252 (0.1214), G_Depth_Loss: 0.0999 (0.1007)
06-06-23 06:50:Testing Results: loss 1.48630, Top-1 68.257, Top-5 92.324
06-06-23 06:51:Testing Results: loss 1.65786, Top-1 51.452, Top-5 83.195
06-06-23 06:51:Best Top-1: 69.50
06-06-23 06:51:Best EMA Top-1: 51.45
06-06-23 06:51:Epoch: [67][100/132], lr: 0.00013, data_time: 0.000 (0.006), batch_time: 0.411 (0.416), Top-1: 100.00 (96.25), Top-5: 100.00 (99.00), Loss: 0.0127 (0.1340), G_Depth_Loss: 0.1024 (0.1008)
06-06-23 06:52:Testing Results: loss 1.44159, Top-1 67.842, Top-5 91.701
06-06-23 06:52:Testing Results: loss 1.62672, Top-1 52.075, Top-5 83.610
06-06-23 06:52:Best Top-1: 69.50
06-06-23 06:52:Best EMA Top-1: 52.07
06-06-23 06:52:Epoch: [68][100/132], lr: 0.00013, data_time: 0.000 (0.005), batch_time: 0.411 (0.416), Top-1: 87.50 (95.62), Top-5: 100.00 (99.62), Loss: 0.3759 (0.1352), G_Depth_Loss: 0.0975 (0.1008)
06-06-23 06:53:Testing Results: loss 1.38247, Top-1 68.672, Top-5 91.909
06-06-23 06:53:Testing Results: loss 1.59776, Top-1 53.112, Top-5 84.025
06-06-23 06:53:Best Top-1: 69.50
06-06-23 06:53:Best EMA Top-1: 53.11
06-06-23 06:54:Epoch: [69][100/132], lr: 0.00013, data_time: 0.000 (0.006), batch_time: 0.411 (0.417), Top-1: 100.00 (95.00), Top-5: 100.00 (98.88), Loss: 0.0183 (0.1611), G_Depth_Loss: 0.0997 (0.1008)
06-06-23 06:54:Testing Results: loss 1.49456, Top-1 67.635, Top-5 91.079
06-06-23 06:54:Testing Results: loss 1.57080, Top-1 53.942, Top-5 84.232
06-06-23 06:54:Best Top-1: 69.50
06-06-23 06:54:Best EMA Top-1: 53.94
06-06-23 06:55:Epoch: [70][100/132], lr: 0.00013, data_time: 0.000 (0.005), batch_time: 0.411 (0.416), Top-1: 100.00 (95.75), Top-5: 100.00 (99.12), Loss: 0.0128 (0.1337), G_Depth_Loss: 0.1001 (0.1007)
06-06-23 06:55:Testing Results: loss 1.49885, Top-1 67.427, Top-5 91.286
06-06-23 06:56:Testing Results: loss 1.54537, Top-1 54.357, Top-5 84.440
06-06-23 06:56:Best Top-1: 69.50
06-06-23 06:56:Best EMA Top-1: 54.36
06-06-23 06:56:Epoch: [71][100/132], lr: 0.00001, data_time: 0.000 (0.006), batch_time: 0.411 (0.416), Top-1: 100.00 (95.50), Top-5: 100.00 (98.12), Loss: 0.0515 (0.1659), G_Depth_Loss: 0.1018 (0.1007)
06-06-23 06:57:Testing Results: loss 1.54483, Top-1 67.012, Top-5 91.909
06-06-23 06:57:Testing Results: loss 1.52157, Top-1 54.564, Top-5 85.270
06-06-23 06:57:Best Top-1: 69.50
06-06-23 06:57:Best EMA Top-1: 54.56
06-06-23 06:58:Epoch: [72][100/132], lr: 0.00001, data_time: 0.000 (0.006), batch_time: 0.412 (0.416), Top-1: 87.50 (95.12), Top-5: 100.00 (99.00), Loss: 0.2762 (0.1583), G_Depth_Loss: 0.0974 (0.1008)
06-06-23 06:58:Testing Results: loss 1.40939, Top-1 68.465, Top-5 91.909
06-06-23 06:58:Testing Results: loss 1.49961, Top-1 56.017, Top-5 85.892
06-06-23 06:58:Best Top-1: 69.50
06-06-23 06:58:Best EMA Top-1: 56.02
06-06-23 06:59:Epoch: [73][100/132], lr: 0.00001, data_time: 0.000 (0.006), batch_time: 0.415 (0.417), Top-1: 87.50 (94.50), Top-5: 87.50 (98.38), Loss: 0.3955 (0.1811), G_Depth_Loss: 0.1045 (0.1009)
06-06-23 06:59:Testing Results: loss 1.43715, Top-1 68.257, Top-5 92.739
06-06-23 06:59:Testing Results: loss 1.47896, Top-1 56.432, Top-5 86.100
06-06-23 06:59:Best Top-1: 69.50
06-06-23 06:59:Best EMA Top-1: 56.43
06-06-23 07:00:Epoch: [74][100/132], lr: 0.00001, data_time: 0.000 (0.006), batch_time: 0.411 (0.418), Top-1: 100.00 (94.12), Top-5: 100.00 (98.75), Loss: 0.0120 (0.1867), G_Depth_Loss: 0.0977 (0.1008)
06-06-23 07:00:Testing Results: loss 1.44865, Top-1 68.465, Top-5 91.286
06-06-23 07:01:Testing Results: loss 1.45989, Top-1 57.261, Top-5 86.515
06-06-23 07:01:Best Top-1: 69.50
06-06-23 07:01:Best EMA Top-1: 57.26
06-06-23 07:01:Epoch: [75][100/132], lr: 0.00001, data_time: 0.000 (0.005), batch_time: 0.411 (0.416), Top-1: 100.00 (94.62), Top-5: 100.00 (99.25), Loss: 0.0955 (0.1736), G_Depth_Loss: 0.1019 (0.1009)
06-06-23 07:02:Testing Results: loss 1.43798, Top-1 68.050, Top-5 91.909
06-06-23 07:02:Testing Results: loss 1.44213, Top-1 57.884, Top-5 86.722
06-06-23 07:02:Best Top-1: 69.50
06-06-23 07:02:Best EMA Top-1: 57.88
06-06-23 07:03:Epoch: [76][100/132], lr: 0.00001, data_time: 0.000 (0.005), batch_time: 0.411 (0.416), Top-1: 87.50 (95.50), Top-5: 100.00 (98.75), Loss: 0.5328 (0.1637), G_Depth_Loss: 0.0999 (0.1008)
06-06-23 07:03:Testing Results: loss 1.48562, Top-1 68.050, Top-5 91.701
06-06-23 07:03:Testing Results: loss 1.42526, Top-1 58.299, Top-5 86.929
06-06-23 07:03:Best Top-1: 69.50
06-06-23 07:03:Best EMA Top-1: 58.30
06-06-23 07:04:Epoch: [77][100/132], lr: 0.00001, data_time: 0.000 (0.006), batch_time: 0.411 (0.417), Top-1: 87.50 (95.62), Top-5: 100.00 (98.88), Loss: 0.3351 (0.1388), G_Depth_Loss: 0.1000 (0.1007)
06-06-23 07:04:Testing Results: loss 1.43656, Top-1 68.672, Top-5 92.324
06-06-23 07:04:Testing Results: loss 1.40940, Top-1 59.336, Top-5 87.344
06-06-23 07:04:Best Top-1: 69.50
06-06-23 07:04:Best EMA Top-1: 59.34
06-06-23 07:05:Epoch: [78][100/132], lr: 0.00001, data_time: 0.000 (0.006), batch_time: 0.410 (0.417), Top-1: 100.00 (96.00), Top-5: 100.00 (99.00), Loss: 0.0230 (0.1541), G_Depth_Loss: 0.0978 (0.1006)
06-06-23 07:06:Testing Results: loss 1.44605, Top-1 68.465, Top-5 91.494
06-06-23 07:06:Testing Results: loss 1.39454, Top-1 59.336, Top-5 87.344
06-06-23 07:06:Best Top-1: 69.50
06-06-23 07:06:Best EMA Top-1: 59.34
06-06-23 07:06:Epoch: [79][100/132], lr: 0.00001, data_time: 0.000 (0.006), batch_time: 0.411 (0.416), Top-1: 100.00 (95.00), Top-5: 100.00 (98.75), Loss: 0.0099 (0.1477), G_Depth_Loss: 0.0979 (0.1009)
06-06-23 07:07:Testing Results: loss 1.44967, Top-1 68.672, Top-5 91.701
06-06-23 07:07:Testing Results: loss 1.38084, Top-1 59.959, Top-5 88.174
06-06-23 07:07:Best Top-1: 69.50
06-06-23 07:07:Best EMA Top-1: 59.96
