06-08-23 04:25:'''
06-08-23 04:25:Dir: runs/NvGesture/SD/2023-6-6-22-50-12_ACTION_resnet50_MTMM_rgb_depth_SD/
06-08-23 04:25:Notes: ema_decay_0.999
06-08-23 04:25:'''
06-08-23 04:25:Loading dataset
06-08-23 04:25:load model
06-08-23 04:25:loading checkpoint...
06-08-23 04:25:First test before training...
06-08-23 04:25:loss: 0.75305
06-08-23 04:25:Top-1: 80.29, Top-5: 97.10
06-08-23 04:25:group: first_conv_weight has 1 params, lr_mult: 1, decay_mult: 1
06-08-23 04:25:group: first_conv_bias has 0 params, lr_mult: 2, decay_mult: 0
06-08-23 04:25:group: normal_weight has 76 params, lr_mult: 1, decay_mult: 1
06-08-23 04:25:group: normal_bias has 0 params, lr_mult: 2, decay_mult: 0
06-08-23 04:25:group: BN scale/shift has 130 params, lr_mult: 1, decay_mult: 0
06-08-23 04:25:group: custom_weight has 128 params, lr_mult: 1, decay_mult: 1
06-08-23 04:25:group: custom_bn has 32 params, lr_mult: 1, decay_mult: 0
06-08-23 04:25:group: lr5_weight has 4 params, lr_mult: 5, decay_mult: 1
06-08-23 04:25:group: lr10_bias has 4 params, lr_mult: 10, decay_mult: 0
06-08-23 04:26:Epoch: [0][100/132], lr: 0.00125, Data_time: 0.000 (0.003), batch time: 0.431 (0.445), Loss: 17.0303 (19.4546), Top-1: 100.00 (91.38), Middle1@1: 0.00 (3.38), Middle2@1: 0.00 (3.75), Middle3@1: 0.00 (4.00) 
06-08-23 04:26:Testing Results: loss 0.91248, Top-1 76.141
06-08-23 04:27:Testing Results: loss 10.97066, Top-1 4.357
06-08-23 04:27:Best Top-1: 76.14
06-08-23 04:27:Best EMA Top-1: 4.36
06-08-23 04:27:Epoch: [1][100/132], lr: 0.00125, Data_time: 0.000 (0.003), batch time: 0.431 (0.434), Loss: 18.9171 (19.0587), Top-1: 100.00 (89.12), Middle1@1: 0.00 (4.50), Middle2@1: 12.50 (4.50), Middle3@1: 25.00 (9.50) 
06-08-23 04:28:Testing Results: loss 0.89382, Top-1 76.141
06-08-23 04:28:Testing Results: loss 4.12160, Top-1 4.149
06-08-23 04:28:Best Top-1: 76.14
06-08-23 04:28:Best EMA Top-1: 4.36
06-08-23 04:29:Epoch: [2][100/132], lr: 0.00125, Data_time: 0.000 (0.003), batch time: 0.432 (0.434), Loss: 16.5543 (17.3793), Top-1: 87.50 (89.50), Middle1@1: 12.50 (4.25), Middle2@1: 0.00 (9.00), Middle3@1: 37.50 (23.62) 
06-08-23 04:29:Testing Results: loss 1.12733, Top-1 72.199
06-08-23 04:29:Testing Results: loss 3.82888, Top-1 5.187
06-08-23 04:29:Best Top-1: 76.14
06-08-23 04:29:Best EMA Top-1: 5.19
06-08-23 04:30:Epoch: [3][100/132], lr: 0.00125, Data_time: 0.000 (0.003), batch time: 0.431 (0.434), Loss: 15.5711 (15.8808), Top-1: 87.50 (86.50), Middle1@1: 0.00 (6.62), Middle2@1: 12.50 (10.25), Middle3@1: 62.50 (38.38) 
06-08-23 04:30:Testing Results: loss 1.02725, Top-1 71.369
06-08-23 04:30:Testing Results: loss 2.60032, Top-1 25.519
06-08-23 04:30:Best Top-1: 76.14
06-08-23 04:30:Best EMA Top-1: 25.52
06-08-23 04:31:Epoch: [4][100/132], lr: 0.00125, Data_time: 0.000 (0.003), batch time: 0.431 (0.434), Loss: 13.0116 (15.1892), Top-1: 100.00 (87.62), Middle1@1: 0.00 (7.25), Middle2@1: 37.50 (11.12), Middle3@1: 62.50 (48.62) 
06-08-23 04:31:Testing Results: loss 0.95914, Top-1 76.556
06-08-23 04:32:Testing Results: loss 1.87938, Top-1 46.058
06-08-23 04:32:Best Top-1: 76.56
06-08-23 04:32:Best EMA Top-1: 46.06
06-08-23 04:32:Epoch: [5][100/132], lr: 0.00125, Data_time: 0.000 (0.003), batch time: 0.431 (0.434), Loss: 14.9872 (14.4258), Top-1: 100.00 (88.00), Middle1@1: 0.00 (9.00), Middle2@1: 25.00 (17.25), Middle3@1: 37.50 (56.25) 
06-08-23 04:33:Testing Results: loss 1.12097, Top-1 74.689
06-08-23 04:33:Testing Results: loss 1.44166, Top-1 57.884
06-08-23 04:33:Best Top-1: 76.56
06-08-23 04:33:Best EMA Top-1: 57.88
06-08-23 04:34:Epoch: [6][100/132], lr: 0.00125, Data_time: 0.000 (0.003), batch time: 0.431 (0.434), Loss: 14.2679 (13.9396), Top-1: 75.00 (90.62), Middle1@1: 12.50 (8.25), Middle2@1: 0.00 (19.12), Middle3@1: 62.50 (61.75) 
06-08-23 04:34:Testing Results: loss 1.23566, Top-1 70.747
06-08-23 04:34:Testing Results: loss 1.14096, Top-1 67.427
06-08-23 04:34:Best Top-1: 76.56
06-08-23 04:34:Best EMA Top-1: 67.43
06-08-23 04:35:Epoch: [7][100/132], lr: 0.00125, Data_time: 0.000 (0.003), batch time: 0.431 (0.434), Loss: 13.0416 (13.4900), Top-1: 100.00 (89.25), Middle1@1: 12.50 (12.00), Middle2@1: 12.50 (25.12), Middle3@1: 62.50 (64.00) 
06-08-23 04:35:Testing Results: loss 1.11567, Top-1 73.444
06-08-23 04:35:Testing Results: loss 0.96210, Top-1 73.029
06-08-23 04:35:Best Top-1: 76.56
06-08-23 04:35:Best EMA Top-1: 73.03
06-08-23 04:36:Epoch: [8][100/132], lr: 0.00125, Data_time: 0.000 (0.003), batch time: 0.431 (0.434), Loss: 15.2612 (13.1611), Top-1: 62.50 (88.75), Middle1@1: 0.00 (13.00), Middle2@1: 25.00 (27.88), Middle3@1: 50.00 (68.62) 
06-08-23 04:37:Testing Results: loss 1.07659, Top-1 73.859
06-08-23 04:37:Testing Results: loss 0.85507, Top-1 75.311
06-08-23 04:37:Best Top-1: 76.56
06-08-23 04:37:Best EMA Top-1: 75.31
06-08-23 04:37:Epoch: [9][100/132], lr: 0.00125, Data_time: 0.000 (0.003), batch time: 0.431 (0.435), Loss: 11.7323 (13.1205), Top-1: 100.00 (84.00), Middle1@1: 12.50 (12.50), Middle2@1: 62.50 (29.25), Middle3@1: 87.50 (70.00) 
06-08-23 04:38:Testing Results: loss 1.10792, Top-1 72.822
06-08-23 04:38:Testing Results: loss 0.79586, Top-1 76.141
06-08-23 04:38:Best Top-1: 76.56
06-08-23 04:38:Best EMA Top-1: 76.14
06-08-23 04:39:Epoch: [10][100/132], lr: 0.00125, Data_time: 0.000 (0.003), batch time: 0.431 (0.434), Loss: 14.9042 (12.5316), Top-1: 87.50 (87.88), Middle1@1: 0.00 (17.12), Middle2@1: 12.50 (31.75), Middle3@1: 62.50 (72.38) 
06-08-23 04:39:Testing Results: loss 1.00235, Top-1 75.934
06-08-23 04:39:Testing Results: loss 0.75427, Top-1 78.216
06-08-23 04:39:Best Top-1: 76.56
06-08-23 04:39:Best EMA Top-1: 78.22
06-08-23 04:40:Epoch: [11][100/132], lr: 0.00125, Data_time: 0.000 (0.003), batch time: 0.431 (0.434), Loss: 12.2267 (12.2182), Top-1: 100.00 (89.12), Middle1@1: 12.50 (17.25), Middle2@1: 50.00 (34.25), Middle3@1: 87.50 (76.25) 
06-08-23 04:40:Testing Results: loss 0.92741, Top-1 74.896
06-08-23 04:41:Testing Results: loss 0.72627, Top-1 79.668
06-08-23 04:41:Best Top-1: 76.56
06-08-23 04:41:Best EMA Top-1: 79.67
06-08-23 04:41:Epoch: [12][100/132], lr: 0.00125, Data_time: 0.000 (0.003), batch time: 0.432 (0.434), Loss: 12.9107 (11.9581), Top-1: 75.00 (87.62), Middle1@1: 12.50 (18.00), Middle2@1: 25.00 (36.62), Middle3@1: 62.50 (76.38) 
06-08-23 04:42:Testing Results: loss 1.28152, Top-1 72.199
06-08-23 04:42:Testing Results: loss 0.70366, Top-1 80.083
06-08-23 04:42:Best Top-1: 76.56
06-08-23 04:42:Best EMA Top-1: 80.08
06-08-23 04:43:Epoch: [13][100/132], lr: 0.00125, Data_time: 0.000 (0.003), batch time: 0.431 (0.434), Loss: 10.1799 (11.7439), Top-1: 100.00 (89.38), Middle1@1: 0.00 (18.50), Middle2@1: 37.50 (36.38), Middle3@1: 87.50 (76.75) 
06-08-23 04:43:Testing Results: loss 1.29081, Top-1 68.880
06-08-23 04:43:Testing Results: loss 0.69400, Top-1 80.705
06-08-23 04:43:Best Top-1: 76.56
06-08-23 04:43:Best EMA Top-1: 80.71
06-08-23 04:44:Epoch: [14][100/132], lr: 0.00125, Data_time: 0.000 (0.003), batch time: 0.431 (0.434), Loss: 10.9943 (12.0803), Top-1: 87.50 (86.50), Middle1@1: 12.50 (20.00), Middle2@1: 50.00 (38.50), Middle3@1: 87.50 (76.38) 
06-08-23 04:44:Testing Results: loss 1.17790, Top-1 71.369
06-08-23 04:44:Testing Results: loss 0.68376, Top-1 81.120
06-08-23 04:44:Best Top-1: 76.56
06-08-23 04:44:Best EMA Top-1: 81.12
06-08-23 04:45:Epoch: [15][100/132], lr: 0.00125, Data_time: 0.000 (0.003), batch time: 0.431 (0.434), Loss: 9.8831 (11.6484), Top-1: 100.00 (89.25), Middle1@1: 37.50 (23.88), Middle2@1: 25.00 (40.75), Middle3@1: 87.50 (78.75) 
06-08-23 04:46:Testing Results: loss 1.00334, Top-1 75.104
06-08-23 04:46:Testing Results: loss 0.67786, Top-1 81.743
06-08-23 04:46:Best Top-1: 76.56
06-08-23 04:46:Best EMA Top-1: 81.74
06-08-23 04:46:Epoch: [16][100/132], lr: 0.00125, Data_time: 0.000 (0.003), batch time: 0.431 (0.434), Loss: 12.0859 (11.4056), Top-1: 87.50 (87.25), Middle1@1: 12.50 (26.62), Middle2@1: 25.00 (43.12), Middle3@1: 75.00 (78.88) 
06-08-23 04:47:Testing Results: loss 0.94837, Top-1 75.519
06-08-23 04:47:Testing Results: loss 0.67210, Top-1 81.535
06-08-23 04:47:Best Top-1: 76.56
06-08-23 04:47:Best EMA Top-1: 81.74
06-08-23 04:48:Epoch: [17][100/132], lr: 0.00125, Data_time: 0.000 (0.003), batch time: 0.431 (0.434), Loss: 8.0265 (10.7962), Top-1: 100.00 (92.62), Middle1@1: 62.50 (28.25), Middle2@1: 62.50 (47.75), Middle3@1: 100.00 (80.38) 
06-08-23 04:48:Testing Results: loss 0.90385, Top-1 76.349
06-08-23 04:48:Testing Results: loss 0.66742, Top-1 81.950
06-08-23 04:48:Best Top-1: 76.56
06-08-23 04:48:Best EMA Top-1: 81.95
06-08-23 04:49:Epoch: [18][100/132], lr: 0.00125, Data_time: 0.000 (0.003), batch time: 0.431 (0.434), Loss: 10.6146 (11.1497), Top-1: 87.50 (87.12), Middle1@1: 37.50 (27.88), Middle2@1: 62.50 (46.12), Middle3@1: 75.00 (79.38) 
06-08-23 04:49:Testing Results: loss 0.96736, Top-1 75.519
06-08-23 04:49:Testing Results: loss 0.66794, Top-1 81.535
06-08-23 04:49:Best Top-1: 76.56
06-08-23 04:49:Best EMA Top-1: 81.95
06-08-23 04:50:Epoch: [19][100/132], lr: 0.00125, Data_time: 0.000 (0.003), batch time: 0.431 (0.434), Loss: 13.0487 (10.5570), Top-1: 75.00 (90.88), Middle1@1: 0.00 (30.00), Middle2@1: 50.00 (47.75), Middle3@1: 37.50 (83.50) 
06-08-23 04:51:Testing Results: loss 0.77165, Top-1 78.423
06-08-23 04:51:Testing Results: loss 0.66598, Top-1 82.365
06-08-23 04:51:Best Top-1: 78.42
06-08-23 04:51:Best EMA Top-1: 82.37
06-08-23 04:51:Epoch: [20][100/132], lr: 0.00125, Data_time: 0.000 (0.003), batch time: 0.431 (0.434), Loss: 8.9698 (10.5051), Top-1: 87.50 (91.25), Middle1@1: 75.00 (32.00), Middle2@1: 62.50 (49.75), Middle3@1: 87.50 (83.88) 
06-08-23 04:52:Testing Results: loss 0.99879, Top-1 76.349
06-08-23 04:52:Testing Results: loss 0.67212, Top-1 81.743
06-08-23 04:52:Best Top-1: 78.42
06-08-23 04:52:Best EMA Top-1: 82.37
06-08-23 04:53:Epoch: [21][100/132], lr: 0.00125, Data_time: 0.000 (0.003), batch time: 0.431 (0.435), Loss: 10.1398 (10.6393), Top-1: 87.50 (88.25), Middle1@1: 12.50 (31.50), Middle2@1: 62.50 (50.12), Middle3@1: 87.50 (83.75) 
06-08-23 04:53:Testing Results: loss 0.99501, Top-1 75.934
06-08-23 04:53:Testing Results: loss 0.67919, Top-1 81.743
06-08-23 04:53:Best Top-1: 78.42
06-08-23 04:53:Best EMA Top-1: 82.37
06-08-23 04:54:Epoch: [22][100/132], lr: 0.00125, Data_time: 0.000 (0.003), batch time: 0.431 (0.434), Loss: 10.2246 (10.2127), Top-1: 87.50 (91.50), Middle1@1: 25.00 (35.38), Middle2@1: 62.50 (52.25), Middle3@1: 87.50 (86.00) 
06-08-23 04:54:Testing Results: loss 0.91219, Top-1 79.046
06-08-23 04:55:Testing Results: loss 0.68139, Top-1 81.950
06-08-23 04:55:Best Top-1: 79.05
06-08-23 04:55:Best EMA Top-1: 82.37
06-08-23 04:55:Epoch: [23][100/132], lr: 0.00125, Data_time: 0.000 (0.003), batch time: 0.431 (0.434), Loss: 11.1366 (9.9070), Top-1: 87.50 (91.12), Middle1@1: 37.50 (36.38), Middle2@1: 37.50 (55.50), Middle3@1: 75.00 (85.38) 
06-08-23 04:56:Testing Results: loss 0.85926, Top-1 77.593
06-08-23 04:56:Testing Results: loss 0.67765, Top-1 81.743
06-08-23 04:56:Best Top-1: 79.05
06-08-23 04:56:Best EMA Top-1: 82.37
06-08-23 04:57:Epoch: [24][100/132], lr: 0.00125, Data_time: 0.000 (0.003), batch time: 0.431 (0.434), Loss: 8.4565 (10.0207), Top-1: 100.00 (89.75), Middle1@1: 37.50 (35.12), Middle2@1: 75.00 (55.50), Middle3@1: 100.00 (84.00) 
06-08-23 04:57:Testing Results: loss 0.87571, Top-1 77.593
06-08-23 04:57:Testing Results: loss 0.67859, Top-1 82.158
06-08-23 04:57:Best Top-1: 79.05
06-08-23 04:57:Best EMA Top-1: 82.37
06-08-23 04:58:Epoch: [25][100/132], lr: 0.00125, Data_time: 0.000 (0.003), batch time: 0.431 (0.434), Loss: 10.2428 (9.7903), Top-1: 75.00 (90.25), Middle1@1: 62.50 (37.62), Middle2@1: 75.00 (58.12), Middle3@1: 62.50 (85.88) 
06-08-23 04:58:Testing Results: loss 0.99416, Top-1 76.763
06-08-23 04:58:Testing Results: loss 0.68373, Top-1 82.365
06-08-23 04:58:Best Top-1: 79.05
06-08-23 04:58:Best EMA Top-1: 82.37
06-08-23 04:59:Epoch: [26][100/132], lr: 0.00125, Data_time: 0.000 (0.003), batch time: 0.431 (0.434), Loss: 10.7856 (9.7216), Top-1: 87.50 (92.50), Middle1@1: 12.50 (38.62), Middle2@1: 25.00 (57.38), Middle3@1: 87.50 (86.75) 
06-08-23 04:59:Testing Results: loss 1.06382, Top-1 75.519
06-08-23 05:00:Testing Results: loss 0.69015, Top-1 81.743
06-08-23 05:00:Best Top-1: 79.05
06-08-23 05:00:Best EMA Top-1: 82.37
06-08-23 05:00:Epoch: [27][100/132], lr: 0.00125, Data_time: 0.000 (0.003), batch time: 0.431 (0.434), Loss: 8.9865 (9.2102), Top-1: 100.00 (92.62), Middle1@1: 75.00 (40.50), Middle2@1: 75.00 (61.12), Middle3@1: 87.50 (88.38) 
06-08-23 05:01:Testing Results: loss 1.00371, Top-1 78.008
06-08-23 05:01:Testing Results: loss 0.69559, Top-1 81.328
06-08-23 05:01:Best Top-1: 79.05
06-08-23 05:01:Best EMA Top-1: 82.37
06-08-23 05:02:Epoch: [28][100/132], lr: 0.00125, Data_time: 0.000 (0.003), batch time: 0.431 (0.434), Loss: 9.3474 (9.2048), Top-1: 100.00 (91.38), Middle1@1: 50.00 (44.38), Middle2@1: 75.00 (62.75), Middle3@1: 75.00 (87.38) 
06-08-23 05:02:Testing Results: loss 1.15488, Top-1 72.407
06-08-23 05:02:Testing Results: loss 0.70815, Top-1 81.535
06-08-23 05:02:Best Top-1: 79.05
06-08-23 05:02:Best EMA Top-1: 82.37
06-08-23 05:03:Epoch: [29][100/132], lr: 0.00125, Data_time: 0.000 (0.003), batch time: 0.431 (0.434), Loss: 9.7174 (9.5978), Top-1: 75.00 (91.38), Middle1@1: 37.50 (41.50), Middle2@1: 87.50 (60.50), Middle3@1: 75.00 (86.38) 
06-08-23 05:03:Testing Results: loss 0.86387, Top-1 79.876
06-08-23 05:03:Testing Results: loss 0.72432, Top-1 81.328
06-08-23 05:03:Best Top-1: 79.88
06-08-23 05:03:Best EMA Top-1: 82.37
06-08-23 05:04:Epoch: [30][100/132], lr: 0.00125, Data_time: 0.000 (0.003), batch time: 0.431 (0.434), Loss: 13.3033 (9.0811), Top-1: 87.50 (92.50), Middle1@1: 12.50 (45.25), Middle2@1: 25.00 (63.38), Middle3@1: 75.00 (88.00) 
06-08-23 05:04:Testing Results: loss 1.12354, Top-1 77.178
06-08-23 05:05:Testing Results: loss 0.72888, Top-1 81.535
06-08-23 05:05:Best Top-1: 79.88
06-08-23 05:05:Best EMA Top-1: 82.37
06-08-23 05:05:Epoch: [31][100/132], lr: 0.00125, Data_time: 0.000 (0.003), batch time: 0.431 (0.435), Loss: 12.4903 (9.1280), Top-1: 75.00 (91.62), Middle1@1: 25.00 (44.62), Middle2@1: 25.00 (62.88), Middle3@1: 62.50 (87.00) 
06-08-23 05:06:Testing Results: loss 0.80036, Top-1 78.631
06-08-23 05:06:Testing Results: loss 0.73113, Top-1 81.743
06-08-23 05:06:Best Top-1: 79.88
06-08-23 05:06:Best EMA Top-1: 82.37
06-08-23 05:07:Epoch: [32][100/132], lr: 0.00125, Data_time: 0.000 (0.003), batch time: 0.431 (0.434), Loss: 7.2036 (9.0052), Top-1: 87.50 (93.62), Middle1@1: 62.50 (47.50), Middle2@1: 87.50 (64.88), Middle3@1: 87.50 (90.12) 
06-08-23 05:07:Testing Results: loss 1.06561, Top-1 74.896
06-08-23 05:07:Testing Results: loss 0.73418, Top-1 81.535
06-08-23 05:07:Best Top-1: 79.88
06-08-23 05:07:Best EMA Top-1: 82.37
06-08-23 05:08:Epoch: [33][100/132], lr: 0.00125, Data_time: 0.000 (0.003), batch time: 0.431 (0.434), Loss: 10.2114 (8.9173), Top-1: 87.50 (91.50), Middle1@1: 25.00 (46.75), Middle2@1: 75.00 (63.88), Middle3@1: 75.00 (87.75) 
06-08-23 05:08:Testing Results: loss 0.89829, Top-1 78.631
06-08-23 05:08:Testing Results: loss 0.74108, Top-1 81.743
06-08-23 05:08:Best Top-1: 79.88
06-08-23 05:08:Best EMA Top-1: 82.37
06-08-23 05:09:Epoch: [34][100/132], lr: 0.00125, Data_time: 0.000 (0.003), batch time: 0.431 (0.434), Loss: 8.0673 (8.7189), Top-1: 100.00 (92.25), Middle1@1: 37.50 (48.88), Middle2@1: 50.00 (66.88), Middle3@1: 75.00 (87.25) 
06-08-23 05:10:Testing Results: loss 1.15515, Top-1 75.726
06-08-23 05:10:Testing Results: loss 0.74489, Top-1 82.365
06-08-23 05:10:Best Top-1: 79.88
06-08-23 05:10:Best EMA Top-1: 82.37
06-08-23 05:10:Epoch: [35][100/132], lr: 0.00125, Data_time: 0.000 (0.003), batch time: 0.431 (0.434), Loss: 8.0218 (8.2823), Top-1: 100.00 (92.75), Middle1@1: 37.50 (50.50), Middle2@1: 87.50 (70.25), Middle3@1: 87.50 (91.38) 
06-08-23 05:11:Testing Results: loss 0.90213, Top-1 80.083
06-08-23 05:11:Testing Results: loss 0.74826, Top-1 82.158
06-08-23 05:11:Best Top-1: 80.08
06-08-23 05:11:Best EMA Top-1: 82.37
06-08-23 05:12:Epoch: [36][100/132], lr: 0.00125, Data_time: 0.000 (0.003), batch time: 0.431 (0.434), Loss: 6.2428 (8.9167), Top-1: 87.50 (90.00), Middle1@1: 87.50 (46.88), Middle2@1: 75.00 (64.25), Middle3@1: 100.00 (87.62) 
06-08-23 05:12:Testing Results: loss 1.22005, Top-1 73.237
06-08-23 05:12:Testing Results: loss 0.75275, Top-1 81.535
06-08-23 05:12:Best Top-1: 80.08
06-08-23 05:12:Best EMA Top-1: 82.37
06-08-23 05:13:Epoch: [37][100/132], lr: 0.00125, Data_time: 0.000 (0.003), batch time: 0.431 (0.434), Loss: 7.3078 (8.2822), Top-1: 100.00 (95.12), Middle1@1: 50.00 (53.12), Middle2@1: 62.50 (69.12), Middle3@1: 100.00 (91.38) 
06-08-23 05:13:Testing Results: loss 1.06747, Top-1 76.556
06-08-23 05:13:Testing Results: loss 0.76392, Top-1 81.328
06-08-23 05:13:Best Top-1: 80.08
06-08-23 05:13:Best EMA Top-1: 82.37
06-08-23 05:14:Epoch: [38][100/132], lr: 0.00125, Data_time: 0.000 (0.003), batch time: 0.431 (0.434), Loss: 7.9742 (8.1018), Top-1: 100.00 (94.12), Middle1@1: 62.50 (52.50), Middle2@1: 62.50 (70.25), Middle3@1: 100.00 (91.75) 
06-08-23 05:15:Testing Results: loss 1.22265, Top-1 72.614
06-08-23 05:15:Testing Results: loss 0.77791, Top-1 81.535
06-08-23 05:15:Best Top-1: 80.08
06-08-23 05:15:Best EMA Top-1: 82.37
06-08-23 05:15:Epoch: [39][100/132], lr: 0.00125, Data_time: 0.000 (0.003), batch time: 0.431 (0.434), Loss: 9.1202 (7.9768), Top-1: 100.00 (93.00), Middle1@1: 62.50 (53.88), Middle2@1: 37.50 (69.38), Middle3@1: 100.00 (91.38) 
06-08-23 05:16:Testing Results: loss 1.45663, Top-1 72.407
06-08-23 05:16:Testing Results: loss 0.79740, Top-1 81.120
06-08-23 05:16:Best Top-1: 80.08
06-08-23 05:16:Best EMA Top-1: 82.37
06-08-23 05:17:Epoch: [40][100/132], lr: 0.00125, Data_time: 0.000 (0.003), batch time: 0.431 (0.435), Loss: 9.5495 (8.5259), Top-1: 87.50 (90.00), Middle1@1: 62.50 (52.75), Middle2@1: 75.00 (66.62), Middle3@1: 87.50 (88.12) 
06-08-23 05:17:Testing Results: loss 0.96147, Top-1 78.423
06-08-23 05:17:Testing Results: loss 0.81189, Top-1 80.913
06-08-23 05:17:Best Top-1: 80.08
06-08-23 05:17:Best EMA Top-1: 82.37
06-08-23 05:18:Epoch: [41][100/132], lr: 0.00125, Data_time: 0.000 (0.003), batch time: 0.431 (0.434), Loss: 12.8157 (8.3563), Top-1: 75.00 (92.00), Middle1@1: 25.00 (52.00), Middle2@1: 50.00 (70.75), Middle3@1: 62.50 (89.00) 
06-08-23 05:18:Testing Results: loss 1.34827, Top-1 73.444
06-08-23 05:19:Testing Results: loss 0.83064, Top-1 81.120
06-08-23 05:19:Best Top-1: 80.08
06-08-23 05:19:Best EMA Top-1: 82.37
06-08-23 05:19:Epoch: [42][100/132], lr: 0.00125, Data_time: 0.000 (0.003), batch time: 0.431 (0.434), Loss: 9.7427 (8.2667), Top-1: 100.00 (93.12), Middle1@1: 37.50 (53.62), Middle2@1: 62.50 (68.88), Middle3@1: 100.00 (90.88) 
06-08-23 05:20:Testing Results: loss 1.00693, Top-1 76.763
06-08-23 05:20:Testing Results: loss 0.85213, Top-1 81.328
06-08-23 05:20:Best Top-1: 80.08
06-08-23 05:20:Best EMA Top-1: 82.37
06-08-23 05:20:Epoch: [43][100/132], lr: 0.00125, Data_time: 0.000 (0.003), batch time: 0.431 (0.434), Loss: 11.0010 (8.0084), Top-1: 62.50 (93.00), Middle1@1: 37.50 (54.25), Middle2@1: 62.50 (72.62), Middle3@1: 75.00 (91.38) 
06-08-23 05:21:Testing Results: loss 1.11989, Top-1 74.274
06-08-23 05:21:Testing Results: loss 0.85705, Top-1 81.120
06-08-23 05:21:Best Top-1: 80.08
06-08-23 05:21:Best EMA Top-1: 82.37
06-08-23 05:22:Epoch: [44][100/132], lr: 0.00125, Data_time: 0.000 (0.003), batch time: 0.431 (0.433), Loss: 7.5125 (7.9588), Top-1: 87.50 (93.38), Middle1@1: 37.50 (56.12), Middle2@1: 75.00 (70.88), Middle3@1: 87.50 (91.50) 
06-08-23 05:22:Testing Results: loss 1.31320, Top-1 74.274
06-08-23 05:22:Testing Results: loss 0.86634, Top-1 80.705
06-08-23 05:22:Best Top-1: 80.08
06-08-23 05:22:Best EMA Top-1: 82.37
06-08-23 05:23:Epoch: [45][100/132], lr: 0.00125, Data_time: 0.000 (0.003), batch time: 0.431 (0.434), Loss: 7.7318 (8.1639), Top-1: 100.00 (92.00), Middle1@1: 37.50 (57.75), Middle2@1: 87.50 (73.00), Middle3@1: 100.00 (90.75) 
06-08-23 05:23:Testing Results: loss 1.10869, Top-1 75.311
06-08-23 05:24:Testing Results: loss 0.87741, Top-1 81.328
06-08-23 05:24:Best Top-1: 80.08
06-08-23 05:24:Best EMA Top-1: 82.37
06-08-23 05:24:Epoch: [46][100/132], lr: 0.00125, Data_time: 0.000 (0.003), batch time: 0.431 (0.434), Loss: 5.7902 (8.0608), Top-1: 100.00 (92.12), Middle1@1: 87.50 (57.88), Middle2@1: 100.00 (73.75), Middle3@1: 100.00 (90.38) 
06-08-23 05:25:Testing Results: loss 0.91694, Top-1 76.763
06-08-23 05:25:Testing Results: loss 0.86784, Top-1 80.913
06-08-23 05:25:Best Top-1: 80.08
06-08-23 05:25:Best EMA Top-1: 82.37
06-08-23 05:26:Epoch: [47][100/132], lr: 0.00125, Data_time: 0.000 (0.003), batch time: 0.431 (0.434), Loss: 8.0389 (8.2401), Top-1: 100.00 (92.38), Middle1@1: 62.50 (56.88), Middle2@1: 75.00 (72.75), Middle3@1: 100.00 (90.75) 
06-08-23 05:26:Testing Results: loss 1.05804, Top-1 76.349
06-08-23 05:26:Testing Results: loss 0.84703, Top-1 80.290
06-08-23 05:26:Best Top-1: 80.08
06-08-23 05:26:Best EMA Top-1: 82.37
06-08-23 05:27:Epoch: [48][100/132], lr: 0.00125, Data_time: 0.000 (0.003), batch time: 0.431 (0.435), Loss: 8.2697 (8.1341), Top-1: 75.00 (91.50), Middle1@1: 87.50 (56.12), Middle2@1: 75.00 (73.62), Middle3@1: 75.00 (90.00) 
06-08-23 05:27:Testing Results: loss 0.88720, Top-1 78.008
06-08-23 05:27:Testing Results: loss 0.84906, Top-1 80.705
06-08-23 05:27:Best Top-1: 80.08
06-08-23 05:27:Best EMA Top-1: 82.37
06-08-23 05:28:Epoch: [49][100/132], lr: 0.00125, Data_time: 0.000 (0.003), batch time: 0.432 (0.434), Loss: 6.0346 (7.6873), Top-1: 87.50 (94.38), Middle1@1: 75.00 (56.50), Middle2@1: 100.00 (74.50), Middle3@1: 100.00 (91.62) 
06-08-23 05:28:Testing Results: loss 1.12351, Top-1 76.556
06-08-23 05:29:Testing Results: loss 0.84963, Top-1 80.498
06-08-23 05:29:Best Top-1: 80.08
06-08-23 05:29:Best EMA Top-1: 82.37
06-08-23 05:29:Epoch: [50][100/132], lr: 0.00125, Data_time: 0.000 (0.003), batch time: 0.431 (0.434), Loss: 7.5046 (7.5987), Top-1: 75.00 (93.00), Middle1@1: 75.00 (59.88), Middle2@1: 75.00 (74.38), Middle3@1: 87.50 (90.25) 
06-08-23 05:30:Testing Results: loss 0.90417, Top-1 79.253
06-08-23 05:30:Testing Results: loss 0.84429, Top-1 80.498
06-08-23 05:30:Best Top-1: 80.08
06-08-23 05:30:Best EMA Top-1: 82.37
06-08-23 05:31:Epoch: [51][100/132], lr: 0.00013, Data_time: 0.000 (0.003), batch time: 0.431 (0.434), Loss: 7.8304 (6.9801), Top-1: 100.00 (94.25), Middle1@1: 50.00 (65.25), Middle2@1: 75.00 (78.50), Middle3@1: 100.00 (93.00) 
06-08-23 05:31:Testing Results: loss 0.88516, Top-1 80.290
06-08-23 05:31:Testing Results: loss 0.83752, Top-1 80.705
06-08-23 05:31:Best Top-1: 80.29
06-08-23 05:31:Best EMA Top-1: 82.37
06-08-23 05:32:Epoch: [52][100/132], lr: 0.00013, Data_time: 0.000 (0.003), batch time: 0.432 (0.434), Loss: 7.9724 (6.3513), Top-1: 75.00 (96.25), Middle1@1: 50.00 (70.00), Middle2@1: 62.50 (85.50), Middle3@1: 87.50 (95.38) 
06-08-23 05:32:Testing Results: loss 0.93883, Top-1 79.253
06-08-23 05:32:Testing Results: loss 0.83611, Top-1 80.498
06-08-23 05:32:Best Top-1: 80.29
06-08-23 05:32:Best EMA Top-1: 82.37
06-08-23 05:33:Epoch: [53][100/132], lr: 0.00013, Data_time: 0.000 (0.003), batch time: 0.431 (0.434), Loss: 6.6434 (6.2440), Top-1: 100.00 (96.00), Middle1@1: 62.50 (72.50), Middle2@1: 87.50 (85.12), Middle3@1: 100.00 (95.75) 
06-08-23 05:34:Testing Results: loss 0.87807, Top-1 79.461
06-08-23 05:34:Testing Results: loss 0.83859, Top-1 80.290
06-08-23 05:34:Best Top-1: 80.29
06-08-23 05:34:Best EMA Top-1: 82.37
06-08-23 05:34:Epoch: [54][100/132], lr: 0.00013, Data_time: 0.000 (0.003), batch time: 0.431 (0.434), Loss: 4.7387 (6.3778), Top-1: 100.00 (96.12), Middle1@1: 100.00 (72.12), Middle2@1: 100.00 (85.12), Middle3@1: 100.00 (95.50) 
06-08-23 05:35:Testing Results: loss 0.96793, Top-1 78.216
06-08-23 05:35:Testing Results: loss 0.84273, Top-1 80.083
06-08-23 05:35:Best Top-1: 80.29
06-08-23 05:35:Best EMA Top-1: 82.37
06-08-23 05:36:Epoch: [55][100/132], lr: 0.00013, Data_time: 0.000 (0.003), batch time: 0.431 (0.434), Loss: 7.3953 (6.2960), Top-1: 100.00 (95.50), Middle1@1: 75.00 (71.88), Middle2@1: 87.50 (83.75), Middle3@1: 87.50 (94.62) 
06-08-23 05:36:Testing Results: loss 0.98154, Top-1 78.008
06-08-23 05:36:Testing Results: loss 0.85036, Top-1 79.253
06-08-23 05:36:Best Top-1: 80.29
06-08-23 05:36:Best EMA Top-1: 82.37
06-08-23 05:37:Epoch: [56][100/132], lr: 0.00013, Data_time: 0.000 (0.003), batch time: 0.431 (0.434), Loss: 7.1455 (6.2860), Top-1: 100.00 (96.75), Middle1@1: 75.00 (70.25), Middle2@1: 87.50 (82.88), Middle3@1: 87.50 (95.75) 
06-08-23 05:37:Testing Results: loss 0.96003, Top-1 78.631
06-08-23 05:37:Testing Results: loss 0.86034, Top-1 79.046
06-08-23 05:37:Best Top-1: 80.29
06-08-23 05:37:Best EMA Top-1: 82.37
06-08-23 05:38:Epoch: [57][100/132], lr: 0.00013, Data_time: 0.000 (0.003), batch time: 0.431 (0.434), Loss: 4.2756 (6.1917), Top-1: 100.00 (97.12), Middle1@1: 87.50 (72.38), Middle2@1: 100.00 (85.38), Middle3@1: 100.00 (96.62) 
06-08-23 05:39:Testing Results: loss 0.93750, Top-1 78.631
06-08-23 05:39:Testing Results: loss 0.86511, Top-1 78.838
06-08-23 05:39:Best Top-1: 80.29
06-08-23 05:39:Best EMA Top-1: 82.37
06-08-23 05:39:Epoch: [58][100/132], lr: 0.00013, Data_time: 0.000 (0.003), batch time: 0.431 (0.434), Loss: 5.4198 (6.3820), Top-1: 100.00 (96.50), Middle1@1: 87.50 (70.12), Middle2@1: 100.00 (83.38), Middle3@1: 100.00 (94.62) 
06-08-23 05:40:Testing Results: loss 0.94194, Top-1 78.423
06-08-23 05:40:Testing Results: loss 0.87185, Top-1 78.423
06-08-23 05:40:Best Top-1: 80.29
06-08-23 05:40:Best EMA Top-1: 82.37
06-08-23 05:41:Epoch: [59][100/132], lr: 0.00013, Data_time: 0.000 (0.003), batch time: 0.431 (0.434), Loss: 7.1326 (6.2605), Top-1: 100.00 (97.00), Middle1@1: 75.00 (71.12), Middle2@1: 62.50 (84.75), Middle3@1: 87.50 (95.88) 
06-08-23 05:41:Testing Results: loss 0.97773, Top-1 77.386
06-08-23 05:41:Testing Results: loss 0.87644, Top-1 78.423
06-08-23 05:41:Best Top-1: 80.29
06-08-23 05:41:Best EMA Top-1: 82.37
06-08-23 05:42:Epoch: [60][100/132], lr: 0.00013, Data_time: 0.000 (0.003), batch time: 0.431 (0.434), Loss: 5.2828 (6.1409), Top-1: 100.00 (97.12), Middle1@1: 87.50 (72.50), Middle2@1: 87.50 (84.25), Middle3@1: 100.00 (96.25) 
06-08-23 05:42:Testing Results: loss 1.01810, Top-1 78.216
06-08-23 05:42:Testing Results: loss 0.88366, Top-1 78.423
06-08-23 05:42:Best Top-1: 80.29
06-08-23 05:42:Best EMA Top-1: 82.37
06-08-23 05:43:Epoch: [61][100/132], lr: 0.00001, Data_time: 0.000 (0.003), batch time: 0.488 (0.434), Loss: 6.2178 (6.0108), Top-1: 100.00 (96.62), Middle1@1: 75.00 (73.62), Middle2@1: 87.50 (87.12), Middle3@1: 100.00 (95.62) 
06-08-23 05:44:Testing Results: loss 0.98766, Top-1 78.838
06-08-23 05:44:Testing Results: loss 0.89117, Top-1 78.423
06-08-23 05:44:Best Top-1: 80.29
06-08-23 05:44:Best EMA Top-1: 82.37
06-08-23 05:44:Epoch: [62][100/132], lr: 0.00001, Data_time: 0.000 (0.003), batch time: 0.431 (0.434), Loss: 4.2873 (5.9751), Top-1: 100.00 (97.25), Middle1@1: 62.50 (75.12), Middle2@1: 100.00 (87.12), Middle3@1: 100.00 (96.75) 
06-08-23 05:45:Testing Results: loss 1.00768, Top-1 78.838
06-08-23 05:45:Testing Results: loss 0.89770, Top-1 78.631
06-08-23 05:45:Best Top-1: 80.29
06-08-23 05:45:Best EMA Top-1: 82.37
06-08-23 05:46:Epoch: [63][100/132], lr: 0.00001, Data_time: 0.000 (0.003), batch time: 0.431 (0.434), Loss: 5.3501 (6.2249), Top-1: 100.00 (96.00), Middle1@1: 87.50 (71.12), Middle2@1: 100.00 (86.12), Middle3@1: 100.00 (95.88) 
06-08-23 05:46:Testing Results: loss 0.97513, Top-1 78.008
06-08-23 05:46:Testing Results: loss 0.90345, Top-1 78.838
06-08-23 05:46:Best Top-1: 80.29
06-08-23 05:46:Best EMA Top-1: 82.37
06-08-23 05:47:Epoch: [64][100/132], lr: 0.00001, Data_time: 0.001 (0.003), batch time: 0.431 (0.434), Loss: 11.1576 (6.1333), Top-1: 75.00 (95.88), Middle1@1: 12.50 (74.00), Middle2@1: 62.50 (86.12), Middle3@1: 75.00 (95.62) 
06-08-23 05:47:Testing Results: loss 0.98034, Top-1 78.838
06-08-23 05:48:Testing Results: loss 0.90891, Top-1 79.046
06-08-23 05:48:Best Top-1: 80.29
06-08-23 05:48:Best EMA Top-1: 82.37
06-08-23 05:48:Epoch: [65][100/132], lr: 0.00001, Data_time: 0.000 (0.003), batch time: 0.432 (0.435), Loss: 7.1311 (5.8905), Top-1: 87.50 (96.62), Middle1@1: 75.00 (73.62), Middle2@1: 87.50 (85.00), Middle3@1: 87.50 (95.75) 
06-08-23 05:49:Testing Results: loss 0.99447, Top-1 78.216
06-08-23 05:49:Testing Results: loss 0.91390, Top-1 79.046
06-08-23 05:49:Best Top-1: 80.29
06-08-23 05:49:Best EMA Top-1: 82.37
06-08-23 05:49:Epoch: [66][100/132], lr: 0.00001, Data_time: 0.000 (0.003), batch time: 0.431 (0.434), Loss: 4.7283 (5.9731), Top-1: 100.00 (97.62), Middle1@1: 87.50 (77.25), Middle2@1: 100.00 (85.25), Middle3@1: 100.00 (97.00) 
06-08-23 05:50:Testing Results: loss 0.99321, Top-1 78.423
06-08-23 05:50:Testing Results: loss 0.91864, Top-1 78.838
06-08-23 05:50:Best Top-1: 80.29
06-08-23 05:50:Best EMA Top-1: 82.37
06-08-23 05:51:Epoch: [67][100/132], lr: 0.00001, Data_time: 0.000 (0.003), batch time: 0.432 (0.435), Loss: 7.2340 (6.0287), Top-1: 87.50 (96.62), Middle1@1: 75.00 (74.25), Middle2@1: 75.00 (87.50), Middle3@1: 87.50 (96.75) 
06-08-23 05:51:Testing Results: loss 0.94240, Top-1 79.253
06-08-23 05:51:Testing Results: loss 0.92273, Top-1 78.838
06-08-23 05:51:Best Top-1: 80.29
06-08-23 05:51:Best EMA Top-1: 82.37
06-08-23 05:52:Epoch: [68][100/132], lr: 0.00001, Data_time: 0.000 (0.003), batch time: 0.432 (0.434), Loss: 4.6622 (6.0777), Top-1: 100.00 (96.88), Middle1@1: 75.00 (72.62), Middle2@1: 100.00 (84.75), Middle3@1: 100.00 (96.38) 
06-08-23 05:52:Testing Results: loss 0.99163, Top-1 78.216
06-08-23 05:53:Testing Results: loss 0.92619, Top-1 78.838
06-08-23 05:53:Best Top-1: 80.29
06-08-23 05:53:Best EMA Top-1: 82.37
06-08-23 05:53:Epoch: [69][100/132], lr: 0.00001, Data_time: 0.000 (0.003), batch time: 0.432 (0.434), Loss: 5.7499 (6.0364), Top-1: 100.00 (97.00), Middle1@1: 62.50 (74.88), Middle2@1: 75.00 (86.88), Middle3@1: 100.00 (96.50) 
06-08-23 05:54:Testing Results: loss 1.02535, Top-1 79.253
06-08-23 05:54:Testing Results: loss 0.92914, Top-1 78.838
06-08-23 05:54:Best Top-1: 80.29
06-08-23 05:54:Best EMA Top-1: 82.37
06-08-23 05:55:Epoch: [70][100/132], lr: 0.00001, Data_time: 0.000 (0.003), batch time: 0.432 (0.434), Loss: 6.2299 (6.0024), Top-1: 100.00 (96.50), Middle1@1: 75.00 (74.75), Middle2@1: 87.50 (85.25), Middle3@1: 100.00 (96.38) 
06-08-23 05:55:Testing Results: loss 0.96274, Top-1 78.631
06-08-23 05:55:Testing Results: loss 0.93254, Top-1 79.046
06-08-23 05:55:Best Top-1: 80.29
06-08-23 05:55:Best EMA Top-1: 82.37
06-08-23 05:56:Epoch: [71][100/132], lr: 0.00000, Data_time: 0.000 (0.003), batch time: 0.431 (0.434), Loss: 6.7195 (6.1850), Top-1: 100.00 (96.38), Middle1@1: 75.00 (72.38), Middle2@1: 87.50 (84.25), Middle3@1: 100.00 (95.50) 
06-08-23 05:56:Testing Results: loss 0.94286, Top-1 78.838
06-08-23 05:56:Testing Results: loss 0.93534, Top-1 79.253
06-08-23 05:56:Best Top-1: 80.29
06-08-23 05:56:Best EMA Top-1: 82.37
06-08-23 05:57:Epoch: [72][100/132], lr: 0.00000, Data_time: 0.000 (0.003), batch time: 0.431 (0.434), Loss: 4.4391 (6.0991), Top-1: 100.00 (96.88), Middle1@1: 75.00 (72.38), Middle2@1: 100.00 (83.62), Middle3@1: 100.00 (95.88) 
06-08-23 05:57:Testing Results: loss 0.95518, Top-1 79.253
06-08-23 05:58:Testing Results: loss 0.93780, Top-1 79.253
06-08-23 05:58:Best Top-1: 80.29
06-08-23 05:58:Best EMA Top-1: 82.37
06-08-23 05:58:Epoch: [73][100/132], lr: 0.00000, Data_time: 0.000 (0.003), batch time: 0.431 (0.434), Loss: 5.5268 (6.2929), Top-1: 100.00 (96.88), Middle1@1: 75.00 (72.75), Middle2@1: 100.00 (84.00), Middle3@1: 100.00 (96.00) 
06-08-23 05:59:Testing Results: loss 0.96239, Top-1 77.801
06-08-23 05:59:Testing Results: loss 0.94024, Top-1 79.253
06-08-23 05:59:Best Top-1: 80.29
06-08-23 05:59:Best EMA Top-1: 82.37
06-08-23 06:00:Epoch: [74][100/132], lr: 0.00000, Data_time: 0.000 (0.003), batch time: 0.431 (0.434), Loss: 5.2073 (6.1421), Top-1: 100.00 (97.62), Middle1@1: 75.00 (71.62), Middle2@1: 100.00 (84.00), Middle3@1: 100.00 (96.00) 
06-08-23 06:00:Testing Results: loss 0.97858, Top-1 77.801
06-08-23 06:00:Testing Results: loss 0.94182, Top-1 79.253
06-08-23 06:00:Best Top-1: 80.29
06-08-23 06:00:Best EMA Top-1: 82.37
06-08-23 06:01:Epoch: [75][100/132], lr: 0.00000, Data_time: 0.000 (0.003), batch time: 0.432 (0.435), Loss: 5.3773 (6.0658), Top-1: 100.00 (97.75), Middle1@1: 75.00 (74.00), Middle2@1: 75.00 (85.62), Middle3@1: 87.50 (96.38) 
06-08-23 06:01:Testing Results: loss 0.97501, Top-1 78.008
06-08-23 06:01:Testing Results: loss 0.94327, Top-1 79.253
06-08-23 06:01:Best Top-1: 80.29
06-08-23 06:01:Best EMA Top-1: 82.37
06-08-23 06:02:Epoch: [76][100/132], lr: 0.00000, Data_time: 0.000 (0.003), batch time: 0.432 (0.434), Loss: 5.1494 (6.1913), Top-1: 100.00 (96.38), Middle1@1: 62.50 (74.25), Middle2@1: 87.50 (84.62), Middle3@1: 100.00 (96.12) 
06-08-23 06:02:Testing Results: loss 0.98247, Top-1 78.008
06-08-23 06:03:Testing Results: loss 0.94445, Top-1 79.253
06-08-23 06:03:Best Top-1: 80.29
06-08-23 06:03:Best EMA Top-1: 82.37
06-08-23 06:03:Epoch: [77][100/132], lr: 0.00000, Data_time: 0.000 (0.003), batch time: 0.431 (0.434), Loss: 5.4164 (6.0217), Top-1: 100.00 (97.25), Middle1@1: 87.50 (75.25), Middle2@1: 100.00 (85.38), Middle3@1: 100.00 (96.75) 
06-08-23 06:04:Testing Results: loss 0.95664, Top-1 78.631
06-08-23 06:04:Testing Results: loss 0.94528, Top-1 79.253
06-08-23 06:04:Best Top-1: 80.29
06-08-23 06:04:Best EMA Top-1: 82.37
06-08-23 06:05:Epoch: [78][100/132], lr: 0.00000, Data_time: 0.000 (0.003), batch time: 0.432 (0.434), Loss: 4.9524 (6.0618), Top-1: 100.00 (96.75), Middle1@1: 100.00 (74.00), Middle2@1: 100.00 (85.88), Middle3@1: 100.00 (95.50) 
06-08-23 06:05:Testing Results: loss 0.98440, Top-1 78.423
06-08-23 06:05:Testing Results: loss 0.94562, Top-1 79.253
06-08-23 06:05:Best Top-1: 80.29
06-08-23 06:05:Best EMA Top-1: 82.37
06-08-23 06:06:Epoch: [79][100/132], lr: 0.00000, Data_time: 0.000 (0.003), batch time: 0.432 (0.435), Loss: 5.8704 (5.7323), Top-1: 87.50 (97.62), Middle1@1: 87.50 (75.50), Middle2@1: 75.00 (86.50), Middle3@1: 100.00 (97.00) 
06-08-23 06:06:Testing Results: loss 1.00396, Top-1 78.631
06-08-23 06:06:Testing Results: loss 0.94545, Top-1 79.253
06-08-23 06:06:Best Top-1: 80.29
06-08-23 06:06:Best EMA Top-1: 82.37
