06-07-23 23:21:'''
06-07-23 23:21:Dir: runs/NvGesture/SD/2023-6-6-21-7-57_ACTION_resnet50_MTMM_rgb_depth_SD/
06-07-23 23:21:Notes: ema_decay_0.999
06-07-23 23:21:'''
06-07-23 23:21:Loading dataset
06-07-23 23:21:load model
06-07-23 23:21:loading checkpoint...
06-07-23 23:21:First test before training...
06-07-23 23:21:loss: 0.87748
06-07-23 23:21:Top-1: 78.84, Top-5: 96.06
06-07-23 23:21:group: first_conv_weight has 1 params, lr_mult: 1, decay_mult: 1
06-07-23 23:21:group: first_conv_bias has 0 params, lr_mult: 2, decay_mult: 0
06-07-23 23:21:group: normal_weight has 76 params, lr_mult: 1, decay_mult: 1
06-07-23 23:21:group: normal_bias has 0 params, lr_mult: 2, decay_mult: 0
06-07-23 23:21:group: BN scale/shift has 130 params, lr_mult: 1, decay_mult: 0
06-07-23 23:21:group: custom_weight has 128 params, lr_mult: 1, decay_mult: 1
06-07-23 23:21:group: custom_bn has 32 params, lr_mult: 1, decay_mult: 0
06-07-23 23:21:group: lr5_weight has 4 params, lr_mult: 5, decay_mult: 1
06-07-23 23:21:group: lr10_bias has 4 params, lr_mult: 10, decay_mult: 0
06-07-23 23:22:Epoch: [0][100/132], lr: 0.00125, Data_time: 0.000 (0.003), batch time: 0.431 (0.444), Loss: 17.0643 (19.4958), Top-1: 100.00 (92.00), Middle1@1: 0.00 (3.25), Middle2@1: 0.00 (3.75), Middle3@1: 0.00 (3.62) 
06-07-23 23:22:Testing Results: loss 1.01930, Top-1 76.556
06-07-23 23:22:Testing Results: loss 8.57277, Top-1 4.357
06-07-23 23:22:Best Top-1: 76.56
06-07-23 23:22:Best EMA Top-1: 4.36
06-07-23 23:23:Epoch: [1][100/132], lr: 0.00125, Data_time: 0.000 (0.003), batch time: 0.431 (0.433), Loss: 19.2762 (19.2040), Top-1: 100.00 (90.62), Middle1@1: 12.50 (4.62), Middle2@1: 12.50 (4.62), Middle3@1: 25.00 (9.00) 
06-07-23 23:23:Testing Results: loss 0.97827, Top-1 75.934
06-07-23 23:23:Testing Results: loss 3.84665, Top-1 4.357
06-07-23 23:23:Best Top-1: 76.56
06-07-23 23:23:Best EMA Top-1: 4.36
06-07-23 23:24:Epoch: [2][100/132], lr: 0.00125, Data_time: 0.000 (0.003), batch time: 0.431 (0.434), Loss: 16.4253 (17.5911), Top-1: 87.50 (89.88), Middle1@1: 12.50 (4.62), Middle2@1: 0.00 (8.00), Middle3@1: 25.00 (20.62) 
06-07-23 23:25:Testing Results: loss 0.96535, Top-1 72.822
06-07-23 23:25:Testing Results: loss 3.72188, Top-1 6.432
06-07-23 23:25:Best Top-1: 76.56
06-07-23 23:25:Best EMA Top-1: 6.43
06-07-23 23:25:Epoch: [3][100/132], lr: 0.00125, Data_time: 0.000 (0.003), batch time: 0.431 (0.434), Loss: 15.3157 (16.0942), Top-1: 87.50 (86.00), Middle1@1: 0.00 (7.38), Middle2@1: 12.50 (11.12), Middle3@1: 62.50 (36.50) 
06-07-23 23:26:Testing Results: loss 1.09207, Top-1 72.822
06-07-23 23:26:Testing Results: loss 2.62463, Top-1 25.934
06-07-23 23:26:Best Top-1: 76.56
06-07-23 23:26:Best EMA Top-1: 25.93
06-07-23 23:27:Epoch: [4][100/132], lr: 0.00125, Data_time: 0.000 (0.003), batch time: 0.431 (0.434), Loss: 13.0687 (15.2847), Top-1: 100.00 (89.38), Middle1@1: 12.50 (6.75), Middle2@1: 25.00 (11.62), Middle3@1: 75.00 (46.38) 
06-07-23 23:27:Testing Results: loss 1.07047, Top-1 76.349
06-07-23 23:27:Testing Results: loss 1.87755, Top-1 46.266
06-07-23 23:27:Best Top-1: 76.56
06-07-23 23:27:Best EMA Top-1: 46.27
06-07-23 23:28:Epoch: [5][100/132], lr: 0.00125, Data_time: 0.000 (0.003), batch time: 0.431 (0.434), Loss: 14.8837 (14.4544), Top-1: 100.00 (87.75), Middle1@1: 12.50 (9.38), Middle2@1: 37.50 (17.38), Middle3@1: 50.00 (56.38) 
06-07-23 23:28:Testing Results: loss 1.24089, Top-1 72.407
06-07-23 23:29:Testing Results: loss 1.40416, Top-1 59.959
06-07-23 23:29:Best Top-1: 76.56
06-07-23 23:29:Best EMA Top-1: 59.96
06-07-23 23:29:Epoch: [6][100/132], lr: 0.00125, Data_time: 0.000 (0.003), batch time: 0.431 (0.434), Loss: 14.5319 (13.8903), Top-1: 75.00 (89.62), Middle1@1: 12.50 (9.00), Middle2@1: 0.00 (19.38), Middle3@1: 50.00 (61.12) 
06-07-23 23:30:Testing Results: loss 1.33799, Top-1 69.295
06-07-23 23:30:Testing Results: loss 1.10784, Top-1 68.465
06-07-23 23:30:Best Top-1: 76.56
06-07-23 23:30:Best EMA Top-1: 68.46
06-07-23 23:31:Epoch: [7][100/132], lr: 0.00125, Data_time: 0.000 (0.003), batch time: 0.431 (0.433), Loss: 12.8292 (13.3556), Top-1: 87.50 (89.62), Middle1@1: 25.00 (11.12), Middle2@1: 12.50 (25.50), Middle3@1: 75.00 (68.12) 
06-07-23 23:31:Testing Results: loss 0.93202, Top-1 76.971
06-07-23 23:31:Testing Results: loss 0.93068, Top-1 73.029
06-07-23 23:31:Best Top-1: 76.97
06-07-23 23:31:Best EMA Top-1: 73.03
06-07-23 23:32:Epoch: [8][100/132], lr: 0.00125, Data_time: 0.000 (0.003), batch time: 0.431 (0.435), Loss: 14.7553 (12.9846), Top-1: 62.50 (89.12), Middle1@1: 0.00 (14.50), Middle2@1: 25.00 (28.75), Middle3@1: 37.50 (68.00) 
06-07-23 23:32:Testing Results: loss 1.23834, Top-1 70.954
06-07-23 23:32:Testing Results: loss 0.83779, Top-1 75.104
06-07-23 23:32:Best Top-1: 76.97
06-07-23 23:32:Best EMA Top-1: 75.10
06-07-23 23:33:Epoch: [9][100/132], lr: 0.00125, Data_time: 0.000 (0.003), batch time: 0.431 (0.434), Loss: 11.7498 (12.9294), Top-1: 100.00 (86.62), Middle1@1: 12.50 (13.50), Middle2@1: 50.00 (28.88), Middle3@1: 75.00 (69.38) 
06-07-23 23:33:Testing Results: loss 1.24091, Top-1 69.710
06-07-23 23:34:Testing Results: loss 0.78817, Top-1 76.349
06-07-23 23:34:Best Top-1: 76.97
06-07-23 23:34:Best EMA Top-1: 76.35
06-07-23 23:34:Epoch: [10][100/132], lr: 0.00125, Data_time: 0.000 (0.003), batch time: 0.431 (0.434), Loss: 14.0920 (12.3829), Top-1: 87.50 (87.38), Middle1@1: 0.00 (17.12), Middle2@1: 25.00 (32.88), Middle3@1: 87.50 (71.75) 
06-07-23 23:35:Testing Results: loss 0.96485, Top-1 77.178
06-07-23 23:35:Testing Results: loss 0.76448, Top-1 76.971
06-07-23 23:35:Best Top-1: 77.18
06-07-23 23:35:Best EMA Top-1: 76.97
06-07-23 23:36:Epoch: [11][100/132], lr: 0.00125, Data_time: 0.000 (0.003), batch time: 0.430 (0.434), Loss: 11.7487 (11.9754), Top-1: 100.00 (91.00), Middle1@1: 12.50 (17.62), Middle2@1: 25.00 (32.75), Middle3@1: 87.50 (78.12) 
06-07-23 23:36:Testing Results: loss 0.89710, Top-1 79.253
06-07-23 23:36:Testing Results: loss 0.74756, Top-1 77.386
06-07-23 23:36:Best Top-1: 79.25
06-07-23 23:36:Best EMA Top-1: 77.39
06-07-23 23:37:Epoch: [12][100/132], lr: 0.00125, Data_time: 0.000 (0.003), batch time: 0.430 (0.433), Loss: 12.1258 (11.6600), Top-1: 100.00 (90.38), Middle1@1: 12.50 (19.50), Middle2@1: 37.50 (36.50), Middle3@1: 75.00 (78.88) 
06-07-23 23:37:Testing Results: loss 1.06786, Top-1 75.311
06-07-23 23:37:Testing Results: loss 0.73503, Top-1 78.838
06-07-23 23:38:Best Top-1: 79.25
06-07-23 23:38:Best EMA Top-1: 78.84
06-07-23 23:38:Epoch: [13][100/132], lr: 0.00125, Data_time: 0.000 (0.003), batch time: 0.431 (0.434), Loss: 9.9969 (11.3930), Top-1: 100.00 (90.50), Middle1@1: 12.50 (18.88), Middle2@1: 12.50 (36.75), Middle3@1: 100.00 (80.00) 
06-07-23 23:39:Testing Results: loss 1.20645, Top-1 72.407
06-07-23 23:39:Testing Results: loss 0.73073, Top-1 79.461
06-07-23 23:39:Best Top-1: 79.25
06-07-23 23:39:Best EMA Top-1: 79.46
06-07-23 23:40:Epoch: [14][100/132], lr: 0.00125, Data_time: 0.000 (0.003), batch time: 0.431 (0.434), Loss: 10.8812 (11.7393), Top-1: 100.00 (87.00), Middle1@1: 12.50 (21.25), Middle2@1: 25.00 (38.38), Middle3@1: 100.00 (78.62) 
06-07-23 23:40:Testing Results: loss 1.14487, Top-1 72.199
06-07-23 23:40:Testing Results: loss 0.72232, Top-1 79.253
06-07-23 23:40:Best Top-1: 79.25
06-07-23 23:40:Best EMA Top-1: 79.46
06-07-23 23:41:Epoch: [15][100/132], lr: 0.00125, Data_time: 0.000 (0.003), batch time: 0.431 (0.433), Loss: 9.9979 (11.2742), Top-1: 100.00 (91.00), Middle1@1: 37.50 (24.38), Middle2@1: 50.00 (40.38), Middle3@1: 100.00 (79.12) 
06-07-23 23:41:Testing Results: loss 0.97744, Top-1 77.178
06-07-23 23:41:Testing Results: loss 0.72108, Top-1 79.668
06-07-23 23:41:Best Top-1: 79.25
06-07-23 23:41:Best EMA Top-1: 79.67
06-07-23 23:42:Epoch: [16][100/132], lr: 0.00125, Data_time: 0.000 (0.003), batch time: 0.431 (0.434), Loss: 11.2293 (11.1088), Top-1: 100.00 (89.12), Middle1@1: 25.00 (27.38), Middle2@1: 25.00 (44.75), Middle3@1: 100.00 (79.50) 
06-07-23 23:42:Testing Results: loss 1.13387, Top-1 74.066
06-07-23 23:43:Testing Results: loss 0.71847, Top-1 80.913
06-07-23 23:43:Best Top-1: 79.25
06-07-23 23:43:Best EMA Top-1: 80.91
06-07-23 23:43:Epoch: [17][100/132], lr: 0.00125, Data_time: 0.000 (0.003), batch time: 0.432 (0.434), Loss: 7.7521 (10.6314), Top-1: 100.00 (90.12), Middle1@1: 50.00 (28.50), Middle2@1: 62.50 (48.50), Middle3@1: 100.00 (81.12) 
06-07-23 23:44:Testing Results: loss 0.93152, Top-1 76.556
06-07-23 23:44:Testing Results: loss 0.71288, Top-1 81.328
06-07-23 23:44:Best Top-1: 79.25
06-07-23 23:44:Best EMA Top-1: 81.33
06-07-23 23:45:Epoch: [18][100/132], lr: 0.00125, Data_time: 0.000 (0.003), batch time: 0.431 (0.434), Loss: 10.4718 (11.0242), Top-1: 87.50 (88.00), Middle1@1: 25.00 (29.38), Middle2@1: 62.50 (48.75), Middle3@1: 87.50 (80.25) 
06-07-23 23:45:Testing Results: loss 0.91174, Top-1 78.838
06-07-23 23:45:Testing Results: loss 0.71343, Top-1 81.535
06-07-23 23:45:Best Top-1: 79.25
06-07-23 23:45:Best EMA Top-1: 81.54
06-07-23 23:46:Epoch: [19][100/132], lr: 0.00125, Data_time: 0.000 (0.003), batch time: 0.431 (0.434), Loss: 13.2759 (10.5820), Top-1: 75.00 (91.38), Middle1@1: 0.00 (30.38), Middle2@1: 50.00 (47.38), Middle3@1: 37.50 (82.88) 
06-07-23 23:46:Testing Results: loss 0.81241, Top-1 78.631
06-07-23 23:46:Testing Results: loss 0.70982, Top-1 82.365
06-07-23 23:46:Best Top-1: 79.25
06-07-23 23:46:Best EMA Top-1: 82.37
06-07-23 23:47:Epoch: [20][100/132], lr: 0.00125, Data_time: 0.000 (0.003), batch time: 0.431 (0.434), Loss: 8.6830 (10.1585), Top-1: 87.50 (93.88), Middle1@1: 75.00 (31.62), Middle2@1: 75.00 (48.88), Middle3@1: 87.50 (85.12) 
06-07-23 23:48:Testing Results: loss 1.06201, Top-1 72.822
06-07-23 23:48:Testing Results: loss 0.70961, Top-1 82.365
06-07-23 23:48:Best Top-1: 79.25
06-07-23 23:48:Best EMA Top-1: 82.37
06-07-23 23:48:Epoch: [21][100/132], lr: 0.00125, Data_time: 0.000 (0.003), batch time: 0.431 (0.434), Loss: 9.8862 (10.3315), Top-1: 87.50 (90.88), Middle1@1: 25.00 (33.00), Middle2@1: 50.00 (51.38), Middle3@1: 87.50 (84.62) 
06-07-23 23:49:Testing Results: loss 1.10091, Top-1 73.444
06-07-23 23:49:Testing Results: loss 0.72139, Top-1 81.743
06-07-23 23:49:Best Top-1: 79.25
06-07-23 23:49:Best EMA Top-1: 82.37
06-07-23 23:50:Epoch: [22][100/132], lr: 0.00125, Data_time: 0.000 (0.003), batch time: 0.431 (0.434), Loss: 10.5407 (10.0097), Top-1: 75.00 (92.38), Middle1@1: 25.00 (34.38), Middle2@1: 62.50 (52.62), Middle3@1: 75.00 (86.25) 
06-07-23 23:50:Testing Results: loss 0.92039, Top-1 76.556
06-07-23 23:50:Testing Results: loss 0.73039, Top-1 81.743
06-07-23 23:50:Best Top-1: 79.25
06-07-23 23:50:Best EMA Top-1: 82.37
06-07-23 23:51:Epoch: [23][100/132], lr: 0.00125, Data_time: 0.000 (0.003), batch time: 0.432 (0.434), Loss: 10.9916 (9.6499), Top-1: 87.50 (91.50), Middle1@1: 37.50 (35.50), Middle2@1: 50.00 (55.38), Middle3@1: 75.00 (84.88) 
06-07-23 23:51:Testing Results: loss 0.99299, Top-1 76.141
06-07-23 23:51:Testing Results: loss 0.73197, Top-1 80.498
06-07-23 23:51:Best Top-1: 79.25
06-07-23 23:51:Best EMA Top-1: 82.37
06-07-23 23:52:Epoch: [24][100/132], lr: 0.00125, Data_time: 0.000 (0.003), batch time: 0.431 (0.434), Loss: 8.3160 (9.7613), Top-1: 100.00 (92.50), Middle1@1: 50.00 (34.50), Middle2@1: 75.00 (55.75), Middle3@1: 100.00 (86.50) 
06-07-23 23:53:Testing Results: loss 0.94640, Top-1 78.216
06-07-23 23:53:Testing Results: loss 0.74344, Top-1 80.083
06-07-23 23:53:Best Top-1: 79.25
06-07-23 23:53:Best EMA Top-1: 82.37
06-07-23 23:53:Epoch: [25][100/132], lr: 0.00125, Data_time: 0.000 (0.003), batch time: 0.431 (0.434), Loss: 10.4887 (9.5470), Top-1: 75.00 (91.12), Middle1@1: 37.50 (37.25), Middle2@1: 75.00 (56.12), Middle3@1: 100.00 (85.88) 
06-07-23 23:54:Testing Results: loss 1.11965, Top-1 72.822
06-07-23 23:54:Testing Results: loss 0.75547, Top-1 80.290
06-07-23 23:54:Best Top-1: 79.25
06-07-23 23:54:Best EMA Top-1: 82.37
06-07-23 23:55:Epoch: [26][100/132], lr: 0.00125, Data_time: 0.000 (0.003), batch time: 0.431 (0.434), Loss: 10.8835 (9.4354), Top-1: 87.50 (92.00), Middle1@1: 25.00 (40.38), Middle2@1: 37.50 (58.88), Middle3@1: 87.50 (86.75) 
06-07-23 23:55:Testing Results: loss 1.03669, Top-1 75.934
06-07-23 23:55:Testing Results: loss 0.75681, Top-1 80.498
06-07-23 23:55:Best Top-1: 79.25
06-07-23 23:55:Best EMA Top-1: 82.37
06-07-23 23:56:Epoch: [27][100/132], lr: 0.00125, Data_time: 0.000 (0.003), batch time: 0.431 (0.434), Loss: 8.7313 (8.9023), Top-1: 100.00 (93.50), Middle1@1: 62.50 (41.62), Middle2@1: 62.50 (61.62), Middle3@1: 87.50 (89.50) 
06-07-23 23:56:Testing Results: loss 0.99185, Top-1 76.971
06-07-23 23:56:Testing Results: loss 0.76026, Top-1 80.498
06-07-23 23:56:Best Top-1: 79.25
06-07-23 23:56:Best EMA Top-1: 82.37
06-07-23 23:57:Epoch: [28][100/132], lr: 0.00125, Data_time: 0.000 (0.003), batch time: 0.431 (0.434), Loss: 8.9511 (8.8285), Top-1: 100.00 (93.75), Middle1@1: 50.00 (43.50), Middle2@1: 62.50 (62.38), Middle3@1: 75.00 (87.12) 
06-07-23 23:58:Testing Results: loss 1.28661, Top-1 72.199
06-07-23 23:58:Testing Results: loss 0.77105, Top-1 80.498
06-07-23 23:58:Best Top-1: 79.25
06-07-23 23:58:Best EMA Top-1: 82.37
06-07-23 23:58:Epoch: [29][100/132], lr: 0.00125, Data_time: 0.000 (0.003), batch time: 0.431 (0.434), Loss: 9.3842 (9.3006), Top-1: 75.00 (92.25), Middle1@1: 50.00 (41.25), Middle2@1: 75.00 (60.75), Middle3@1: 87.50 (87.75) 
06-07-23 23:59:Testing Results: loss 0.91001, Top-1 78.216
06-07-23 23:59:Testing Results: loss 0.77532, Top-1 80.498
06-07-23 23:59:Best Top-1: 79.25
06-07-23 23:59:Best EMA Top-1: 82.37
06-08-23 00:00:Epoch: [30][100/132], lr: 0.00125, Data_time: 0.000 (0.004), batch time: 0.432 (0.434), Loss: 12.9278 (8.7118), Top-1: 87.50 (94.12), Middle1@1: 0.00 (46.00), Middle2@1: 12.50 (64.12), Middle3@1: 75.00 (88.62) 
06-08-23 00:00:Testing Results: loss 1.13198, Top-1 75.519
06-08-23 00:00:Testing Results: loss 0.78545, Top-1 80.498
06-08-23 00:00:Best Top-1: 79.25
06-08-23 00:00:Best EMA Top-1: 82.37
06-08-23 00:01:Epoch: [31][100/132], lr: 0.00125, Data_time: 0.000 (0.003), batch time: 0.431 (0.434), Loss: 12.5385 (9.0105), Top-1: 75.00 (92.12), Middle1@1: 12.50 (45.25), Middle2@1: 50.00 (64.00), Middle3@1: 62.50 (88.38) 
06-08-23 00:01:Testing Results: loss 0.89975, Top-1 75.519
06-08-23 00:02:Testing Results: loss 0.79078, Top-1 80.083
06-08-23 00:02:Best Top-1: 79.25
06-08-23 00:02:Best EMA Top-1: 82.37
06-08-23 00:02:Epoch: [32][100/132], lr: 0.00125, Data_time: 0.000 (0.003), batch time: 0.431 (0.434), Loss: 6.5623 (8.8707), Top-1: 100.00 (92.50), Middle1@1: 37.50 (46.75), Middle2@1: 87.50 (66.50), Middle3@1: 87.50 (90.88) 
06-08-23 00:03:Testing Results: loss 1.09277, Top-1 75.519
06-08-23 00:03:Testing Results: loss 0.78551, Top-1 79.253
06-08-23 00:03:Best Top-1: 79.25
06-08-23 00:03:Best EMA Top-1: 82.37
06-08-23 00:04:Epoch: [33][100/132], lr: 0.00125, Data_time: 0.000 (0.003), batch time: 0.431 (0.434), Loss: 9.7857 (8.8194), Top-1: 100.00 (92.12), Middle1@1: 50.00 (49.75), Middle2@1: 75.00 (64.50), Middle3@1: 87.50 (87.12) 
06-08-23 00:04:Testing Results: loss 0.90863, Top-1 77.801
06-08-23 00:04:Testing Results: loss 0.79144, Top-1 79.668
06-08-23 00:04:Best Top-1: 79.25
06-08-23 00:04:Best EMA Top-1: 82.37
06-08-23 00:05:Epoch: [34][100/132], lr: 0.00125, Data_time: 0.000 (0.003), batch time: 0.431 (0.434), Loss: 7.6784 (8.6978), Top-1: 100.00 (91.38), Middle1@1: 37.50 (51.38), Middle2@1: 62.50 (66.00), Middle3@1: 100.00 (87.50) 
06-08-23 00:05:Testing Results: loss 1.10922, Top-1 73.651
06-08-23 00:05:Testing Results: loss 0.79480, Top-1 79.461
06-08-23 00:05:Best Top-1: 79.25
06-08-23 00:05:Best EMA Top-1: 82.37
06-08-23 00:06:Epoch: [35][100/132], lr: 0.00125, Data_time: 0.000 (0.003), batch time: 0.431 (0.434), Loss: 9.0003 (8.3094), Top-1: 87.50 (93.62), Middle1@1: 37.50 (51.38), Middle2@1: 62.50 (69.25), Middle3@1: 87.50 (91.00) 
06-08-23 00:06:Testing Results: loss 1.04796, Top-1 75.726
06-08-23 00:07:Testing Results: loss 0.79588, Top-1 79.461
06-08-23 00:07:Best Top-1: 79.25
06-08-23 00:07:Best EMA Top-1: 82.37
06-08-23 00:07:Epoch: [36][100/132], lr: 0.00125, Data_time: 0.000 (0.003), batch time: 0.431 (0.433), Loss: 6.6554 (8.5403), Top-1: 100.00 (90.00), Middle1@1: 62.50 (49.62), Middle2@1: 87.50 (64.12), Middle3@1: 100.00 (88.00) 
06-08-23 00:08:Testing Results: loss 1.16436, Top-1 75.104
06-08-23 00:08:Testing Results: loss 0.79947, Top-1 79.668
06-08-23 00:08:Best Top-1: 79.25
06-08-23 00:08:Best EMA Top-1: 82.37
06-08-23 00:09:Epoch: [37][100/132], lr: 0.00125, Data_time: 0.000 (0.003), batch time: 0.431 (0.434), Loss: 7.4314 (8.0464), Top-1: 100.00 (94.00), Middle1@1: 75.00 (54.25), Middle2@1: 62.50 (71.50), Middle3@1: 100.00 (93.00) 
06-08-23 00:09:Testing Results: loss 1.04563, Top-1 77.386
06-08-23 00:09:Testing Results: loss 0.81298, Top-1 79.461
06-08-23 00:09:Best Top-1: 79.25
06-08-23 00:09:Best EMA Top-1: 82.37
06-08-23 00:10:Epoch: [38][100/132], lr: 0.00125, Data_time: 0.000 (0.003), batch time: 0.431 (0.434), Loss: 7.7942 (8.1191), Top-1: 100.00 (93.12), Middle1@1: 50.00 (53.25), Middle2@1: 87.50 (71.12), Middle3@1: 100.00 (90.00) 
06-08-23 00:10:Testing Results: loss 1.12883, Top-1 72.822
06-08-23 00:10:Testing Results: loss 0.81512, Top-1 79.668
06-08-23 00:10:Best Top-1: 79.25
06-08-23 00:10:Best EMA Top-1: 82.37
06-08-23 00:11:Epoch: [39][100/132], lr: 0.00125, Data_time: 0.000 (0.003), batch time: 0.431 (0.434), Loss: 8.7584 (7.8804), Top-1: 100.00 (93.50), Middle1@1: 62.50 (56.88), Middle2@1: 62.50 (70.00), Middle3@1: 87.50 (90.25) 
06-08-23 00:11:Testing Results: loss 1.30434, Top-1 72.199
06-08-23 00:12:Testing Results: loss 0.83609, Top-1 79.461
06-08-23 00:12:Best Top-1: 79.25
06-08-23 00:12:Best EMA Top-1: 82.37
06-08-23 00:12:Epoch: [40][100/132], lr: 0.00125, Data_time: 0.000 (0.003), batch time: 0.430 (0.433), Loss: 8.5473 (8.3901), Top-1: 87.50 (91.00), Middle1@1: 75.00 (51.75), Middle2@1: 75.00 (68.25), Middle3@1: 87.50 (89.00) 
06-08-23 00:13:Testing Results: loss 1.01592, Top-1 75.934
06-08-23 00:13:Testing Results: loss 0.84916, Top-1 79.046
06-08-23 00:13:Best Top-1: 79.25
06-08-23 00:13:Best EMA Top-1: 82.37
06-08-23 00:14:Epoch: [41][100/132], lr: 0.00125, Data_time: 0.000 (0.003), batch time: 0.431 (0.434), Loss: 13.0055 (8.0977), Top-1: 75.00 (93.12), Middle1@1: 25.00 (51.62), Middle2@1: 37.50 (68.00), Middle3@1: 62.50 (89.38) 
06-08-23 00:14:Testing Results: loss 1.34339, Top-1 74.689
06-08-23 00:14:Testing Results: loss 0.87127, Top-1 79.461
06-08-23 00:14:Best Top-1: 79.25
06-08-23 00:14:Best EMA Top-1: 82.37
06-08-23 00:15:Epoch: [42][100/132], lr: 0.00125, Data_time: 0.000 (0.003), batch time: 0.431 (0.434), Loss: 8.6996 (8.2289), Top-1: 100.00 (91.88), Middle1@1: 50.00 (53.50), Middle2@1: 62.50 (67.50), Middle3@1: 87.50 (90.00) 
06-08-23 00:15:Testing Results: loss 1.09850, Top-1 76.349
06-08-23 00:15:Testing Results: loss 0.87175, Top-1 79.253
06-08-23 00:15:Best Top-1: 79.25
06-08-23 00:15:Best EMA Top-1: 82.37
06-08-23 00:16:Epoch: [43][100/132], lr: 0.00125, Data_time: 0.000 (0.003), batch time: 0.431 (0.434), Loss: 12.9747 (7.7493), Top-1: 62.50 (94.00), Middle1@1: 50.00 (55.00), Middle2@1: 50.00 (71.00), Middle3@1: 62.50 (90.75) 
06-08-23 00:17:Testing Results: loss 1.32493, Top-1 71.992
06-08-23 00:17:Testing Results: loss 0.88199, Top-1 79.461
06-08-23 00:17:Best Top-1: 79.25
06-08-23 00:17:Best EMA Top-1: 82.37
06-08-23 00:17:Epoch: [44][100/132], lr: 0.00125, Data_time: 0.000 (0.003), batch time: 0.431 (0.433), Loss: 8.1741 (7.5746), Top-1: 100.00 (94.50), Middle1@1: 37.50 (56.62), Middle2@1: 87.50 (72.12), Middle3@1: 87.50 (92.50) 
06-08-23 00:18:Testing Results: loss 1.70502, Top-1 70.332
06-08-23 00:18:Testing Results: loss 0.89870, Top-1 79.876
06-08-23 00:18:Best Top-1: 79.25
06-08-23 00:18:Best EMA Top-1: 82.37
06-08-23 00:19:Epoch: [45][100/132], lr: 0.00125, Data_time: 0.000 (0.003), batch time: 0.431 (0.434), Loss: 8.0500 (7.9843), Top-1: 87.50 (91.62), Middle1@1: 25.00 (56.25), Middle2@1: 75.00 (72.38), Middle3@1: 100.00 (90.50) 
06-08-23 00:19:Testing Results: loss 1.19758, Top-1 73.444
06-08-23 00:19:Testing Results: loss 0.90373, Top-1 79.253
06-08-23 00:19:Best Top-1: 79.25
06-08-23 00:19:Best EMA Top-1: 82.37
06-08-23 00:20:Epoch: [46][100/132], lr: 0.00125, Data_time: 0.000 (0.003), batch time: 0.431 (0.434), Loss: 5.1513 (7.7850), Top-1: 100.00 (91.38), Middle1@1: 75.00 (59.38), Middle2@1: 100.00 (74.75), Middle3@1: 100.00 (92.12) 
06-08-23 00:20:Testing Results: loss 0.89387, Top-1 77.593
06-08-23 00:20:Testing Results: loss 0.89608, Top-1 79.461
06-08-23 00:20:Best Top-1: 79.25
06-08-23 00:20:Best EMA Top-1: 82.37
06-08-23 00:21:Epoch: [47][100/132], lr: 0.00125, Data_time: 0.000 (0.003), batch time: 0.431 (0.434), Loss: 8.0079 (8.0300), Top-1: 100.00 (92.12), Middle1@1: 75.00 (57.00), Middle2@1: 75.00 (72.12), Middle3@1: 100.00 (89.88) 
06-08-23 00:22:Testing Results: loss 1.17938, Top-1 74.689
06-08-23 00:22:Testing Results: loss 0.89340, Top-1 78.838
06-08-23 00:22:Best Top-1: 79.25
06-08-23 00:22:Best EMA Top-1: 82.37
06-08-23 00:22:Epoch: [48][100/132], lr: 0.00125, Data_time: 0.000 (0.003), batch time: 0.431 (0.434), Loss: 7.8034 (8.1045), Top-1: 87.50 (90.25), Middle1@1: 87.50 (57.25), Middle2@1: 75.00 (72.38), Middle3@1: 87.50 (88.50) 
06-08-23 00:23:Testing Results: loss 1.06774, Top-1 76.141
06-08-23 00:23:Testing Results: loss 0.89390, Top-1 78.838
06-08-23 00:23:Best Top-1: 79.25
06-08-23 00:23:Best EMA Top-1: 82.37
06-08-23 00:24:Epoch: [49][100/132], lr: 0.00125, Data_time: 0.000 (0.003), batch time: 0.431 (0.434), Loss: 5.6495 (7.6237), Top-1: 100.00 (93.50), Middle1@1: 62.50 (58.50), Middle2@1: 100.00 (75.38), Middle3@1: 100.00 (92.12) 
06-08-23 00:24:Testing Results: loss 1.26758, Top-1 74.481
06-08-23 00:24:Testing Results: loss 0.89696, Top-1 79.668
06-08-23 00:24:Best Top-1: 79.25
06-08-23 00:24:Best EMA Top-1: 82.37
06-08-23 00:25:Epoch: [50][100/132], lr: 0.00125, Data_time: 0.000 (0.003), batch time: 0.431 (0.434), Loss: 6.8929 (7.4080), Top-1: 87.50 (93.00), Middle1@1: 75.00 (60.62), Middle2@1: 75.00 (75.12), Middle3@1: 87.50 (91.00) 
06-08-23 00:25:Testing Results: loss 1.14915, Top-1 75.726
06-08-23 00:25:Testing Results: loss 0.90492, Top-1 79.876
06-08-23 00:25:Best Top-1: 79.25
06-08-23 00:25:Best EMA Top-1: 82.37
06-08-23 00:26:Epoch: [51][100/132], lr: 0.00013, Data_time: 0.000 (0.003), batch time: 0.431 (0.434), Loss: 7.1392 (7.1181), Top-1: 100.00 (93.88), Middle1@1: 37.50 (64.38), Middle2@1: 75.00 (77.38), Middle3@1: 100.00 (93.12) 
06-08-23 00:27:Testing Results: loss 1.05834, Top-1 76.556
06-08-23 00:27:Testing Results: loss 0.91266, Top-1 79.046
06-08-23 00:27:Best Top-1: 79.25
06-08-23 00:27:Best EMA Top-1: 82.37
06-08-23 00:27:Epoch: [52][100/132], lr: 0.00013, Data_time: 0.000 (0.003), batch time: 0.431 (0.434), Loss: 8.2914 (6.4618), Top-1: 87.50 (96.88), Middle1@1: 50.00 (71.00), Middle2@1: 62.50 (85.12), Middle3@1: 87.50 (95.62) 
06-08-23 00:28:Testing Results: loss 1.08136, Top-1 77.178
06-08-23 00:28:Testing Results: loss 0.91976, Top-1 79.046
06-08-23 00:28:Best Top-1: 79.25
06-08-23 00:28:Best EMA Top-1: 82.37
06-08-23 00:29:Epoch: [53][100/132], lr: 0.00013, Data_time: 0.000 (0.003), batch time: 0.431 (0.433), Loss: 6.3864 (6.3136), Top-1: 100.00 (95.75), Middle1@1: 87.50 (74.00), Middle2@1: 75.00 (84.62), Middle3@1: 100.00 (95.88) 
06-08-23 00:29:Testing Results: loss 1.00123, Top-1 79.046
06-08-23 00:29:Testing Results: loss 0.92832, Top-1 79.253
06-08-23 00:29:Best Top-1: 79.25
06-08-23 00:29:Best EMA Top-1: 82.37
06-08-23 00:30:Epoch: [54][100/132], lr: 0.00013, Data_time: 0.000 (0.003), batch time: 0.431 (0.434), Loss: 4.5626 (6.4711), Top-1: 100.00 (95.88), Middle1@1: 100.00 (71.62), Middle2@1: 100.00 (84.88), Middle3@1: 100.00 (94.88) 
06-08-23 00:30:Testing Results: loss 1.03667, Top-1 79.046
06-08-23 00:31:Testing Results: loss 0.93514, Top-1 79.461
06-08-23 00:31:Best Top-1: 79.25
06-08-23 00:31:Best EMA Top-1: 82.37
06-08-23 00:31:Epoch: [55][100/132], lr: 0.00013, Data_time: 0.000 (0.003), batch time: 0.431 (0.434), Loss: 7.0368 (6.2868), Top-1: 100.00 (96.38), Middle1@1: 75.00 (71.25), Middle2@1: 87.50 (83.75), Middle3@1: 100.00 (94.62) 
06-08-23 00:32:Testing Results: loss 1.04155, Top-1 78.423
06-08-23 00:32:Testing Results: loss 0.94227, Top-1 79.253
06-08-23 00:32:Best Top-1: 79.25
06-08-23 00:32:Best EMA Top-1: 82.37
06-08-23 00:32:Epoch: [56][100/132], lr: 0.00013, Data_time: 0.000 (0.003), batch time: 0.431 (0.433), Loss: 7.0184 (6.3560), Top-1: 100.00 (97.00), Middle1@1: 75.00 (70.62), Middle2@1: 87.50 (82.75), Middle3@1: 87.50 (95.62) 
06-08-23 00:33:Testing Results: loss 1.05128, Top-1 77.593
06-08-23 00:33:Testing Results: loss 0.95046, Top-1 79.046
06-08-23 00:33:Best Top-1: 79.25
06-08-23 00:33:Best EMA Top-1: 82.37
06-08-23 00:34:Epoch: [57][100/132], lr: 0.00013, Data_time: 0.000 (0.003), batch time: 0.431 (0.433), Loss: 4.3995 (6.1454), Top-1: 100.00 (97.38), Middle1@1: 75.00 (74.88), Middle2@1: 100.00 (86.50), Middle3@1: 100.00 (97.25) 
06-08-23 00:34:Testing Results: loss 0.99740, Top-1 78.423
06-08-23 00:34:Testing Results: loss 0.95438, Top-1 79.253
06-08-23 00:34:Best Top-1: 79.25
06-08-23 00:34:Best EMA Top-1: 82.37
06-08-23 00:35:Epoch: [58][100/132], lr: 0.00013, Data_time: 0.000 (0.003), batch time: 0.431 (0.434), Loss: 5.6846 (6.4031), Top-1: 100.00 (95.88), Middle1@1: 87.50 (71.12), Middle2@1: 87.50 (83.12), Middle3@1: 100.00 (94.12) 
06-08-23 00:35:Testing Results: loss 1.00837, Top-1 78.423
06-08-23 00:36:Testing Results: loss 0.96058, Top-1 78.838
06-08-23 00:36:Best Top-1: 79.25
06-08-23 00:36:Best EMA Top-1: 82.37
06-08-23 00:36:Epoch: [59][100/132], lr: 0.00013, Data_time: 0.000 (0.003), batch time: 0.431 (0.433), Loss: 6.7761 (6.2419), Top-1: 100.00 (96.75), Middle1@1: 87.50 (71.75), Middle2@1: 75.00 (86.38), Middle3@1: 100.00 (95.62) 
06-08-23 00:37:Testing Results: loss 1.04628, Top-1 78.631
06-08-23 00:37:Testing Results: loss 0.96573, Top-1 78.631
06-08-23 00:37:Best Top-1: 79.25
06-08-23 00:37:Best EMA Top-1: 82.37
06-08-23 00:38:Epoch: [60][100/132], lr: 0.00013, Data_time: 0.000 (0.003), batch time: 0.430 (0.434), Loss: 5.3183 (6.1571), Top-1: 100.00 (97.00), Middle1@1: 75.00 (73.12), Middle2@1: 100.00 (83.25), Middle3@1: 100.00 (96.38) 
06-08-23 00:38:Testing Results: loss 1.05143, Top-1 78.838
06-08-23 00:38:Testing Results: loss 0.96900, Top-1 78.216
06-08-23 00:38:Best Top-1: 79.25
06-08-23 00:38:Best EMA Top-1: 82.37
06-08-23 00:39:Epoch: [61][100/132], lr: 0.00001, Data_time: 0.000 (0.003), batch time: 0.431 (0.433), Loss: 6.6183 (6.0227), Top-1: 100.00 (97.00), Middle1@1: 62.50 (74.62), Middle2@1: 75.00 (86.25), Middle3@1: 100.00 (95.62) 
06-08-23 00:39:Testing Results: loss 1.02690, Top-1 80.290
06-08-23 00:39:Testing Results: loss 0.97152, Top-1 78.423
06-08-23 00:39:Best Top-1: 80.29
06-08-23 00:39:Best EMA Top-1: 82.37
06-08-23 00:40:Epoch: [62][100/132], lr: 0.00001, Data_time: 0.000 (0.003), batch time: 0.431 (0.434), Loss: 3.9457 (6.0084), Top-1: 100.00 (97.00), Middle1@1: 87.50 (75.75), Middle2@1: 100.00 (88.00), Middle3@1: 100.00 (96.12) 
06-08-23 00:40:Testing Results: loss 1.01754, Top-1 79.253
06-08-23 00:41:Testing Results: loss 0.97357, Top-1 78.838
06-08-23 00:41:Best Top-1: 80.29
06-08-23 00:41:Best EMA Top-1: 82.37
06-08-23 00:41:Epoch: [63][100/132], lr: 0.00001, Data_time: 0.000 (0.003), batch time: 0.431 (0.433), Loss: 5.4721 (6.2763), Top-1: 100.00 (96.75), Middle1@1: 100.00 (73.25), Middle2@1: 87.50 (86.00), Middle3@1: 100.00 (95.75) 
06-08-23 00:42:Testing Results: loss 1.02669, Top-1 79.253
06-08-23 00:42:Testing Results: loss 0.97506, Top-1 79.046
06-08-23 00:42:Best Top-1: 80.29
06-08-23 00:42:Best EMA Top-1: 82.37
06-08-23 00:43:Epoch: [64][100/132], lr: 0.00001, Data_time: 0.000 (0.003), batch time: 0.431 (0.434), Loss: 10.5383 (6.2043), Top-1: 87.50 (95.75), Middle1@1: 37.50 (75.88), Middle2@1: 62.50 (86.00), Middle3@1: 87.50 (95.00) 
06-08-23 00:43:Testing Results: loss 1.00233, Top-1 79.668
06-08-23 00:43:Testing Results: loss 0.97675, Top-1 79.253
06-08-23 00:43:Best Top-1: 80.29
06-08-23 00:43:Best EMA Top-1: 82.37
06-08-23 00:44:Epoch: [65][100/132], lr: 0.00001, Data_time: 0.000 (0.003), batch time: 0.431 (0.434), Loss: 7.1813 (5.9198), Top-1: 87.50 (96.62), Middle1@1: 75.00 (73.12), Middle2@1: 87.50 (85.25), Middle3@1: 87.50 (96.12) 
06-08-23 00:44:Testing Results: loss 1.01662, Top-1 79.046
06-08-23 00:44:Testing Results: loss 0.97822, Top-1 79.461
06-08-23 00:44:Best Top-1: 80.29
06-08-23 00:44:Best EMA Top-1: 82.37
06-08-23 00:45:Epoch: [66][100/132], lr: 0.00001, Data_time: 0.000 (0.003), batch time: 0.431 (0.433), Loss: 4.7849 (6.0097), Top-1: 100.00 (97.25), Middle1@1: 87.50 (75.75), Middle2@1: 87.50 (85.25), Middle3@1: 100.00 (96.75) 
06-08-23 00:45:Testing Results: loss 1.02987, Top-1 79.461
06-08-23 00:46:Testing Results: loss 0.98006, Top-1 79.461
06-08-23 00:46:Best Top-1: 80.29
06-08-23 00:46:Best EMA Top-1: 82.37
06-08-23 00:46:Epoch: [67][100/132], lr: 0.00001, Data_time: 0.000 (0.003), batch time: 0.431 (0.434), Loss: 6.9430 (6.0629), Top-1: 87.50 (96.62), Middle1@1: 50.00 (74.00), Middle2@1: 75.00 (86.88), Middle3@1: 87.50 (97.00) 
06-08-23 00:47:Testing Results: loss 1.00636, Top-1 78.631
06-08-23 00:47:Testing Results: loss 0.98131, Top-1 79.668
06-08-23 00:47:Best Top-1: 80.29
06-08-23 00:47:Best EMA Top-1: 82.37
06-08-23 00:48:Epoch: [68][100/132], lr: 0.00001, Data_time: 0.000 (0.003), batch time: 0.431 (0.434), Loss: 4.5369 (6.1056), Top-1: 100.00 (96.25), Middle1@1: 62.50 (72.62), Middle2@1: 100.00 (85.00), Middle3@1: 100.00 (96.12) 
06-08-23 00:48:Testing Results: loss 1.02415, Top-1 80.083
06-08-23 00:48:Testing Results: loss 0.98274, Top-1 79.876
06-08-23 00:48:Best Top-1: 80.29
06-08-23 00:48:Best EMA Top-1: 82.37
06-08-23 00:49:Epoch: [69][100/132], lr: 0.00001, Data_time: 0.000 (0.003), batch time: 0.431 (0.434), Loss: 6.1310 (6.0371), Top-1: 100.00 (96.75), Middle1@1: 62.50 (76.25), Middle2@1: 87.50 (86.00), Middle3@1: 100.00 (96.25) 
06-08-23 00:49:Testing Results: loss 1.06037, Top-1 79.253
06-08-23 00:49:Testing Results: loss 0.98353, Top-1 79.876
06-08-23 00:49:Best Top-1: 80.29
06-08-23 00:49:Best EMA Top-1: 82.37
06-08-23 00:50:Epoch: [70][100/132], lr: 0.00001, Data_time: 0.000 (0.003), batch time: 0.431 (0.434), Loss: 6.3038 (6.0098), Top-1: 100.00 (96.88), Middle1@1: 62.50 (74.75), Middle2@1: 100.00 (87.12), Middle3@1: 100.00 (96.00) 
06-08-23 00:51:Testing Results: loss 0.99638, Top-1 80.498
06-08-23 00:51:Testing Results: loss 0.98435, Top-1 79.876
06-08-23 00:51:Best Top-1: 80.50
06-08-23 00:51:Best EMA Top-1: 82.37
06-08-23 00:51:Epoch: [71][100/132], lr: 0.00000, Data_time: 0.000 (0.003), batch time: 0.487 (0.434), Loss: 7.4768 (6.1785), Top-1: 100.00 (96.38), Middle1@1: 50.00 (72.75), Middle2@1: 62.50 (85.75), Middle3@1: 100.00 (95.12) 
06-08-23 00:52:Testing Results: loss 0.99008, Top-1 79.461
06-08-23 00:52:Testing Results: loss 0.98439, Top-1 79.668
06-08-23 00:52:Best Top-1: 80.50
06-08-23 00:52:Best EMA Top-1: 82.37
06-08-23 00:53:Epoch: [72][100/132], lr: 0.00000, Data_time: 0.000 (0.003), batch time: 0.431 (0.434), Loss: 4.2791 (6.1468), Top-1: 100.00 (96.62), Middle1@1: 87.50 (73.38), Middle2@1: 100.00 (85.38), Middle3@1: 100.00 (94.75) 
06-08-23 00:53:Testing Results: loss 0.98065, Top-1 79.876
06-08-23 00:53:Testing Results: loss 0.98526, Top-1 79.668
06-08-23 00:53:Best Top-1: 80.50
06-08-23 00:53:Best EMA Top-1: 82.37
06-08-23 00:54:Epoch: [73][100/132], lr: 0.00000, Data_time: 0.000 (0.003), batch time: 0.431 (0.433), Loss: 5.7879 (6.3518), Top-1: 100.00 (96.62), Middle1@1: 87.50 (72.12), Middle2@1: 100.00 (83.50), Middle3@1: 100.00 (95.00) 
06-08-23 00:54:Testing Results: loss 1.01563, Top-1 79.876
06-08-23 00:54:Testing Results: loss 0.98580, Top-1 79.668
06-08-23 00:54:Best Top-1: 80.50
06-08-23 00:54:Best EMA Top-1: 82.37
06-08-23 00:55:Epoch: [74][100/132], lr: 0.00000, Data_time: 0.000 (0.003), batch time: 0.431 (0.433), Loss: 4.9745 (6.1465), Top-1: 100.00 (97.00), Middle1@1: 75.00 (70.38), Middle2@1: 87.50 (83.50), Middle3@1: 100.00 (95.50) 
06-08-23 00:56:Testing Results: loss 1.01424, Top-1 79.253
06-08-23 00:56:Testing Results: loss 0.98630, Top-1 79.668
06-08-23 00:56:Best Top-1: 80.50
06-08-23 00:56:Best EMA Top-1: 82.37
06-08-23 00:56:Epoch: [75][100/132], lr: 0.00000, Data_time: 0.000 (0.003), batch time: 0.431 (0.433), Loss: 5.4659 (6.0814), Top-1: 100.00 (97.62), Middle1@1: 75.00 (73.12), Middle2@1: 75.00 (84.38), Middle3@1: 87.50 (96.62) 
06-08-23 00:57:Testing Results: loss 1.03217, Top-1 79.461
06-08-23 00:57:Testing Results: loss 0.98664, Top-1 79.668
06-08-23 00:57:Best Top-1: 80.50
06-08-23 00:57:Best EMA Top-1: 82.37
06-08-23 00:58:Epoch: [76][100/132], lr: 0.00000, Data_time: 0.000 (0.003), batch time: 0.430 (0.433), Loss: 5.0330 (6.2013), Top-1: 100.00 (96.88), Middle1@1: 75.00 (74.12), Middle2@1: 87.50 (85.88), Middle3@1: 100.00 (96.00) 
06-08-23 00:58:Testing Results: loss 1.02349, Top-1 79.876
06-08-23 00:58:Testing Results: loss 0.98702, Top-1 79.668
06-08-23 00:58:Best Top-1: 80.50
06-08-23 00:58:Best EMA Top-1: 82.37
06-08-23 00:59:Epoch: [77][100/132], lr: 0.00000, Data_time: 0.000 (0.003), batch time: 0.431 (0.433), Loss: 5.6369 (6.0523), Top-1: 100.00 (97.25), Middle1@1: 87.50 (77.50), Middle2@1: 100.00 (84.62), Middle3@1: 100.00 (97.25) 
06-08-23 00:59:Testing Results: loss 0.98495, Top-1 79.876
06-08-23 00:59:Testing Results: loss 0.98724, Top-1 79.668
06-08-23 00:59:Best Top-1: 80.50
06-08-23 00:59:Best EMA Top-1: 82.37
06-08-23 01:00:Epoch: [78][100/132], lr: 0.00000, Data_time: 0.000 (0.003), batch time: 0.431 (0.434), Loss: 4.7721 (6.0531), Top-1: 100.00 (96.50), Middle1@1: 87.50 (75.88), Middle2@1: 100.00 (86.25), Middle3@1: 100.00 (95.00) 
06-08-23 01:01:Testing Results: loss 1.01596, Top-1 78.838
06-08-23 01:01:Testing Results: loss 0.98663, Top-1 79.876
06-08-23 01:01:Best Top-1: 80.50
06-08-23 01:01:Best EMA Top-1: 82.37
06-08-23 01:01:Epoch: [79][100/132], lr: 0.00000, Data_time: 0.000 (0.003), batch time: 0.431 (0.434), Loss: 5.6817 (5.7828), Top-1: 100.00 (98.25), Middle1@1: 100.00 (76.12), Middle2@1: 100.00 (87.88), Middle3@1: 100.00 (96.62) 
06-08-23 01:02:Testing Results: loss 1.03151, Top-1 79.046
06-08-23 01:02:Testing Results: loss 0.98541, Top-1 79.876
06-08-23 01:02:Best Top-1: 80.50
06-08-23 01:02:Best EMA Top-1: 82.37
