06-06-23 15:38:'''
06-06-23 15:38:Dir: runs/NvGesture/MTMM/2023-6-6-15-38-36_ACTION_resnet50_MTMM_rgb_depth/
06-06-23 15:38:Notes: seed_3
06-06-23 15:38:'''
06-06-23 15:38:Loading dataset
06-06-23 15:38:load model
06-06-23 15:38:First test before training
06-06-23 15:38:loss: 3.21860
06-06-23 15:38:Top-1 accuracy: 3.73%, Top-5 accuracy: 21.58%
06-06-23 15:38:group: first_conv_weight has 1 params, lr_mult: 1, decay_mult: 1
06-06-23 15:38:group: first_conv_bias has 0 params, lr_mult: 2, decay_mult: 0
06-06-23 15:38:group: normal_weight has 57 params, lr_mult: 1, decay_mult: 1
06-06-23 15:38:group: normal_bias has 1 params, lr_mult: 2, decay_mult: 0
06-06-23 15:38:group: BN scale/shift has 114 params, lr_mult: 1, decay_mult: 0
06-06-23 15:38:group: custom_weight has 128 params, lr_mult: 1, decay_mult: 1
06-06-23 15:38:group: custom_bn has 32 params, lr_mult: 1, decay_mult: 0
06-06-23 15:38:group: lr5_weight has 1 params, lr_mult: 5, decay_mult: 1
06-06-23 15:38:group: lr10_bias has 1 params, lr_mult: 10, decay_mult: 0
06-06-23 15:39:Epoch: [0][100/132], lr: 0.01250, data_time: 0.000 (0.006), batch_time: 0.409 (0.425), Top-1: 12.50 (10.12), Top-5: 75.00 (36.25), Loss: 2.4629 (3.0820), G_Depth_Loss: 0.0412 (0.0423)
06-06-23 15:39:Testing Results: loss 2.10171, Top-1 39.004, Top-5 79.461
06-06-23 15:40:Testing Results: loss 3.21271, Top-1 9.544, Top-5 34.232
06-06-23 15:40:Best Top-1: 39.00
06-06-23 15:40:Best EMA Top-1: 9.54
06-06-23 15:40:Epoch: [1][100/132], lr: 0.01250, data_time: 0.000 (0.005), batch_time: 0.409 (0.415), Top-1: 62.50 (42.00), Top-5: 100.00 (82.88), Loss: 1.1411 (1.8664), G_Depth_Loss: 0.0395 (0.0415)
06-06-23 15:41:Testing Results: loss 1.49514, Top-1 54.564, Top-5 90.041
06-06-23 15:41:Testing Results: loss 3.19625, Top-1 17.427, Top-5 59.336
06-06-23 15:41:Best Top-1: 54.56
06-06-23 15:41:Best EMA Top-1: 17.43
06-06-23 15:42:Epoch: [2][100/132], lr: 0.01250, data_time: 0.000 (0.005), batch_time: 0.410 (0.414), Top-1: 50.00 (56.25), Top-5: 87.50 (90.12), Loss: 1.3095 (1.3743), G_Depth_Loss: 0.0411 (0.0417)
06-06-23 15:42:Testing Results: loss 1.08285, Top-1 67.635, Top-5 93.568
06-06-23 15:42:Testing Results: loss 3.17376, Top-1 26.971, Top-5 66.598
06-06-23 15:42:Best Top-1: 67.63
06-06-23 15:42:Best EMA Top-1: 26.97
06-06-23 15:43:Epoch: [3][100/132], lr: 0.01250, data_time: 0.000 (0.006), batch_time: 0.409 (0.415), Top-1: 87.50 (63.12), Top-5: 100.00 (92.50), Loss: 0.5011 (1.1714), G_Depth_Loss: 0.0391 (0.0409)
06-06-23 15:43:Testing Results: loss 1.15615, Top-1 65.560, Top-5 93.776
06-06-23 15:43:Testing Results: loss 3.14691, Top-1 29.046, Top-5 69.295
06-06-23 15:43:Best Top-1: 67.63
06-06-23 15:43:Best EMA Top-1: 29.05
06-06-23 15:44:Epoch: [4][100/132], lr: 0.01250, data_time: 0.000 (0.006), batch_time: 0.409 (0.415), Top-1: 75.00 (68.00), Top-5: 87.50 (94.75), Loss: 1.2546 (0.9542), G_Depth_Loss: 0.0397 (0.0409)
06-06-23 15:44:Testing Results: loss 1.08414, Top-1 70.539, Top-5 94.398
06-06-23 15:45:Testing Results: loss 3.11653, Top-1 31.328, Top-5 70.124
06-06-23 15:45:Best Top-1: 70.54
06-06-23 15:45:Best EMA Top-1: 31.33
06-06-23 15:45:Epoch: [5][100/132], lr: 0.01250, data_time: 0.000 (0.006), batch_time: 0.409 (0.415), Top-1: 62.50 (70.50), Top-5: 100.00 (95.00), Loss: 0.7559 (0.9015), G_Depth_Loss: 0.0415 (0.0408)
06-06-23 15:46:Testing Results: loss 1.02777, Top-1 69.917, Top-5 93.568
06-06-23 15:46:Testing Results: loss 3.08304, Top-1 32.365, Top-5 71.992
06-06-23 15:46:Best Top-1: 70.54
06-06-23 15:46:Best EMA Top-1: 32.37
06-06-23 15:47:Epoch: [6][100/132], lr: 0.01250, data_time: 0.000 (0.006), batch_time: 0.409 (0.415), Top-1: 62.50 (73.00), Top-5: 100.00 (96.25), Loss: 0.9615 (0.8115), G_Depth_Loss: 0.0406 (0.0408)
06-06-23 15:47:Testing Results: loss 1.41115, Top-1 64.108, Top-5 90.664
06-06-23 15:47:Testing Results: loss 3.04667, Top-1 34.025, Top-5 72.614
06-06-23 15:47:Best Top-1: 70.54
06-06-23 15:47:Best EMA Top-1: 34.02
06-06-23 15:48:Epoch: [7][100/132], lr: 0.01250, data_time: 0.000 (0.006), batch_time: 0.409 (0.416), Top-1: 62.50 (75.75), Top-5: 87.50 (95.75), Loss: 1.1631 (0.7523), G_Depth_Loss: 0.0420 (0.0408)
06-06-23 15:48:Testing Results: loss 0.99592, Top-1 73.029, Top-5 95.851
06-06-23 15:48:Testing Results: loss 3.00737, Top-1 35.062, Top-5 74.066
06-06-23 15:48:Best Top-1: 73.03
06-06-23 15:48:Best EMA Top-1: 35.06
06-06-23 15:49:Epoch: [8][100/132], lr: 0.01250, data_time: 0.000 (0.005), batch_time: 0.409 (0.415), Top-1: 50.00 (76.38), Top-5: 87.50 (95.12), Loss: 1.2418 (0.7615), G_Depth_Loss: 0.0470 (0.0402)
06-06-23 15:50:Testing Results: loss 1.03820, Top-1 71.162, Top-5 93.568
06-06-23 15:50:Testing Results: loss 2.96587, Top-1 35.892, Top-5 74.896
06-06-23 15:50:Best Top-1: 73.03
06-06-23 15:50:Best EMA Top-1: 35.89
06-06-23 15:50:Epoch: [9][100/132], lr: 0.01250, data_time: 0.000 (0.006), batch_time: 0.409 (0.415), Top-1: 87.50 (76.38), Top-5: 87.50 (95.62), Loss: 0.5630 (0.6914), G_Depth_Loss: 0.0353 (0.0399)
06-06-23 15:51:Testing Results: loss 1.12018, Top-1 68.465, Top-5 94.606
06-06-23 15:51:Testing Results: loss 2.92209, Top-1 36.929, Top-5 76.141
06-06-23 15:51:Best Top-1: 73.03
06-06-23 15:51:Best EMA Top-1: 36.93
06-06-23 15:52:Epoch: [10][100/132], lr: 0.01250, data_time: 0.000 (0.005), batch_time: 0.409 (0.414), Top-1: 75.00 (79.88), Top-5: 100.00 (97.00), Loss: 0.7847 (0.6415), G_Depth_Loss: 0.0377 (0.0397)
06-06-23 15:52:Testing Results: loss 1.08064, Top-1 73.444, Top-5 92.739
06-06-23 15:52:Testing Results: loss 2.87591, Top-1 39.419, Top-5 76.763
06-06-23 15:52:Best Top-1: 73.44
06-06-23 15:52:Best EMA Top-1: 39.42
06-06-23 15:53:Epoch: [11][100/132], lr: 0.01250, data_time: 0.000 (0.006), batch_time: 0.409 (0.416), Top-1: 87.50 (82.25), Top-5: 100.00 (97.12), Loss: 0.4908 (0.5919), G_Depth_Loss: 0.0402 (0.0399)
06-06-23 15:53:Testing Results: loss 0.96694, Top-1 73.237, Top-5 94.398
06-06-23 15:53:Testing Results: loss 2.82792, Top-1 41.079, Top-5 78.008
06-06-23 15:53:Best Top-1: 73.44
06-06-23 15:53:Best EMA Top-1: 41.08
06-06-23 15:54:Epoch: [12][100/132], lr: 0.01250, data_time: 0.000 (0.006), batch_time: 0.409 (0.415), Top-1: 62.50 (80.38), Top-5: 100.00 (96.38), Loss: 0.5374 (0.6134), G_Depth_Loss: 0.0375 (0.0397)
06-06-23 15:55:Testing Results: loss 1.04078, Top-1 71.369, Top-5 94.813
06-06-23 15:55:Testing Results: loss 2.77758, Top-1 42.946, Top-5 79.046
06-06-23 15:55:Best Top-1: 73.44
06-06-23 15:55:Best EMA Top-1: 42.95
06-06-23 15:55:Epoch: [13][100/132], lr: 0.01250, data_time: 0.000 (0.006), batch_time: 0.409 (0.415), Top-1: 87.50 (84.25), Top-5: 100.00 (97.62), Loss: 0.3919 (0.4848), G_Depth_Loss: 0.0408 (0.0394)
06-06-23 15:56:Testing Results: loss 1.22074, Top-1 73.029, Top-5 92.739
06-06-23 15:56:Testing Results: loss 2.72549, Top-1 44.606, Top-5 79.668
06-06-23 15:56:Best Top-1: 73.44
06-06-23 15:56:Best EMA Top-1: 44.61
06-06-23 15:57:Epoch: [14][100/132], lr: 0.01250, data_time: 0.000 (0.006), batch_time: 0.409 (0.416), Top-1: 87.50 (81.50), Top-5: 100.00 (96.88), Loss: 0.4257 (0.6099), G_Depth_Loss: 0.0417 (0.0389)
06-06-23 15:57:Testing Results: loss 0.98053, Top-1 73.651, Top-5 94.813
06-06-23 15:57:Testing Results: loss 2.67152, Top-1 46.473, Top-5 81.743
06-06-23 15:57:Best Top-1: 73.65
06-06-23 15:57:Best EMA Top-1: 46.47
06-06-23 15:58:Epoch: [15][100/132], lr: 0.01250, data_time: 0.000 (0.006), batch_time: 0.409 (0.416), Top-1: 75.00 (84.12), Top-5: 100.00 (97.12), Loss: 0.9857 (0.5406), G_Depth_Loss: 0.0437 (0.0392)
06-06-23 15:58:Testing Results: loss 1.13849, Top-1 69.087, Top-5 93.568
06-06-23 15:59:Testing Results: loss 2.61607, Top-1 48.755, Top-5 82.988
06-06-23 15:59:Best Top-1: 73.65
06-06-23 15:59:Best EMA Top-1: 48.76
06-06-23 15:59:Epoch: [16][100/132], lr: 0.01250, data_time: 0.000 (0.006), batch_time: 0.410 (0.415), Top-1: 87.50 (83.88), Top-5: 87.50 (97.38), Loss: 0.8616 (0.5612), G_Depth_Loss: 0.0393 (0.0385)
06-06-23 16:00:Testing Results: loss 1.15039, Top-1 70.954, Top-5 94.813
06-06-23 16:00:Testing Results: loss 2.55983, Top-1 51.037, Top-5 83.817
06-06-23 16:00:Best Top-1: 73.65
06-06-23 16:00:Best EMA Top-1: 51.04
06-06-23 16:00:Epoch: [17][100/132], lr: 0.01250, data_time: 0.000 (0.006), batch_time: 0.409 (0.416), Top-1: 87.50 (83.88), Top-5: 100.00 (96.88), Loss: 0.4225 (0.5141), G_Depth_Loss: 0.0415 (0.0383)
06-06-23 16:01:Testing Results: loss 0.88984, Top-1 77.178, Top-5 96.266
06-06-23 16:01:Testing Results: loss 2.50328, Top-1 52.282, Top-5 84.232
06-06-23 16:01:Best Top-1: 77.18
06-06-23 16:01:Best EMA Top-1: 52.28
06-06-23 16:02:Epoch: [18][100/132], lr: 0.01250, data_time: 0.000 (0.006), batch_time: 0.409 (0.415), Top-1: 100.00 (84.12), Top-5: 100.00 (97.62), Loss: 0.0723 (0.4989), G_Depth_Loss: 0.0386 (0.0390)
06-06-23 16:02:Testing Results: loss 0.94405, Top-1 73.029, Top-5 94.191
06-06-23 16:02:Testing Results: loss 2.44539, Top-1 53.320, Top-5 85.270
06-06-23 16:02:Best Top-1: 77.18
06-06-23 16:02:Best EMA Top-1: 53.32
06-06-23 16:03:Epoch: [19][100/132], lr: 0.01250, data_time: 0.000 (0.006), batch_time: 0.409 (0.415), Top-1: 75.00 (83.50), Top-5: 100.00 (96.50), Loss: 0.8369 (0.5026), G_Depth_Loss: 0.0367 (0.0382)
06-06-23 16:03:Testing Results: loss 0.99936, Top-1 73.651, Top-5 95.021
06-06-23 16:04:Testing Results: loss 2.38628, Top-1 53.942, Top-5 85.892
06-06-23 16:04:Best Top-1: 77.18
06-06-23 16:04:Best EMA Top-1: 53.94
06-06-23 16:04:Epoch: [20][100/132], lr: 0.01250, data_time: 0.000 (0.006), batch_time: 0.409 (0.415), Top-1: 87.50 (85.38), Top-5: 100.00 (98.50), Loss: 0.1982 (0.4121), G_Depth_Loss: 0.0411 (0.0379)
06-06-23 16:05:Testing Results: loss 1.34120, Top-1 71.162, Top-5 96.266
06-06-23 16:05:Testing Results: loss 2.32749, Top-1 54.979, Top-5 86.515
06-06-23 16:05:Best Top-1: 77.18
06-06-23 16:05:Best EMA Top-1: 54.98
06-06-23 16:06:Epoch: [21][100/132], lr: 0.01250, data_time: 0.000 (0.007), batch_time: 0.409 (0.417), Top-1: 75.00 (84.12), Top-5: 100.00 (97.88), Loss: 0.5559 (0.4755), G_Depth_Loss: 0.0389 (0.0377)
06-06-23 16:06:Testing Results: loss 1.26319, Top-1 69.917, Top-5 93.361
06-06-23 16:06:Testing Results: loss 2.26890, Top-1 56.224, Top-5 87.137
06-06-23 16:06:Best Top-1: 77.18
06-06-23 16:06:Best EMA Top-1: 56.22
06-06-23 16:07:Epoch: [22][100/132], lr: 0.01250, data_time: 0.000 (0.007), batch_time: 0.409 (0.418), Top-1: 100.00 (85.38), Top-5: 100.00 (97.25), Loss: 0.0370 (0.4932), G_Depth_Loss: 0.0382 (0.0378)
06-06-23 16:07:Testing Results: loss 1.09108, Top-1 69.295, Top-5 93.568
06-06-23 16:07:Testing Results: loss 2.21011, Top-1 56.846, Top-5 87.552
06-06-23 16:07:Best Top-1: 77.18
06-06-23 16:07:Best EMA Top-1: 56.85
06-06-23 16:08:Epoch: [23][100/132], lr: 0.01250, data_time: 0.000 (0.006), batch_time: 0.409 (0.415), Top-1: 75.00 (85.25), Top-5: 100.00 (97.12), Loss: 0.4928 (0.4535), G_Depth_Loss: 0.0405 (0.0380)
06-06-23 16:08:Testing Results: loss 1.09753, Top-1 75.311, Top-5 93.568
06-06-23 16:09:Testing Results: loss 2.15218, Top-1 59.336, Top-5 87.967
06-06-23 16:09:Best Top-1: 77.18
06-06-23 16:09:Best EMA Top-1: 59.34
06-06-23 16:09:Epoch: [24][100/132], lr: 0.01250, data_time: 0.000 (0.006), batch_time: 0.410 (0.415), Top-1: 100.00 (85.75), Top-5: 100.00 (97.75), Loss: 0.0183 (0.4645), G_Depth_Loss: 0.0373 (0.0371)
06-06-23 16:10:Testing Results: loss 1.07680, Top-1 72.822, Top-5 94.398
06-06-23 16:10:Testing Results: loss 2.09472, Top-1 59.751, Top-5 88.174
06-06-23 16:10:Best Top-1: 77.18
06-06-23 16:10:Best EMA Top-1: 59.75
06-06-23 16:11:Epoch: [25][100/132], lr: 0.01250, data_time: 0.000 (0.006), batch_time: 0.409 (0.416), Top-1: 87.50 (88.88), Top-5: 100.00 (98.38), Loss: 0.1126 (0.3459), G_Depth_Loss: 0.0381 (0.0367)
06-06-23 16:11:Testing Results: loss 0.95498, Top-1 75.311, Top-5 95.436
06-06-23 16:11:Testing Results: loss 2.03609, Top-1 60.788, Top-5 88.589
06-06-23 16:11:Best Top-1: 77.18
06-06-23 16:11:Best EMA Top-1: 60.79
06-06-23 16:12:Epoch: [26][100/132], lr: 0.01250, data_time: 0.000 (0.005), batch_time: 0.409 (0.416), Top-1: 100.00 (88.00), Top-5: 100.00 (97.62), Loss: 0.0251 (0.3598), G_Depth_Loss: 0.0407 (0.0364)
06-06-23 16:12:Testing Results: loss 0.90868, Top-1 78.008, Top-5 96.058
06-06-23 16:12:Testing Results: loss 1.97843, Top-1 61.826, Top-5 89.004
06-06-23 16:12:Best Top-1: 78.01
06-06-23 16:12:Best EMA Top-1: 61.83
06-06-23 16:13:Epoch: [27][100/132], lr: 0.01250, data_time: 0.000 (0.006), batch_time: 0.410 (0.416), Top-1: 100.00 (87.00), Top-5: 100.00 (98.12), Loss: 0.0133 (0.3980), G_Depth_Loss: 0.0362 (0.0370)
06-06-23 16:13:Testing Results: loss 0.93781, Top-1 76.349, Top-5 93.776
06-06-23 16:14:Testing Results: loss 1.92260, Top-1 62.863, Top-5 89.212
06-06-23 16:14:Best Top-1: 78.01
06-06-23 16:14:Best EMA Top-1: 62.86
06-06-23 16:14:Epoch: [28][100/132], lr: 0.01250, data_time: 0.000 (0.006), batch_time: 0.410 (0.416), Top-1: 87.50 (90.75), Top-5: 100.00 (97.88), Loss: 0.2656 (0.2966), G_Depth_Loss: 0.0425 (0.0367)
06-06-23 16:15:Testing Results: loss 1.19755, Top-1 73.029, Top-5 92.739
06-06-23 16:15:Testing Results: loss 1.86833, Top-1 64.523, Top-5 89.627
06-06-23 16:15:Best Top-1: 78.01
06-06-23 16:15:Best EMA Top-1: 64.52
06-06-23 16:16:Epoch: [29][100/132], lr: 0.01250, data_time: 0.000 (0.006), batch_time: 0.409 (0.415), Top-1: 87.50 (89.12), Top-5: 100.00 (98.38), Loss: 0.8182 (0.3649), G_Depth_Loss: 0.0412 (0.0366)
06-06-23 16:16:Testing Results: loss 1.21238, Top-1 71.784, Top-5 94.191
06-06-23 16:16:Testing Results: loss 1.81528, Top-1 65.975, Top-5 89.834
06-06-23 16:16:Best Top-1: 78.01
06-06-23 16:16:Best EMA Top-1: 65.98
06-06-23 16:17:Epoch: [30][100/132], lr: 0.01250, data_time: 0.000 (0.005), batch_time: 0.409 (0.415), Top-1: 100.00 (88.25), Top-5: 100.00 (98.25), Loss: 0.0969 (0.3580), G_Depth_Loss: 0.0338 (0.0368)
06-06-23 16:17:Testing Results: loss 1.23282, Top-1 73.237, Top-5 93.361
06-06-23 16:17:Testing Results: loss 1.76330, Top-1 66.598, Top-5 90.041
06-06-23 16:17:Best Top-1: 78.01
06-06-23 16:17:Best EMA Top-1: 66.60
06-06-23 16:18:Epoch: [31][100/132], lr: 0.01250, data_time: 0.000 (0.006), batch_time: 0.410 (0.416), Top-1: 87.50 (89.88), Top-5: 87.50 (97.75), Loss: 0.6432 (0.3483), G_Depth_Loss: 0.0381 (0.0362)
06-06-23 16:19:Testing Results: loss 0.99852, Top-1 75.104, Top-5 94.813
06-06-23 16:19:Testing Results: loss 1.71160, Top-1 67.842, Top-5 90.456
06-06-23 16:19:Best Top-1: 78.01
06-06-23 16:19:Best EMA Top-1: 67.84
06-06-23 16:19:Epoch: [32][100/132], lr: 0.01250, data_time: 0.000 (0.006), batch_time: 0.410 (0.416), Top-1: 87.50 (91.38), Top-5: 87.50 (98.38), Loss: 0.4588 (0.3006), G_Depth_Loss: 0.0353 (0.0362)
06-06-23 16:20:Testing Results: loss 1.19411, Top-1 75.519, Top-5 94.606
06-06-23 16:20:Testing Results: loss 1.66021, Top-1 68.257, Top-5 90.871
06-06-23 16:20:Best Top-1: 78.01
06-06-23 16:20:Best EMA Top-1: 68.26
06-06-23 16:21:Epoch: [33][100/132], lr: 0.01250, data_time: 0.000 (0.006), batch_time: 0.410 (0.415), Top-1: 87.50 (89.88), Top-5: 100.00 (98.00), Loss: 0.4207 (0.3313), G_Depth_Loss: 0.0327 (0.0361)
06-06-23 16:21:Testing Results: loss 1.11343, Top-1 73.237, Top-5 94.191
06-06-23 16:21:Testing Results: loss 1.61135, Top-1 69.087, Top-5 91.286
06-06-23 16:21:Best Top-1: 78.01
06-06-23 16:21:Best EMA Top-1: 69.09
06-06-23 16:22:Epoch: [34][100/132], lr: 0.01250, data_time: 0.000 (0.006), batch_time: 0.410 (0.416), Top-1: 87.50 (90.75), Top-5: 100.00 (98.00), Loss: 0.3944 (0.2878), G_Depth_Loss: 0.0376 (0.0359)
06-06-23 16:22:Testing Results: loss 1.24334, Top-1 74.689, Top-5 93.983
06-06-23 16:22:Testing Results: loss 1.56341, Top-1 69.710, Top-5 91.079
06-06-23 16:22:Best Top-1: 78.01
06-06-23 16:22:Best EMA Top-1: 69.71
06-06-23 16:23:Epoch: [35][100/132], lr: 0.01250, data_time: 0.000 (0.006), batch_time: 0.409 (0.416), Top-1: 87.50 (91.12), Top-5: 100.00 (98.88), Loss: 0.9568 (0.2960), G_Depth_Loss: 0.0345 (0.0364)
06-06-23 16:24:Testing Results: loss 1.21596, Top-1 73.444, Top-5 93.568
06-06-23 16:24:Testing Results: loss 1.51701, Top-1 70.124, Top-5 91.909
06-06-23 16:24:Best Top-1: 78.01
06-06-23 16:24:Best EMA Top-1: 70.12
06-06-23 16:24:Epoch: [36][100/132], lr: 0.01250, data_time: 0.000 (0.006), batch_time: 0.410 (0.416), Top-1: 100.00 (90.88), Top-5: 100.00 (98.12), Loss: 0.0083 (0.2960), G_Depth_Loss: 0.0368 (0.0357)
06-06-23 16:25:Testing Results: loss 1.31321, Top-1 73.651, Top-5 92.531
06-06-23 16:25:Testing Results: loss 1.47279, Top-1 70.747, Top-5 91.909
06-06-23 16:25:Best Top-1: 78.01
06-06-23 16:25:Best EMA Top-1: 70.75
06-06-23 16:26:Epoch: [37][100/132], lr: 0.01250, data_time: 0.000 (0.005), batch_time: 0.410 (0.415), Top-1: 100.00 (92.00), Top-5: 100.00 (98.62), Loss: 0.0535 (0.2739), G_Depth_Loss: 0.0328 (0.0356)
06-06-23 16:26:Testing Results: loss 1.22388, Top-1 75.311, Top-5 93.776
06-06-23 16:26:Testing Results: loss 1.42932, Top-1 71.162, Top-5 92.324
06-06-23 16:26:Best Top-1: 78.01
06-06-23 16:26:Best EMA Top-1: 71.16
06-06-23 16:27:Epoch: [38][100/132], lr: 0.01250, data_time: 0.000 (0.006), batch_time: 0.410 (0.415), Top-1: 87.50 (89.38), Top-5: 100.00 (98.62), Loss: 0.6305 (0.3171), G_Depth_Loss: 0.0359 (0.0351)
06-06-23 16:27:Testing Results: loss 1.16841, Top-1 74.896, Top-5 95.021
06-06-23 16:27:Testing Results: loss 1.38771, Top-1 71.784, Top-5 92.531
06-06-23 16:27:Best Top-1: 78.01
06-06-23 16:27:Best EMA Top-1: 71.78
06-06-23 16:28:Epoch: [39][100/132], lr: 0.01250, data_time: 0.000 (0.006), batch_time: 0.410 (0.415), Top-1: 87.50 (90.12), Top-5: 100.00 (97.75), Loss: 0.4364 (0.3139), G_Depth_Loss: 0.0382 (0.0358)
06-06-23 16:29:Testing Results: loss 1.23905, Top-1 73.651, Top-5 93.361
06-06-23 16:29:Testing Results: loss 1.34738, Top-1 72.199, Top-5 92.531
06-06-23 16:29:Best Top-1: 78.01
06-06-23 16:29:Best EMA Top-1: 72.20
06-06-23 16:29:Epoch: [40][100/132], lr: 0.01250, data_time: 0.000 (0.007), batch_time: 0.409 (0.417), Top-1: 87.50 (91.50), Top-5: 87.50 (98.75), Loss: 0.4356 (0.2878), G_Depth_Loss: 0.0310 (0.0351)
06-06-23 16:30:Testing Results: loss 1.21527, Top-1 73.237, Top-5 92.946
06-06-23 16:30:Testing Results: loss 1.30956, Top-1 72.199, Top-5 93.154
06-06-23 16:30:Best Top-1: 78.01
06-06-23 16:30:Best EMA Top-1: 72.20
06-06-23 16:31:Epoch: [41][100/132], lr: 0.01250, data_time: 0.000 (0.006), batch_time: 0.409 (0.416), Top-1: 87.50 (87.50), Top-5: 100.00 (97.88), Loss: 0.2182 (0.3653), G_Depth_Loss: 0.0344 (0.0349)
06-06-23 16:31:Testing Results: loss 1.28795, Top-1 74.689, Top-5 94.606
06-06-23 16:31:Testing Results: loss 1.27379, Top-1 72.822, Top-5 93.154
06-06-23 16:31:Best Top-1: 78.01
06-06-23 16:31:Best EMA Top-1: 72.82
06-06-23 16:32:Epoch: [42][100/132], lr: 0.01250, data_time: 0.000 (0.006), batch_time: 0.409 (0.415), Top-1: 100.00 (90.50), Top-5: 100.00 (98.75), Loss: 0.0246 (0.2850), G_Depth_Loss: 0.0354 (0.0346)
06-06-23 16:32:Testing Results: loss 1.17850, Top-1 74.689, Top-5 95.643
06-06-23 16:32:Testing Results: loss 1.24015, Top-1 73.859, Top-5 93.154
06-06-23 16:32:Best Top-1: 78.01
06-06-23 16:32:Best EMA Top-1: 73.86
06-06-23 16:33:Epoch: [43][100/132], lr: 0.01250, data_time: 0.000 (0.006), batch_time: 0.410 (0.415), Top-1: 62.50 (92.38), Top-5: 100.00 (98.88), Loss: 0.8249 (0.2310), G_Depth_Loss: 0.0328 (0.0345)
06-06-23 16:34:Testing Results: loss 1.25046, Top-1 70.539, Top-5 93.361
06-06-23 16:34:Testing Results: loss 1.20736, Top-1 74.066, Top-5 93.154
06-06-23 16:34:Best Top-1: 78.01
06-06-23 16:34:Best EMA Top-1: 74.07
06-06-23 16:34:Epoch: [44][100/132], lr: 0.01250, data_time: 0.000 (0.005), batch_time: 0.409 (0.415), Top-1: 100.00 (90.62), Top-5: 100.00 (99.12), Loss: 0.0518 (0.2972), G_Depth_Loss: 0.0329 (0.0346)
06-06-23 16:35:Testing Results: loss 0.93016, Top-1 78.216, Top-5 95.851
06-06-23 16:35:Testing Results: loss 1.17715, Top-1 74.066, Top-5 93.154
06-06-23 16:35:Best Top-1: 78.22
06-06-23 16:35:Best EMA Top-1: 74.07
06-06-23 16:36:Epoch: [45][100/132], lr: 0.01250, data_time: 0.000 (0.006), batch_time: 0.409 (0.418), Top-1: 75.00 (93.00), Top-5: 87.50 (98.12), Loss: 0.5565 (0.2375), G_Depth_Loss: 0.0327 (0.0344)
06-06-23 16:36:Testing Results: loss 1.01274, Top-1 75.934, Top-5 96.473
06-06-23 16:36:Testing Results: loss 1.14718, Top-1 74.274, Top-5 93.154
06-06-23 16:36:Best Top-1: 78.22
06-06-23 16:36:Best EMA Top-1: 74.27
06-06-23 16:37:Epoch: [46][100/132], lr: 0.01250, data_time: 0.000 (0.008), batch_time: 0.409 (0.418), Top-1: 100.00 (92.75), Top-5: 100.00 (98.88), Loss: 0.0036 (0.2552), G_Depth_Loss: 0.0317 (0.0343)
06-06-23 16:37:Testing Results: loss 0.95880, Top-1 77.178, Top-5 96.058
06-06-23 16:38:Testing Results: loss 1.11918, Top-1 74.689, Top-5 93.154
06-06-23 16:38:Best Top-1: 78.22
06-06-23 16:38:Best EMA Top-1: 74.69
06-06-23 16:38:Epoch: [47][100/132], lr: 0.01250, data_time: 0.000 (0.006), batch_time: 0.409 (0.416), Top-1: 100.00 (94.25), Top-5: 100.00 (99.00), Loss: 0.0089 (0.1964), G_Depth_Loss: 0.0355 (0.0342)
06-06-23 16:39:Testing Results: loss 1.12426, Top-1 77.593, Top-5 95.643
06-06-23 16:39:Testing Results: loss 1.09242, Top-1 74.689, Top-5 93.154
06-06-23 16:39:Best Top-1: 78.22
06-06-23 16:39:Best EMA Top-1: 74.69
06-06-23 16:39:Epoch: [48][100/132], lr: 0.01250, data_time: 0.000 (0.006), batch_time: 0.412 (0.417), Top-1: 87.50 (90.88), Top-5: 100.00 (99.25), Loss: 0.1960 (0.2692), G_Depth_Loss: 0.0331 (0.0338)
06-06-23 16:40:Testing Results: loss 1.01525, Top-1 76.141, Top-5 95.851
06-06-23 16:40:Testing Results: loss 1.06637, Top-1 75.311, Top-5 93.361
06-06-23 16:40:Best Top-1: 78.22
06-06-23 16:40:Best EMA Top-1: 75.31
06-06-23 16:41:Epoch: [49][100/132], lr: 0.01250, data_time: 0.000 (0.005), batch_time: 0.410 (0.415), Top-1: 87.50 (93.00), Top-5: 100.00 (98.62), Loss: 0.1472 (0.2346), G_Depth_Loss: 0.0353 (0.0341)
06-06-23 16:41:Testing Results: loss 1.08307, Top-1 75.311, Top-5 95.851
06-06-23 16:41:Testing Results: loss 1.04239, Top-1 75.311, Top-5 93.983
06-06-23 16:41:Best Top-1: 78.22
06-06-23 16:41:Best EMA Top-1: 75.31
06-06-23 16:42:Epoch: [50][100/132], lr: 0.01250, data_time: 0.000 (0.006), batch_time: 0.409 (0.416), Top-1: 100.00 (90.62), Top-5: 100.00 (98.12), Loss: 0.0896 (0.2698), G_Depth_Loss: 0.0308 (0.0343)
06-06-23 16:42:Testing Results: loss 1.00129, Top-1 77.801, Top-5 95.851
06-06-23 16:43:Testing Results: loss 1.01918, Top-1 75.519, Top-5 94.191
06-06-23 16:43:Best Top-1: 78.22
06-06-23 16:43:Best EMA Top-1: 75.52
06-06-23 16:43:Epoch: [51][100/132], lr: 0.00125, data_time: 0.000 (0.006), batch_time: 0.410 (0.416), Top-1: 87.50 (93.50), Top-5: 87.50 (98.38), Loss: 0.5689 (0.2095), G_Depth_Loss: 0.0341 (0.0340)
06-06-23 16:44:Testing Results: loss 0.96679, Top-1 76.556, Top-5 96.888
06-06-23 16:44:Testing Results: loss 0.99661, Top-1 75.726, Top-5 94.398
06-06-23 16:44:Best Top-1: 78.22
06-06-23 16:44:Best EMA Top-1: 75.73
06-06-23 16:44:Epoch: [52][100/132], lr: 0.00125, data_time: 0.000 (0.006), batch_time: 0.409 (0.415), Top-1: 100.00 (94.88), Top-5: 100.00 (98.62), Loss: 0.0588 (0.1823), G_Depth_Loss: 0.0339 (0.0341)
06-06-23 16:45:Testing Results: loss 0.93305, Top-1 77.801, Top-5 96.680
06-06-23 16:45:Testing Results: loss 0.97566, Top-1 75.726, Top-5 94.398
06-06-23 16:45:Best Top-1: 78.22
06-06-23 16:45:Best EMA Top-1: 75.73
06-06-23 16:46:Epoch: [53][100/132], lr: 0.00125, data_time: 0.000 (0.006), batch_time: 0.410 (0.416), Top-1: 100.00 (94.50), Top-5: 100.00 (99.50), Loss: 0.0914 (0.1574), G_Depth_Loss: 0.0353 (0.0341)
06-06-23 16:46:Testing Results: loss 0.90071, Top-1 77.801, Top-5 96.266
06-06-23 16:46:Testing Results: loss 0.95585, Top-1 76.349, Top-5 94.813
06-06-23 16:46:Best Top-1: 78.22
06-06-23 16:46:Best EMA Top-1: 76.35
06-06-23 16:47:Epoch: [54][100/132], lr: 0.00125, data_time: 0.000 (0.006), batch_time: 0.409 (0.415), Top-1: 100.00 (95.62), Top-5: 100.00 (99.50), Loss: 0.0041 (0.1320), G_Depth_Loss: 0.0356 (0.0341)
06-06-23 16:47:Testing Results: loss 0.99313, Top-1 76.763, Top-5 96.680
06-06-23 16:48:Testing Results: loss 0.93736, Top-1 76.763, Top-5 94.813
06-06-23 16:48:Best Top-1: 78.22
06-06-23 16:48:Best EMA Top-1: 76.76
06-06-23 16:48:Epoch: [55][100/132], lr: 0.00125, data_time: 0.000 (0.006), batch_time: 0.409 (0.417), Top-1: 87.50 (95.12), Top-5: 100.00 (98.88), Loss: 0.4356 (0.1548), G_Depth_Loss: 0.0326 (0.0340)
06-06-23 16:49:Testing Results: loss 0.93859, Top-1 77.801, Top-5 97.095
06-06-23 16:49:Testing Results: loss 0.91976, Top-1 77.386, Top-5 95.021
06-06-23 16:49:Best Top-1: 78.22
06-06-23 16:49:Best EMA Top-1: 77.39
06-06-23 16:50:Epoch: [56][100/132], lr: 0.00125, data_time: 0.000 (0.005), batch_time: 0.410 (0.416), Top-1: 100.00 (95.88), Top-5: 100.00 (99.50), Loss: 0.0182 (0.1337), G_Depth_Loss: 0.0332 (0.0336)
06-06-23 16:50:Testing Results: loss 0.95552, Top-1 78.838, Top-5 96.888
06-06-23 16:50:Testing Results: loss 0.90337, Top-1 77.801, Top-5 95.021
06-06-23 16:50:Best Top-1: 78.84
06-06-23 16:50:Best EMA Top-1: 77.80
06-06-23 16:51:Epoch: [57][100/132], lr: 0.00125, data_time: 0.000 (0.006), batch_time: 0.409 (0.417), Top-1: 100.00 (95.00), Top-5: 100.00 (98.12), Loss: 0.0242 (0.1592), G_Depth_Loss: 0.0408 (0.0342)
06-06-23 16:51:Testing Results: loss 0.90553, Top-1 78.631, Top-5 97.095
06-06-23 16:51:Testing Results: loss 0.88794, Top-1 78.423, Top-5 95.228
06-06-23 16:51:Best Top-1: 78.84
06-06-23 16:51:Best EMA Top-1: 78.42
06-06-23 16:52:Epoch: [58][100/132], lr: 0.00125, data_time: 0.000 (0.006), batch_time: 0.410 (0.416), Top-1: 100.00 (94.88), Top-5: 100.00 (98.12), Loss: 0.0076 (0.1621), G_Depth_Loss: 0.0317 (0.0340)
06-06-23 16:52:Testing Results: loss 0.95402, Top-1 78.008, Top-5 96.888
06-06-23 16:53:Testing Results: loss 0.87348, Top-1 78.631, Top-5 95.228
06-06-23 16:53:Best Top-1: 78.84
06-06-23 16:53:Best EMA Top-1: 78.63
06-06-23 16:53:Epoch: [59][100/132], lr: 0.00125, data_time: 0.000 (0.006), batch_time: 0.409 (0.416), Top-1: 100.00 (95.62), Top-5: 100.00 (99.25), Loss: 0.0049 (0.1429), G_Depth_Loss: 0.0360 (0.0338)
06-06-23 16:54:Testing Results: loss 0.96925, Top-1 78.631, Top-5 96.473
06-06-23 16:54:Testing Results: loss 0.85987, Top-1 78.838, Top-5 95.436
06-06-23 16:54:Best Top-1: 78.84
06-06-23 16:54:Best EMA Top-1: 78.84
06-06-23 16:55:Epoch: [60][100/132], lr: 0.00125, data_time: 0.000 (0.006), batch_time: 0.410 (0.417), Top-1: 100.00 (95.50), Top-5: 100.00 (98.88), Loss: 0.2342 (0.1600), G_Depth_Loss: 0.0333 (0.0335)
06-06-23 16:55:Testing Results: loss 0.99207, Top-1 78.216, Top-5 96.680
06-06-23 16:55:Testing Results: loss 0.84725, Top-1 79.046, Top-5 95.851
06-06-23 16:55:Best Top-1: 78.84
06-06-23 16:55:Best EMA Top-1: 79.05
06-06-23 16:56:Epoch: [61][100/132], lr: 0.00013, data_time: 0.000 (0.006), batch_time: 0.410 (0.416), Top-1: 100.00 (95.75), Top-5: 100.00 (99.00), Loss: 0.0074 (0.1451), G_Depth_Loss: 0.0316 (0.0336)
06-06-23 16:56:Testing Results: loss 0.96470, Top-1 78.631, Top-5 96.473
06-06-23 16:56:Testing Results: loss 0.83528, Top-1 78.838, Top-5 96.058
06-06-23 16:56:Best Top-1: 78.84
06-06-23 16:56:Best EMA Top-1: 79.05
06-06-23 16:57:Epoch: [62][100/132], lr: 0.00013, data_time: 0.000 (0.006), batch_time: 0.409 (0.415), Top-1: 87.50 (95.50), Top-5: 100.00 (99.12), Loss: 0.2562 (0.1533), G_Depth_Loss: 0.0348 (0.0340)
06-06-23 16:57:Testing Results: loss 0.97687, Top-1 78.008, Top-5 96.888
06-06-23 16:58:Testing Results: loss 0.82416, Top-1 79.046, Top-5 96.058
06-06-23 16:58:Best Top-1: 78.84
06-06-23 16:58:Best EMA Top-1: 79.05
06-06-23 16:58:Epoch: [63][100/132], lr: 0.00013, data_time: 0.000 (0.006), batch_time: 0.409 (0.415), Top-1: 100.00 (95.25), Top-5: 100.00 (99.12), Loss: 0.0152 (0.1401), G_Depth_Loss: 0.0343 (0.0338)
06-06-23 16:59:Testing Results: loss 0.98338, Top-1 78.631, Top-5 96.473
06-06-23 16:59:Testing Results: loss 0.81364, Top-1 79.046, Top-5 96.058
06-06-23 16:59:Best Top-1: 78.84
06-06-23 16:59:Best EMA Top-1: 79.05
06-06-23 17:00:Epoch: [64][100/132], lr: 0.00013, data_time: 0.000 (0.006), batch_time: 0.409 (0.415), Top-1: 100.00 (95.50), Top-5: 100.00 (99.12), Loss: 0.0734 (0.1450), G_Depth_Loss: 0.0313 (0.0333)
06-06-23 17:00:Testing Results: loss 0.98633, Top-1 78.008, Top-5 96.680
06-06-23 17:00:Testing Results: loss 0.80391, Top-1 79.046, Top-5 96.058
06-06-23 17:00:Best Top-1: 78.84
06-06-23 17:00:Best EMA Top-1: 79.05
06-06-23 17:01:Epoch: [65][100/132], lr: 0.00013, data_time: 0.000 (0.006), batch_time: 0.410 (0.416), Top-1: 100.00 (95.75), Top-5: 100.00 (99.12), Loss: 0.0026 (0.1437), G_Depth_Loss: 0.0345 (0.0339)
06-06-23 17:01:Testing Results: loss 0.95745, Top-1 77.801, Top-5 96.266
06-06-23 17:01:Testing Results: loss 0.79472, Top-1 79.253, Top-5 96.058
06-06-23 17:01:Best Top-1: 78.84
06-06-23 17:01:Best EMA Top-1: 79.25
06-06-23 17:02:Epoch: [66][100/132], lr: 0.00013, data_time: 0.000 (0.006), batch_time: 0.409 (0.416), Top-1: 100.00 (96.00), Top-5: 100.00 (98.88), Loss: 0.0509 (0.1148), G_Depth_Loss: 0.0316 (0.0340)
06-06-23 17:02:Testing Results: loss 0.95100, Top-1 78.423, Top-5 96.888
06-06-23 17:03:Testing Results: loss 0.78606, Top-1 79.461, Top-5 96.266
06-06-23 17:03:Best Top-1: 78.84
06-06-23 17:03:Best EMA Top-1: 79.46
06-06-23 17:03:Epoch: [67][100/132], lr: 0.00013, data_time: 0.000 (0.006), batch_time: 0.410 (0.416), Top-1: 100.00 (97.25), Top-5: 100.00 (99.62), Loss: 0.0528 (0.0987), G_Depth_Loss: 0.0294 (0.0338)
06-06-23 17:04:Testing Results: loss 0.95037, Top-1 79.461, Top-5 96.680
06-06-23 17:04:Testing Results: loss 0.77795, Top-1 80.083, Top-5 96.473
06-06-23 17:04:Best Top-1: 79.46
06-06-23 17:04:Best EMA Top-1: 80.08
06-06-23 17:05:Epoch: [68][100/132], lr: 0.00013, data_time: 0.000 (0.006), batch_time: 0.409 (0.415), Top-1: 100.00 (96.12), Top-5: 100.00 (99.38), Loss: 0.0074 (0.1105), G_Depth_Loss: 0.0321 (0.0339)
06-06-23 17:05:Testing Results: loss 0.96316, Top-1 79.461, Top-5 96.680
06-06-23 17:05:Testing Results: loss 0.77038, Top-1 80.498, Top-5 96.473
06-06-23 17:05:Best Top-1: 79.46
06-06-23 17:05:Best EMA Top-1: 80.50
06-06-23 17:06:Epoch: [69][100/132], lr: 0.00013, data_time: 0.000 (0.006), batch_time: 0.409 (0.416), Top-1: 100.00 (95.25), Top-5: 100.00 (99.25), Loss: 0.0150 (0.1349), G_Depth_Loss: 0.0331 (0.0338)
06-06-23 17:06:Testing Results: loss 0.98407, Top-1 78.631, Top-5 96.680
06-06-23 17:06:Testing Results: loss 0.76336, Top-1 80.498, Top-5 96.473
06-06-23 17:06:Best Top-1: 79.46
06-06-23 17:06:Best EMA Top-1: 80.50
06-06-23 17:07:Epoch: [70][100/132], lr: 0.00013, data_time: 0.000 (0.006), batch_time: 0.409 (0.416), Top-1: 100.00 (97.00), Top-5: 100.00 (99.00), Loss: 0.0320 (0.1147), G_Depth_Loss: 0.0316 (0.0335)
06-06-23 17:07:Testing Results: loss 0.96076, Top-1 78.423, Top-5 96.680
06-06-23 17:08:Testing Results: loss 0.75675, Top-1 80.290, Top-5 96.473
06-06-23 17:08:Best Top-1: 79.46
06-06-23 17:08:Best EMA Top-1: 80.50
06-06-23 17:08:Epoch: [71][100/132], lr: 0.00001, data_time: 0.000 (0.006), batch_time: 0.410 (0.415), Top-1: 100.00 (94.88), Top-5: 100.00 (98.12), Loss: 0.0098 (0.1628), G_Depth_Loss: 0.0350 (0.0337)
06-06-23 17:09:Testing Results: loss 0.99458, Top-1 78.423, Top-5 96.680
06-06-23 17:09:Testing Results: loss 0.75056, Top-1 80.290, Top-5 96.473
06-06-23 17:09:Best Top-1: 79.46
06-06-23 17:09:Best EMA Top-1: 80.50
06-06-23 17:10:Epoch: [72][100/132], lr: 0.00001, data_time: 0.000 (0.007), batch_time: 0.410 (0.416), Top-1: 100.00 (95.25), Top-5: 100.00 (99.25), Loss: 0.1817 (0.1460), G_Depth_Loss: 0.0313 (0.0335)
06-06-23 17:10:Testing Results: loss 0.94992, Top-1 78.423, Top-5 96.680
06-06-23 17:10:Testing Results: loss 0.74487, Top-1 80.083, Top-5 96.473
06-06-23 17:10:Best Top-1: 79.46
06-06-23 17:10:Best EMA Top-1: 80.50
06-06-23 17:11:Epoch: [73][100/132], lr: 0.00001, data_time: 0.000 (0.006), batch_time: 0.410 (0.416), Top-1: 87.50 (95.00), Top-5: 100.00 (99.12), Loss: 0.3701 (0.1611), G_Depth_Loss: 0.0362 (0.0334)
06-06-23 17:11:Testing Results: loss 0.95064, Top-1 79.046, Top-5 96.888
06-06-23 17:11:Testing Results: loss 0.73954, Top-1 80.083, Top-5 96.473
06-06-23 17:11:Best Top-1: 79.46
06-06-23 17:11:Best EMA Top-1: 80.50
06-06-23 17:12:Epoch: [74][100/132], lr: 0.00001, data_time: 0.000 (0.006), batch_time: 0.410 (0.416), Top-1: 100.00 (95.62), Top-5: 100.00 (99.00), Loss: 0.0097 (0.1441), G_Depth_Loss: 0.0348 (0.0336)
06-06-23 17:12:Testing Results: loss 0.93665, Top-1 79.461, Top-5 96.680
06-06-23 17:13:Testing Results: loss 0.73460, Top-1 80.083, Top-5 96.266
06-06-23 17:13:Best Top-1: 79.46
06-06-23 17:13:Best EMA Top-1: 80.50
06-06-23 17:13:Epoch: [75][100/132], lr: 0.00001, data_time: 0.000 (0.006), batch_time: 0.409 (0.415), Top-1: 87.50 (95.62), Top-5: 100.00 (99.00), Loss: 0.2416 (0.1411), G_Depth_Loss: 0.0358 (0.0336)
06-06-23 17:14:Testing Results: loss 0.96216, Top-1 77.801, Top-5 96.680
06-06-23 17:14:Testing Results: loss 0.72997, Top-1 80.290, Top-5 96.266
06-06-23 17:14:Best Top-1: 79.46
06-06-23 17:14:Best EMA Top-1: 80.50
06-06-23 17:15:Epoch: [76][100/132], lr: 0.00001, data_time: 0.000 (0.006), batch_time: 0.409 (0.415), Top-1: 87.50 (95.00), Top-5: 87.50 (98.88), Loss: 0.3698 (0.1555), G_Depth_Loss: 0.0312 (0.0340)
06-06-23 17:15:Testing Results: loss 0.98094, Top-1 78.008, Top-5 96.266
06-06-23 17:15:Testing Results: loss 0.72566, Top-1 80.290, Top-5 96.058
06-06-23 17:15:Best Top-1: 79.46
06-06-23 17:15:Best EMA Top-1: 80.50
06-06-23 17:16:Epoch: [77][100/132], lr: 0.00001, data_time: 0.000 (0.006), batch_time: 0.409 (0.415), Top-1: 87.50 (96.88), Top-5: 100.00 (99.38), Loss: 0.3276 (0.1093), G_Depth_Loss: 0.0335 (0.0337)
06-06-23 17:16:Testing Results: loss 0.95311, Top-1 78.423, Top-5 96.888
06-06-23 17:16:Testing Results: loss 0.72169, Top-1 80.498, Top-5 96.058
06-06-23 17:16:Best Top-1: 79.46
06-06-23 17:16:Best EMA Top-1: 80.50
06-06-23 17:17:Epoch: [78][100/132], lr: 0.00001, data_time: 0.000 (0.006), batch_time: 0.409 (0.415), Top-1: 100.00 (96.12), Top-5: 100.00 (99.38), Loss: 0.0173 (0.1249), G_Depth_Loss: 0.0328 (0.0337)
06-06-23 17:17:Testing Results: loss 1.02168, Top-1 77.178, Top-5 96.266
06-06-23 17:18:Testing Results: loss 0.71796, Top-1 80.498, Top-5 96.058
06-06-23 17:18:Best Top-1: 79.46
06-06-23 17:18:Best EMA Top-1: 80.50
06-06-23 17:18:Epoch: [79][100/132], lr: 0.00001, data_time: 0.000 (0.006), batch_time: 0.410 (0.417), Top-1: 100.00 (96.75), Top-5: 100.00 (98.88), Loss: 0.0029 (0.1267), G_Depth_Loss: 0.0321 (0.0336)
06-06-23 17:19:Testing Results: loss 0.99735, Top-1 78.008, Top-5 96.473
06-06-23 17:19:Testing Results: loss 0.71444, Top-1 80.705, Top-5 96.058
06-06-23 17:19:Best Top-1: 79.46
06-06-23 17:19:Best EMA Top-1: 80.71
