06-06-23 03:53:runs/NvGesture/Baseline/2023-6-6-3-53-25_ACTION_resnet50/
06-06-23 03:53:seed_3
06-06-23 03:53:Loading dataset
06-06-23 03:53:load model
06-06-23 03:53:First test before training
06-06-23 03:53:loss: 3.21953
06-06-23 03:53:Top-1 accuracy: 4.98%, Top-5 accuracy: 20.75%
06-06-23 03:53:group: first_conv_weight has 1 params, lr_mult: 1, decay_mult: 1
06-06-23 03:53:group: first_conv_bias has 0 params, lr_mult: 2, decay_mult: 0
06-06-23 03:53:group: normal_weight has 52 params, lr_mult: 1, decay_mult: 1
06-06-23 03:53:group: normal_bias has 0 params, lr_mult: 2, decay_mult: 0
06-06-23 03:53:group: BN scale/shift has 106 params, lr_mult: 1, decay_mult: 0
06-06-23 03:53:group: custom_weight has 128 params, lr_mult: 1, decay_mult: 1
06-06-23 03:53:group: custom_bn has 32 params, lr_mult: 1, decay_mult: 0
06-06-23 03:53:group: lr5_weight has 1 params, lr_mult: 5, decay_mult: 1
06-06-23 03:53:group: lr10_bias has 1 params, lr_mult: 10, decay_mult: 0
06-06-23 03:54:Epoch: [0][100/132], lr: 0.00125, data_time: 0.000 (0.004), batch time: 0.391 (0.403), Loss: 2.2862 (3.1080), Top-1: 25.00 (10.88), Top-5: 75.00 (35.50)
06-06-23 03:54:Testing Results: loss 1.94577, Top-1 44.813, Top-5 83.402
06-06-23 03:54:Testing Results: loss 3.21312, Top-1 8.921, Top-5 36.307
06-06-23 03:54:Best Top-1: 44.81
06-06-23 03:54:Best EMA Top-1: 8.92
06-06-23 03:55:Epoch: [1][100/132], lr: 0.00125, data_time: 0.000 (0.003), batch time: 0.391 (0.394), Loss: 0.8265 (1.8225), Top-1: 87.50 (44.38), Top-5: 100.00 (82.88)
06-06-23 03:55:Testing Results: loss 1.26117, Top-1 62.448, Top-5 91.286
06-06-23 03:55:Testing Results: loss 3.19535, Top-1 22.822, Top-5 62.863
06-06-23 03:56:Best Top-1: 62.45
06-06-23 03:56:Best EMA Top-1: 22.82
06-06-23 03:56:Epoch: [2][100/132], lr: 0.00125, data_time: 0.000 (0.004), batch time: 0.391 (0.395), Loss: 1.2724 (1.3472), Top-1: 75.00 (57.62), Top-5: 87.50 (90.00)
06-06-23 03:57:Testing Results: loss 1.10791, Top-1 68.672, Top-5 94.191
06-06-23 03:57:Testing Results: loss 3.17148, Top-1 34.440, Top-5 70.747
06-06-23 03:57:Best Top-1: 68.67
06-06-23 03:57:Best EMA Top-1: 34.44
06-06-23 03:57:Epoch: [3][100/132], lr: 0.00125, data_time: 0.000 (0.003), batch time: 0.391 (0.394), Loss: 1.0133 (1.1211), Top-1: 62.50 (63.12), Top-5: 87.50 (92.25)
06-06-23 03:58:Testing Results: loss 1.03343, Top-1 68.672, Top-5 94.191
06-06-23 03:58:Testing Results: loss 3.14324, Top-1 36.722, Top-5 72.822
06-06-23 03:58:Best Top-1: 68.67
06-06-23 03:58:Best EMA Top-1: 36.72
06-06-23 03:59:Epoch: [4][100/132], lr: 0.00125, data_time: 0.000 (0.004), batch time: 0.392 (0.395), Loss: 0.9007 (0.9475), Top-1: 62.50 (70.25), Top-5: 87.50 (95.25)
06-06-23 03:59:Testing Results: loss 1.01923, Top-1 71.992, Top-5 94.606
06-06-23 03:59:Testing Results: loss 3.11162, Top-1 38.174, Top-5 74.896
06-06-23 03:59:Best Top-1: 71.99
06-06-23 03:59:Best EMA Top-1: 38.17
06-06-23 04:00:Epoch: [5][100/132], lr: 0.00125, data_time: 0.000 (0.003), batch time: 0.391 (0.395), Loss: 0.7252 (0.8785), Top-1: 75.00 (70.88), Top-5: 87.50 (95.50)
06-06-23 04:00:Testing Results: loss 1.02727, Top-1 71.784, Top-5 92.739
06-06-23 04:00:Testing Results: loss 3.07694, Top-1 38.174, Top-5 75.934
06-06-23 04:00:Best Top-1: 71.99
06-06-23 04:00:Best EMA Top-1: 38.17
06-06-23 04:01:Epoch: [6][100/132], lr: 0.00125, data_time: 0.000 (0.004), batch time: 0.391 (0.395), Loss: 1.2535 (0.8557), Top-1: 62.50 (73.88), Top-5: 87.50 (94.62)
06-06-23 04:01:Testing Results: loss 1.07415, Top-1 71.162, Top-5 93.983
06-06-23 04:01:Testing Results: loss 3.03953, Top-1 39.212, Top-5 76.556
06-06-23 04:01:Best Top-1: 71.99
06-06-23 04:01:Best EMA Top-1: 39.21
06-06-23 04:02:Epoch: [7][100/132], lr: 0.00125, data_time: 0.000 (0.003), batch time: 0.391 (0.395), Loss: 1.1716 (0.7476), Top-1: 62.50 (76.38), Top-5: 87.50 (95.38)
06-06-23 04:02:Testing Results: loss 1.12741, Top-1 72.614, Top-5 94.606
06-06-23 04:02:Testing Results: loss 2.99949, Top-1 41.286, Top-5 78.423
06-06-23 04:03:Best Top-1: 72.61
06-06-23 04:03:Best EMA Top-1: 41.29
06-06-23 04:03:Epoch: [8][100/132], lr: 0.00125, data_time: 0.000 (0.004), batch time: 0.391 (0.395), Loss: 0.3016 (0.7668), Top-1: 87.50 (75.00), Top-5: 100.00 (95.62)
06-06-23 04:04:Testing Results: loss 1.07726, Top-1 72.822, Top-5 93.568
06-06-23 04:04:Testing Results: loss 2.95743, Top-1 42.116, Top-5 79.876
06-06-23 04:04:Best Top-1: 72.82
06-06-23 04:04:Best EMA Top-1: 42.12
06-06-23 04:04:Epoch: [9][100/132], lr: 0.00125, data_time: 0.000 (0.004), batch time: 0.392 (0.395), Loss: 0.5637 (0.6855), Top-1: 75.00 (77.38), Top-5: 87.50 (95.88)
06-06-23 04:05:Testing Results: loss 1.16199, Top-1 68.465, Top-5 93.568
06-06-23 04:05:Testing Results: loss 2.91284, Top-1 43.154, Top-5 80.913
06-06-23 04:05:Best Top-1: 72.82
06-06-23 04:05:Best EMA Top-1: 43.15
06-06-23 04:06:Epoch: [10][100/132], lr: 0.00125, data_time: 0.000 (0.004), batch time: 0.391 (0.395), Loss: 0.5762 (0.6364), Top-1: 75.00 (78.75), Top-5: 100.00 (96.38)
06-06-23 04:06:Testing Results: loss 1.11497, Top-1 70.954, Top-5 91.909
06-06-23 04:06:Testing Results: loss 2.86548, Top-1 44.191, Top-5 81.535
06-06-23 04:06:Best Top-1: 72.82
06-06-23 04:06:Best EMA Top-1: 44.19
06-06-23 04:07:Epoch: [11][100/132], lr: 0.00125, data_time: 0.000 (0.003), batch time: 0.391 (0.395), Loss: 1.1807 (0.5884), Top-1: 62.50 (79.62), Top-5: 87.50 (97.75)
06-06-23 04:07:Testing Results: loss 0.96977, Top-1 74.066, Top-5 94.398
06-06-23 04:07:Testing Results: loss 2.81551, Top-1 44.813, Top-5 83.195
06-06-23 04:07:Best Top-1: 74.07
06-06-23 04:07:Best EMA Top-1: 44.81
06-06-23 04:08:Epoch: [12][100/132], lr: 0.00125, data_time: 0.000 (0.004), batch time: 0.391 (0.395), Loss: 0.4906 (0.5716), Top-1: 87.50 (82.00), Top-5: 100.00 (96.12)
06-06-23 04:08:Testing Results: loss 1.01391, Top-1 74.689, Top-5 95.436
06-06-23 04:08:Testing Results: loss 2.76356, Top-1 46.680, Top-5 84.232
06-06-23 04:08:Best Top-1: 74.69
06-06-23 04:08:Best EMA Top-1: 46.68
06-06-23 04:09:Epoch: [13][100/132], lr: 0.00125, data_time: 0.000 (0.004), batch time: 0.391 (0.395), Loss: 0.1279 (0.4928), Top-1: 100.00 (85.62), Top-5: 100.00 (97.38)
06-06-23 04:09:Testing Results: loss 1.08286, Top-1 74.689, Top-5 94.191
06-06-23 04:10:Testing Results: loss 2.70967, Top-1 47.718, Top-5 85.062
06-06-23 04:10:Best Top-1: 74.69
06-06-23 04:10:Best EMA Top-1: 47.72
06-06-23 04:10:Epoch: [14][100/132], lr: 0.00125, data_time: 0.000 (0.004), batch time: 0.391 (0.395), Loss: 0.1226 (0.5859), Top-1: 100.00 (82.38), Top-5: 100.00 (96.62)
06-06-23 04:11:Testing Results: loss 1.15595, Top-1 72.407, Top-5 94.398
06-06-23 04:11:Testing Results: loss 2.65434, Top-1 49.378, Top-5 85.270
06-06-23 04:11:Best Top-1: 74.69
06-06-23 04:11:Best EMA Top-1: 49.38
06-06-23 04:11:Epoch: [15][100/132], lr: 0.00125, data_time: 0.000 (0.004), batch time: 0.391 (0.395), Loss: 0.4577 (0.5557), Top-1: 75.00 (82.62), Top-5: 100.00 (95.75)
06-06-23 04:12:Testing Results: loss 1.13170, Top-1 72.614, Top-5 93.361
06-06-23 04:12:Testing Results: loss 2.59770, Top-1 51.660, Top-5 85.270
06-06-23 04:12:Best Top-1: 74.69
06-06-23 04:12:Best EMA Top-1: 51.66
06-06-23 04:13:Epoch: [16][100/132], lr: 0.00125, data_time: 0.000 (0.004), batch time: 0.392 (0.395), Loss: 1.4168 (0.5803), Top-1: 50.00 (82.12), Top-5: 87.50 (97.12)
06-06-23 04:13:Testing Results: loss 1.10763, Top-1 72.407, Top-5 92.739
06-06-23 04:13:Testing Results: loss 2.54021, Top-1 52.282, Top-5 85.477
06-06-23 04:13:Best Top-1: 74.69
06-06-23 04:13:Best EMA Top-1: 52.28
06-06-23 04:14:Epoch: [17][100/132], lr: 0.00125, data_time: 0.000 (0.004), batch time: 0.391 (0.395), Loss: 0.3922 (0.4474), Top-1: 87.50 (85.62), Top-5: 100.00 (97.75)
06-06-23 04:14:Testing Results: loss 1.00645, Top-1 75.104, Top-5 95.436
06-06-23 04:14:Testing Results: loss 2.48213, Top-1 52.905, Top-5 85.685
06-06-23 04:14:Best Top-1: 75.10
06-06-23 04:14:Best EMA Top-1: 52.90
06-06-23 04:15:Epoch: [18][100/132], lr: 0.00125, data_time: 0.000 (0.004), batch time: 0.391 (0.395), Loss: 0.0787 (0.4856), Top-1: 100.00 (85.75), Top-5: 100.00 (97.38)
06-06-23 04:15:Testing Results: loss 0.98635, Top-1 73.237, Top-5 93.983
06-06-23 04:15:Testing Results: loss 2.42340, Top-1 55.602, Top-5 86.100
06-06-23 04:15:Best Top-1: 75.10
06-06-23 04:15:Best EMA Top-1: 55.60
06-06-23 04:16:Epoch: [19][100/132], lr: 0.00125, data_time: 0.000 (0.004), batch time: 0.391 (0.395), Loss: 0.4356 (0.4316), Top-1: 75.00 (86.00), Top-5: 100.00 (98.00)
06-06-23 04:16:Testing Results: loss 1.07537, Top-1 73.029, Top-5 94.398
06-06-23 04:17:Testing Results: loss 2.36381, Top-1 56.639, Top-5 86.515
06-06-23 04:17:Best Top-1: 75.10
06-06-23 04:17:Best EMA Top-1: 56.64
06-06-23 04:17:Epoch: [20][100/132], lr: 0.00125, data_time: 0.000 (0.004), batch time: 0.391 (0.395), Loss: 0.5480 (0.4159), Top-1: 75.00 (87.38), Top-5: 100.00 (98.12)
06-06-23 04:18:Testing Results: loss 1.07647, Top-1 74.066, Top-5 93.983
06-06-23 04:18:Testing Results: loss 2.30290, Top-1 57.884, Top-5 86.929
06-06-23 04:18:Best Top-1: 75.10
06-06-23 04:18:Best EMA Top-1: 57.88
06-06-23 04:18:Epoch: [21][100/132], lr: 0.00125, data_time: 0.000 (0.003), batch time: 0.391 (0.395), Loss: 0.2343 (0.4799), Top-1: 87.50 (83.88), Top-5: 100.00 (97.75)
06-06-23 04:19:Testing Results: loss 1.22355, Top-1 74.274, Top-5 92.116
06-06-23 04:19:Testing Results: loss 2.24252, Top-1 58.299, Top-5 87.552
06-06-23 04:19:Best Top-1: 75.10
06-06-23 04:19:Best EMA Top-1: 58.30
06-06-23 04:19:Epoch: [22][100/132], lr: 0.00125, data_time: 0.000 (0.003), batch time: 0.391 (0.395), Loss: 0.1645 (0.4331), Top-1: 87.50 (85.25), Top-5: 100.00 (98.00)
06-06-23 04:20:Testing Results: loss 1.12802, Top-1 75.104, Top-5 93.983
06-06-23 04:20:Testing Results: loss 2.18357, Top-1 59.129, Top-5 87.759
06-06-23 04:20:Best Top-1: 75.10
06-06-23 04:20:Best EMA Top-1: 59.13
06-06-23 04:21:Epoch: [23][100/132], lr: 0.00125, data_time: 0.000 (0.004), batch time: 0.391 (0.395), Loss: 0.3213 (0.4434), Top-1: 87.50 (85.88), Top-5: 100.00 (97.62)
06-06-23 04:21:Testing Results: loss 1.06888, Top-1 75.934, Top-5 94.191
06-06-23 04:21:Testing Results: loss 2.12404, Top-1 61.203, Top-5 87.967
06-06-23 04:21:Best Top-1: 75.93
06-06-23 04:21:Best EMA Top-1: 61.20
06-06-23 04:22:Epoch: [24][100/132], lr: 0.00125, data_time: 0.000 (0.004), batch time: 0.391 (0.395), Loss: 0.3209 (0.4390), Top-1: 100.00 (86.62), Top-5: 100.00 (97.38)
06-06-23 04:22:Testing Results: loss 1.10589, Top-1 76.349, Top-5 95.436
06-06-23 04:22:Testing Results: loss 2.06459, Top-1 63.278, Top-5 87.967
06-06-23 04:22:Best Top-1: 76.35
06-06-23 04:22:Best EMA Top-1: 63.28
06-06-23 04:23:Epoch: [25][100/132], lr: 0.00125, data_time: 0.000 (0.004), batch time: 0.391 (0.395), Loss: 0.4358 (0.4419), Top-1: 87.50 (86.38), Top-5: 87.50 (98.12)
06-06-23 04:23:Testing Results: loss 1.35711, Top-1 68.672, Top-5 92.324
06-06-23 04:24:Testing Results: loss 2.00600, Top-1 64.315, Top-5 89.004
06-06-23 04:24:Best Top-1: 76.35
06-06-23 04:24:Best EMA Top-1: 64.32
06-06-23 04:24:Epoch: [26][100/132], lr: 0.00125, data_time: 0.000 (0.003), batch time: 0.392 (0.394), Loss: 0.1289 (0.3838), Top-1: 100.00 (87.38), Top-5: 100.00 (98.25)
06-06-23 04:25:Testing Results: loss 1.21845, Top-1 71.369, Top-5 93.154
06-06-23 04:25:Testing Results: loss 1.94782, Top-1 64.523, Top-5 89.004
06-06-23 04:25:Best Top-1: 76.35
06-06-23 04:25:Best EMA Top-1: 64.52
06-06-23 04:25:Epoch: [27][100/132], lr: 0.00125, data_time: 0.000 (0.004), batch time: 0.391 (0.395), Loss: 0.0228 (0.3834), Top-1: 100.00 (87.62), Top-5: 100.00 (98.75)
06-06-23 04:26:Testing Results: loss 1.24674, Top-1 72.199, Top-5 91.909
06-06-23 04:26:Testing Results: loss 1.89145, Top-1 65.145, Top-5 89.004
06-06-23 04:26:Best Top-1: 76.35
06-06-23 04:26:Best EMA Top-1: 65.15
06-06-23 04:27:Epoch: [28][100/132], lr: 0.00125, data_time: 0.000 (0.004), batch time: 0.392 (0.395), Loss: 0.2109 (0.3324), Top-1: 87.50 (90.25), Top-5: 100.00 (98.25)
06-06-23 04:27:Testing Results: loss 1.36262, Top-1 71.369, Top-5 92.116
06-06-23 04:27:Testing Results: loss 1.83597, Top-1 64.730, Top-5 89.212
06-06-23 04:27:Best Top-1: 76.35
06-06-23 04:27:Best EMA Top-1: 65.15
06-06-23 04:28:Epoch: [29][100/132], lr: 0.00125, data_time: 0.000 (0.003), batch time: 0.391 (0.394), Loss: 0.6014 (0.3616), Top-1: 75.00 (88.38), Top-5: 100.00 (98.50)
06-06-23 04:28:Testing Results: loss 1.04281, Top-1 74.689, Top-5 94.191
06-06-23 04:28:Testing Results: loss 1.78180, Top-1 65.353, Top-5 89.834
06-06-23 04:28:Best Top-1: 76.35
06-06-23 04:28:Best EMA Top-1: 65.35
06-06-23 04:29:Epoch: [30][100/132], lr: 0.00125, data_time: 0.000 (0.003), batch time: 0.391 (0.394), Loss: 0.1532 (0.3189), Top-1: 100.00 (89.75), Top-5: 100.00 (98.00)
06-06-23 04:29:Testing Results: loss 1.05069, Top-1 75.104, Top-5 93.983
06-06-23 04:29:Testing Results: loss 1.72853, Top-1 66.390, Top-5 89.834
06-06-23 04:29:Best Top-1: 76.35
06-06-23 04:29:Best EMA Top-1: 66.39
06-06-23 04:30:Epoch: [31][100/132], lr: 0.00125, data_time: 0.000 (0.003), batch time: 0.392 (0.394), Loss: 0.6898 (0.3415), Top-1: 87.50 (88.62), Top-5: 87.50 (97.50)
06-06-23 04:30:Testing Results: loss 1.00237, Top-1 76.556, Top-5 94.191
06-06-23 04:30:Testing Results: loss 1.67659, Top-1 68.050, Top-5 89.834
06-06-23 04:30:Best Top-1: 76.56
06-06-23 04:30:Best EMA Top-1: 68.05
06-06-23 04:31:Epoch: [32][100/132], lr: 0.00125, data_time: 0.000 (0.003), batch time: 0.391 (0.395), Loss: 0.2756 (0.2911), Top-1: 87.50 (90.75), Top-5: 100.00 (98.50)
06-06-23 04:32:Testing Results: loss 1.23229, Top-1 75.726, Top-5 93.361
06-06-23 04:32:Testing Results: loss 1.62641, Top-1 68.465, Top-5 90.249
06-06-23 04:32:Best Top-1: 76.56
06-06-23 04:32:Best EMA Top-1: 68.46
06-06-23 04:32:Epoch: [33][100/132], lr: 0.00125, data_time: 0.000 (0.003), batch time: 0.392 (0.394), Loss: 0.0300 (0.3070), Top-1: 100.00 (90.75), Top-5: 100.00 (97.88)
06-06-23 04:33:Testing Results: loss 1.05655, Top-1 76.349, Top-5 95.228
06-06-23 04:33:Testing Results: loss 1.57866, Top-1 69.087, Top-5 90.249
06-06-23 04:33:Best Top-1: 76.56
06-06-23 04:33:Best EMA Top-1: 69.09
06-06-23 04:33:Epoch: [34][100/132], lr: 0.00125, data_time: 0.000 (0.004), batch time: 0.391 (0.395), Loss: 0.3938 (0.2955), Top-1: 87.50 (90.75), Top-5: 100.00 (97.62)
06-06-23 04:34:Testing Results: loss 1.11676, Top-1 74.689, Top-5 95.436
06-06-23 04:34:Testing Results: loss 1.53201, Top-1 69.502, Top-5 90.664
06-06-23 04:34:Best Top-1: 76.56
06-06-23 04:34:Best EMA Top-1: 69.50
06-06-23 04:35:Epoch: [35][100/132], lr: 0.00125, data_time: 0.000 (0.004), batch time: 0.391 (0.395), Loss: 1.2833 (0.3023), Top-1: 62.50 (90.00), Top-5: 87.50 (98.62)
06-06-23 04:35:Testing Results: loss 1.32950, Top-1 73.029, Top-5 94.398
06-06-23 04:35:Testing Results: loss 1.48777, Top-1 70.124, Top-5 90.871
06-06-23 04:35:Best Top-1: 76.56
06-06-23 04:35:Best EMA Top-1: 70.12
06-06-23 04:36:Epoch: [36][100/132], lr: 0.00125, data_time: 0.000 (0.004), batch time: 0.392 (0.396), Loss: 0.0758 (0.2513), Top-1: 100.00 (91.88), Top-5: 100.00 (99.12)
06-06-23 04:36:Testing Results: loss 1.16907, Top-1 73.029, Top-5 95.851
06-06-23 04:36:Testing Results: loss 1.44363, Top-1 70.747, Top-5 91.286
06-06-23 04:36:Best Top-1: 76.56
06-06-23 04:36:Best EMA Top-1: 70.75
06-06-23 04:37:Epoch: [37][100/132], lr: 0.00125, data_time: 0.000 (0.003), batch time: 0.391 (0.394), Loss: 0.5066 (0.2899), Top-1: 75.00 (90.50), Top-5: 100.00 (98.75)
06-06-23 04:37:Testing Results: loss 1.10101, Top-1 76.763, Top-5 95.436
06-06-23 04:37:Testing Results: loss 1.40046, Top-1 70.954, Top-5 91.494
06-06-23 04:37:Best Top-1: 76.76
06-06-23 04:37:Best EMA Top-1: 70.95
06-06-23 04:38:Epoch: [38][100/132], lr: 0.00125, data_time: 0.000 (0.004), batch time: 0.391 (0.395), Loss: 1.5031 (0.3027), Top-1: 62.50 (90.12), Top-5: 75.00 (98.38)
06-06-23 04:39:Testing Results: loss 0.93029, Top-1 78.631, Top-5 95.021
06-06-23 04:39:Testing Results: loss 1.36080, Top-1 71.162, Top-5 92.116
06-06-23 04:39:Best Top-1: 78.63
06-06-23 04:39:Best EMA Top-1: 71.16
06-06-23 04:39:Epoch: [39][100/132], lr: 0.00125, data_time: 0.000 (0.003), batch time: 0.391 (0.395), Loss: 0.2595 (0.2486), Top-1: 87.50 (93.25), Top-5: 100.00 (98.62)
06-06-23 04:40:Testing Results: loss 1.06905, Top-1 75.726, Top-5 96.473
06-06-23 04:40:Testing Results: loss 1.32247, Top-1 71.577, Top-5 92.531
06-06-23 04:40:Best Top-1: 78.63
06-06-23 04:40:Best EMA Top-1: 71.58
06-06-23 04:40:Epoch: [40][100/132], lr: 0.00125, data_time: 0.000 (0.004), batch time: 0.391 (0.395), Loss: 0.1287 (0.3126), Top-1: 100.00 (90.75), Top-5: 100.00 (98.50)
06-06-23 04:41:Testing Results: loss 0.87770, Top-1 78.838, Top-5 96.266
06-06-23 04:41:Testing Results: loss 1.28617, Top-1 72.407, Top-5 92.739
06-06-23 04:41:Best Top-1: 78.84
06-06-23 04:41:Best EMA Top-1: 72.41
06-06-23 04:42:Epoch: [41][100/132], lr: 0.00125, data_time: 0.000 (0.003), batch time: 0.391 (0.394), Loss: 0.0048 (0.3346), Top-1: 100.00 (90.38), Top-5: 100.00 (97.62)
06-06-23 04:42:Testing Results: loss 1.21083, Top-1 76.349, Top-5 93.361
06-06-23 04:42:Testing Results: loss 1.25215, Top-1 72.407, Top-5 93.361
06-06-23 04:42:Best Top-1: 78.84
06-06-23 04:42:Best EMA Top-1: 72.41
06-06-23 04:43:Epoch: [42][100/132], lr: 0.00125, data_time: 0.000 (0.004), batch time: 0.391 (0.395), Loss: 0.1014 (0.2377), Top-1: 100.00 (91.75), Top-5: 100.00 (98.00)
06-06-23 04:43:Testing Results: loss 0.99511, Top-1 76.349, Top-5 96.473
06-06-23 04:43:Testing Results: loss 1.21932, Top-1 72.407, Top-5 93.568
06-06-23 04:43:Best Top-1: 78.84
06-06-23 04:43:Best EMA Top-1: 72.41
06-06-23 04:44:Epoch: [43][100/132], lr: 0.00125, data_time: 0.000 (0.003), batch time: 0.391 (0.395), Loss: 0.3045 (0.2522), Top-1: 87.50 (91.75), Top-5: 100.00 (98.88)
06-06-23 04:44:Testing Results: loss 1.19877, Top-1 73.859, Top-5 95.228
06-06-23 04:44:Testing Results: loss 1.18724, Top-1 73.029, Top-5 93.568
06-06-23 04:44:Best Top-1: 78.84
06-06-23 04:44:Best EMA Top-1: 73.03
06-06-23 04:45:Epoch: [44][100/132], lr: 0.00125, data_time: 0.000 (0.004), batch time: 0.391 (0.395), Loss: 0.1354 (0.2639), Top-1: 87.50 (91.62), Top-5: 100.00 (99.00)
06-06-23 04:45:Testing Results: loss 1.38512, Top-1 74.274, Top-5 94.606
06-06-23 04:46:Testing Results: loss 1.15783, Top-1 73.237, Top-5 94.398
06-06-23 04:46:Best Top-1: 78.84
06-06-23 04:46:Best EMA Top-1: 73.24
06-06-23 04:46:Epoch: [45][100/132], lr: 0.00125, data_time: 0.000 (0.004), batch time: 0.391 (0.395), Loss: 0.1676 (0.2873), Top-1: 87.50 (90.62), Top-5: 100.00 (98.62)
06-06-23 04:47:Testing Results: loss 1.15064, Top-1 72.822, Top-5 94.398
06-06-23 04:47:Testing Results: loss 1.12973, Top-1 73.651, Top-5 94.398
06-06-23 04:47:Best Top-1: 78.84
06-06-23 04:47:Best EMA Top-1: 73.65
06-06-23 04:47:Epoch: [46][100/132], lr: 0.00125, data_time: 0.000 (0.004), batch time: 0.391 (0.395), Loss: 0.0075 (0.2451), Top-1: 100.00 (92.75), Top-5: 100.00 (98.12)
06-06-23 04:48:Testing Results: loss 1.20894, Top-1 74.689, Top-5 94.606
06-06-23 04:48:Testing Results: loss 1.10351, Top-1 73.651, Top-5 94.398
06-06-23 04:48:Best Top-1: 78.84
06-06-23 04:48:Best EMA Top-1: 73.65
06-06-23 04:49:Epoch: [47][100/132], lr: 0.00125, data_time: 0.000 (0.003), batch time: 0.391 (0.394), Loss: 0.1294 (0.2107), Top-1: 87.50 (92.88), Top-5: 100.00 (99.00)
06-06-23 04:49:Testing Results: loss 1.10935, Top-1 75.934, Top-5 93.983
06-06-23 04:49:Testing Results: loss 1.07870, Top-1 73.651, Top-5 94.606
06-06-23 04:49:Best Top-1: 78.84
06-06-23 04:49:Best EMA Top-1: 73.65
06-06-23 04:50:Epoch: [48][100/132], lr: 0.00125, data_time: 0.000 (0.004), batch time: 0.391 (0.395), Loss: 0.2968 (0.2226), Top-1: 87.50 (93.00), Top-5: 100.00 (98.75)
06-06-23 04:50:Testing Results: loss 1.48670, Top-1 73.859, Top-5 94.191
06-06-23 04:50:Testing Results: loss 1.05496, Top-1 74.481, Top-5 94.813
06-06-23 04:50:Best Top-1: 78.84
06-06-23 04:50:Best EMA Top-1: 74.48
06-06-23 04:51:Epoch: [49][100/132], lr: 0.00125, data_time: 0.000 (0.003), batch time: 0.391 (0.395), Loss: 0.1564 (0.2270), Top-1: 87.50 (92.75), Top-5: 100.00 (98.88)
06-06-23 04:51:Testing Results: loss 1.01581, Top-1 74.066, Top-5 96.058
06-06-23 04:51:Testing Results: loss 1.03216, Top-1 74.689, Top-5 95.021
06-06-23 04:51:Best Top-1: 78.84
06-06-23 04:51:Best EMA Top-1: 74.69
06-06-23 04:52:Epoch: [50][100/132], lr: 0.00125, data_time: 0.000 (0.003), batch time: 0.391 (0.394), Loss: 0.0888 (0.2407), Top-1: 100.00 (92.12), Top-5: 100.00 (98.75)
06-06-23 04:52:Testing Results: loss 1.11150, Top-1 75.519, Top-5 94.191
06-06-23 04:53:Testing Results: loss 1.01052, Top-1 74.896, Top-5 95.021
06-06-23 04:53:Best Top-1: 78.84
06-06-23 04:53:Best EMA Top-1: 74.90
06-06-23 04:53:Epoch: [51][100/132], lr: 0.00013, data_time: 0.000 (0.004), batch time: 0.391 (0.395), Loss: 0.0173 (0.1839), Top-1: 100.00 (94.88), Top-5: 100.00 (98.75)
06-06-23 04:54:Testing Results: loss 1.05314, Top-1 76.556, Top-5 95.643
06-06-23 04:54:Testing Results: loss 0.98982, Top-1 74.896, Top-5 95.021
06-06-23 04:54:Best Top-1: 78.84
06-06-23 04:54:Best EMA Top-1: 74.90
06-06-23 04:54:Epoch: [52][100/132], lr: 0.00013, data_time: 0.000 (0.003), batch time: 0.391 (0.394), Loss: 0.2124 (0.1406), Top-1: 87.50 (95.38), Top-5: 100.00 (99.25)
06-06-23 04:55:Testing Results: loss 1.06823, Top-1 76.971, Top-5 95.021
06-06-23 04:55:Testing Results: loss 0.97046, Top-1 74.896, Top-5 95.021
06-06-23 04:55:Best Top-1: 78.84
06-06-23 04:55:Best EMA Top-1: 74.90
06-06-23 04:56:Epoch: [53][100/132], lr: 0.00013, data_time: 0.000 (0.003), batch time: 0.391 (0.394), Loss: 0.3507 (0.1533), Top-1: 87.50 (95.00), Top-5: 100.00 (99.12)
06-06-23 04:56:Testing Results: loss 1.02011, Top-1 78.008, Top-5 95.228
06-06-23 04:56:Testing Results: loss 0.95216, Top-1 75.311, Top-5 95.228
06-06-23 04:56:Best Top-1: 78.84
06-06-23 04:56:Best EMA Top-1: 75.31
06-06-23 04:57:Epoch: [54][100/132], lr: 0.00013, data_time: 0.000 (0.003), batch time: 0.391 (0.395), Loss: 0.0021 (0.1273), Top-1: 100.00 (95.88), Top-5: 100.00 (99.38)
06-06-23 04:57:Testing Results: loss 1.05665, Top-1 78.838, Top-5 95.643
06-06-23 04:57:Testing Results: loss 0.93499, Top-1 75.311, Top-5 95.643
06-06-23 04:57:Best Top-1: 78.84
06-06-23 04:57:Best EMA Top-1: 75.31
06-06-23 04:58:Epoch: [55][100/132], lr: 0.00013, data_time: 0.000 (0.004), batch time: 0.391 (0.395), Loss: 0.7077 (0.1840), Top-1: 75.00 (94.62), Top-5: 100.00 (98.62)
06-06-23 04:58:Testing Results: loss 1.06107, Top-1 77.386, Top-5 94.398
06-06-23 04:58:Testing Results: loss 0.91875, Top-1 75.311, Top-5 95.851
06-06-23 04:58:Best Top-1: 78.84
06-06-23 04:58:Best EMA Top-1: 75.31
06-06-23 04:59:Epoch: [56][100/132], lr: 0.00013, data_time: 0.000 (0.003), batch time: 0.391 (0.394), Loss: 0.0666 (0.1365), Top-1: 100.00 (96.38), Top-5: 100.00 (99.00)
06-06-23 04:59:Testing Results: loss 1.09568, Top-1 76.971, Top-5 95.021
06-06-23 05:00:Testing Results: loss 0.90352, Top-1 75.726, Top-5 95.851
06-06-23 05:00:Best Top-1: 78.84
06-06-23 05:00:Best EMA Top-1: 75.73
06-06-23 05:00:Epoch: [57][100/132], lr: 0.00013, data_time: 0.000 (0.004), batch time: 0.392 (0.395), Loss: 0.0152 (0.1264), Top-1: 100.00 (95.62), Top-5: 100.00 (99.38)
06-06-23 05:01:Testing Results: loss 1.04712, Top-1 78.216, Top-5 96.058
06-06-23 05:01:Testing Results: loss 0.88906, Top-1 76.141, Top-5 95.851
06-06-23 05:01:Best Top-1: 78.84
06-06-23 05:01:Best EMA Top-1: 76.14
06-06-23 05:01:Epoch: [58][100/132], lr: 0.00013, data_time: 0.000 (0.004), batch time: 0.391 (0.395), Loss: 0.0095 (0.1442), Top-1: 100.00 (95.38), Top-5: 100.00 (98.88)
06-06-23 05:02:Testing Results: loss 1.03128, Top-1 78.008, Top-5 95.643
06-06-23 05:02:Testing Results: loss 0.87547, Top-1 76.556, Top-5 95.643
06-06-23 05:02:Best Top-1: 78.84
06-06-23 05:02:Best EMA Top-1: 76.56
06-06-23 05:03:Epoch: [59][100/132], lr: 0.00013, data_time: 0.000 (0.004), batch time: 0.391 (0.395), Loss: 0.1706 (0.1290), Top-1: 87.50 (95.62), Top-5: 100.00 (99.50)
06-06-23 05:03:Testing Results: loss 1.02318, Top-1 78.216, Top-5 95.643
06-06-23 05:03:Testing Results: loss 0.86283, Top-1 76.763, Top-5 95.643
06-06-23 05:03:Best Top-1: 78.84
06-06-23 05:03:Best EMA Top-1: 76.76
06-06-23 05:04:Epoch: [60][100/132], lr: 0.00013, data_time: 0.000 (0.004), batch time: 0.391 (0.395), Loss: 0.0497 (0.1511), Top-1: 100.00 (95.50), Top-5: 100.00 (98.88)
06-06-23 05:04:Testing Results: loss 1.07691, Top-1 77.178, Top-5 95.643
06-06-23 05:04:Testing Results: loss 0.85093, Top-1 77.178, Top-5 95.851
06-06-23 05:04:Best Top-1: 78.84
06-06-23 05:04:Best EMA Top-1: 77.18
06-06-23 05:05:Epoch: [61][100/132], lr: 0.00001, data_time: 0.000 (0.003), batch time: 0.391 (0.395), Loss: 0.0383 (0.1243), Top-1: 100.00 (96.50), Top-5: 100.00 (99.12)
06-06-23 05:05:Testing Results: loss 1.01677, Top-1 78.423, Top-5 95.643
06-06-23 05:05:Testing Results: loss 0.83973, Top-1 77.593, Top-5 95.851
06-06-23 05:05:Best Top-1: 78.84
06-06-23 05:05:Best EMA Top-1: 77.59
06-06-23 05:06:Epoch: [62][100/132], lr: 0.00001, data_time: 0.000 (0.004), batch time: 0.392 (0.395), Loss: 0.2998 (0.1770), Top-1: 87.50 (94.25), Top-5: 100.00 (98.25)
06-06-23 05:06:Testing Results: loss 1.01593, Top-1 78.008, Top-5 95.643
06-06-23 05:07:Testing Results: loss 0.82930, Top-1 77.801, Top-5 96.058
06-06-23 05:07:Best Top-1: 78.84
06-06-23 05:07:Best EMA Top-1: 77.80
06-06-23 05:07:Epoch: [63][100/132], lr: 0.00001, data_time: 0.000 (0.004), batch time: 0.391 (0.395), Loss: 0.0036 (0.1275), Top-1: 100.00 (96.00), Top-5: 100.00 (99.38)
06-06-23 05:08:Testing Results: loss 1.02075, Top-1 78.838, Top-5 95.851
06-06-23 05:08:Testing Results: loss 0.81951, Top-1 77.801, Top-5 96.266
06-06-23 05:08:Best Top-1: 78.84
06-06-23 05:08:Best EMA Top-1: 77.80
06-06-23 05:08:Epoch: [64][100/132], lr: 0.00001, data_time: 0.000 (0.003), batch time: 0.391 (0.395), Loss: 0.0505 (0.1596), Top-1: 100.00 (95.62), Top-5: 100.00 (98.62)
06-06-23 05:09:Testing Results: loss 1.05501, Top-1 78.008, Top-5 96.058
06-06-23 05:09:Testing Results: loss 0.81030, Top-1 78.216, Top-5 96.266
06-06-23 05:09:Best Top-1: 78.84
06-06-23 05:09:Best EMA Top-1: 78.22
06-06-23 05:09:Epoch: [65][100/132], lr: 0.00001, data_time: 0.000 (0.004), batch time: 0.391 (0.395), Loss: 0.1565 (0.1072), Top-1: 100.00 (96.25), Top-5: 100.00 (99.62)
06-06-23 05:10:Testing Results: loss 1.01434, Top-1 78.008, Top-5 95.436
06-06-23 05:10:Testing Results: loss 0.80167, Top-1 78.838, Top-5 96.058
06-06-23 05:10:Best Top-1: 78.84
06-06-23 05:10:Best EMA Top-1: 78.84
06-06-23 05:11:Epoch: [66][100/132], lr: 0.00001, data_time: 0.000 (0.003), batch time: 0.391 (0.394), Loss: 0.2528 (0.1270), Top-1: 87.50 (95.62), Top-5: 100.00 (99.38)
06-06-23 05:11:Testing Results: loss 1.04011, Top-1 77.801, Top-5 95.643
06-06-23 05:11:Testing Results: loss 0.79353, Top-1 79.253, Top-5 96.266
06-06-23 05:11:Best Top-1: 78.84
06-06-23 05:11:Best EMA Top-1: 79.25
06-06-23 05:12:Epoch: [67][100/132], lr: 0.00001, data_time: 0.000 (0.003), batch time: 0.391 (0.394), Loss: 0.0135 (0.1192), Top-1: 100.00 (96.75), Top-5: 100.00 (99.12)
06-06-23 05:12:Testing Results: loss 1.02050, Top-1 78.008, Top-5 95.228
06-06-23 05:12:Testing Results: loss 0.78599, Top-1 79.046, Top-5 96.266
06-06-23 05:12:Best Top-1: 78.84
06-06-23 05:12:Best EMA Top-1: 79.25
06-06-23 05:13:Epoch: [68][100/132], lr: 0.00001, data_time: 0.000 (0.004), batch time: 0.392 (0.395), Loss: 0.0314 (0.1263), Top-1: 100.00 (96.25), Top-5: 100.00 (99.25)
06-06-23 05:13:Testing Results: loss 1.02750, Top-1 78.216, Top-5 95.851
06-06-23 05:13:Testing Results: loss 0.77891, Top-1 79.253, Top-5 96.266
06-06-23 05:13:Best Top-1: 78.84
06-06-23 05:13:Best EMA Top-1: 79.25
06-06-23 05:14:Epoch: [69][100/132], lr: 0.00001, data_time: 0.000 (0.004), batch time: 0.392 (0.395), Loss: 0.0586 (0.1378), Top-1: 100.00 (96.12), Top-5: 100.00 (98.88)
06-06-23 05:14:Testing Results: loss 1.04258, Top-1 78.631, Top-5 95.228
06-06-23 05:15:Testing Results: loss 0.77222, Top-1 79.461, Top-5 96.058
06-06-23 05:15:Best Top-1: 78.84
06-06-23 05:15:Best EMA Top-1: 79.46
06-06-23 05:15:Epoch: [70][100/132], lr: 0.00001, data_time: 0.000 (0.004), batch time: 0.392 (0.395), Loss: 0.7292 (0.1261), Top-1: 75.00 (96.25), Top-5: 87.50 (99.38)
06-06-23 05:16:Testing Results: loss 1.04466, Top-1 77.386, Top-5 95.436
06-06-23 05:16:Testing Results: loss 0.76600, Top-1 79.461, Top-5 96.058
06-06-23 05:16:Best Top-1: 78.84
06-06-23 05:16:Best EMA Top-1: 79.46
06-06-23 05:16:Epoch: [71][100/132], lr: 0.00000, data_time: 0.000 (0.003), batch time: 0.391 (0.394), Loss: 0.1611 (0.1332), Top-1: 100.00 (95.62), Top-5: 100.00 (99.25)
06-06-23 05:17:Testing Results: loss 1.03451, Top-1 78.838, Top-5 95.643
06-06-23 05:17:Testing Results: loss 0.76025, Top-1 79.461, Top-5 96.058
06-06-23 05:17:Best Top-1: 78.84
06-06-23 05:17:Best EMA Top-1: 79.46
06-06-23 05:18:Epoch: [72][100/132], lr: 0.00000, data_time: 0.000 (0.004), batch time: 0.392 (0.395), Loss: 0.3627 (0.1259), Top-1: 87.50 (95.62), Top-5: 87.50 (99.50)
06-06-23 05:18:Testing Results: loss 1.02280, Top-1 78.216, Top-5 95.228
06-06-23 05:18:Testing Results: loss 0.75486, Top-1 79.253, Top-5 96.058
06-06-23 05:18:Best Top-1: 78.84
06-06-23 05:18:Best EMA Top-1: 79.46
06-06-23 05:19:Epoch: [73][100/132], lr: 0.00000, data_time: 0.000 (0.003), batch time: 0.392 (0.395), Loss: 0.3325 (0.1396), Top-1: 87.50 (95.75), Top-5: 100.00 (98.75)
06-06-23 05:19:Testing Results: loss 1.02463, Top-1 78.631, Top-5 95.228
06-06-23 05:19:Testing Results: loss 0.74991, Top-1 79.253, Top-5 96.058
06-06-23 05:19:Best Top-1: 78.84
06-06-23 05:19:Best EMA Top-1: 79.46
06-06-23 05:20:Epoch: [74][100/132], lr: 0.00000, data_time: 0.000 (0.003), batch time: 0.392 (0.395), Loss: 0.0928 (0.1369), Top-1: 100.00 (95.50), Top-5: 100.00 (99.00)
06-06-23 05:20:Testing Results: loss 1.03658, Top-1 78.216, Top-5 95.436
06-06-23 05:20:Testing Results: loss 0.74529, Top-1 79.461, Top-5 96.058
06-06-23 05:20:Best Top-1: 78.84
06-06-23 05:20:Best EMA Top-1: 79.46
06-06-23 05:21:Epoch: [75][100/132], lr: 0.00000, data_time: 0.000 (0.004), batch time: 0.391 (0.395), Loss: 0.0990 (0.1431), Top-1: 100.00 (95.12), Top-5: 100.00 (99.12)
06-06-23 05:21:Testing Results: loss 1.03919, Top-1 77.593, Top-5 95.021
06-06-23 05:22:Testing Results: loss 0.74096, Top-1 79.668, Top-5 96.058
06-06-23 05:22:Best Top-1: 78.84
06-06-23 05:22:Best EMA Top-1: 79.67
06-06-23 05:22:Epoch: [76][100/132], lr: 0.00000, data_time: 0.000 (0.004), batch time: 0.391 (0.395), Loss: 0.4046 (0.1597), Top-1: 75.00 (94.88), Top-5: 100.00 (98.88)
06-06-23 05:23:Testing Results: loss 1.07398, Top-1 78.838, Top-5 95.436
06-06-23 05:23:Testing Results: loss 0.73686, Top-1 79.668, Top-5 96.058
06-06-23 05:23:Best Top-1: 78.84
06-06-23 05:23:Best EMA Top-1: 79.67
06-06-23 05:23:Epoch: [77][100/132], lr: 0.00000, data_time: 0.000 (0.004), batch time: 0.391 (0.395), Loss: 0.0423 (0.1300), Top-1: 100.00 (95.88), Top-5: 100.00 (99.12)
06-06-23 05:24:Testing Results: loss 1.01921, Top-1 78.216, Top-5 95.643
06-06-23 05:24:Testing Results: loss 0.73311, Top-1 79.668, Top-5 96.266
06-06-23 05:24:Best Top-1: 78.84
06-06-23 05:24:Best EMA Top-1: 79.67
06-06-23 05:25:Epoch: [78][100/132], lr: 0.00000, data_time: 0.000 (0.003), batch time: 0.391 (0.395), Loss: 0.0029 (0.1350), Top-1: 100.00 (96.38), Top-5: 100.00 (98.75)
06-06-23 05:25:Testing Results: loss 1.04453, Top-1 77.386, Top-5 95.436
06-06-23 05:25:Testing Results: loss 0.72964, Top-1 79.668, Top-5 96.266
06-06-23 05:25:Best Top-1: 78.84
06-06-23 05:25:Best EMA Top-1: 79.67
06-06-23 05:26:Epoch: [79][100/132], lr: 0.00000, data_time: 0.000 (0.004), batch time: 0.391 (0.395), Loss: 0.0437 (0.1434), Top-1: 100.00 (95.75), Top-5: 100.00 (98.75)
06-06-23 05:26:Testing Results: loss 1.04227, Top-1 78.631, Top-5 95.851
06-06-23 05:26:Testing Results: loss 0.72647, Top-1 79.668, Top-5 96.266
06-06-23 05:26:Best Top-1: 78.84
06-06-23 05:26:Best EMA Top-1: 79.67
