06-06-23 12:17:'''
06-06-23 12:17:Dir: runs/NvGesture/MTMM/2023-6-6-12-17-16_ACTION_resnet50_MTMM_rgb_depth/
06-06-23 12:17:Notes: seed_1
06-06-23 12:17:'''
06-06-23 12:17:Loading dataset
06-06-23 12:17:load model
06-06-23 12:17:First test before training
06-06-23 12:17:loss: 3.21954
06-06-23 12:17:Top-1 accuracy: 4.56%, Top-5 accuracy: 19.92%
06-06-23 12:17:group: first_conv_weight has 1 params, lr_mult: 1, decay_mult: 1
06-06-23 12:17:group: first_conv_bias has 0 params, lr_mult: 2, decay_mult: 0
06-06-23 12:17:group: normal_weight has 57 params, lr_mult: 1, decay_mult: 1
06-06-23 12:17:group: normal_bias has 1 params, lr_mult: 2, decay_mult: 0
06-06-23 12:17:group: BN scale/shift has 114 params, lr_mult: 1, decay_mult: 0
06-06-23 12:17:group: custom_weight has 128 params, lr_mult: 1, decay_mult: 1
06-06-23 12:17:group: custom_bn has 32 params, lr_mult: 1, decay_mult: 0
06-06-23 12:17:group: lr5_weight has 1 params, lr_mult: 5, decay_mult: 1
06-06-23 12:17:group: lr10_bias has 1 params, lr_mult: 10, decay_mult: 0
06-06-23 12:18:Epoch: [0][100/132], lr: 0.01250, data_time: 0.000 (0.007), batch_time: 0.407 (0.424), Top-1: 12.50 (10.62), Top-5: 75.00 (35.75), Loss: 2.4970 (3.0812), G_Depth_Loss: 0.0413 (0.0423)
06-06-23 12:18:Testing Results: loss 2.09708, Top-1 38.589, Top-5 79.876
06-06-23 12:18:Testing Results: loss 3.21358, Top-1 12.033, Top-5 33.610
06-06-23 12:18:Best Top-1: 38.59
06-06-23 12:18:Best EMA Top-1: 12.03
06-06-23 12:19:Epoch: [1][100/132], lr: 0.01250, data_time: 0.000 (0.006), batch_time: 0.407 (0.415), Top-1: 75.00 (43.00), Top-5: 100.00 (82.00), Loss: 1.1084 (1.8775), G_Depth_Loss: 0.0396 (0.0416)
06-06-23 12:19:Testing Results: loss 1.47127, Top-1 54.149, Top-5 89.627
06-06-23 12:20:Testing Results: loss 3.19707, Top-1 18.465, Top-5 54.772
06-06-23 12:20:Best Top-1: 54.15
06-06-23 12:20:Best EMA Top-1: 18.46
06-06-23 12:20:Epoch: [2][100/132], lr: 0.01250, data_time: 0.000 (0.006), batch_time: 0.408 (0.413), Top-1: 62.50 (56.88), Top-5: 87.50 (90.25), Loss: 1.2937 (1.3664), G_Depth_Loss: 0.0412 (0.0417)
06-06-23 12:21:Testing Results: loss 1.19272, Top-1 65.145, Top-5 91.909
06-06-23 12:21:Testing Results: loss 3.17450, Top-1 26.141, Top-5 65.145
06-06-23 12:21:Best Top-1: 65.15
06-06-23 12:21:Best EMA Top-1: 26.14
06-06-23 12:22:Epoch: [3][100/132], lr: 0.01250, data_time: 0.000 (0.006), batch_time: 0.409 (0.415), Top-1: 87.50 (63.50), Top-5: 100.00 (92.38), Loss: 0.7862 (1.1728), G_Depth_Loss: 0.0390 (0.0409)
06-06-23 12:22:Testing Results: loss 1.14179, Top-1 64.315, Top-5 93.568
06-06-23 12:22:Testing Results: loss 3.14753, Top-1 28.008, Top-5 68.257
06-06-23 12:22:Best Top-1: 65.15
06-06-23 12:22:Best EMA Top-1: 28.01
06-06-23 12:23:Epoch: [4][100/132], lr: 0.01250, data_time: 0.000 (0.005), batch_time: 0.409 (0.415), Top-1: 62.50 (68.75), Top-5: 87.50 (95.50), Loss: 1.3757 (0.9536), G_Depth_Loss: 0.0396 (0.0408)
06-06-23 12:23:Testing Results: loss 0.99425, Top-1 71.162, Top-5 94.398
06-06-23 12:23:Testing Results: loss 3.11716, Top-1 30.290, Top-5 69.917
06-06-23 12:23:Best Top-1: 71.16
06-06-23 12:23:Best EMA Top-1: 30.29
06-06-23 12:24:Epoch: [5][100/132], lr: 0.01250, data_time: 0.000 (0.006), batch_time: 0.408 (0.415), Top-1: 62.50 (71.50), Top-5: 100.00 (95.38), Loss: 0.5823 (0.8892), G_Depth_Loss: 0.0413 (0.0407)
06-06-23 12:24:Testing Results: loss 1.08703, Top-1 68.672, Top-5 92.531
06-06-23 12:25:Testing Results: loss 3.08375, Top-1 31.328, Top-5 71.577
06-06-23 12:25:Best Top-1: 71.16
06-06-23 12:25:Best EMA Top-1: 31.33
06-06-23 12:25:Epoch: [6][100/132], lr: 0.01250, data_time: 0.000 (0.006), batch_time: 0.409 (0.415), Top-1: 62.50 (75.12), Top-5: 100.00 (96.75), Loss: 0.9378 (0.7867), G_Depth_Loss: 0.0401 (0.0407)
06-06-23 12:26:Testing Results: loss 1.31490, Top-1 65.560, Top-5 91.079
06-06-23 12:26:Testing Results: loss 3.04727, Top-1 33.195, Top-5 72.822
06-06-23 12:26:Best Top-1: 71.16
06-06-23 12:26:Best EMA Top-1: 33.20
06-06-23 12:27:Epoch: [7][100/132], lr: 0.01250, data_time: 0.000 (0.006), batch_time: 0.409 (0.415), Top-1: 37.50 (74.25), Top-5: 87.50 (95.62), Loss: 1.2865 (0.8102), G_Depth_Loss: 0.0416 (0.0406)
06-06-23 12:27:Testing Results: loss 1.00047, Top-1 74.274, Top-5 95.436
06-06-23 12:27:Testing Results: loss 3.00813, Top-1 34.440, Top-5 74.066
06-06-23 12:27:Best Top-1: 74.27
06-06-23 12:27:Best EMA Top-1: 34.44
06-06-23 12:28:Epoch: [8][100/132], lr: 0.01250, data_time: 0.000 (0.006), batch_time: 0.409 (0.414), Top-1: 62.50 (75.38), Top-5: 87.50 (95.38), Loss: 1.4701 (0.7648), G_Depth_Loss: 0.0465 (0.0400)
06-06-23 12:28:Testing Results: loss 0.98460, Top-1 73.029, Top-5 95.228
06-06-23 12:28:Testing Results: loss 2.96645, Top-1 35.685, Top-5 74.896
06-06-23 12:28:Best Top-1: 74.27
06-06-23 12:28:Best EMA Top-1: 35.68
06-06-23 12:29:Epoch: [9][100/132], lr: 0.01250, data_time: 0.000 (0.005), batch_time: 0.409 (0.414), Top-1: 87.50 (78.25), Top-5: 87.50 (95.88), Loss: 0.5935 (0.6839), G_Depth_Loss: 0.0354 (0.0399)
06-06-23 12:29:Testing Results: loss 1.07541, Top-1 71.784, Top-5 94.606
06-06-23 12:30:Testing Results: loss 2.92190, Top-1 37.137, Top-5 76.349
06-06-23 12:30:Best Top-1: 74.27
06-06-23 12:30:Best EMA Top-1: 37.14
06-06-23 12:30:Epoch: [10][100/132], lr: 0.01250, data_time: 0.000 (0.006), batch_time: 0.409 (0.415), Top-1: 75.00 (80.88), Top-5: 100.00 (97.50), Loss: 0.7695 (0.5933), G_Depth_Loss: 0.0382 (0.0394)
06-06-23 12:31:Testing Results: loss 1.07243, Top-1 71.369, Top-5 95.021
06-06-23 12:31:Testing Results: loss 2.87500, Top-1 39.419, Top-5 77.178
06-06-23 12:31:Best Top-1: 74.27
06-06-23 12:31:Best EMA Top-1: 39.42
06-06-23 12:32:Epoch: [11][100/132], lr: 0.01250, data_time: 0.000 (0.005), batch_time: 0.409 (0.415), Top-1: 87.50 (80.75), Top-5: 100.00 (96.75), Loss: 0.4287 (0.5897), G_Depth_Loss: 0.0395 (0.0397)
06-06-23 12:32:Testing Results: loss 0.95965, Top-1 74.066, Top-5 94.813
06-06-23 12:32:Testing Results: loss 2.82624, Top-1 40.664, Top-5 78.631
06-06-23 12:32:Best Top-1: 74.27
06-06-23 12:32:Best EMA Top-1: 40.66
06-06-23 12:33:Epoch: [12][100/132], lr: 0.01250, data_time: 0.000 (0.006), batch_time: 0.409 (0.414), Top-1: 62.50 (79.75), Top-5: 100.00 (95.75), Loss: 0.6780 (0.6155), G_Depth_Loss: 0.0378 (0.0397)
06-06-23 12:33:Testing Results: loss 1.11536, Top-1 69.917, Top-5 93.776
06-06-23 12:33:Testing Results: loss 2.77537, Top-1 42.116, Top-5 78.838
06-06-23 12:33:Best Top-1: 74.27
06-06-23 12:33:Best EMA Top-1: 42.12
06-06-23 12:34:Epoch: [13][100/132], lr: 0.01250, data_time: 0.000 (0.005), batch_time: 0.409 (0.414), Top-1: 62.50 (80.50), Top-5: 100.00 (97.62), Loss: 0.8897 (0.5487), G_Depth_Loss: 0.0411 (0.0394)
06-06-23 12:34:Testing Results: loss 0.98352, Top-1 74.066, Top-5 95.228
06-06-23 12:35:Testing Results: loss 2.72257, Top-1 43.361, Top-5 80.290
06-06-23 12:35:Best Top-1: 74.27
06-06-23 12:35:Best EMA Top-1: 43.36
06-06-23 12:35:Epoch: [14][100/132], lr: 0.01250, data_time: 0.000 (0.006), batch_time: 0.409 (0.415), Top-1: 100.00 (81.00), Top-5: 100.00 (97.12), Loss: 0.2281 (0.5701), G_Depth_Loss: 0.0411 (0.0392)
06-06-23 12:36:Testing Results: loss 0.92797, Top-1 72.822, Top-5 95.643
06-06-23 12:36:Testing Results: loss 2.66764, Top-1 45.643, Top-5 82.365
06-06-23 12:36:Best Top-1: 74.27
06-06-23 12:36:Best EMA Top-1: 45.64
06-06-23 12:37:Epoch: [15][100/132], lr: 0.01250, data_time: 0.000 (0.006), batch_time: 0.409 (0.416), Top-1: 87.50 (83.12), Top-5: 100.00 (97.38), Loss: 0.7846 (0.5406), G_Depth_Loss: 0.0437 (0.0392)
06-06-23 12:37:Testing Results: loss 1.15049, Top-1 69.710, Top-5 93.568
06-06-23 12:37:Testing Results: loss 2.61172, Top-1 48.340, Top-5 82.780
06-06-23 12:37:Best Top-1: 74.27
06-06-23 12:37:Best EMA Top-1: 48.34
06-06-23 12:38:Epoch: [16][100/132], lr: 0.01250, data_time: 0.000 (0.005), batch_time: 0.409 (0.414), Top-1: 75.00 (83.38), Top-5: 87.50 (98.00), Loss: 1.0738 (0.5312), G_Depth_Loss: 0.0390 (0.0385)
06-06-23 12:38:Testing Results: loss 1.15465, Top-1 69.502, Top-5 94.606
06-06-23 12:38:Testing Results: loss 2.55476, Top-1 49.793, Top-5 84.440
06-06-23 12:38:Best Top-1: 74.27
06-06-23 12:38:Best EMA Top-1: 49.79
06-06-23 12:39:Epoch: [17][100/132], lr: 0.01250, data_time: 0.000 (0.006), batch_time: 0.409 (0.415), Top-1: 87.50 (82.50), Top-5: 100.00 (97.25), Loss: 0.3505 (0.5331), G_Depth_Loss: 0.0417 (0.0385)
06-06-23 12:39:Testing Results: loss 1.10579, Top-1 72.199, Top-5 94.606
06-06-23 12:40:Testing Results: loss 2.49711, Top-1 51.660, Top-5 85.270
06-06-23 12:40:Best Top-1: 74.27
06-06-23 12:40:Best EMA Top-1: 51.66
06-06-23 12:40:Epoch: [18][100/132], lr: 0.01250, data_time: 0.000 (0.006), batch_time: 0.409 (0.414), Top-1: 87.50 (85.25), Top-5: 100.00 (97.25), Loss: 0.1843 (0.5020), G_Depth_Loss: 0.0392 (0.0389)
06-06-23 12:41:Testing Results: loss 1.01550, Top-1 72.614, Top-5 95.228
06-06-23 12:41:Testing Results: loss 2.43912, Top-1 53.320, Top-5 85.477
06-06-23 12:41:Best Top-1: 74.27
06-06-23 12:41:Best EMA Top-1: 53.32
06-06-23 12:42:Epoch: [19][100/132], lr: 0.01250, data_time: 0.000 (0.005), batch_time: 0.409 (0.415), Top-1: 75.00 (85.00), Top-5: 100.00 (96.88), Loss: 0.7158 (0.4862), G_Depth_Loss: 0.0367 (0.0382)
06-06-23 12:42:Testing Results: loss 0.92248, Top-1 74.896, Top-5 95.643
06-06-23 12:42:Testing Results: loss 2.37988, Top-1 54.772, Top-5 85.892
06-06-23 12:42:Best Top-1: 74.90
06-06-23 12:42:Best EMA Top-1: 54.77
06-06-23 12:43:Epoch: [20][100/132], lr: 0.01250, data_time: 0.000 (0.006), batch_time: 0.409 (0.415), Top-1: 100.00 (88.00), Top-5: 100.00 (97.75), Loss: 0.1675 (0.3901), G_Depth_Loss: 0.0413 (0.0378)
06-06-23 12:43:Testing Results: loss 1.26666, Top-1 70.747, Top-5 94.813
06-06-23 12:43:Testing Results: loss 2.32073, Top-1 55.394, Top-5 86.307
06-06-23 12:43:Best Top-1: 74.90
06-06-23 12:43:Best EMA Top-1: 55.39
06-06-23 12:44:Epoch: [21][100/132], lr: 0.01250, data_time: 0.000 (0.006), batch_time: 0.409 (0.414), Top-1: 75.00 (86.38), Top-5: 87.50 (98.38), Loss: 0.5261 (0.4452), G_Depth_Loss: 0.0390 (0.0378)
06-06-23 12:45:Testing Results: loss 1.22852, Top-1 71.577, Top-5 92.946
06-06-23 12:45:Testing Results: loss 2.26140, Top-1 57.054, Top-5 86.929
06-06-23 12:45:Best Top-1: 74.90
06-06-23 12:45:Best EMA Top-1: 57.05
06-06-23 12:45:Epoch: [22][100/132], lr: 0.01250, data_time: 0.000 (0.006), batch_time: 0.409 (0.416), Top-1: 100.00 (86.12), Top-5: 100.00 (97.88), Loss: 0.0594 (0.4532), G_Depth_Loss: 0.0383 (0.0379)
06-06-23 12:46:Testing Results: loss 0.90965, Top-1 75.104, Top-5 93.776
06-06-23 12:46:Testing Results: loss 2.20241, Top-1 57.676, Top-5 86.929
06-06-23 12:46:Best Top-1: 75.10
06-06-23 12:46:Best EMA Top-1: 57.68
06-06-23 12:47:Epoch: [23][100/132], lr: 0.01250, data_time: 0.000 (0.005), batch_time: 0.409 (0.415), Top-1: 87.50 (84.75), Top-5: 100.00 (97.62), Loss: 0.3165 (0.4545), G_Depth_Loss: 0.0410 (0.0380)
06-06-23 12:47:Testing Results: loss 0.96310, Top-1 76.349, Top-5 96.266
06-06-23 12:47:Testing Results: loss 2.14404, Top-1 58.714, Top-5 87.552
06-06-23 12:47:Best Top-1: 76.35
06-06-23 12:47:Best EMA Top-1: 58.71
06-06-23 12:48:Epoch: [24][100/132], lr: 0.01250, data_time: 0.000 (0.005), batch_time: 0.409 (0.414), Top-1: 100.00 (86.00), Top-5: 100.00 (97.38), Loss: 0.0382 (0.4559), G_Depth_Loss: 0.0378 (0.0373)
06-06-23 12:48:Testing Results: loss 1.03063, Top-1 74.274, Top-5 95.021
06-06-23 12:48:Testing Results: loss 2.08547, Top-1 59.544, Top-5 88.174
06-06-23 12:48:Best Top-1: 76.35
06-06-23 12:48:Best EMA Top-1: 59.54
06-06-23 12:49:Epoch: [25][100/132], lr: 0.01250, data_time: 0.000 (0.005), batch_time: 0.409 (0.414), Top-1: 87.50 (88.38), Top-5: 100.00 (98.12), Loss: 0.4340 (0.3746), G_Depth_Loss: 0.0383 (0.0368)
06-06-23 12:50:Testing Results: loss 0.88125, Top-1 77.178, Top-5 95.228
06-06-23 12:50:Testing Results: loss 2.02575, Top-1 61.618, Top-5 89.004
06-06-23 12:50:Best Top-1: 77.18
06-06-23 12:50:Best EMA Top-1: 61.62
06-06-23 12:50:Epoch: [26][100/132], lr: 0.01250, data_time: 0.000 (0.006), batch_time: 0.409 (0.415), Top-1: 100.00 (88.62), Top-5: 100.00 (98.12), Loss: 0.0314 (0.3701), G_Depth_Loss: 0.0408 (0.0364)
06-06-23 12:51:Testing Results: loss 1.21563, Top-1 70.954, Top-5 94.398
06-06-23 12:51:Testing Results: loss 1.96722, Top-1 62.863, Top-5 88.797
06-06-23 12:51:Best Top-1: 77.18
06-06-23 12:51:Best EMA Top-1: 62.86
06-06-23 12:52:Epoch: [27][100/132], lr: 0.01250, data_time: 0.000 (0.006), batch_time: 0.410 (0.414), Top-1: 87.50 (88.50), Top-5: 100.00 (98.00), Loss: 0.2098 (0.3749), G_Depth_Loss: 0.0359 (0.0364)
06-06-23 12:52:Testing Results: loss 0.94173, Top-1 76.763, Top-5 93.776
06-06-23 12:52:Testing Results: loss 1.90903, Top-1 63.485, Top-5 89.419
06-06-23 12:52:Best Top-1: 77.18
06-06-23 12:52:Best EMA Top-1: 63.49
06-06-23 12:53:Epoch: [28][100/132], lr: 0.01250, data_time: 0.000 (0.005), batch_time: 0.409 (0.414), Top-1: 87.50 (91.12), Top-5: 100.00 (97.88), Loss: 0.3256 (0.3060), G_Depth_Loss: 0.0425 (0.0367)
06-06-23 12:53:Testing Results: loss 1.26812, Top-1 73.444, Top-5 93.983
06-06-23 12:53:Testing Results: loss 1.85338, Top-1 63.900, Top-5 89.834
06-06-23 12:53:Best Top-1: 77.18
06-06-23 12:53:Best EMA Top-1: 63.90
06-06-23 12:54:Epoch: [29][100/132], lr: 0.01250, data_time: 0.000 (0.006), batch_time: 0.409 (0.416), Top-1: 75.00 (89.50), Top-5: 87.50 (98.50), Loss: 0.9916 (0.3419), G_Depth_Loss: 0.0417 (0.0367)
06-06-23 12:55:Testing Results: loss 1.12123, Top-1 72.407, Top-5 93.361
06-06-23 12:55:Testing Results: loss 1.79883, Top-1 64.523, Top-5 90.041
06-06-23 12:55:Best Top-1: 77.18
06-06-23 12:55:Best EMA Top-1: 64.52
06-06-23 12:55:Epoch: [30][100/132], lr: 0.01250, data_time: 0.000 (0.006), batch_time: 0.409 (0.415), Top-1: 87.50 (88.75), Top-5: 100.00 (97.75), Loss: 0.1686 (0.3536), G_Depth_Loss: 0.0337 (0.0367)
06-06-23 12:56:Testing Results: loss 1.07347, Top-1 74.274, Top-5 93.983
06-06-23 12:56:Testing Results: loss 1.74407, Top-1 65.145, Top-5 90.456
06-06-23 12:56:Best Top-1: 77.18
06-06-23 12:56:Best EMA Top-1: 65.15
06-06-23 12:57:Epoch: [31][100/132], lr: 0.01250, data_time: 0.000 (0.006), batch_time: 0.409 (0.415), Top-1: 87.50 (89.88), Top-5: 87.50 (97.62), Loss: 0.4704 (0.3294), G_Depth_Loss: 0.0374 (0.0365)
06-06-23 12:57:Testing Results: loss 1.00948, Top-1 73.651, Top-5 95.228
06-06-23 12:57:Testing Results: loss 1.69118, Top-1 65.768, Top-5 90.456
06-06-23 12:57:Best Top-1: 77.18
06-06-23 12:57:Best EMA Top-1: 65.77
06-06-23 12:58:Epoch: [32][100/132], lr: 0.01250, data_time: 0.000 (0.005), batch_time: 0.409 (0.414), Top-1: 87.50 (91.75), Top-5: 87.50 (98.38), Loss: 0.4200 (0.2785), G_Depth_Loss: 0.0354 (0.0363)
06-06-23 12:58:Testing Results: loss 1.09385, Top-1 74.066, Top-5 95.436
06-06-23 12:58:Testing Results: loss 1.63923, Top-1 66.390, Top-5 90.871
06-06-23 12:59:Best Top-1: 77.18
06-06-23 12:59:Best EMA Top-1: 66.39
06-06-23 12:59:Epoch: [33][100/132], lr: 0.01250, data_time: 0.000 (0.006), batch_time: 0.409 (0.415), Top-1: 75.00 (90.25), Top-5: 100.00 (98.12), Loss: 0.6277 (0.3151), G_Depth_Loss: 0.0331 (0.0362)
06-06-23 13:00:Testing Results: loss 1.21518, Top-1 70.747, Top-5 93.568
06-06-23 13:00:Testing Results: loss 1.58993, Top-1 66.805, Top-5 90.871
06-06-23 13:00:Best Top-1: 77.18
06-06-23 13:00:Best EMA Top-1: 66.80
06-06-23 13:00:Epoch: [34][100/132], lr: 0.01250, data_time: 0.000 (0.006), batch_time: 0.410 (0.416), Top-1: 62.50 (91.62), Top-5: 100.00 (98.25), Loss: 1.0183 (0.2915), G_Depth_Loss: 0.0381 (0.0360)
06-06-23 13:01:Testing Results: loss 1.39212, Top-1 71.784, Top-5 93.154
06-06-23 13:01:Testing Results: loss 1.54290, Top-1 67.635, Top-5 91.079
06-06-23 13:01:Best Top-1: 77.18
06-06-23 13:01:Best EMA Top-1: 67.63
06-06-23 13:02:Epoch: [35][100/132], lr: 0.01250, data_time: 0.000 (0.005), batch_time: 0.410 (0.414), Top-1: 87.50 (91.75), Top-5: 100.00 (99.00), Loss: 0.3631 (0.2628), G_Depth_Loss: 0.0336 (0.0361)
06-06-23 13:02:Testing Results: loss 1.23261, Top-1 73.859, Top-5 93.983
06-06-23 13:02:Testing Results: loss 1.49639, Top-1 68.050, Top-5 91.701
06-06-23 13:02:Best Top-1: 77.18
06-06-23 13:02:Best EMA Top-1: 68.05
06-06-23 13:03:Epoch: [36][100/132], lr: 0.01250, data_time: 0.000 (0.005), batch_time: 0.409 (0.414), Top-1: 100.00 (90.88), Top-5: 100.00 (98.50), Loss: 0.0472 (0.2992), G_Depth_Loss: 0.0364 (0.0356)
06-06-23 13:03:Testing Results: loss 1.45281, Top-1 72.822, Top-5 92.531
06-06-23 13:04:Testing Results: loss 1.45197, Top-1 69.087, Top-5 91.909
06-06-23 13:04:Best Top-1: 77.18
06-06-23 13:04:Best EMA Top-1: 69.09
06-06-23 13:04:Epoch: [37][100/132], lr: 0.01250, data_time: 0.000 (0.005), batch_time: 0.409 (0.414), Top-1: 75.00 (90.38), Top-5: 100.00 (98.38), Loss: 0.3005 (0.3083), G_Depth_Loss: 0.0334 (0.0357)
06-06-23 13:05:Testing Results: loss 1.30681, Top-1 72.822, Top-5 92.739
06-06-23 13:05:Testing Results: loss 1.40784, Top-1 69.917, Top-5 92.324
06-06-23 13:05:Best Top-1: 77.18
06-06-23 13:05:Best EMA Top-1: 69.92
06-06-23 13:05:Epoch: [38][100/132], lr: 0.01250, data_time: 0.000 (0.005), batch_time: 0.409 (0.414), Top-1: 87.50 (91.00), Top-5: 100.00 (99.12), Loss: 0.6690 (0.2699), G_Depth_Loss: 0.0356 (0.0353)
06-06-23 13:06:Testing Results: loss 1.16093, Top-1 72.407, Top-5 93.361
06-06-23 13:06:Testing Results: loss 1.36569, Top-1 70.954, Top-5 92.324
06-06-23 13:06:Best Top-1: 77.18
06-06-23 13:06:Best EMA Top-1: 70.95
06-06-23 13:07:Epoch: [39][100/132], lr: 0.01250, data_time: 0.000 (0.005), batch_time: 0.409 (0.415), Top-1: 62.50 (91.12), Top-5: 87.50 (97.50), Loss: 0.8197 (0.2647), G_Depth_Loss: 0.0365 (0.0357)
06-06-23 13:07:Testing Results: loss 1.47702, Top-1 71.577, Top-5 93.568
06-06-23 13:07:Testing Results: loss 1.32530, Top-1 71.577, Top-5 92.739
06-06-23 13:07:Best Top-1: 77.18
06-06-23 13:07:Best EMA Top-1: 71.58
06-06-23 13:08:Epoch: [40][100/132], lr: 0.01250, data_time: 0.000 (0.005), batch_time: 0.409 (0.415), Top-1: 87.50 (91.75), Top-5: 100.00 (98.12), Loss: 0.3323 (0.3069), G_Depth_Loss: 0.0316 (0.0353)
06-06-23 13:08:Testing Results: loss 1.03486, Top-1 74.066, Top-5 94.606
06-06-23 13:09:Testing Results: loss 1.28727, Top-1 72.199, Top-5 92.531
06-06-23 13:09:Best Top-1: 77.18
06-06-23 13:09:Best EMA Top-1: 72.20
06-06-23 13:09:Epoch: [41][100/132], lr: 0.01250, data_time: 0.000 (0.006), batch_time: 0.409 (0.415), Top-1: 100.00 (89.50), Top-5: 100.00 (97.75), Loss: 0.1165 (0.3343), G_Depth_Loss: 0.0344 (0.0351)
06-06-23 13:10:Testing Results: loss 1.13249, Top-1 73.237, Top-5 95.228
06-06-23 13:10:Testing Results: loss 1.25161, Top-1 72.614, Top-5 92.739
06-06-23 13:10:Best Top-1: 77.18
06-06-23 13:10:Best EMA Top-1: 72.61
06-06-23 13:10:Epoch: [42][100/132], lr: 0.01250, data_time: 0.000 (0.006), batch_time: 0.410 (0.416), Top-1: 100.00 (90.50), Top-5: 100.00 (98.75), Loss: 0.0117 (0.2814), G_Depth_Loss: 0.0350 (0.0346)
06-06-23 13:11:Testing Results: loss 1.01625, Top-1 77.386, Top-5 96.058
06-06-23 13:11:Testing Results: loss 1.21757, Top-1 73.859, Top-5 92.946
06-06-23 13:11:Best Top-1: 77.39
06-06-23 13:11:Best EMA Top-1: 73.86
06-06-23 13:12:Epoch: [43][100/132], lr: 0.01250, data_time: 0.000 (0.006), batch_time: 0.410 (0.415), Top-1: 75.00 (91.75), Top-5: 100.00 (99.12), Loss: 1.0889 (0.2503), G_Depth_Loss: 0.0326 (0.0346)
06-06-23 13:12:Testing Results: loss 1.10044, Top-1 77.178, Top-5 94.398
06-06-23 13:12:Testing Results: loss 1.18452, Top-1 73.651, Top-5 93.154
06-06-23 13:12:Best Top-1: 77.39
06-06-23 13:12:Best EMA Top-1: 73.86
06-06-23 13:13:Epoch: [44][100/132], lr: 0.01250, data_time: 0.000 (0.005), batch_time: 0.409 (0.415), Top-1: 87.50 (90.38), Top-5: 100.00 (98.50), Loss: 0.3556 (0.2981), G_Depth_Loss: 0.0326 (0.0344)
06-06-23 13:13:Testing Results: loss 0.96249, Top-1 76.971, Top-5 94.606
06-06-23 13:14:Testing Results: loss 1.15369, Top-1 74.066, Top-5 93.361
06-06-23 13:14:Best Top-1: 77.39
06-06-23 13:14:Best EMA Top-1: 74.07
06-06-23 13:14:Epoch: [45][100/132], lr: 0.01250, data_time: 0.000 (0.006), batch_time: 0.409 (0.415), Top-1: 75.00 (92.38), Top-5: 87.50 (98.00), Loss: 0.6380 (0.2623), G_Depth_Loss: 0.0330 (0.0345)
06-06-23 13:15:Testing Results: loss 1.08534, Top-1 76.141, Top-5 95.021
06-06-23 13:15:Testing Results: loss 1.12458, Top-1 74.274, Top-5 93.776
06-06-23 13:15:Best Top-1: 77.39
06-06-23 13:15:Best EMA Top-1: 74.27
06-06-23 13:16:Epoch: [46][100/132], lr: 0.01250, data_time: 0.000 (0.006), batch_time: 0.409 (0.415), Top-1: 100.00 (92.88), Top-5: 100.00 (98.62), Loss: 0.0037 (0.2320), G_Depth_Loss: 0.0317 (0.0342)
06-06-23 13:16:Testing Results: loss 1.00931, Top-1 75.519, Top-5 95.021
06-06-23 13:16:Testing Results: loss 1.09699, Top-1 74.896, Top-5 93.776
06-06-23 13:16:Best Top-1: 77.39
06-06-23 13:16:Best EMA Top-1: 74.90
06-06-23 13:17:Epoch: [47][100/132], lr: 0.01250, data_time: 0.000 (0.006), batch_time: 0.409 (0.415), Top-1: 100.00 (93.12), Top-5: 100.00 (99.00), Loss: 0.0625 (0.2171), G_Depth_Loss: 0.0352 (0.0342)
06-06-23 13:17:Testing Results: loss 1.31103, Top-1 75.519, Top-5 93.361
06-06-23 13:17:Testing Results: loss 1.07083, Top-1 75.104, Top-5 93.983
06-06-23 13:17:Best Top-1: 77.39
06-06-23 13:17:Best EMA Top-1: 75.10
06-06-23 13:18:Epoch: [48][100/132], lr: 0.01250, data_time: 0.000 (0.005), batch_time: 0.409 (0.414), Top-1: 87.50 (91.50), Top-5: 100.00 (98.88), Loss: 0.4412 (0.2363), G_Depth_Loss: 0.0329 (0.0338)
06-06-23 13:18:Testing Results: loss 1.29192, Top-1 73.651, Top-5 93.154
06-06-23 13:19:Testing Results: loss 1.04552, Top-1 75.519, Top-5 93.983
06-06-23 13:19:Best Top-1: 77.39
06-06-23 13:19:Best EMA Top-1: 75.52
06-06-23 13:19:Epoch: [49][100/132], lr: 0.01250, data_time: 0.000 (0.005), batch_time: 0.409 (0.415), Top-1: 100.00 (93.25), Top-5: 100.00 (98.62), Loss: 0.0172 (0.2384), G_Depth_Loss: 0.0358 (0.0340)
06-06-23 13:20:Testing Results: loss 1.17796, Top-1 74.274, Top-5 94.813
06-06-23 13:20:Testing Results: loss 1.02157, Top-1 75.726, Top-5 94.191
06-06-23 13:20:Best Top-1: 77.39
06-06-23 13:20:Best EMA Top-1: 75.73
06-06-23 13:21:Epoch: [50][100/132], lr: 0.01250, data_time: 0.000 (0.006), batch_time: 0.410 (0.416), Top-1: 87.50 (90.38), Top-5: 100.00 (98.00), Loss: 0.3926 (0.2923), G_Depth_Loss: 0.0308 (0.0342)
06-06-23 13:21:Testing Results: loss 1.28617, Top-1 73.859, Top-5 92.116
06-06-23 13:21:Testing Results: loss 0.99884, Top-1 76.349, Top-5 94.398
06-06-23 13:21:Best Top-1: 77.39
06-06-23 13:21:Best EMA Top-1: 76.35
06-06-23 13:22:Epoch: [51][100/132], lr: 0.00125, data_time: 0.000 (0.006), batch_time: 0.409 (0.415), Top-1: 75.00 (94.00), Top-5: 87.50 (98.88), Loss: 0.8442 (0.2033), G_Depth_Loss: 0.0329 (0.0340)
06-06-23 13:22:Testing Results: loss 1.14802, Top-1 75.519, Top-5 94.606
06-06-23 13:22:Testing Results: loss 0.97689, Top-1 76.971, Top-5 94.606
06-06-23 13:22:Best Top-1: 77.39
06-06-23 13:22:Best EMA Top-1: 76.97
06-06-23 13:23:Epoch: [52][100/132], lr: 0.00125, data_time: 0.000 (0.006), batch_time: 0.409 (0.415), Top-1: 100.00 (95.12), Top-5: 100.00 (98.88), Loss: 0.0185 (0.1698), G_Depth_Loss: 0.0340 (0.0340)
06-06-23 13:23:Testing Results: loss 1.08748, Top-1 75.519, Top-5 93.776
06-06-23 13:24:Testing Results: loss 0.95644, Top-1 76.763, Top-5 94.606
06-06-23 13:24:Best Top-1: 77.39
06-06-23 13:24:Best EMA Top-1: 76.97
06-06-23 13:24:Epoch: [53][100/132], lr: 0.00125, data_time: 0.000 (0.005), batch_time: 0.409 (0.414), Top-1: 87.50 (94.12), Top-5: 100.00 (99.00), Loss: 0.1987 (0.1832), G_Depth_Loss: 0.0351 (0.0341)
06-06-23 13:25:Testing Results: loss 1.04551, Top-1 76.141, Top-5 94.398
06-06-23 13:25:Testing Results: loss 0.93715, Top-1 77.178, Top-5 94.606
06-06-23 13:25:Best Top-1: 77.39
06-06-23 13:25:Best EMA Top-1: 77.18
06-06-23 13:26:Epoch: [54][100/132], lr: 0.00125, data_time: 0.000 (0.005), batch_time: 0.409 (0.414), Top-1: 100.00 (96.12), Top-5: 100.00 (99.38), Loss: 0.0112 (0.1224), G_Depth_Loss: 0.0360 (0.0340)
06-06-23 13:26:Testing Results: loss 1.05234, Top-1 77.178, Top-5 94.813
06-06-23 13:26:Testing Results: loss 0.91902, Top-1 77.386, Top-5 94.813
06-06-23 13:26:Best Top-1: 77.39
06-06-23 13:26:Best EMA Top-1: 77.39
06-06-23 13:27:Epoch: [55][100/132], lr: 0.00125, data_time: 0.000 (0.007), batch_time: 0.409 (0.417), Top-1: 100.00 (95.88), Top-5: 100.00 (98.75), Loss: 0.0975 (0.1492), G_Depth_Loss: 0.0325 (0.0339)
06-06-23 13:27:Testing Results: loss 1.01135, Top-1 77.593, Top-5 94.191
06-06-23 13:27:Testing Results: loss 0.90215, Top-1 77.801, Top-5 95.021
06-06-23 13:27:Best Top-1: 77.59
06-06-23 13:27:Best EMA Top-1: 77.80
06-06-23 13:28:Epoch: [56][100/132], lr: 0.00125, data_time: 0.000 (0.006), batch_time: 0.409 (0.415), Top-1: 100.00 (95.50), Top-5: 100.00 (99.62), Loss: 0.0106 (0.1414), G_Depth_Loss: 0.0334 (0.0337)
06-06-23 13:28:Testing Results: loss 1.06632, Top-1 77.178, Top-5 94.398
06-06-23 13:29:Testing Results: loss 0.88633, Top-1 77.801, Top-5 95.228
06-06-23 13:29:Best Top-1: 77.59
06-06-23 13:29:Best EMA Top-1: 77.80
06-06-23 13:29:Epoch: [57][100/132], lr: 0.00125, data_time: 0.000 (0.005), batch_time: 0.409 (0.414), Top-1: 87.50 (94.62), Top-5: 100.00 (98.12), Loss: 0.2222 (0.1898), G_Depth_Loss: 0.0411 (0.0342)
06-06-23 13:30:Testing Results: loss 1.00489, Top-1 77.386, Top-5 94.813
06-06-23 13:30:Testing Results: loss 0.87149, Top-1 77.801, Top-5 95.436
06-06-23 13:30:Best Top-1: 77.59
06-06-23 13:30:Best EMA Top-1: 77.80
06-06-23 13:31:Epoch: [58][100/132], lr: 0.00125, data_time: 0.000 (0.006), batch_time: 0.409 (0.415), Top-1: 100.00 (94.12), Top-5: 100.00 (98.62), Loss: 0.0543 (0.1652), G_Depth_Loss: 0.0319 (0.0340)
06-06-23 13:31:Testing Results: loss 1.03166, Top-1 77.386, Top-5 94.191
06-06-23 13:31:Testing Results: loss 0.85755, Top-1 77.801, Top-5 95.228
06-06-23 13:31:Best Top-1: 77.59
06-06-23 13:31:Best EMA Top-1: 77.80
06-06-23 13:32:Epoch: [59][100/132], lr: 0.00125, data_time: 0.000 (0.006), batch_time: 0.409 (0.416), Top-1: 100.00 (96.38), Top-5: 100.00 (99.62), Loss: 0.0138 (0.1219), G_Depth_Loss: 0.0360 (0.0338)
06-06-23 13:32:Testing Results: loss 1.07059, Top-1 75.934, Top-5 93.776
06-06-23 13:32:Testing Results: loss 0.84458, Top-1 78.216, Top-5 95.436
06-06-23 13:32:Best Top-1: 77.59
06-06-23 13:32:Best EMA Top-1: 78.22
06-06-23 13:33:Epoch: [60][100/132], lr: 0.00125, data_time: 0.000 (0.006), batch_time: 0.409 (0.416), Top-1: 87.50 (95.25), Top-5: 100.00 (98.75), Loss: 0.2597 (0.1554), G_Depth_Loss: 0.0329 (0.0336)
06-06-23 13:33:Testing Results: loss 1.04482, Top-1 77.178, Top-5 94.191
06-06-23 13:34:Testing Results: loss 0.83228, Top-1 78.631, Top-5 95.436
06-06-23 13:34:Best Top-1: 77.59
06-06-23 13:34:Best EMA Top-1: 78.63
06-06-23 13:34:Epoch: [61][100/132], lr: 0.00013, data_time: 0.000 (0.005), batch_time: 0.409 (0.414), Top-1: 100.00 (95.12), Top-5: 100.00 (99.25), Loss: 0.0104 (0.1356), G_Depth_Loss: 0.0318 (0.0337)
06-06-23 13:35:Testing Results: loss 1.03862, Top-1 76.349, Top-5 93.776
06-06-23 13:35:Testing Results: loss 0.82076, Top-1 79.046, Top-5 95.436
06-06-23 13:35:Best Top-1: 77.59
06-06-23 13:35:Best EMA Top-1: 79.05
06-06-23 13:36:Epoch: [62][100/132], lr: 0.00013, data_time: 0.000 (0.006), batch_time: 0.409 (0.415), Top-1: 87.50 (96.38), Top-5: 100.00 (99.00), Loss: 0.1668 (0.1407), G_Depth_Loss: 0.0353 (0.0341)
06-06-23 13:36:Testing Results: loss 1.03798, Top-1 77.593, Top-5 94.606
06-06-23 13:36:Testing Results: loss 0.81002, Top-1 78.838, Top-5 95.436
06-06-23 13:36:Best Top-1: 77.59
06-06-23 13:36:Best EMA Top-1: 79.05
06-06-23 13:37:Epoch: [63][100/132], lr: 0.00013, data_time: 0.000 (0.006), batch_time: 0.409 (0.416), Top-1: 100.00 (96.00), Top-5: 100.00 (99.00), Loss: 0.0115 (0.1309), G_Depth_Loss: 0.0341 (0.0339)
06-06-23 13:37:Testing Results: loss 1.07579, Top-1 76.556, Top-5 93.361
06-06-23 13:37:Testing Results: loss 0.79984, Top-1 78.423, Top-5 95.643
06-06-23 13:37:Best Top-1: 77.59
06-06-23 13:37:Best EMA Top-1: 79.05
06-06-23 13:38:Epoch: [64][100/132], lr: 0.00013, data_time: 0.000 (0.005), batch_time: 0.409 (0.414), Top-1: 87.50 (95.25), Top-5: 100.00 (99.00), Loss: 0.1427 (0.1530), G_Depth_Loss: 0.0314 (0.0333)
06-06-23 13:38:Testing Results: loss 1.07175, Top-1 76.141, Top-5 93.983
06-06-23 13:39:Testing Results: loss 0.79023, Top-1 78.423, Top-5 95.851
06-06-23 13:39:Best Top-1: 77.59
06-06-23 13:39:Best EMA Top-1: 79.05
06-06-23 13:39:Epoch: [65][100/132], lr: 0.00013, data_time: 0.000 (0.005), batch_time: 0.410 (0.415), Top-1: 100.00 (96.25), Top-5: 100.00 (99.00), Loss: 0.0060 (0.1334), G_Depth_Loss: 0.0348 (0.0340)
06-06-23 13:40:Testing Results: loss 1.04363, Top-1 76.556, Top-5 93.776
06-06-23 13:40:Testing Results: loss 0.78131, Top-1 79.046, Top-5 95.851
06-06-23 13:40:Best Top-1: 77.59
06-06-23 13:40:Best EMA Top-1: 79.05
06-06-23 13:40:Epoch: [66][100/132], lr: 0.00013, data_time: 0.000 (0.006), batch_time: 0.409 (0.415), Top-1: 100.00 (96.62), Top-5: 100.00 (99.25), Loss: 0.0175 (0.1098), G_Depth_Loss: 0.0316 (0.0340)
06-06-23 13:41:Testing Results: loss 1.03346, Top-1 76.971, Top-5 94.398
06-06-23 13:41:Testing Results: loss 0.77295, Top-1 79.046, Top-5 96.058
06-06-23 13:41:Best Top-1: 77.59
06-06-23 13:41:Best EMA Top-1: 79.05
06-06-23 13:42:Epoch: [67][100/132], lr: 0.00013, data_time: 0.000 (0.006), batch_time: 0.410 (0.415), Top-1: 100.00 (96.75), Top-5: 100.00 (99.50), Loss: 0.0026 (0.1010), G_Depth_Loss: 0.0293 (0.0339)
06-06-23 13:42:Testing Results: loss 1.01809, Top-1 77.593, Top-5 94.606
06-06-23 13:42:Testing Results: loss 0.76501, Top-1 78.838, Top-5 96.058
06-06-23 13:42:Best Top-1: 77.59
06-06-23 13:42:Best EMA Top-1: 79.05
06-06-23 13:43:Epoch: [68][100/132], lr: 0.00013, data_time: 0.000 (0.006), batch_time: 0.409 (0.416), Top-1: 100.00 (96.50), Top-5: 100.00 (99.25), Loss: 0.0072 (0.1211), G_Depth_Loss: 0.0320 (0.0340)
06-06-23 13:43:Testing Results: loss 1.04064, Top-1 76.349, Top-5 93.776
06-06-23 13:44:Testing Results: loss 0.75764, Top-1 79.046, Top-5 96.266
06-06-23 13:44:Best Top-1: 77.59
06-06-23 13:44:Best EMA Top-1: 79.05
06-06-23 13:44:Epoch: [69][100/132], lr: 0.00013, data_time: 0.000 (0.006), batch_time: 0.409 (0.416), Top-1: 100.00 (96.00), Top-5: 100.00 (98.88), Loss: 0.0153 (0.1282), G_Depth_Loss: 0.0330 (0.0339)
06-06-23 13:45:Testing Results: loss 1.05126, Top-1 77.386, Top-5 93.983
06-06-23 13:45:Testing Results: loss 0.75069, Top-1 79.253, Top-5 96.058
06-06-23 13:45:Best Top-1: 77.59
06-06-23 13:45:Best EMA Top-1: 79.25
06-06-23 13:45:Epoch: [70][100/132], lr: 0.00013, data_time: 0.000 (0.006), batch_time: 0.409 (0.415), Top-1: 100.00 (96.62), Top-5: 100.00 (99.12), Loss: 0.0082 (0.1277), G_Depth_Loss: 0.0320 (0.0335)
06-06-23 13:46:Testing Results: loss 1.04594, Top-1 76.141, Top-5 94.191
06-06-23 13:46:Testing Results: loss 0.74420, Top-1 79.461, Top-5 96.058
06-06-23 13:46:Best Top-1: 77.59
06-06-23 13:46:Best EMA Top-1: 79.46
06-06-23 13:47:Epoch: [71][100/132], lr: 0.00001, data_time: 0.000 (0.005), batch_time: 0.409 (0.414), Top-1: 100.00 (94.88), Top-5: 100.00 (98.38), Loss: 0.0235 (0.1609), G_Depth_Loss: 0.0351 (0.0338)
06-06-23 13:47:Testing Results: loss 1.05177, Top-1 76.763, Top-5 94.398
06-06-23 13:47:Testing Results: loss 0.73810, Top-1 79.668, Top-5 96.058
06-06-23 13:47:Best Top-1: 77.59
06-06-23 13:47:Best EMA Top-1: 79.67
06-06-23 13:48:Epoch: [72][100/132], lr: 0.00001, data_time: 0.000 (0.006), batch_time: 0.409 (0.416), Top-1: 100.00 (96.00), Top-5: 100.00 (98.75), Loss: 0.0842 (0.1359), G_Depth_Loss: 0.0312 (0.0335)
06-06-23 13:48:Testing Results: loss 1.03946, Top-1 77.178, Top-5 94.191
06-06-23 13:49:Testing Results: loss 0.73239, Top-1 79.668, Top-5 96.266
06-06-23 13:49:Best Top-1: 77.59
06-06-23 13:49:Best EMA Top-1: 79.67
06-06-23 13:49:Epoch: [73][100/132], lr: 0.00001, data_time: 0.000 (0.005), batch_time: 0.409 (0.415), Top-1: 87.50 (96.25), Top-5: 100.00 (99.00), Loss: 0.3577 (0.1489), G_Depth_Loss: 0.0361 (0.0334)
06-06-23 13:50:Testing Results: loss 1.03680, Top-1 77.386, Top-5 93.983
06-06-23 13:50:Testing Results: loss 0.72705, Top-1 80.083, Top-5 96.266
06-06-23 13:50:Best Top-1: 77.59
06-06-23 13:50:Best EMA Top-1: 80.08
06-06-23 13:50:Epoch: [74][100/132], lr: 0.00001, data_time: 0.000 (0.006), batch_time: 0.409 (0.415), Top-1: 100.00 (94.62), Top-5: 100.00 (98.88), Loss: 0.0237 (0.1543), G_Depth_Loss: 0.0343 (0.0337)
06-06-23 13:51:Testing Results: loss 1.02393, Top-1 77.386, Top-5 94.606
06-06-23 13:51:Testing Results: loss 0.72204, Top-1 80.083, Top-5 96.266
06-06-23 13:51:Best Top-1: 77.59
06-06-23 13:51:Best EMA Top-1: 80.08
06-06-23 13:52:Epoch: [75][100/132], lr: 0.00001, data_time: 0.000 (0.006), batch_time: 0.409 (0.415), Top-1: 87.50 (95.88), Top-5: 100.00 (98.88), Loss: 0.6587 (0.1532), G_Depth_Loss: 0.0359 (0.0337)
06-06-23 13:52:Testing Results: loss 1.03430, Top-1 77.178, Top-5 94.398
06-06-23 13:52:Testing Results: loss 0.71739, Top-1 80.290, Top-5 96.058
06-06-23 13:52:Best Top-1: 77.59
06-06-23 13:52:Best EMA Top-1: 80.29
06-06-23 13:53:Epoch: [76][100/132], lr: 0.00001, data_time: 0.000 (0.006), batch_time: 0.409 (0.415), Top-1: 100.00 (95.50), Top-5: 100.00 (98.75), Loss: 0.1406 (0.1674), G_Depth_Loss: 0.0314 (0.0341)
06-06-23 13:53:Testing Results: loss 1.04859, Top-1 76.763, Top-5 93.983
06-06-23 13:53:Testing Results: loss 0.71302, Top-1 79.876, Top-5 96.058
06-06-23 13:53:Best Top-1: 77.59
06-06-23 13:53:Best EMA Top-1: 80.29
06-06-23 13:54:Epoch: [77][100/132], lr: 0.00001, data_time: 0.000 (0.006), batch_time: 0.409 (0.415), Top-1: 87.50 (96.62), Top-5: 100.00 (99.12), Loss: 0.3049 (0.1157), G_Depth_Loss: 0.0338 (0.0338)
06-06-23 13:55:Testing Results: loss 1.03483, Top-1 76.971, Top-5 94.191
06-06-23 13:55:Testing Results: loss 0.70902, Top-1 79.876, Top-5 96.266
06-06-23 13:55:Best Top-1: 77.59
06-06-23 13:55:Best EMA Top-1: 80.29
06-06-23 13:55:Epoch: [78][100/132], lr: 0.00001, data_time: 0.000 (0.006), batch_time: 0.409 (0.415), Top-1: 100.00 (95.75), Top-5: 100.00 (98.88), Loss: 0.0212 (0.1322), G_Depth_Loss: 0.0323 (0.0338)
06-06-23 13:56:Testing Results: loss 1.10192, Top-1 76.556, Top-5 93.776
06-06-23 13:56:Testing Results: loss 0.70530, Top-1 80.083, Top-5 96.266
06-06-23 13:56:Best Top-1: 77.59
06-06-23 13:56:Best EMA Top-1: 80.29
06-06-23 13:57:Epoch: [79][100/132], lr: 0.00001, data_time: 0.000 (0.006), batch_time: 0.409 (0.415), Top-1: 100.00 (96.25), Top-5: 100.00 (98.75), Loss: 0.0060 (0.1349), G_Depth_Loss: 0.0321 (0.0337)
06-06-23 13:57:Testing Results: loss 1.12049, Top-1 76.556, Top-5 93.776
06-06-23 13:57:Testing Results: loss 0.70185, Top-1 80.083, Top-5 96.266
06-06-23 13:57:Best Top-1: 77.59
06-06-23 13:57:Best EMA Top-1: 80.29
