06-06-23 02:19:runs/NvGesture/Baseline/2023-6-6-2-19-57_ACTION_resnet50/
06-06-23 02:19:seed_2
06-06-23 02:20:Loading dataset
06-06-23 02:20:load model
06-06-23 02:20:First test before training
06-06-23 02:20:loss: 3.21858
06-06-23 02:20:Top-1 accuracy: 6.22%, Top-5 accuracy: 21.99%
06-06-23 02:20:group: first_conv_weight has 1 params, lr_mult: 1, decay_mult: 1
06-06-23 02:20:group: first_conv_bias has 0 params, lr_mult: 2, decay_mult: 0
06-06-23 02:20:group: normal_weight has 52 params, lr_mult: 1, decay_mult: 1
06-06-23 02:20:group: normal_bias has 0 params, lr_mult: 2, decay_mult: 0
06-06-23 02:20:group: BN scale/shift has 106 params, lr_mult: 1, decay_mult: 0
06-06-23 02:20:group: custom_weight has 128 params, lr_mult: 1, decay_mult: 1
06-06-23 02:20:group: custom_bn has 32 params, lr_mult: 1, decay_mult: 0
06-06-23 02:20:group: lr5_weight has 1 params, lr_mult: 5, decay_mult: 1
06-06-23 02:20:group: lr10_bias has 1 params, lr_mult: 10, decay_mult: 0
06-06-23 02:20:Epoch: [0][100/132], lr: 0.00125, data_time: 0.000 (0.004), batch time: 0.391 (0.403), Loss: 2.2744 (3.1057), Top-1: 25.00 (11.12), Top-5: 75.00 (36.12)
06-06-23 02:21:Testing Results: loss 1.94048, Top-1 43.983, Top-5 82.573
06-06-23 02:21:Testing Results: loss 3.21212, Top-1 11.618, Top-5 37.552
06-06-23 02:21:Best Top-1: 43.98
06-06-23 02:21:Best EMA Top-1: 11.62
06-06-23 02:22:Epoch: [1][100/132], lr: 0.00125, data_time: 0.000 (0.003), batch time: 0.391 (0.394), Loss: 0.8102 (1.8276), Top-1: 87.50 (42.62), Top-5: 100.00 (83.62)
06-06-23 02:22:Testing Results: loss 1.26421, Top-1 62.656, Top-5 90.871
06-06-23 02:22:Testing Results: loss 3.19437, Top-1 29.046, Top-5 67.220
06-06-23 02:22:Best Top-1: 62.66
06-06-23 02:22:Best EMA Top-1: 29.05
06-06-23 02:23:Epoch: [2][100/132], lr: 0.00125, data_time: 0.000 (0.004), batch time: 0.391 (0.395), Loss: 1.3010 (1.3399), Top-1: 75.00 (56.75), Top-5: 87.50 (91.38)
06-06-23 02:23:Testing Results: loss 1.10649, Top-1 68.050, Top-5 94.606
06-06-23 02:23:Testing Results: loss 3.17054, Top-1 36.929, Top-5 73.237
06-06-23 02:23:Best Top-1: 68.05
06-06-23 02:23:Best EMA Top-1: 36.93
06-06-23 02:24:Epoch: [3][100/132], lr: 0.00125, data_time: 0.000 (0.003), batch time: 0.391 (0.394), Loss: 0.9997 (1.1109), Top-1: 75.00 (63.25), Top-5: 87.50 (92.12)
06-06-23 02:24:Testing Results: loss 1.04657, Top-1 68.257, Top-5 94.191
06-06-23 02:24:Testing Results: loss 3.14236, Top-1 38.382, Top-5 73.859
06-06-23 02:24:Best Top-1: 68.26
06-06-23 02:24:Best EMA Top-1: 38.38
06-06-23 02:25:Epoch: [4][100/132], lr: 0.00125, data_time: 0.000 (0.004), batch time: 0.391 (0.395), Loss: 0.9524 (0.9358), Top-1: 75.00 (69.62), Top-5: 87.50 (95.50)
06-06-23 02:25:Testing Results: loss 1.07163, Top-1 68.465, Top-5 94.398
06-06-23 02:26:Testing Results: loss 3.11088, Top-1 39.004, Top-5 76.349
06-06-23 02:26:Best Top-1: 68.46
06-06-23 02:26:Best EMA Top-1: 39.00
06-06-23 02:26:Epoch: [5][100/132], lr: 0.00125, data_time: 0.000 (0.004), batch time: 0.391 (0.395), Loss: 0.7592 (0.8792), Top-1: 75.00 (70.75), Top-5: 87.50 (95.38)
06-06-23 02:27:Testing Results: loss 1.00281, Top-1 69.710, Top-5 93.568
06-06-23 02:27:Testing Results: loss 3.07643, Top-1 39.419, Top-5 77.801
06-06-23 02:27:Best Top-1: 69.71
06-06-23 02:27:Best EMA Top-1: 39.42
06-06-23 02:27:Epoch: [6][100/132], lr: 0.00125, data_time: 0.000 (0.004), batch time: 0.391 (0.395), Loss: 1.1760 (0.8427), Top-1: 62.50 (73.12), Top-5: 100.00 (95.12)
06-06-23 02:28:Testing Results: loss 1.20140, Top-1 70.539, Top-5 91.909
06-06-23 02:28:Testing Results: loss 3.03943, Top-1 39.834, Top-5 78.423
06-06-23 02:28:Best Top-1: 70.54
06-06-23 02:28:Best EMA Top-1: 39.83
06-06-23 02:29:Epoch: [7][100/132], lr: 0.00125, data_time: 0.000 (0.003), batch time: 0.391 (0.394), Loss: 1.1958 (0.7874), Top-1: 75.00 (75.88), Top-5: 75.00 (94.75)
06-06-23 02:29:Testing Results: loss 0.97410, Top-1 75.726, Top-5 95.643
06-06-23 02:29:Testing Results: loss 2.99936, Top-1 41.079, Top-5 79.461
06-06-23 02:29:Best Top-1: 75.73
06-06-23 02:29:Best EMA Top-1: 41.08
06-06-23 02:30:Epoch: [8][100/132], lr: 0.00125, data_time: 0.000 (0.004), batch time: 0.392 (0.395), Loss: 0.3203 (0.7565), Top-1: 87.50 (76.25), Top-5: 100.00 (96.00)
06-06-23 02:30:Testing Results: loss 1.08724, Top-1 70.954, Top-5 93.154
06-06-23 02:30:Testing Results: loss 2.95726, Top-1 42.531, Top-5 79.253
06-06-23 02:30:Best Top-1: 75.73
06-06-23 02:30:Best EMA Top-1: 42.53
06-06-23 02:31:Epoch: [9][100/132], lr: 0.00125, data_time: 0.000 (0.004), batch time: 0.391 (0.395), Loss: 0.5411 (0.6996), Top-1: 87.50 (77.25), Top-5: 87.50 (96.25)
06-06-23 02:31:Testing Results: loss 1.35012, Top-1 66.598, Top-5 91.079
06-06-23 02:31:Testing Results: loss 2.91298, Top-1 43.776, Top-5 80.913
06-06-23 02:31:Best Top-1: 75.73
06-06-23 02:31:Best EMA Top-1: 43.78
06-06-23 02:32:Epoch: [10][100/132], lr: 0.00125, data_time: 0.000 (0.004), batch time: 0.391 (0.395), Loss: 0.8624 (0.6551), Top-1: 62.50 (78.88), Top-5: 87.50 (96.38)
06-06-23 02:32:Testing Results: loss 0.99399, Top-1 73.651, Top-5 93.568
06-06-23 02:33:Testing Results: loss 2.86618, Top-1 44.606, Top-5 81.950
06-06-23 02:33:Best Top-1: 75.73
06-06-23 02:33:Best EMA Top-1: 44.61
06-06-23 02:33:Epoch: [11][100/132], lr: 0.00125, data_time: 0.000 (0.004), batch time: 0.392 (0.395), Loss: 0.7847 (0.5900), Top-1: 62.50 (80.38), Top-5: 100.00 (98.12)
06-06-23 02:34:Testing Results: loss 0.93097, Top-1 73.237, Top-5 94.813
06-06-23 02:34:Testing Results: loss 2.81690, Top-1 45.643, Top-5 82.365
06-06-23 02:34:Best Top-1: 75.73
06-06-23 02:34:Best EMA Top-1: 45.64
06-06-23 02:34:Epoch: [12][100/132], lr: 0.00125, data_time: 0.000 (0.004), batch time: 0.391 (0.395), Loss: 0.3663 (0.5588), Top-1: 87.50 (82.62), Top-5: 100.00 (96.88)
06-06-23 02:35:Testing Results: loss 1.05202, Top-1 71.369, Top-5 93.776
06-06-23 02:35:Testing Results: loss 2.76579, Top-1 47.718, Top-5 82.988
06-06-23 02:35:Best Top-1: 75.73
06-06-23 02:35:Best EMA Top-1: 47.72
06-06-23 02:36:Epoch: [13][100/132], lr: 0.00125, data_time: 0.000 (0.003), batch time: 0.391 (0.395), Loss: 0.1381 (0.5225), Top-1: 87.50 (83.75), Top-5: 100.00 (96.75)
06-06-23 02:36:Testing Results: loss 1.25279, Top-1 71.992, Top-5 93.154
06-06-23 02:36:Testing Results: loss 2.71310, Top-1 49.170, Top-5 84.232
06-06-23 02:36:Best Top-1: 75.73
06-06-23 02:36:Best EMA Top-1: 49.17
06-06-23 02:37:Epoch: [14][100/132], lr: 0.00125, data_time: 0.000 (0.004), batch time: 0.392 (0.395), Loss: 0.0671 (0.5763), Top-1: 100.00 (83.62), Top-5: 100.00 (96.12)
06-06-23 02:37:Testing Results: loss 1.12438, Top-1 72.822, Top-5 94.606
06-06-23 02:37:Testing Results: loss 2.65906, Top-1 51.245, Top-5 84.440
06-06-23 02:37:Best Top-1: 75.73
06-06-23 02:37:Best EMA Top-1: 51.24
06-06-23 02:38:Epoch: [15][100/132], lr: 0.00125, data_time: 0.000 (0.003), batch time: 0.391 (0.394), Loss: 0.5928 (0.5824), Top-1: 75.00 (82.25), Top-5: 100.00 (96.00)
06-06-23 02:38:Testing Results: loss 1.11393, Top-1 72.822, Top-5 93.983
06-06-23 02:38:Testing Results: loss 2.60356, Top-1 52.282, Top-5 85.062
06-06-23 02:38:Best Top-1: 75.73
06-06-23 02:38:Best EMA Top-1: 52.28
06-06-23 02:39:Epoch: [16][100/132], lr: 0.00125, data_time: 0.000 (0.004), batch time: 0.391 (0.395), Loss: 0.8375 (0.5075), Top-1: 62.50 (83.75), Top-5: 100.00 (97.62)
06-06-23 02:39:Testing Results: loss 1.23408, Top-1 73.237, Top-5 90.249
06-06-23 02:40:Testing Results: loss 2.54672, Top-1 52.905, Top-5 85.685
06-06-23 02:40:Best Top-1: 75.73
06-06-23 02:40:Best EMA Top-1: 52.90
06-06-23 02:40:Epoch: [17][100/132], lr: 0.00125, data_time: 0.000 (0.004), batch time: 0.392 (0.395), Loss: 0.2119 (0.4610), Top-1: 87.50 (85.12), Top-5: 100.00 (97.50)
06-06-23 02:41:Testing Results: loss 1.06378, Top-1 74.066, Top-5 96.058
06-06-23 02:41:Testing Results: loss 2.48931, Top-1 53.112, Top-5 85.685
06-06-23 02:41:Best Top-1: 75.73
06-06-23 02:41:Best EMA Top-1: 53.11
06-06-23 02:41:Epoch: [18][100/132], lr: 0.00125, data_time: 0.000 (0.003), batch time: 0.391 (0.394), Loss: 0.1141 (0.5202), Top-1: 100.00 (84.25), Top-5: 100.00 (97.62)
06-06-23 02:42:Testing Results: loss 0.97608, Top-1 73.859, Top-5 95.021
06-06-23 02:42:Testing Results: loss 2.43174, Top-1 54.979, Top-5 85.892
06-06-23 02:42:Best Top-1: 75.73
06-06-23 02:42:Best EMA Top-1: 54.98
06-06-23 02:43:Epoch: [19][100/132], lr: 0.00125, data_time: 0.000 (0.004), batch time: 0.391 (0.395), Loss: 0.3520 (0.3882), Top-1: 87.50 (88.50), Top-5: 100.00 (97.62)
06-06-23 02:43:Testing Results: loss 1.35112, Top-1 68.257, Top-5 94.398
06-06-23 02:43:Testing Results: loss 2.37312, Top-1 55.394, Top-5 86.515
06-06-23 02:43:Best Top-1: 75.73
06-06-23 02:43:Best EMA Top-1: 55.39
06-06-23 02:44:Epoch: [20][100/132], lr: 0.00125, data_time: 0.000 (0.004), batch time: 0.392 (0.395), Loss: 0.5017 (0.5018), Top-1: 87.50 (84.12), Top-5: 100.00 (97.50)
06-06-23 02:44:Testing Results: loss 1.12750, Top-1 72.822, Top-5 93.776
06-06-23 02:44:Testing Results: loss 2.31395, Top-1 57.469, Top-5 87.344
06-06-23 02:44:Best Top-1: 75.73
06-06-23 02:44:Best EMA Top-1: 57.47
06-06-23 02:45:Epoch: [21][100/132], lr: 0.00125, data_time: 0.000 (0.004), batch time: 0.391 (0.395), Loss: 0.5136 (0.4772), Top-1: 75.00 (82.38), Top-5: 100.00 (98.00)
06-06-23 02:45:Testing Results: loss 1.27192, Top-1 71.577, Top-5 91.909
06-06-23 02:45:Testing Results: loss 2.25411, Top-1 57.884, Top-5 87.344
06-06-23 02:45:Best Top-1: 75.73
06-06-23 02:45:Best EMA Top-1: 57.88
06-06-23 02:46:Epoch: [22][100/132], lr: 0.00125, data_time: 0.000 (0.004), batch time: 0.392 (0.395), Loss: 0.1664 (0.4586), Top-1: 87.50 (85.12), Top-5: 100.00 (97.62)
06-06-23 02:46:Testing Results: loss 0.94480, Top-1 74.274, Top-5 93.983
06-06-23 02:47:Testing Results: loss 2.19449, Top-1 58.299, Top-5 87.552
06-06-23 02:47:Best Top-1: 75.73
06-06-23 02:47:Best EMA Top-1: 58.30
06-06-23 02:47:Epoch: [23][100/132], lr: 0.00125, data_time: 0.000 (0.003), batch time: 0.391 (0.394), Loss: 0.3858 (0.4420), Top-1: 75.00 (86.75), Top-5: 100.00 (97.00)
06-06-23 02:48:Testing Results: loss 1.25514, Top-1 72.822, Top-5 90.871
06-06-23 02:48:Testing Results: loss 2.13537, Top-1 58.921, Top-5 87.967
06-06-23 02:48:Best Top-1: 75.73
06-06-23 02:48:Best EMA Top-1: 58.92
06-06-23 02:48:Epoch: [24][100/132], lr: 0.00125, data_time: 0.000 (0.004), batch time: 0.391 (0.395), Loss: 0.2113 (0.4317), Top-1: 87.50 (86.50), Top-5: 100.00 (97.38)
06-06-23 02:49:Testing Results: loss 1.24143, Top-1 73.237, Top-5 93.361
06-06-23 02:49:Testing Results: loss 2.07609, Top-1 60.373, Top-5 88.797
06-06-23 02:49:Best Top-1: 75.73
06-06-23 02:49:Best EMA Top-1: 60.37
06-06-23 02:50:Epoch: [25][100/132], lr: 0.00125, data_time: 0.000 (0.004), batch time: 0.391 (0.395), Loss: 0.6335 (0.4141), Top-1: 87.50 (87.50), Top-5: 87.50 (98.12)
06-06-23 02:50:Testing Results: loss 1.21854, Top-1 70.747, Top-5 95.436
06-06-23 02:50:Testing Results: loss 2.01797, Top-1 61.826, Top-5 88.797
06-06-23 02:50:Best Top-1: 75.73
06-06-23 02:50:Best EMA Top-1: 61.83
06-06-23 02:51:Epoch: [26][100/132], lr: 0.00125, data_time: 0.000 (0.003), batch time: 0.391 (0.394), Loss: 0.0940 (0.3813), Top-1: 100.00 (87.88), Top-5: 100.00 (98.50)
06-06-23 02:51:Testing Results: loss 1.58348, Top-1 68.880, Top-5 91.909
06-06-23 02:51:Testing Results: loss 1.95989, Top-1 63.071, Top-5 89.004
06-06-23 02:51:Best Top-1: 75.73
06-06-23 02:51:Best EMA Top-1: 63.07
06-06-23 02:52:Epoch: [27][100/132], lr: 0.00125, data_time: 0.000 (0.004), batch time: 0.391 (0.395), Loss: 0.0569 (0.3511), Top-1: 100.00 (88.38), Top-5: 100.00 (98.75)
06-06-23 02:52:Testing Results: loss 1.08789, Top-1 72.407, Top-5 94.813
06-06-23 02:52:Testing Results: loss 1.90317, Top-1 63.900, Top-5 89.419
06-06-23 02:52:Best Top-1: 75.73
06-06-23 02:52:Best EMA Top-1: 63.90
06-06-23 02:53:Epoch: [28][100/132], lr: 0.00125, data_time: 0.000 (0.004), batch time: 0.391 (0.395), Loss: 0.3314 (0.3173), Top-1: 75.00 (90.75), Top-5: 100.00 (99.00)
06-06-23 02:53:Testing Results: loss 1.08015, Top-1 76.556, Top-5 94.606
06-06-23 02:54:Testing Results: loss 1.84719, Top-1 64.108, Top-5 89.834
06-06-23 02:54:Best Top-1: 76.56
06-06-23 02:54:Best EMA Top-1: 64.11
06-06-23 02:54:Epoch: [29][100/132], lr: 0.00125, data_time: 0.000 (0.003), batch time: 0.391 (0.394), Loss: 0.6084 (0.3737), Top-1: 75.00 (88.62), Top-5: 100.00 (98.75)
06-06-23 02:55:Testing Results: loss 1.04255, Top-1 73.237, Top-5 93.568
06-06-23 02:55:Testing Results: loss 1.79221, Top-1 65.353, Top-5 89.834
06-06-23 02:55:Best Top-1: 76.56
06-06-23 02:55:Best EMA Top-1: 65.35
06-06-23 02:55:Epoch: [30][100/132], lr: 0.00125, data_time: 0.000 (0.004), batch time: 0.391 (0.395), Loss: 0.2008 (0.3218), Top-1: 87.50 (90.62), Top-5: 100.00 (98.50)
06-06-23 02:56:Testing Results: loss 0.97599, Top-1 76.763, Top-5 95.228
06-06-23 02:56:Testing Results: loss 1.73809, Top-1 66.805, Top-5 90.041
06-06-23 02:56:Best Top-1: 76.76
06-06-23 02:56:Best EMA Top-1: 66.80
06-06-23 02:57:Epoch: [31][100/132], lr: 0.00125, data_time: 0.000 (0.004), batch time: 0.391 (0.395), Loss: 0.4793 (0.3428), Top-1: 87.50 (89.88), Top-5: 100.00 (97.12)
06-06-23 02:57:Testing Results: loss 1.01590, Top-1 76.556, Top-5 94.191
06-06-23 02:57:Testing Results: loss 1.68511, Top-1 67.842, Top-5 90.041
06-06-23 02:57:Best Top-1: 76.76
06-06-23 02:57:Best EMA Top-1: 67.84
06-06-23 02:58:Epoch: [32][100/132], lr: 0.00125, data_time: 0.000 (0.004), batch time: 0.391 (0.396), Loss: 0.1755 (0.2908), Top-1: 100.00 (91.12), Top-5: 100.00 (98.25)
06-06-23 02:58:Testing Results: loss 1.25963, Top-1 73.444, Top-5 92.946
06-06-23 02:58:Testing Results: loss 1.63377, Top-1 68.880, Top-5 90.456
06-06-23 02:58:Best Top-1: 76.76
06-06-23 02:58:Best EMA Top-1: 68.88
06-06-23 02:59:Epoch: [33][100/132], lr: 0.00125, data_time: 0.000 (0.004), batch time: 0.391 (0.395), Loss: 0.0307 (0.3394), Top-1: 100.00 (89.25), Top-5: 100.00 (97.50)
06-06-23 02:59:Testing Results: loss 1.09393, Top-1 74.896, Top-5 94.191
06-06-23 02:59:Testing Results: loss 1.58486, Top-1 69.295, Top-5 90.871
06-06-23 02:59:Best Top-1: 76.76
06-06-23 02:59:Best EMA Top-1: 69.29
06-06-23 03:00:Epoch: [34][100/132], lr: 0.00125, data_time: 0.000 (0.003), batch time: 0.391 (0.394), Loss: 0.3337 (0.2596), Top-1: 87.50 (91.12), Top-5: 100.00 (97.75)
06-06-23 03:00:Testing Results: loss 1.13981, Top-1 75.726, Top-5 95.021
06-06-23 03:01:Testing Results: loss 1.53713, Top-1 69.087, Top-5 91.079
06-06-23 03:01:Best Top-1: 76.76
06-06-23 03:01:Best EMA Top-1: 69.29
06-06-23 03:01:Epoch: [35][100/132], lr: 0.00125, data_time: 0.000 (0.004), batch time: 0.391 (0.395), Loss: 1.2783 (0.2935), Top-1: 62.50 (90.75), Top-5: 87.50 (98.75)
06-06-23 03:02:Testing Results: loss 1.13601, Top-1 75.104, Top-5 93.776
06-06-23 03:02:Testing Results: loss 1.49236, Top-1 69.295, Top-5 91.494
06-06-23 03:02:Best Top-1: 76.76
06-06-23 03:02:Best EMA Top-1: 69.29
06-06-23 03:02:Epoch: [36][100/132], lr: 0.00125, data_time: 0.000 (0.004), batch time: 0.392 (0.396), Loss: 0.7241 (0.2800), Top-1: 75.00 (90.88), Top-5: 100.00 (99.50)
06-06-23 03:03:Testing Results: loss 1.08479, Top-1 74.689, Top-5 94.191
06-06-23 03:03:Testing Results: loss 1.44725, Top-1 70.747, Top-5 91.701
06-06-23 03:03:Best Top-1: 76.76
06-06-23 03:03:Best EMA Top-1: 70.75
06-06-23 03:04:Epoch: [37][100/132], lr: 0.00125, data_time: 0.000 (0.003), batch time: 0.391 (0.394), Loss: 0.0698 (0.2781), Top-1: 100.00 (90.88), Top-5: 100.00 (98.75)
06-06-23 03:04:Testing Results: loss 1.19038, Top-1 75.311, Top-5 93.568
06-06-23 03:04:Testing Results: loss 1.40289, Top-1 70.747, Top-5 92.324
06-06-23 03:04:Best Top-1: 76.76
06-06-23 03:04:Best EMA Top-1: 70.75
06-06-23 03:05:Epoch: [38][100/132], lr: 0.00125, data_time: 0.000 (0.004), batch time: 0.392 (0.395), Loss: 1.2096 (0.2827), Top-1: 62.50 (90.38), Top-5: 87.50 (98.62)
06-06-23 03:05:Testing Results: loss 1.24693, Top-1 72.614, Top-5 93.361
06-06-23 03:05:Testing Results: loss 1.36206, Top-1 70.539, Top-5 92.946
06-06-23 03:05:Best Top-1: 76.76
06-06-23 03:05:Best EMA Top-1: 70.75
06-06-23 03:06:Epoch: [39][100/132], lr: 0.00125, data_time: 0.000 (0.003), batch time: 0.392 (0.394), Loss: 0.0499 (0.2771), Top-1: 100.00 (91.00), Top-5: 100.00 (98.75)
06-06-23 03:06:Testing Results: loss 1.44053, Top-1 71.162, Top-5 93.154
06-06-23 03:06:Testing Results: loss 1.32301, Top-1 70.747, Top-5 93.361
06-06-23 03:06:Best Top-1: 76.76
06-06-23 03:06:Best EMA Top-1: 70.75
06-06-23 03:07:Epoch: [40][100/132], lr: 0.00125, data_time: 0.000 (0.004), batch time: 0.391 (0.395), Loss: 0.0467 (0.3477), Top-1: 100.00 (89.12), Top-5: 100.00 (98.62)
06-06-23 03:07:Testing Results: loss 1.14905, Top-1 75.311, Top-5 93.776
06-06-23 03:07:Testing Results: loss 1.28629, Top-1 70.954, Top-5 93.983
06-06-23 03:07:Best Top-1: 76.76
06-06-23 03:07:Best EMA Top-1: 70.95
06-06-23 03:08:Epoch: [41][100/132], lr: 0.00125, data_time: 0.000 (0.003), batch time: 0.391 (0.394), Loss: 0.0451 (0.3304), Top-1: 100.00 (89.75), Top-5: 100.00 (98.25)
06-06-23 03:08:Testing Results: loss 1.33122, Top-1 74.274, Top-5 91.079
06-06-23 03:09:Testing Results: loss 1.25163, Top-1 71.577, Top-5 94.398
06-06-23 03:09:Best Top-1: 76.76
06-06-23 03:09:Best EMA Top-1: 71.58
06-06-23 03:09:Epoch: [42][100/132], lr: 0.00125, data_time: 0.000 (0.004), batch time: 0.391 (0.395), Loss: 0.0519 (0.2732), Top-1: 100.00 (92.25), Top-5: 100.00 (98.12)
06-06-23 03:10:Testing Results: loss 1.01627, Top-1 76.763, Top-5 94.606
06-06-23 03:10:Testing Results: loss 1.21800, Top-1 72.199, Top-5 94.813
06-06-23 03:10:Best Top-1: 76.76
06-06-23 03:10:Best EMA Top-1: 72.20
06-06-23 03:10:Epoch: [43][100/132], lr: 0.00125, data_time: 0.000 (0.004), batch time: 0.391 (0.395), Loss: 0.2523 (0.2676), Top-1: 87.50 (92.00), Top-5: 100.00 (98.25)
06-06-23 03:11:Testing Results: loss 1.26725, Top-1 74.896, Top-5 93.776
06-06-23 03:11:Testing Results: loss 1.18613, Top-1 72.407, Top-5 95.228
06-06-23 03:11:Best Top-1: 76.76
06-06-23 03:11:Best EMA Top-1: 72.41
06-06-23 03:12:Epoch: [44][100/132], lr: 0.00125, data_time: 0.000 (0.004), batch time: 0.391 (0.396), Loss: 0.0884 (0.2661), Top-1: 100.00 (92.38), Top-5: 100.00 (98.88)
06-06-23 03:12:Testing Results: loss 1.30201, Top-1 73.237, Top-5 92.946
06-06-23 03:12:Testing Results: loss 1.15538, Top-1 72.614, Top-5 95.228
06-06-23 03:12:Best Top-1: 76.76
06-06-23 03:12:Best EMA Top-1: 72.61
06-06-23 03:13:Epoch: [45][100/132], lr: 0.00125, data_time: 0.000 (0.004), batch time: 0.391 (0.395), Loss: 0.2476 (0.2542), Top-1: 87.50 (91.88), Top-5: 100.00 (98.62)
06-06-23 03:13:Testing Results: loss 1.33626, Top-1 72.822, Top-5 92.324
06-06-23 03:13:Testing Results: loss 1.12614, Top-1 73.237, Top-5 95.436
06-06-23 03:13:Best Top-1: 76.76
06-06-23 03:13:Best EMA Top-1: 73.24
06-06-23 03:14:Epoch: [46][100/132], lr: 0.00125, data_time: 0.000 (0.003), batch time: 0.391 (0.394), Loss: 0.0063 (0.2671), Top-1: 100.00 (92.38), Top-5: 100.00 (98.12)
06-06-23 03:14:Testing Results: loss 1.29989, Top-1 75.934, Top-5 93.776
06-06-23 03:14:Testing Results: loss 1.09756, Top-1 73.651, Top-5 95.436
06-06-23 03:14:Best Top-1: 76.76
06-06-23 03:14:Best EMA Top-1: 73.65
06-06-23 03:15:Epoch: [47][100/132], lr: 0.00125, data_time: 0.000 (0.003), batch time: 0.391 (0.394), Loss: 0.0368 (0.2076), Top-1: 100.00 (93.75), Top-5: 100.00 (99.00)
06-06-23 03:15:Testing Results: loss 1.34748, Top-1 71.784, Top-5 91.701
06-06-23 03:16:Testing Results: loss 1.07132, Top-1 73.651, Top-5 95.436
06-06-23 03:16:Best Top-1: 76.76
06-06-23 03:16:Best EMA Top-1: 73.65
06-06-23 03:16:Epoch: [48][100/132], lr: 0.00125, data_time: 0.000 (0.003), batch time: 0.391 (0.395), Loss: 0.4458 (0.2402), Top-1: 87.50 (92.12), Top-5: 100.00 (98.75)
06-06-23 03:17:Testing Results: loss 1.27991, Top-1 75.104, Top-5 92.531
06-06-23 03:17:Testing Results: loss 1.04643, Top-1 73.859, Top-5 95.436
06-06-23 03:17:Best Top-1: 76.76
06-06-23 03:17:Best EMA Top-1: 73.86
06-06-23 03:17:Epoch: [49][100/132], lr: 0.00125, data_time: 0.000 (0.004), batch time: 0.391 (0.395), Loss: 0.0833 (0.2738), Top-1: 100.00 (91.38), Top-5: 100.00 (98.38)
06-06-23 03:18:Testing Results: loss 1.41338, Top-1 72.822, Top-5 92.116
06-06-23 03:18:Testing Results: loss 1.02300, Top-1 74.066, Top-5 95.436
06-06-23 03:18:Best Top-1: 76.76
06-06-23 03:18:Best EMA Top-1: 74.07
06-06-23 03:19:Epoch: [50][100/132], lr: 0.00125, data_time: 0.000 (0.004), batch time: 0.392 (0.395), Loss: 0.3107 (0.2945), Top-1: 87.50 (91.12), Top-5: 100.00 (98.12)
06-06-23 03:19:Testing Results: loss 1.40095, Top-1 69.917, Top-5 90.664
06-06-23 03:19:Testing Results: loss 1.00038, Top-1 73.859, Top-5 95.436
06-06-23 03:19:Best Top-1: 76.76
06-06-23 03:19:Best EMA Top-1: 74.07
06-06-23 03:20:Epoch: [51][100/132], lr: 0.00013, data_time: 0.000 (0.004), batch time: 0.391 (0.395), Loss: 0.0109 (0.2151), Top-1: 100.00 (93.75), Top-5: 100.00 (98.88)
06-06-23 03:20:Testing Results: loss 1.16000, Top-1 74.689, Top-5 93.154
06-06-23 03:20:Testing Results: loss 0.97934, Top-1 74.274, Top-5 95.643
06-06-23 03:20:Best Top-1: 76.76
06-06-23 03:20:Best EMA Top-1: 74.27
06-06-23 03:21:Epoch: [52][100/132], lr: 0.00013, data_time: 0.000 (0.004), batch time: 0.391 (0.395), Loss: 0.1244 (0.1537), Top-1: 87.50 (95.12), Top-5: 100.00 (99.25)
06-06-23 03:21:Testing Results: loss 1.18804, Top-1 75.934, Top-5 93.154
06-06-23 03:21:Testing Results: loss 0.96009, Top-1 74.481, Top-5 95.643
06-06-23 03:21:Best Top-1: 76.76
06-06-23 03:21:Best EMA Top-1: 74.48
06-06-23 03:22:Epoch: [53][100/132], lr: 0.00013, data_time: 0.000 (0.004), batch time: 0.391 (0.395), Loss: 0.0606 (0.1541), Top-1: 100.00 (95.38), Top-5: 100.00 (99.00)
06-06-23 03:22:Testing Results: loss 1.10274, Top-1 76.141, Top-5 93.361
06-06-23 03:23:Testing Results: loss 0.94167, Top-1 75.311, Top-5 95.643
06-06-23 03:23:Best Top-1: 76.76
06-06-23 03:23:Best EMA Top-1: 75.31
06-06-23 03:23:Epoch: [54][100/132], lr: 0.00013, data_time: 0.000 (0.004), batch time: 0.391 (0.395), Loss: 0.0692 (0.1398), Top-1: 100.00 (95.62), Top-5: 100.00 (99.38)
06-06-23 03:24:Testing Results: loss 1.15208, Top-1 76.971, Top-5 93.154
06-06-23 03:24:Testing Results: loss 0.92461, Top-1 75.726, Top-5 95.643
06-06-23 03:24:Best Top-1: 76.97
06-06-23 03:24:Best EMA Top-1: 75.73
06-06-23 03:24:Epoch: [55][100/132], lr: 0.00013, data_time: 0.000 (0.004), batch time: 0.391 (0.395), Loss: 0.1089 (0.1712), Top-1: 100.00 (95.88), Top-5: 100.00 (98.62)
06-06-23 03:25:Testing Results: loss 1.12305, Top-1 75.726, Top-5 93.154
06-06-23 03:25:Testing Results: loss 0.90848, Top-1 75.726, Top-5 95.851
06-06-23 03:25:Best Top-1: 76.97
06-06-23 03:25:Best EMA Top-1: 75.73
06-06-23 03:26:Epoch: [56][100/132], lr: 0.00013, data_time: 0.000 (0.003), batch time: 0.391 (0.395), Loss: 0.1761 (0.1508), Top-1: 100.00 (95.12), Top-5: 100.00 (99.25)
06-06-23 03:26:Testing Results: loss 1.16104, Top-1 76.763, Top-5 93.361
06-06-23 03:26:Testing Results: loss 0.89345, Top-1 75.934, Top-5 95.851
06-06-23 03:26:Best Top-1: 76.97
06-06-23 03:26:Best EMA Top-1: 75.93
06-06-23 03:27:Epoch: [57][100/132], lr: 0.00013, data_time: 0.000 (0.003), batch time: 0.391 (0.394), Loss: 0.0466 (0.1479), Top-1: 100.00 (94.75), Top-5: 100.00 (99.00)
06-06-23 03:27:Testing Results: loss 1.13522, Top-1 76.141, Top-5 93.568
06-06-23 03:27:Testing Results: loss 0.87923, Top-1 76.141, Top-5 95.851
06-06-23 03:27:Best Top-1: 76.97
06-06-23 03:27:Best EMA Top-1: 76.14
06-06-23 03:28:Epoch: [58][100/132], lr: 0.00013, data_time: 0.000 (0.004), batch time: 0.391 (0.395), Loss: 0.0030 (0.1591), Top-1: 100.00 (94.88), Top-5: 100.00 (99.25)
06-06-23 03:28:Testing Results: loss 1.14140, Top-1 77.178, Top-5 93.361
06-06-23 03:28:Testing Results: loss 0.86581, Top-1 76.349, Top-5 95.851
06-06-23 03:28:Best Top-1: 77.18
06-06-23 03:28:Best EMA Top-1: 76.35
06-06-23 03:29:Epoch: [59][100/132], lr: 0.00013, data_time: 0.000 (0.003), batch time: 0.391 (0.394), Loss: 0.0892 (0.1359), Top-1: 100.00 (95.88), Top-5: 100.00 (99.25)
06-06-23 03:29:Testing Results: loss 1.13541, Top-1 76.556, Top-5 93.568
06-06-23 03:30:Testing Results: loss 0.85330, Top-1 76.556, Top-5 95.851
06-06-23 03:30:Best Top-1: 77.18
06-06-23 03:30:Best EMA Top-1: 76.56
06-06-23 03:30:Epoch: [60][100/132], lr: 0.00013, data_time: 0.000 (0.003), batch time: 0.391 (0.395), Loss: 0.0297 (0.1576), Top-1: 100.00 (95.25), Top-5: 100.00 (98.88)
06-06-23 03:31:Testing Results: loss 1.16404, Top-1 77.386, Top-5 93.983
06-06-23 03:31:Testing Results: loss 0.84167, Top-1 76.763, Top-5 96.058
06-06-23 03:31:Best Top-1: 77.39
06-06-23 03:31:Best EMA Top-1: 76.76
06-06-23 03:31:Epoch: [61][100/132], lr: 0.00001, data_time: 0.000 (0.004), batch time: 0.391 (0.395), Loss: 0.0308 (0.1273), Top-1: 100.00 (95.88), Top-5: 100.00 (99.38)
06-06-23 03:32:Testing Results: loss 1.09376, Top-1 76.556, Top-5 93.568
06-06-23 03:32:Testing Results: loss 0.83067, Top-1 76.763, Top-5 96.058
06-06-23 03:32:Best Top-1: 77.39
06-06-23 03:32:Best EMA Top-1: 76.76
06-06-23 03:33:Epoch: [62][100/132], lr: 0.00001, data_time: 0.000 (0.004), batch time: 0.391 (0.395), Loss: 0.2530 (0.1931), Top-1: 87.50 (94.12), Top-5: 100.00 (98.00)
06-06-23 03:33:Testing Results: loss 1.11161, Top-1 75.934, Top-5 93.361
06-06-23 03:33:Testing Results: loss 0.82043, Top-1 76.763, Top-5 96.058
06-06-23 03:33:Best Top-1: 77.39
06-06-23 03:33:Best EMA Top-1: 76.76
06-06-23 03:34:Epoch: [63][100/132], lr: 0.00001, data_time: 0.000 (0.004), batch time: 0.391 (0.395), Loss: 0.0011 (0.1262), Top-1: 100.00 (96.00), Top-5: 100.00 (99.12)
06-06-23 03:34:Testing Results: loss 1.12758, Top-1 77.386, Top-5 93.776
06-06-23 03:34:Testing Results: loss 0.81077, Top-1 76.763, Top-5 96.266
06-06-23 03:34:Best Top-1: 77.39
06-06-23 03:34:Best EMA Top-1: 76.76
06-06-23 03:35:Epoch: [64][100/132], lr: 0.00001, data_time: 0.000 (0.004), batch time: 0.391 (0.395), Loss: 0.0231 (0.1525), Top-1: 100.00 (95.00), Top-5: 100.00 (99.00)
06-06-23 03:35:Testing Results: loss 1.12270, Top-1 77.178, Top-5 93.776
06-06-23 03:35:Testing Results: loss 0.80166, Top-1 76.971, Top-5 96.473
06-06-23 03:35:Best Top-1: 77.39
06-06-23 03:35:Best EMA Top-1: 76.97
06-06-23 03:36:Epoch: [65][100/132], lr: 0.00001, data_time: 0.000 (0.004), batch time: 0.392 (0.395), Loss: 0.7742 (0.1234), Top-1: 87.50 (96.25), Top-5: 100.00 (99.38)
06-06-23 03:36:Testing Results: loss 1.12321, Top-1 76.763, Top-5 93.983
06-06-23 03:37:Testing Results: loss 0.79319, Top-1 76.971, Top-5 96.680
06-06-23 03:37:Best Top-1: 77.39
06-06-23 03:37:Best EMA Top-1: 76.97
06-06-23 03:37:Epoch: [66][100/132], lr: 0.00001, data_time: 0.000 (0.004), batch time: 0.391 (0.395), Loss: 0.3677 (0.1342), Top-1: 87.50 (95.62), Top-5: 100.00 (99.12)
06-06-23 03:38:Testing Results: loss 1.09930, Top-1 77.593, Top-5 93.776
06-06-23 03:38:Testing Results: loss 0.78531, Top-1 77.593, Top-5 96.680
06-06-23 03:38:Best Top-1: 77.59
06-06-23 03:38:Best EMA Top-1: 77.59
06-06-23 03:38:Epoch: [67][100/132], lr: 0.00001, data_time: 0.000 (0.004), batch time: 0.391 (0.395), Loss: 0.0061 (0.1174), Top-1: 100.00 (96.75), Top-5: 100.00 (99.12)
06-06-23 03:39:Testing Results: loss 1.10687, Top-1 77.178, Top-5 93.776
06-06-23 03:39:Testing Results: loss 0.77785, Top-1 77.593, Top-5 96.680
06-06-23 03:39:Best Top-1: 77.59
06-06-23 03:39:Best EMA Top-1: 77.59
06-06-23 03:40:Epoch: [68][100/132], lr: 0.00001, data_time: 0.000 (0.004), batch time: 0.391 (0.395), Loss: 0.0649 (0.1285), Top-1: 100.00 (96.12), Top-5: 100.00 (99.38)
06-06-23 03:40:Testing Results: loss 1.08274, Top-1 76.971, Top-5 94.191
06-06-23 03:40:Testing Results: loss 0.77088, Top-1 77.593, Top-5 96.680
06-06-23 03:40:Best Top-1: 77.59
06-06-23 03:40:Best EMA Top-1: 77.59
06-06-23 03:41:Epoch: [69][100/132], lr: 0.00001, data_time: 0.000 (0.003), batch time: 0.391 (0.394), Loss: 0.0124 (0.1404), Top-1: 100.00 (95.75), Top-5: 100.00 (98.62)
06-06-23 03:41:Testing Results: loss 1.11405, Top-1 77.178, Top-5 93.776
06-06-23 03:41:Testing Results: loss 0.76429, Top-1 78.008, Top-5 96.473
06-06-23 03:41:Best Top-1: 77.59
06-06-23 03:41:Best EMA Top-1: 78.01
06-06-23 03:42:Epoch: [70][100/132], lr: 0.00001, data_time: 0.000 (0.003), batch time: 0.391 (0.394), Loss: 0.5994 (0.1266), Top-1: 87.50 (96.25), Top-5: 87.50 (99.38)
06-06-23 03:42:Testing Results: loss 1.10986, Top-1 77.801, Top-5 93.154
06-06-23 03:42:Testing Results: loss 0.75817, Top-1 78.008, Top-5 96.473
06-06-23 03:42:Best Top-1: 77.80
06-06-23 03:42:Best EMA Top-1: 78.01
06-06-23 03:43:Epoch: [71][100/132], lr: 0.00000, data_time: 0.000 (0.004), batch time: 0.391 (0.395), Loss: 0.3521 (0.1287), Top-1: 87.50 (96.12), Top-5: 100.00 (99.12)
06-06-23 03:43:Testing Results: loss 1.09727, Top-1 76.349, Top-5 94.191
06-06-23 03:43:Testing Results: loss 0.75246, Top-1 78.216, Top-5 96.473
06-06-23 03:44:Best Top-1: 77.80
06-06-23 03:44:Best EMA Top-1: 78.22
06-06-23 03:44:Epoch: [72][100/132], lr: 0.00000, data_time: 0.000 (0.004), batch time: 0.391 (0.395), Loss: 0.3606 (0.1206), Top-1: 87.50 (96.50), Top-5: 87.50 (99.50)
06-06-23 03:45:Testing Results: loss 1.09628, Top-1 77.593, Top-5 93.983
06-06-23 03:45:Testing Results: loss 0.74718, Top-1 78.216, Top-5 96.473
06-06-23 03:45:Best Top-1: 77.80
06-06-23 03:45:Best EMA Top-1: 78.22
06-06-23 03:45:Epoch: [73][100/132], lr: 0.00000, data_time: 0.000 (0.003), batch time: 0.391 (0.394), Loss: 0.4239 (0.1441), Top-1: 87.50 (94.88), Top-5: 100.00 (98.75)
06-06-23 03:46:Testing Results: loss 1.11110, Top-1 77.801, Top-5 93.361
06-06-23 03:46:Testing Results: loss 0.74228, Top-1 78.216, Top-5 96.473
06-06-23 03:46:Best Top-1: 77.80
06-06-23 03:46:Best EMA Top-1: 78.22
06-06-23 03:46:Epoch: [74][100/132], lr: 0.00000, data_time: 0.000 (0.004), batch time: 0.391 (0.395), Loss: 0.0172 (0.1360), Top-1: 100.00 (95.00), Top-5: 100.00 (99.12)
06-06-23 03:47:Testing Results: loss 1.14728, Top-1 78.008, Top-5 92.739
06-06-23 03:47:Testing Results: loss 0.73783, Top-1 78.216, Top-5 96.473
06-06-23 03:47:Best Top-1: 78.01
06-06-23 03:47:Best EMA Top-1: 78.22
06-06-23 03:48:Epoch: [75][100/132], lr: 0.00000, data_time: 0.000 (0.003), batch time: 0.391 (0.394), Loss: 0.0820 (0.1483), Top-1: 100.00 (95.50), Top-5: 100.00 (99.12)
06-06-23 03:48:Testing Results: loss 1.11270, Top-1 76.971, Top-5 94.191
06-06-23 03:48:Testing Results: loss 0.73363, Top-1 78.008, Top-5 96.473
06-06-23 03:48:Best Top-1: 78.01
06-06-23 03:48:Best EMA Top-1: 78.22
06-06-23 03:49:Epoch: [76][100/132], lr: 0.00000, data_time: 0.000 (0.003), batch time: 0.391 (0.395), Loss: 0.4411 (0.1676), Top-1: 87.50 (95.00), Top-5: 100.00 (98.75)
06-06-23 03:49:Testing Results: loss 1.17523, Top-1 77.801, Top-5 93.568
06-06-23 03:49:Testing Results: loss 0.72966, Top-1 78.216, Top-5 96.266
06-06-23 03:49:Best Top-1: 78.01
06-06-23 03:49:Best EMA Top-1: 78.22
06-06-23 03:50:Epoch: [77][100/132], lr: 0.00000, data_time: 0.000 (0.004), batch time: 0.391 (0.395), Loss: 0.0406 (0.1241), Top-1: 100.00 (96.50), Top-5: 100.00 (98.88)
06-06-23 03:50:Testing Results: loss 1.10747, Top-1 77.178, Top-5 93.983
06-06-23 03:50:Testing Results: loss 0.72607, Top-1 78.216, Top-5 96.266
06-06-23 03:50:Best Top-1: 78.01
06-06-23 03:50:Best EMA Top-1: 78.22
06-06-23 03:51:Epoch: [78][100/132], lr: 0.00000, data_time: 0.000 (0.004), batch time: 0.391 (0.395), Loss: 0.0017 (0.1393), Top-1: 100.00 (95.12), Top-5: 100.00 (98.75)
06-06-23 03:51:Testing Results: loss 1.19007, Top-1 76.971, Top-5 93.983
06-06-23 03:52:Testing Results: loss 0.72271, Top-1 78.631, Top-5 96.473
06-06-23 03:52:Best Top-1: 78.01
06-06-23 03:52:Best EMA Top-1: 78.63
06-06-23 03:52:Epoch: [79][100/132], lr: 0.00000, data_time: 0.000 (0.004), batch time: 0.391 (0.395), Loss: 0.0074 (0.1326), Top-1: 100.00 (96.38), Top-5: 100.00 (98.75)
06-06-23 03:53:Testing Results: loss 1.14035, Top-1 77.386, Top-5 94.398
06-06-23 03:53:Testing Results: loss 0.71954, Top-1 78.423, Top-5 96.473
06-06-23 03:53:Best Top-1: 78.01
06-06-23 03:53:Best EMA Top-1: 78.63
